INFO [2020-10-26 07:07:31] Runtime error in New Hanover : $ operator is invalid for atomic vectors - 
INFO [2020-10-26 07:07:31] Runtime error in Orange : $ operator is invalid for atomic vectors - 
INFO [2020-10-26 07:07:31] Runtime error in Brunswick : $ operator is invalid for atomic vectors - 
INFO [2020-10-26 07:07:31] Runtime error in Cabarrus : $ operator is invalid for atomic vectors - 
INFO [2020-10-26 07:07:31] Runtime error in Craven : $ operator is invalid for atomic vectors - 
INFO [2020-10-26 07:07:31] Runtime error in Wayne : $ operator is invalid for atomic vectors - 
INFO [2020-10-26 07:07:31] Runtime error in Cone Health : $ operator is invalid for atomic vectors - 
INFO [2020-10-26 07:07:31] Runtime error in North Carolina : $ operator is invalid for atomic vectors - 
INFO [2020-10-26 07:07:31] Runtime error in Davidson : $ operator is invalid for atomic vectors - 
INFO [2020-10-26 07:07:31] Runtime error in Pasquotank : $ operator is invalid for atomic vectors - 
INFO [2020-10-26 07:07:31] Runtime error in Pitt : $ operator is invalid for atomic vectors - 
INFO [2020-10-26 07:07:31] Runtime error in Cleveland : $ operator is invalid for atomic vectors - 
INFO [2020-10-26 07:07:31] Runtime error in Granville : $ operator is invalid for atomic vectors - 
INFO [2020-10-26 07:07:31] Runtime error in Lee : $ operator is invalid for atomic vectors - 
INFO [2020-10-26 07:07:31] Runtime error in Scotland : $ operator is invalid for atomic vectors - 
INFO [2020-10-26 07:07:31] Runtime error in Robeson : $ operator is invalid for atomic vectors - 
INFO [2020-10-26 07:07:31] Runtime error in Carteret : $ operator is invalid for atomic vectors - 
INFO [2020-10-26 07:07:31] Runtime error in Cherokee : $ operator is invalid for atomic vectors - 
INFO [2020-10-26 07:07:31] Runtime error in Montgomery : $ operator is invalid for atomic vectors - 
INFO [2020-10-26 07:07:31] Runtime error in Randolph : $ operator is invalid for atomic vectors - 
INFO [2020-10-26 07:07:31] Runtime error in Richmond : $ operator is invalid for atomic vectors - 
INFO [2020-10-26 07:07:31] Runtime error in Vance : $ operator is invalid for atomic vectors - 
INFO [2020-10-26 07:07:31] Runtime error in Franklin : $ operator is invalid for atomic vectors - 
INFO [2020-10-26 07:07:31] Runtime error in Jackson : $ operator is invalid for atomic vectors - 
INFO [2020-10-26 07:07:31] Runtime error in Stanly : $ operator is invalid for atomic vectors - 
INFO [2020-10-26 07:07:31] Runtime error in Transylvania : $ operator is invalid for atomic vectors - 
INFO [2020-10-26 07:07:31] Runtime error in Caldwell : $ operator is invalid for atomic vectors - 
INFO [2020-10-26 07:07:31] Runtime error in Hertford : $ operator is invalid for atomic vectors - 
INFO [2020-10-26 07:07:31] Runtime error in Duplin : $ operator is invalid for atomic vectors - 
INFO [2020-10-26 07:07:31] Runtime error in Beaufort : $ operator is invalid for atomic vectors - 
INFO [2020-10-26 07:07:31] Runtime error in McDowell : $ operator is invalid for atomic vectors - 
INFO [2020-10-26 07:07:31] Runtime error in Northampton : $ operator is invalid for atomic vectors - 
INFO [2020-10-26 07:07:31] Runtime error in Surry : $ operator is invalid for atomic vectors - 
INFO [2020-10-26 07:07:31] Runtime error in Greene : $ operator is invalid for atomic vectors - 
INFO [2020-10-26 07:07:31] Runtime error in Edgecombe : $ operator is invalid for atomic vectors - 
INFO [2020-10-26 07:07:31] Runtime error in Perquimans : $ operator is invalid for atomic vectors - 
INFO [2020-10-26 07:07:31] Runtime error in Currituck : $ operator is invalid for atomic vectors - 
INFO [2020-10-26 07:07:31] Runtime error in Pamlico : $ operator is invalid for atomic vectors - 
INFO [2020-10-26 07:07:31] Runtime error in Washington : $ operator is invalid for atomic vectors - 
INFO [2020-10-26 07:07:31] Runtime error in Yadkin : $ operator is invalid for atomic vectors - 
INFO [2020-10-26 07:07:31] Runtime error in Alexander : $ operator is invalid for atomic vectors - 
INFO [2020-10-26 07:07:31] Runtime error in Rutherford : $ operator is invalid for atomic vectors - 
INFO [2020-10-26 07:07:31] Runtime error in Anson : $ operator is invalid for atomic vectors - 
INFO [2020-10-26 07:07:31] Runtime error in Dare : $ operator is invalid for atomic vectors - 
INFO [2020-10-26 07:07:31] Runtime error in Gates : $ operator is invalid for atomic vectors - 
INFO [2020-10-26 07:07:31] Runtime error in Macon : $ operator is invalid for atomic vectors - 
INFO [2020-10-26 07:07:31] Runtime error in Mitchell : $ operator is invalid for atomic vectors - 
INFO [2020-10-26 07:07:31] Runtime error in Stokes : $ operator is invalid for atomic vectors - 
INFO [2020-10-26 07:07:31] Runtime error in Chowan : $ operator is invalid for atomic vectors - 
INFO [2020-10-26 07:07:31] Runtime error in Ashe : $ operator is invalid for atomic vectors - 
INFO [2020-10-26 07:07:31] Runtime error in Warren : $ operator is invalid for atomic vectors - 
INFO [2020-10-26 07:07:31] Runtime error in Pender : $ operator is invalid for atomic vectors - 
INFO [2020-10-26 07:07:31] Runtime error in Jones : $ operator is invalid for atomic vectors - 
INFO [2020-10-26 07:07:31] Runtime error in Graham : $ operator is invalid for atomic vectors - 
INFO [2020-10-26 07:07:31] Runtime error in Swain : $ operator is invalid for atomic vectors - 
INFO [2020-10-26 07:07:31] Runtime error in Yancey : $ operator is invalid for atomic vectors - 
INFO [2020-10-26 07:07:31] Runtime error in Avery : $ operator is invalid for atomic vectors - 
