INFO [2020-11-17 14:12:25] Runtime error in Orange : $ operator is invalid for atomic vectors - 
INFO [2020-11-17 14:12:25] Runtime error in Davidson : $ operator is invalid for atomic vectors - 
INFO [2020-11-17 14:12:25] Runtime error in Rowan : $ operator is invalid for atomic vectors - 
INFO [2020-11-17 14:12:25] Runtime error in Northampton : $ operator is invalid for atomic vectors - 
INFO [2020-11-17 14:12:25] Runtime error in Pitt : $ operator is invalid for atomic vectors - 
INFO [2020-11-17 14:12:25] Runtime error in Wilson : $ operator is invalid for atomic vectors - 
INFO [2020-11-17 14:12:25] Runtime error in Brunswick : $ operator is invalid for atomic vectors - 
INFO [2020-11-17 14:12:25] Runtime error in Alamance : $ operator is invalid for atomic vectors - 
INFO [2020-11-17 14:12:25] Runtime error in Nash : $ operator is invalid for atomic vectors - 
INFO [2020-11-17 14:12:25] Runtime error in Cleveland : $ operator is invalid for atomic vectors - 
INFO [2020-11-17 14:12:25] Runtime error in Davie : $ operator is invalid for atomic vectors - 
INFO [2020-11-17 14:12:25] Runtime error in Onslow : $ operator is invalid for atomic vectors - 
INFO [2020-11-17 14:12:25] Runtime error in Wayne : $ operator is invalid for atomic vectors - 
INFO [2020-11-17 14:12:25] Runtime error in Carteret : $ operator is invalid for atomic vectors - 
INFO [2020-11-17 14:12:25] Runtime error in Rutherford : $ operator is invalid for atomic vectors - 
INFO [2020-11-17 14:12:25] Runtime error in Caldwell : $ operator is invalid for atomic vectors - 
INFO [2020-11-17 14:12:25] Runtime error in Stanly : $ operator is invalid for atomic vectors - 
INFO [2020-11-17 14:12:25] Runtime error in Lee : $ operator is invalid for atomic vectors - 
INFO [2020-11-17 14:12:25] Runtime error in Washington : $ operator is invalid for atomic vectors - 
INFO [2020-11-17 14:12:25] Runtime error in Rockingham : $ operator is invalid for atomic vectors - 
INFO [2020-11-17 14:12:25] Runtime error in Duplin : $ operator is invalid for atomic vectors - 
INFO [2020-11-17 14:12:25] Runtime error in Pasquotank : $ operator is invalid for atomic vectors - 
INFO [2020-11-17 14:12:25] Runtime error in Lenoir : $ operator is invalid for atomic vectors - 
INFO [2020-11-17 14:12:25] Runtime error in Richmond : $ operator is invalid for atomic vectors - 
INFO [2020-11-17 14:12:25] Runtime error in Sampson : $ operator is invalid for atomic vectors - 
INFO [2020-11-17 14:12:25] Runtime error in Person : $ operator is invalid for atomic vectors - 
INFO [2020-11-17 14:12:25] Runtime error in Anson : $ operator is invalid for atomic vectors - 
INFO [2020-11-17 14:12:25] Runtime error in Beaufort : $ operator is invalid for atomic vectors - 
INFO [2020-11-17 14:12:25] Runtime error in Greene : $ operator is invalid for atomic vectors - 
INFO [2020-11-17 14:12:25] Runtime error in Pender : $ operator is invalid for atomic vectors - 
INFO [2020-11-17 14:12:25] Runtime error in Perquimans : $ operator is invalid for atomic vectors - 
INFO [2020-11-17 14:12:25] Runtime error in Watauga : $ operator is invalid for atomic vectors - 
INFO [2020-11-17 14:12:25] Runtime error in Gates : $ operator is invalid for atomic vectors - 
