INFO [2020-11-30 14:52:05] Runtime error in Mecklenburg : $ operator is invalid for atomic vectors - 
INFO [2020-11-30 14:52:05] Runtime error in Durham : $ operator is invalid for atomic vectors - 
INFO [2020-11-30 14:52:05] Runtime error in North Carolina : $ operator is invalid for atomic vectors - 
INFO [2020-11-30 14:52:05] Runtime error in Cone Health : $ operator is invalid for atomic vectors - 
INFO [2020-11-30 14:52:05] Runtime error in Guilford : $ operator is invalid for atomic vectors - 
INFO [2020-11-30 14:52:05] Runtime error in Forsyth : $ operator is invalid for atomic vectors - 
INFO [2020-11-30 14:52:05] Runtime error in Buncombe : $ operator is invalid for atomic vectors - 
INFO [2020-11-30 14:52:05] Runtime error in Iredell : $ operator is invalid for atomic vectors - 
INFO [2020-11-30 14:52:05] Runtime error in Harnett : $ operator is invalid for atomic vectors - 
INFO [2020-11-30 14:52:05] Runtime error in New Hanover : $ operator is invalid for atomic vectors - 
INFO [2020-11-30 14:52:05] Runtime error in Gaston : $ operator is invalid for atomic vectors - 
INFO [2020-11-30 14:52:05] Runtime error in Chatham : $ operator is invalid for atomic vectors - 
INFO [2020-11-30 14:52:05] Runtime error in Pitt : $ operator is invalid for atomic vectors - 
INFO [2020-11-30 14:52:05] Runtime error in Randolph : $ operator is invalid for atomic vectors - 
INFO [2020-11-30 14:52:05] Runtime error in Henderson : $ operator is invalid for atomic vectors - 
INFO [2020-11-30 14:52:05] Runtime error in Cumberland : $ operator is invalid for atomic vectors - 
INFO [2020-11-30 14:52:05] Runtime error in Onslow : $ operator is invalid for atomic vectors - 
INFO [2020-11-30 14:52:05] Runtime error in Wayne : $ operator is invalid for atomic vectors - 
INFO [2020-11-30 14:52:05] Runtime error in Carteret : $ operator is invalid for atomic vectors - 
INFO [2020-11-30 14:52:05] Runtime error in Rutherford : $ operator is invalid for atomic vectors - 
INFO [2020-11-30 14:52:05] Runtime error in Greene : $ operator is invalid for atomic vectors - 
INFO [2020-11-30 14:52:05] Runtime error in Scotland : $ operator is invalid for atomic vectors - 
INFO [2020-11-30 14:52:05] Runtime error in Cherokee : $ operator is invalid for atomic vectors - 
INFO [2020-11-30 14:52:05] Runtime error in Hertford : $ operator is invalid for atomic vectors - 
INFO [2020-11-30 14:52:05] Runtime error in Perquimans : $ operator is invalid for atomic vectors - 
INFO [2020-11-30 14:52:05] Runtime error in Chowan : $ operator is invalid for atomic vectors - 
INFO [2020-11-30 14:52:05] Runtime error in Alleghany : $ operator is invalid for atomic vectors - 
INFO [2020-11-30 14:52:05] Runtime error in Transylvania : $ operator is invalid for atomic vectors - 
INFO [2020-11-30 14:52:05] Runtime error in Yancey : $ operator is invalid for atomic vectors - 
INFO [2020-11-30 14:52:05] Runtime error in Mitchell : $ operator is invalid for atomic vectors - 
INFO [2020-11-30 14:52:05] Runtime error in Currituck : $ operator is invalid for atomic vectors - 
INFO [2020-11-30 14:52:05] Runtime error in Clay : $ operator is invalid for atomic vectors - 
INFO [2020-11-30 14:52:05] Runtime error in Pamlico : $ operator is invalid for atomic vectors - 
