INFO [2020-11-29 14:54:31] Runtime error in Wake : $ operator is invalid for atomic vectors - 
INFO [2020-11-29 14:54:31] Runtime error in Durham : $ operator is invalid for atomic vectors - 
INFO [2020-11-29 14:54:31] Runtime error in North Carolina : $ operator is invalid for atomic vectors - 
INFO [2020-11-29 14:54:31] Runtime error in Cone Health : $ operator is invalid for atomic vectors - 
INFO [2020-11-29 14:54:31] Runtime error in Guilford : $ operator is invalid for atomic vectors - 
INFO [2020-11-29 14:54:31] Runtime error in Orange : $ operator is invalid for atomic vectors - 
INFO [2020-11-29 14:54:31] Runtime error in Gaston : $ operator is invalid for atomic vectors - 
INFO [2020-11-29 14:54:31] Runtime error in Chatham : $ operator is invalid for atomic vectors - 
INFO [2020-11-29 14:54:31] Runtime error in Davidson : $ operator is invalid for atomic vectors - 
INFO [2020-11-29 14:54:31] Runtime error in Rowan : $ operator is invalid for atomic vectors - 
INFO [2020-11-29 14:54:31] Runtime error in Wayne : $ operator is invalid for atomic vectors - 
INFO [2020-11-29 14:54:31] Runtime error in Carteret : $ operator is invalid for atomic vectors - 
INFO [2020-11-29 14:54:31] Runtime error in Rutherford : $ operator is invalid for atomic vectors - 
INFO [2020-11-29 14:54:31] Runtime error in Burke : $ operator is invalid for atomic vectors - 
INFO [2020-11-29 14:54:31] Runtime error in Rockingham : $ operator is invalid for atomic vectors - 
INFO [2020-11-29 14:54:31] Runtime error in Beaufort : $ operator is invalid for atomic vectors - 
INFO [2020-11-29 14:54:31] Runtime error in Greene : $ operator is invalid for atomic vectors - 
INFO [2020-11-29 14:54:31] Runtime error in Scotland : $ operator is invalid for atomic vectors - 
INFO [2020-11-29 14:54:31] Runtime error in Wilkes : $ operator is invalid for atomic vectors - 
INFO [2020-11-29 14:54:31] Runtime error in Caswell : $ operator is invalid for atomic vectors - 
INFO [2020-11-29 14:54:31] Runtime error in Polk : $ operator is invalid for atomic vectors - 
INFO [2020-11-29 14:54:31] Runtime error in Yadkin : $ operator is invalid for atomic vectors - 
INFO [2020-11-29 14:54:31] Runtime error in Bladen : $ operator is invalid for atomic vectors - 
INFO [2020-11-29 14:54:31] Runtime error in Gates : $ operator is invalid for atomic vectors - 
INFO [2020-11-29 14:54:31] Runtime error in Macon : $ operator is invalid for atomic vectors - 
INFO [2020-11-29 14:54:31] Runtime error in Alleghany : $ operator is invalid for atomic vectors - 
INFO [2020-11-29 14:54:31] Runtime error in Transylvania : $ operator is invalid for atomic vectors - 
INFO [2020-11-29 14:54:31] Runtime error in Yancey : $ operator is invalid for atomic vectors - 
INFO [2020-11-29 14:54:31] Runtime error in Mitchell : $ operator is invalid for atomic vectors - 
INFO [2020-11-29 14:54:31] Runtime error in Swain : $ operator is invalid for atomic vectors - 
INFO [2020-11-29 14:54:31] Runtime error in Currituck : $ operator is invalid for atomic vectors - 
INFO [2020-11-29 14:54:31] Runtime error in Clay : $ operator is invalid for atomic vectors - 
INFO [2020-11-29 14:54:31] Runtime error in Pamlico : $ operator is invalid for atomic vectors - 
