INFO [2020-11-20 10:58:04] Runtime error in Mecklenburg : $ operator is invalid for atomic vectors - 
INFO [2020-11-20 10:58:04] Runtime error in Wake : $ operator is invalid for atomic vectors - 
INFO [2020-11-20 10:58:04] Runtime error in Durham : $ operator is invalid for atomic vectors - 
INFO [2020-11-20 10:58:04] Runtime error in North Carolina : $ operator is invalid for atomic vectors - 
INFO [2020-11-20 10:58:04] Runtime error in Cone Health : $ operator is invalid for atomic vectors - 
INFO [2020-11-20 10:58:04] Runtime error in Guilford : $ operator is invalid for atomic vectors - 
INFO [2020-11-20 10:58:04] Runtime error in Forsyth : $ operator is invalid for atomic vectors - 
INFO [2020-11-20 10:58:04] Runtime error in Union : $ operator is invalid for atomic vectors - 
INFO [2020-11-20 10:58:04] Runtime error in Orange : $ operator is invalid for atomic vectors - 
INFO [2020-11-20 10:58:04] Runtime error in Cabarrus : $ operator is invalid for atomic vectors - 
INFO [2020-11-20 10:58:04] Runtime error in Henderson : $ operator is invalid for atomic vectors - 
INFO [2020-11-20 10:58:04] Runtime error in Wilson : $ operator is invalid for atomic vectors - 
INFO [2020-11-20 10:58:04] Runtime error in Carteret : $ operator is invalid for atomic vectors - 
INFO [2020-11-20 10:58:04] Runtime error in Rutherford : $ operator is invalid for atomic vectors - 
INFO [2020-11-20 10:58:04] Runtime error in Burke : $ operator is invalid for atomic vectors - 
INFO [2020-11-20 10:58:04] Runtime error in Franklin : $ operator is invalid for atomic vectors - 
INFO [2020-11-20 10:58:04] Runtime error in Moore : $ operator is invalid for atomic vectors - 
INFO [2020-11-20 10:58:04] Runtime error in Halifax : $ operator is invalid for atomic vectors - 
INFO [2020-11-20 10:58:04] Runtime error in Edgecombe : $ operator is invalid for atomic vectors - 
INFO [2020-11-20 10:58:04] Runtime error in McDowell : $ operator is invalid for atomic vectors - 
INFO [2020-11-20 10:58:04] Runtime error in Robeson : $ operator is invalid for atomic vectors - 
INFO [2020-11-20 10:58:04] Runtime error in Surry : $ operator is invalid for atomic vectors - 
INFO [2020-11-20 10:58:04] Runtime error in Yadkin : $ operator is invalid for atomic vectors - 
INFO [2020-11-20 10:58:04] Runtime error in Dare : $ operator is invalid for atomic vectors - 
INFO [2020-11-20 10:58:04] Runtime error in Jackson : $ operator is invalid for atomic vectors - 
INFO [2020-11-20 10:58:04] Runtime error in Macon : $ operator is invalid for atomic vectors - 
INFO [2020-11-21 12:28:29] Runtime error in Wake : $ operator is invalid for atomic vectors - 
INFO [2020-11-21 12:28:29] Runtime error in Durham : $ operator is invalid for atomic vectors - 
INFO [2020-11-21 12:28:29] Runtime error in Guilford : $ operator is invalid for atomic vectors - 
INFO [2020-11-21 12:28:29] Runtime error in Forsyth : $ operator is invalid for atomic vectors - 
INFO [2020-11-21 12:28:29] Runtime error in Union : $ operator is invalid for atomic vectors - 
INFO [2020-11-21 12:28:29] Runtime error in Orange : $ operator is invalid for atomic vectors - 
INFO [2020-11-21 12:28:29] Runtime error in Cabarrus : $ operator is invalid for atomic vectors - 
INFO [2020-11-21 12:28:29] Runtime error in Buncombe : $ operator is invalid for atomic vectors - 
INFO [2020-11-21 12:28:29] Runtime error in Iredell : $ operator is invalid for atomic vectors - 
INFO [2020-11-21 12:28:29] Runtime error in Harnett : $ operator is invalid for atomic vectors - 
INFO [2020-11-21 12:28:29] Runtime error in New Hanover : $ operator is invalid for atomic vectors - 
INFO [2020-11-21 12:28:29] Runtime error in Henderson : $ operator is invalid for atomic vectors - 
INFO [2020-11-21 12:28:29] Runtime error in Cumberland : $ operator is invalid for atomic vectors - 
INFO [2020-11-21 12:28:29] Runtime error in Johnston : $ operator is invalid for atomic vectors - 
INFO [2020-11-21 12:28:29] Runtime error in Wilson : $ operator is invalid for atomic vectors - 
INFO [2020-11-21 12:28:29] Runtime error in Craven : $ operator is invalid for atomic vectors - 
INFO [2020-11-21 12:28:29] Runtime error in Davie : $ operator is invalid for atomic vectors - 
INFO [2020-11-21 12:28:29] Runtime error in Onslow : $ operator is invalid for atomic vectors - 
INFO [2020-11-21 12:28:29] Runtime error in Wayne : $ operator is invalid for atomic vectors - 
INFO [2020-11-21 12:28:29] Runtime error in Vance : $ operator is invalid for atomic vectors - 
INFO [2020-11-21 12:28:29] Runtime error in Halifax : $ operator is invalid for atomic vectors - 
INFO [2020-11-21 12:28:29] Runtime error in Edgecombe : $ operator is invalid for atomic vectors - 
INFO [2020-11-21 12:28:29] Runtime error in McDowell : $ operator is invalid for atomic vectors - 
