INFO [2020-11-15 11:00:37] Runtime error in Cone Health : $ operator is invalid for atomic vectors - 
INFO [2020-11-15 11:00:37] Runtime error in Guilford : $ operator is invalid for atomic vectors - 
INFO [2020-11-15 11:00:37] Runtime error in Forsyth : $ operator is invalid for atomic vectors - 
INFO [2020-11-15 11:00:37] Runtime error in Union : $ operator is invalid for atomic vectors - 
INFO [2020-11-15 11:00:37] Runtime error in Orange : $ operator is invalid for atomic vectors - 
INFO [2020-11-15 11:00:37] Runtime error in Cabarrus : $ operator is invalid for atomic vectors - 
INFO [2020-11-15 11:00:37] Runtime error in Chatham : $ operator is invalid for atomic vectors - 
INFO [2020-11-15 11:00:37] Runtime error in Davidson : $ operator is invalid for atomic vectors - 
INFO [2020-11-15 11:00:37] Runtime error in Rowan : $ operator is invalid for atomic vectors - 
INFO [2020-11-15 11:00:37] Runtime error in Northampton : $ operator is invalid for atomic vectors - 
INFO [2020-11-15 11:00:37] Runtime error in Johnston : $ operator is invalid for atomic vectors - 
INFO [2020-11-15 11:00:37] Runtime error in Wilson : $ operator is invalid for atomic vectors - 
INFO [2020-11-15 11:00:37] Runtime error in Catawba : $ operator is invalid for atomic vectors - 
INFO [2020-11-15 11:00:37] Runtime error in Brunswick : $ operator is invalid for atomic vectors - 
INFO [2020-11-15 11:00:37] Runtime error in Alamance : $ operator is invalid for atomic vectors - 
INFO [2020-11-15 11:00:37] Runtime error in Nash : $ operator is invalid for atomic vectors - 
INFO [2020-11-15 11:00:37] Runtime error in Cleveland : $ operator is invalid for atomic vectors - 
INFO [2020-11-15 11:00:37] Runtime error in Burke : $ operator is invalid for atomic vectors - 
INFO [2020-11-15 11:00:37] Runtime error in Franklin : $ operator is invalid for atomic vectors - 
INFO [2020-11-15 11:00:37] Runtime error in Moore : $ operator is invalid for atomic vectors - 
INFO [2020-11-15 11:00:37] Runtime error in Columbus : $ operator is invalid for atomic vectors - 
INFO [2020-11-15 11:00:37] Runtime error in Hoke : $ operator is invalid for atomic vectors - 
INFO [2020-11-15 11:00:37] Runtime error in Vance : $ operator is invalid for atomic vectors - 
INFO [2020-11-15 11:00:37] Runtime error in Montgomery : $ operator is invalid for atomic vectors - 
INFO [2020-11-15 11:00:37] Runtime error in Robeson : $ operator is invalid for atomic vectors - 
INFO [2020-11-15 11:00:37] Runtime error in Surry : $ operator is invalid for atomic vectors - 
INFO [2020-11-15 11:00:37] Runtime error in Person : $ operator is invalid for atomic vectors - 
INFO [2020-11-15 11:00:37] Runtime error in Chowan : $ operator is invalid for atomic vectors - 
INFO [2020-11-15 11:00:37] Runtime error in Ashe : $ operator is invalid for atomic vectors - 
INFO [2020-11-15 11:00:37] Runtime error in Stokes : $ operator is invalid for atomic vectors - 
INFO [2020-11-15 11:00:37] Runtime error in Alexander : $ operator is invalid for atomic vectors - 
INFO [2020-11-15 11:00:37] Runtime error in Watauga : $ operator is invalid for atomic vectors - 
INFO [2020-11-15 11:00:37] Runtime error in Mitchell : $ operator is invalid for atomic vectors - 
INFO [2020-11-15 11:00:37] Runtime error in Swain : $ operator is invalid for atomic vectors - 
INFO [2020-11-15 11:00:37] Runtime error in Currituck : $ operator is invalid for atomic vectors - 
