INFO [2020-11-24 17:35:16] Runtime error in Cone Health : $ operator is invalid for atomic vectors - 
INFO [2020-11-24 17:35:16] Runtime error in Guilford : $ operator is invalid for atomic vectors - 
INFO [2020-11-24 17:35:16] Runtime error in Forsyth : $ operator is invalid for atomic vectors - 
INFO [2020-11-24 17:35:16] Runtime error in Orange : $ operator is invalid for atomic vectors - 
INFO [2020-11-24 17:35:16] Runtime error in Cabarrus : $ operator is invalid for atomic vectors - 
INFO [2020-11-24 17:35:16] Runtime error in Wayne : $ operator is invalid for atomic vectors - 
INFO [2020-11-24 17:35:16] Runtime error in Caldwell : $ operator is invalid for atomic vectors - 
INFO [2020-11-24 17:35:16] Runtime error in Stanly : $ operator is invalid for atomic vectors - 
INFO [2020-11-24 17:35:16] Runtime error in Lee : $ operator is invalid for atomic vectors - 
INFO [2020-11-24 17:35:16] Runtime error in Washington : $ operator is invalid for atomic vectors - 
INFO [2020-11-24 17:35:16] Runtime error in Lenoir : $ operator is invalid for atomic vectors - 
INFO [2020-11-24 17:35:16] Runtime error in Richmond : $ operator is invalid for atomic vectors - 
INFO [2020-11-24 17:35:16] Runtime error in Sampson : $ operator is invalid for atomic vectors - 
INFO [2020-11-24 17:35:16] Runtime error in Montgomery : $ operator is invalid for atomic vectors - 
INFO [2020-11-24 17:35:16] Runtime error in Robeson : $ operator is invalid for atomic vectors - 
INFO [2020-11-24 17:35:16] Runtime error in Surry : $ operator is invalid for atomic vectors - 
INFO [2020-11-24 17:35:16] Runtime error in Person : $ operator is invalid for atomic vectors - 
INFO [2020-11-24 17:35:16] Runtime error in Beaufort : $ operator is invalid for atomic vectors - 
INFO [2020-11-24 17:35:16] Runtime error in Greene : $ operator is invalid for atomic vectors - 
INFO [2020-11-24 17:35:16] Runtime error in Cherokee : $ operator is invalid for atomic vectors - 
INFO [2020-11-24 17:35:16] Runtime error in Hertford : $ operator is invalid for atomic vectors - 
INFO [2020-11-24 17:35:16] Runtime error in Martin : $ operator is invalid for atomic vectors - 
INFO [2020-11-24 17:35:16] Runtime error in Wilkes : $ operator is invalid for atomic vectors - 
INFO [2020-11-24 17:35:16] Runtime error in Caswell : $ operator is invalid for atomic vectors - 
INFO [2020-11-24 17:35:16] Runtime error in Polk : $ operator is invalid for atomic vectors - 
INFO [2020-11-24 17:35:16] Runtime error in Yadkin : $ operator is invalid for atomic vectors - 
INFO [2020-11-24 17:35:16] Runtime error in Dare : $ operator is invalid for atomic vectors - 
INFO [2020-11-24 17:35:16] Runtime error in Jackson : $ operator is invalid for atomic vectors - 
INFO [2020-11-24 17:35:16] Runtime error in Bladen : $ operator is invalid for atomic vectors - 
INFO [2020-11-24 17:35:16] Runtime error in Pender : $ operator is invalid for atomic vectors - 
INFO [2020-11-24 17:35:16] Runtime error in Warren : $ operator is invalid for atomic vectors - 
INFO [2020-11-24 17:35:16] Runtime error in Haywood : $ operator is invalid for atomic vectors - 
INFO [2020-11-24 17:35:16] Runtime error in Perquimans : $ operator is invalid for atomic vectors - 
INFO [2020-11-24 17:35:16] Runtime error in Chowan : $ operator is invalid for atomic vectors - 
INFO [2020-11-24 17:35:16] Runtime error in Ashe : $ operator is invalid for atomic vectors - 
INFO [2020-11-24 17:35:16] Runtime error in Stokes : $ operator is invalid for atomic vectors - 
INFO [2020-11-24 17:35:16] Runtime error in Alleghany : $ operator is invalid for atomic vectors - 
INFO [2020-11-24 17:35:16] Runtime error in Currituck : $ operator is invalid for atomic vectors - 
INFO [2020-11-24 17:35:16] Runtime error in Camden : $ operator is invalid for atomic vectors - 
INFO [2020-11-24 17:35:16] Runtime error in Graham : $ operator is invalid for atomic vectors - 
