INFO [2020-11-03 00:16:25] Runtime error in Brunswick : $ operator is invalid for atomic vectors - 
INFO [2020-11-03 00:16:25] Runtime error in Cabarrus : $ operator is invalid for atomic vectors - 
INFO [2020-11-03 00:16:25] Runtime error in Craven : $ operator is invalid for atomic vectors - 
INFO [2020-11-03 00:16:25] Runtime error in Gaston : $ operator is invalid for atomic vectors - 
INFO [2020-11-03 00:16:25] Runtime error in Hoke : $ operator is invalid for atomic vectors - 
INFO [2020-11-03 00:16:25] Runtime error in Lincoln : $ operator is invalid for atomic vectors - 
INFO [2020-11-03 00:16:25] Runtime error in Moore : $ operator is invalid for atomic vectors - 
INFO [2020-11-03 00:16:25] Runtime error in Pitt : $ operator is invalid for atomic vectors - 
INFO [2020-11-03 00:16:25] Runtime error in Rowan : $ operator is invalid for atomic vectors - 
INFO [2020-11-03 00:16:25] Runtime error in Alamance : $ operator is invalid for atomic vectors - 
INFO [2020-11-03 00:16:25] Runtime error in Catawba : $ operator is invalid for atomic vectors - 
INFO [2020-11-03 00:16:25] Runtime error in Cleveland : $ operator is invalid for atomic vectors - 
INFO [2020-11-03 00:16:25] Runtime error in Randolph : $ operator is invalid for atomic vectors - 
INFO [2020-11-03 00:16:25] Runtime error in Vance : $ operator is invalid for atomic vectors - 
INFO [2020-11-03 00:16:25] Runtime error in Duplin : $ operator is invalid for atomic vectors - 
INFO [2020-11-03 00:16:25] Runtime error in Beaufort : $ operator is invalid for atomic vectors - 
INFO [2020-11-03 00:16:25] Runtime error in McDowell : $ operator is invalid for atomic vectors - 
INFO [2020-11-03 00:16:25] Runtime error in Northampton : $ operator is invalid for atomic vectors - 
INFO [2020-11-03 00:16:25] Runtime error in Bladen : $ operator is invalid for atomic vectors - 
INFO [2020-11-03 00:16:25] Runtime error in Caswell : $ operator is invalid for atomic vectors - 
INFO [2020-11-03 00:16:25] Runtime error in Columbus : $ operator is invalid for atomic vectors - 
INFO [2020-11-03 00:16:25] Runtime error in Currituck : $ operator is invalid for atomic vectors - 
INFO [2020-11-03 00:16:25] Runtime error in Yadkin : $ operator is invalid for atomic vectors - 
INFO [2020-11-03 00:16:25] Runtime error in Halifax : $ operator is invalid for atomic vectors - 
INFO [2020-11-03 00:16:25] Runtime error in Gates : $ operator is invalid for atomic vectors - 
INFO [2020-11-03 00:16:25] Runtime error in Macon : $ operator is invalid for atomic vectors - 
INFO [2020-11-03 00:16:25] Runtime error in Mitchell : $ operator is invalid for atomic vectors - 
INFO [2020-11-03 00:16:25] Runtime error in Stokes : $ operator is invalid for atomic vectors - 
INFO [2020-11-03 00:16:25] Runtime error in Tyrrell : $ operator is invalid for atomic vectors - 
INFO [2020-11-03 00:16:25] Runtime error in Hyde : $ operator is invalid for atomic vectors - 
INFO [2020-11-03 00:16:25] Runtime error in Camden : $ operator is invalid for atomic vectors - 
INFO [2020-11-03 00:16:25] Runtime error in Graham : $ operator is invalid for atomic vectors - 
INFO [2020-11-03 00:16:25] Runtime error in Swain : $ operator is invalid for atomic vectors - 
INFO [2020-11-03 00:16:25] Runtime error in Avery : $ operator is invalid for atomic vectors - 
