INFO [2020-12-21 18:05:08] Initialising estimates for: Forsyth
INFO [2020-12-21 18:05:09] Initialising estimates for: Union
INFO [2020-12-21 18:05:10] Initialising estimates for: Gaston
INFO [2020-12-21 18:05:11] Initialising estimates for: New Hanover
WARN [2020-12-21 18:15:43] Gaston (chain: 1): There were 23 divergent transitions after warmup. See
http://mc-stan.org/misc/warnings.html#divergent-transitions-after-warmup
to find out why this is a problem and how to eliminate them. - 
WARN [2020-12-21 18:15:43] Gaston (chain: 1): Examine the pairs() plot to diagnose sampling problems
 - 
INFO [2020-12-21 18:16:16] Completed estimates for: Gaston
INFO [2020-12-21 18:16:21] Initialising estimates for: Buncombe
WARN [2020-12-21 18:16:29] New Hanover (chain: 1): There were 24 divergent transitions after warmup. See
http://mc-stan.org/misc/warnings.html#divergent-transitions-after-warmup
to find out why this is a problem and how to eliminate them. - 
WARN [2020-12-21 18:16:29] New Hanover (chain: 1): Examine the pairs() plot to diagnose sampling problems
 - 
INFO [2020-12-21 18:17:00] Completed estimates for: New Hanover
WARN [2020-12-21 18:17:00] Union (chain: 1): There were 38 divergent transitions after warmup. See
http://mc-stan.org/misc/warnings.html#divergent-transitions-after-warmup
to find out why this is a problem and how to eliminate them. - 
WARN [2020-12-21 18:17:00] Union (chain: 1): Examine the pairs() plot to diagnose sampling problems
 - 
INFO [2020-12-21 18:17:06] Initialising estimates for: Durham
INFO [2020-12-21 18:17:44] Completed estimates for: Union
INFO [2020-12-21 18:17:49] Initialising estimates for: Cumberland
WARN [2020-12-21 18:20:47] Forsyth (chain: 1): There were 32 divergent transitions after warmup. See
http://mc-stan.org/misc/warnings.html#divergent-transitions-after-warmup
to find out why this is a problem and how to eliminate them. - 
WARN [2020-12-21 18:20:47] Forsyth (chain: 1): Examine the pairs() plot to diagnose sampling problems
 - 
INFO [2020-12-21 18:21:32] Completed estimates for: Forsyth
INFO [2020-12-21 18:21:37] Initialising estimates for: Guilford
WARN [2020-12-21 18:23:21] Durham (chain: 1): There were 50 divergent transitions after warmup. See
http://mc-stan.org/misc/warnings.html#divergent-transitions-after-warmup
to find out why this is a problem and how to eliminate them. - 
WARN [2020-12-21 18:23:21] Durham (chain: 1): Examine the pairs() plot to diagnose sampling problems
 - 
INFO [2020-12-21 18:24:07] Completed estimates for: Durham
INFO [2020-12-21 18:24:13] Initialising estimates for: Wake
WARN [2020-12-21 18:24:56] Buncombe (chain: 1): There were 28 divergent transitions after warmup. See
http://mc-stan.org/misc/warnings.html#divergent-transitions-after-warmup
to find out why this is a problem and how to eliminate them. - 
WARN [2020-12-21 18:24:56] Buncombe (chain: 1): Examine the pairs() plot to diagnose sampling problems
 - 
INFO [2020-12-21 18:25:35] Completed estimates for: Buncombe
INFO [2020-12-21 18:25:40] Initialising estimates for: Mecklenburg
WARN [2020-12-21 18:25:56] Cumberland (chain: 1): There were 5 divergent transitions after warmup. See
http://mc-stan.org/misc/warnings.html#divergent-transitions-after-warmup
to find out why this is a problem and how to eliminate them. - 
WARN [2020-12-21 18:25:56] Cumberland (chain: 1): Examine the pairs() plot to diagnose sampling problems
 - 
INFO [2020-12-21 18:26:42] Completed estimates for: Cumberland
INFO [2020-12-21 18:26:49] Initialising estimates for: Cone Health
WARN [2020-12-21 18:29:28] Guilford (chain: 1): There were 25 divergent transitions after warmup. See
http://mc-stan.org/misc/warnings.html#divergent-transitions-after-warmup
to find out why this is a problem and how to eliminate them. - 
WARN [2020-12-21 18:29:28] Guilford (chain: 1): Examine the pairs() plot to diagnose sampling problems
 - 
INFO [2020-12-21 18:30:13] Completed estimates for: Guilford
INFO [2020-12-21 18:30:19] Initialising estimates for: North Carolina
WARN [2020-12-21 18:33:16] Wake (chain: 1): There were 26 divergent transitions after warmup. See
http://mc-stan.org/misc/warnings.html#divergent-transitions-after-warmup
to find out why this is a problem and how to eliminate them. - 
WARN [2020-12-21 18:33:16] Wake (chain: 1): Examine the pairs() plot to diagnose sampling problems
 - 
INFO [2020-12-21 18:34:01] Completed estimates for: Wake
WARN [2020-12-21 18:37:49] Mecklenburg (chain: 1): There were 15 divergent transitions after warmup. See
http://mc-stan.org/misc/warnings.html#divergent-transitions-after-warmup
to find out why this is a problem and how to eliminate them. - 
WARN [2020-12-21 18:37:49] Mecklenburg (chain: 1): Examine the pairs() plot to diagnose sampling problems
 - 
INFO [2020-12-21 18:38:29] Completed estimates for: Mecklenburg
WARN [2020-12-21 19:48:05] North Carolina (chain: 1): There were 18 divergent transitions after warmup. See
http://mc-stan.org/misc/warnings.html#divergent-transitions-after-warmup
to find out why this is a problem and how to eliminate them. - 
WARN [2020-12-21 19:48:05] North Carolina (chain: 1): There were 6 transitions after warmup that exceeded the maximum treedepth. Increase max_treedepth above 14. See
http://mc-stan.org/misc/warnings.html#maximum-treedepth-exceeded - 
WARN [2020-12-21 19:48:05] North Carolina (chain: 1): Examine the pairs() plot to diagnose sampling problems
 - 
ERROR [2020-12-21 19:48:05] North Carolina: model fitting was timed out or failed - 
WARN [2020-12-21 19:51:31] Cone Health (chain: 1): There were 61 divergent transitions after warmup. See
http://mc-stan.org/misc/warnings.html#divergent-transitions-after-warmup
to find out why this is a problem and how to eliminate them. - 
WARN [2020-12-21 19:51:31] Cone Health (chain: 1): There were 16 transitions after warmup that exceeded the maximum treedepth. Increase max_treedepth above 14. See
http://mc-stan.org/misc/warnings.html#maximum-treedepth-exceeded - 
ERROR [2020-12-21 19:51:32] Cone Health: model fitting was timed out or failed - 
INFO [2020-12-21 19:51:32] Runtime error in Cone Health : Cone Health: model fitting was timed out or failed - 
INFO [2020-12-21 19:51:32] Runtime error in North Carolina : North Carolina: model fitting was timed out or failed - 
INFO [2020-12-21 19:51:38] Initialising estimates for: Clay
INFO [2020-12-21 19:51:38] Initialising estimates for: Dare
INFO [2020-12-21 19:51:39] Initialising estimates for: Jones
INFO [2020-12-21 19:51:40] Initialising estimates for: Macon
WARN [2020-12-21 19:55:14] Macon: There were 50 transitions after warmup that exceeded the maximum treedepth. Increase max_treedepth above 13. See
http://mc-stan.org/misc/warnings.html#maximum-treedepth-exceeded - 
WARN [2020-12-21 19:55:14] Macon: Examine the pairs() plot to diagnose sampling problems
 - 
WARN [2020-12-21 19:55:14] Macon: The largest R-hat is 2.11, indicating chains have not mixed.
Running the chains for more iterations may help. See
http://mc-stan.org/misc/warnings.html#r-hat - 
WARN [2020-12-21 19:55:15] Clay: There were 50 transitions after warmup that exceeded the maximum treedepth. Increase max_treedepth above 13. See
http://mc-stan.org/misc/warnings.html#maximum-treedepth-exceeded - 
WARN [2020-12-21 19:55:15] Macon: Bulk Effective Samples Size (ESS) is too low, indicating posterior means and medians may be unreliable.
Running the chains for more iterations may help. See
http://mc-stan.org/misc/warnings.html#bulk-ess - 
WARN [2020-12-21 19:55:15] Clay: Examine the pairs() plot to diagnose sampling problems
 - 
WARN [2020-12-21 19:55:15] Clay: The largest R-hat is 1.33, indicating chains have not mixed.
Running the chains for more iterations may help. See
http://mc-stan.org/misc/warnings.html#r-hat - 
WARN [2020-12-21 19:55:15] Clay: Bulk Effective Samples Size (ESS) is too low, indicating posterior means and medians may be unreliable.
Running the chains for more iterations may help. See
http://mc-stan.org/misc/warnings.html#bulk-ess - 
WARN [2020-12-21 19:55:15] Macon: Tail Effective Samples Size (ESS) is too low, indicating posterior variances and tail quantiles may be unreliable.
Running the chains for more iterations may help. See
http://mc-stan.org/misc/warnings.html#tail-ess - 
WARN [2020-12-21 19:55:16] Clay: Tail Effective Samples Size (ESS) is too low, indicating posterior variances and tail quantiles may be unreliable.
Running the chains for more iterations may help. See
http://mc-stan.org/misc/warnings.html#tail-ess - 
WARN [2020-12-21 19:55:20] Dare: There were 50 transitions after warmup that exceeded the maximum treedepth. Increase max_treedepth above 13. See
http://mc-stan.org/misc/warnings.html#maximum-treedepth-exceeded - 
WARN [2020-12-21 19:55:20] Dare: Examine the pairs() plot to diagnose sampling problems
 - 
WARN [2020-12-21 19:55:21] Dare: The largest R-hat is 2.07, indicating chains have not mixed.
Running the chains for more iterations may help. See
http://mc-stan.org/misc/warnings.html#r-hat - 
WARN [2020-12-21 19:55:21] Dare: Bulk Effective Samples Size (ESS) is too low, indicating posterior means and medians may be unreliable.
Running the chains for more iterations may help. See
http://mc-stan.org/misc/warnings.html#bulk-ess - 
WARN [2020-12-21 19:55:22] Dare: Tail Effective Samples Size (ESS) is too low, indicating posterior variances and tail quantiles may be unreliable.
Running the chains for more iterations may help. See
http://mc-stan.org/misc/warnings.html#tail-ess - 
WARN [2020-12-21 19:56:09] Jones: There were 50 transitions after warmup that exceeded the maximum treedepth. Increase max_treedepth above 13. See
http://mc-stan.org/misc/warnings.html#maximum-treedepth-exceeded - 
WARN [2020-12-21 19:56:09] Jones: Examine the pairs() plot to diagnose sampling problems
 - 
WARN [2020-12-21 19:56:10] Jones: The largest R-hat is 1.53, indicating chains have not mixed.
Running the chains for more iterations may help. See
http://mc-stan.org/misc/warnings.html#r-hat - 
WARN [2020-12-21 19:56:10] Jones: Bulk Effective Samples Size (ESS) is too low, indicating posterior means and medians may be unreliable.
Running the chains for more iterations may help. See
http://mc-stan.org/misc/warnings.html#bulk-ess - 
WARN [2020-12-21 19:56:11] Jones: Tail Effective Samples Size (ESS) is too low, indicating posterior variances and tail quantiles may be unreliable.
Running the chains for more iterations may help. See
http://mc-stan.org/misc/warnings.html#tail-ess - 
WARN [2020-12-21 20:01:24] Jones (chain: 1): There were 110 divergent transitions after warmup. See
http://mc-stan.org/misc/warnings.html#divergent-transitions-after-warmup
to find out why this is a problem and how to eliminate them. - 
WARN [2020-12-21 20:01:24] Jones (chain: 1): Examine the pairs() plot to diagnose sampling problems
 - 
INFO [2020-12-21 20:02:24] Completed estimates for: Jones
WARN [2020-12-21 20:02:30] Macon (chain: 1): There were 40 divergent transitions after warmup. See
http://mc-stan.org/misc/warnings.html#divergent-transitions-after-warmup
to find out why this is a problem and how to eliminate them. - 
WARN [2020-12-21 20:02:30] Macon (chain: 1): Examine the pairs() plot to diagnose sampling problems
 - 
INFO [2020-12-21 20:02:32] Initialising estimates for: Madison
WARN [2020-12-21 20:03:05] Dare (chain: 1): There were 36 divergent transitions after warmup. See
http://mc-stan.org/misc/warnings.html#divergent-transitions-after-warmup
to find out why this is a problem and how to eliminate them. - 
WARN [2020-12-21 20:03:05] Dare (chain: 1): Examine the pairs() plot to diagnose sampling problems
 - 
INFO [2020-12-21 20:03:12] Completed estimates for: Macon
INFO [2020-12-21 20:03:17] Initialising estimates for: Northampton
INFO [2020-12-21 20:03:47] Completed estimates for: Dare
INFO [2020-12-21 20:03:54] Initialising estimates for: Pender
WARN [2020-12-21 20:05:07] Clay (chain: 1): There were 41 divergent transitions after warmup. See
http://mc-stan.org/misc/warnings.html#divergent-transitions-after-warmup
to find out why this is a problem and how to eliminate them. - 
WARN [2020-12-21 20:05:07] Clay (chain: 1): Examine the pairs() plot to diagnose sampling problems
 - 
INFO [2020-12-21 20:05:48] Completed estimates for: Clay
INFO [2020-12-21 20:05:54] Initialising estimates for: Person
WARN [2020-12-21 20:06:34] Madison: There were 1 divergent transitions after warmup. See
http://mc-stan.org/misc/warnings.html#divergent-transitions-after-warmup
to find out why this is a problem and how to eliminate them. - 
WARN [2020-12-21 20:06:34] Madison: There were 49 transitions after warmup that exceeded the maximum treedepth. Increase max_treedepth above 13. See
http://mc-stan.org/misc/warnings.html#maximum-treedepth-exceeded - 
WARN [2020-12-21 20:06:34] Madison: Examine the pairs() plot to diagnose sampling problems
 - 
WARN [2020-12-21 20:06:34] Madison: The largest R-hat is 2.04, indicating chains have not mixed.
Running the chains for more iterations may help. See
http://mc-stan.org/misc/warnings.html#r-hat - 
WARN [2020-12-21 20:06:34] Madison: Bulk Effective Samples Size (ESS) is too low, indicating posterior means and medians may be unreliable.
Running the chains for more iterations may help. See
http://mc-stan.org/misc/warnings.html#bulk-ess - 
WARN [2020-12-21 20:06:35] Madison: Tail Effective Samples Size (ESS) is too low, indicating posterior variances and tail quantiles may be unreliable.
Running the chains for more iterations may help. See
http://mc-stan.org/misc/warnings.html#tail-ess - 
WARN [2020-12-21 20:06:52] Northampton: There were 50 transitions after warmup that exceeded the maximum treedepth. Increase max_treedepth above 13. See
http://mc-stan.org/misc/warnings.html#maximum-treedepth-exceeded - 
WARN [2020-12-21 20:06:52] Northampton: Examine the pairs() plot to diagnose sampling problems
 - 
WARN [2020-12-21 20:06:52] Northampton: The largest R-hat is 1.58, indicating chains have not mixed.
Running the chains for more iterations may help. See
http://mc-stan.org/misc/warnings.html#r-hat - 
WARN [2020-12-21 20:06:53] Northampton: Bulk Effective Samples Size (ESS) is too low, indicating posterior means and medians may be unreliable.
Running the chains for more iterations may help. See
http://mc-stan.org/misc/warnings.html#bulk-ess - 
WARN [2020-12-21 20:06:53] Northampton: Tail Effective Samples Size (ESS) is too low, indicating posterior variances and tail quantiles may be unreliable.
Running the chains for more iterations may help. See
http://mc-stan.org/misc/warnings.html#tail-ess - 
WARN [2020-12-21 20:07:49] Pender: There were 50 transitions after warmup that exceeded the maximum treedepth. Increase max_treedepth above 13. See
http://mc-stan.org/misc/warnings.html#maximum-treedepth-exceeded - 
WARN [2020-12-21 20:07:49] Pender: Examine the pairs() plot to diagnose sampling problems
 - 
WARN [2020-12-21 20:07:50] Pender: The largest R-hat is 1.99, indicating chains have not mixed.
Running the chains for more iterations may help. See
http://mc-stan.org/misc/warnings.html#r-hat - 
WARN [2020-12-21 20:07:50] Pender: Bulk Effective Samples Size (ESS) is too low, indicating posterior means and medians may be unreliable.
Running the chains for more iterations may help. See
http://mc-stan.org/misc/warnings.html#bulk-ess - 
WARN [2020-12-21 20:07:51] Pender: Tail Effective Samples Size (ESS) is too low, indicating posterior variances and tail quantiles may be unreliable.
Running the chains for more iterations may help. See
http://mc-stan.org/misc/warnings.html#tail-ess - 
WARN [2020-12-21 20:10:32] Person: There were 50 transitions after warmup that exceeded the maximum treedepth. Increase max_treedepth above 13. See
http://mc-stan.org/misc/warnings.html#maximum-treedepth-exceeded - 
WARN [2020-12-21 20:10:32] Person: Examine the pairs() plot to diagnose sampling problems
 - 
WARN [2020-12-21 20:10:33] Person: The largest R-hat is 2.07, indicating chains have not mixed.
Running the chains for more iterations may help. See
http://mc-stan.org/misc/warnings.html#r-hat - 
WARN [2020-12-21 20:10:33] Person: Bulk Effective Samples Size (ESS) is too low, indicating posterior means and medians may be unreliable.
Running the chains for more iterations may help. See
http://mc-stan.org/misc/warnings.html#bulk-ess - 
WARN [2020-12-21 20:10:34] Person: Tail Effective Samples Size (ESS) is too low, indicating posterior variances and tail quantiles may be unreliable.
Running the chains for more iterations may help. See
http://mc-stan.org/misc/warnings.html#tail-ess - 
WARN [2020-12-21 20:14:25] Northampton (chain: 1): There were 129 divergent transitions after warmup. See
http://mc-stan.org/misc/warnings.html#divergent-transitions-after-warmup
to find out why this is a problem and how to eliminate them. - 
WARN [2020-12-21 20:14:25] Northampton (chain: 1): Examine the pairs() plot to diagnose sampling problems
 - 
INFO [2020-12-21 20:15:21] Completed estimates for: Northampton
INFO [2020-12-21 20:15:28] Initialising estimates for: Warren
WARN [2020-12-21 20:15:38] Pender (chain: 1): There were 82 divergent transitions after warmup. See
http://mc-stan.org/misc/warnings.html#divergent-transitions-after-warmup
to find out why this is a problem and how to eliminate them. - 
WARN [2020-12-21 20:15:38] Pender (chain: 1): Examine the pairs() plot to diagnose sampling problems
 - 
INFO [2020-12-21 20:16:20] Completed estimates for: Pender
INFO [2020-12-21 20:16:27] Initialising estimates for: Yadkin
WARN [2020-12-21 20:16:54] Madison (chain: 1): There were 300 divergent transitions after warmup. See
http://mc-stan.org/misc/warnings.html#divergent-transitions-after-warmup
to find out why this is a problem and how to eliminate them. - 
WARN [2020-12-21 20:16:54] Madison (chain: 1): Examine the pairs() plot to diagnose sampling problems
 - 
WARN [2020-12-21 20:17:10] Madison (chain: 1): Tail Effective Samples Size (ESS) is too low, indicating posterior variances and tail quantiles may be unreliable.
Running the chains for more iterations may help. See
http://mc-stan.org/misc/warnings.html#tail-ess - 
INFO [2020-12-21 20:17:43] Completed estimates for: Madison
INFO [2020-12-21 20:17:50] Initialising estimates for: Yancey
WARN [2020-12-21 20:19:59] Warren: There were 50 transitions after warmup that exceeded the maximum treedepth. Increase max_treedepth above 13. See
http://mc-stan.org/misc/warnings.html#maximum-treedepth-exceeded - 
WARN [2020-12-21 20:19:59] Warren: Examine the pairs() plot to diagnose sampling problems
 - 
WARN [2020-12-21 20:19:59] Warren: The largest R-hat is 1.37, indicating chains have not mixed.
Running the chains for more iterations may help. See
http://mc-stan.org/misc/warnings.html#r-hat - 
WARN [2020-12-21 20:20:00] Warren: Bulk Effective Samples Size (ESS) is too low, indicating posterior means and medians may be unreliable.
Running the chains for more iterations may help. See
http://mc-stan.org/misc/warnings.html#bulk-ess - 
WARN [2020-12-21 20:20:00] Warren: Tail Effective Samples Size (ESS) is too low, indicating posterior variances and tail quantiles may be unreliable.
Running the chains for more iterations may help. See
http://mc-stan.org/misc/warnings.html#tail-ess - 
WARN [2020-12-21 20:20:24] Person (chain: 1): There were 81 divergent transitions after warmup. See
http://mc-stan.org/misc/warnings.html#divergent-transitions-after-warmup
to find out why this is a problem and how to eliminate them. - 
WARN [2020-12-21 20:20:24] Person (chain: 1): Examine the pairs() plot to diagnose sampling problems
 - 
WARN [2020-12-21 20:20:44] Yadkin: There were 50 transitions after warmup that exceeded the maximum treedepth. Increase max_treedepth above 13. See
http://mc-stan.org/misc/warnings.html#maximum-treedepth-exceeded - 
WARN [2020-12-21 20:20:44] Yadkin: Examine the pairs() plot to diagnose sampling problems
 - 
WARN [2020-12-21 20:20:44] Yadkin: The largest R-hat is 2.08, indicating chains have not mixed.
Running the chains for more iterations may help. See
http://mc-stan.org/misc/warnings.html#r-hat - 
WARN [2020-12-21 20:20:45] Yadkin: Bulk Effective Samples Size (ESS) is too low, indicating posterior means and medians may be unreliable.
Running the chains for more iterations may help. See
http://mc-stan.org/misc/warnings.html#bulk-ess - 
WARN [2020-12-21 20:20:46] Yadkin: Tail Effective Samples Size (ESS) is too low, indicating posterior variances and tail quantiles may be unreliable.
Running the chains for more iterations may help. See
http://mc-stan.org/misc/warnings.html#tail-ess - 
INFO [2020-12-21 20:21:14] Completed estimates for: Person
INFO [2020-12-21 20:21:20] Initialising estimates for: Avery
WARN [2020-12-21 20:22:29] Yancey: There were 50 transitions after warmup that exceeded the maximum treedepth. Increase max_treedepth above 13. See
http://mc-stan.org/misc/warnings.html#maximum-treedepth-exceeded - 
WARN [2020-12-21 20:22:29] Yancey: Examine the pairs() plot to diagnose sampling problems
 - 
WARN [2020-12-21 20:22:30] Yancey: The largest R-hat is 1.78, indicating chains have not mixed.
Running the chains for more iterations may help. See
http://mc-stan.org/misc/warnings.html#r-hat - 
WARN [2020-12-21 20:22:31] Yancey: Bulk Effective Samples Size (ESS) is too low, indicating posterior means and medians may be unreliable.
Running the chains for more iterations may help. See
http://mc-stan.org/misc/warnings.html#bulk-ess - 
WARN [2020-12-21 20:22:32] Yancey: Tail Effective Samples Size (ESS) is too low, indicating posterior variances and tail quantiles may be unreliable.
Running the chains for more iterations may help. See
http://mc-stan.org/misc/warnings.html#tail-ess - 
WARN [2020-12-21 20:26:53] Avery: There were 2 divergent transitions after warmup. See
http://mc-stan.org/misc/warnings.html#divergent-transitions-after-warmup
to find out why this is a problem and how to eliminate them. - 
WARN [2020-12-21 20:26:53] Avery: There were 39 transitions after warmup that exceeded the maximum treedepth. Increase max_treedepth above 13. See
http://mc-stan.org/misc/warnings.html#maximum-treedepth-exceeded - 
WARN [2020-12-21 20:26:53] Avery: Examine the pairs() plot to diagnose sampling problems
 - 
WARN [2020-12-21 20:26:54] Avery: The largest R-hat is 1.21, indicating chains have not mixed.
Running the chains for more iterations may help. See
http://mc-stan.org/misc/warnings.html#r-hat - 
WARN [2020-12-21 20:26:54] Avery: Bulk Effective Samples Size (ESS) is too low, indicating posterior means and medians may be unreliable.
Running the chains for more iterations may help. See
http://mc-stan.org/misc/warnings.html#bulk-ess - 
WARN [2020-12-21 20:26:55] Avery: Tail Effective Samples Size (ESS) is too low, indicating posterior variances and tail quantiles may be unreliable.
Running the chains for more iterations may help. See
http://mc-stan.org/misc/warnings.html#tail-ess - 
ERROR [2020-12-21 20:26:56] Avery (chain: 1): unable to fork, possible reason: Cannot allocate memory - mcfork, detached
ERROR [2020-12-21 20:26:56] Avery: model fitting was timed out or failed - 
INFO [2020-12-21 20:27:00] Initialising estimates for: Chatham
WARN [2020-12-21 20:30:33] Yadkin (chain: 1): There were 119 divergent transitions after warmup. See
http://mc-stan.org/misc/warnings.html#divergent-transitions-after-warmup
to find out why this is a problem and how to eliminate them. - 
WARN [2020-12-21 20:30:33] Yadkin (chain: 1): Examine the pairs() plot to diagnose sampling problems
 - 
INFO [2020-12-21 20:31:26] Completed estimates for: Yadkin
INFO [2020-12-21 20:31:55] Initialising estimates for: Clay
INFO [2020-12-21 20:31:55] Initialising estimates for: Dare
INFO [2020-12-21 20:31:56] Initialising estimates for: Jones
INFO [2020-12-21 20:31:57] Initialising estimates for: Macon
WARN [2020-12-21 20:35:40] Clay: There were 50 transitions after warmup that exceeded the maximum treedepth. Increase max_treedepth above 13. See
http://mc-stan.org/misc/warnings.html#maximum-treedepth-exceeded - 
WARN [2020-12-21 20:35:40] Clay: Examine the pairs() plot to diagnose sampling problems
 - 
WARN [2020-12-21 20:35:40] Clay: The largest R-hat is 1.26, indicating chains have not mixed.
Running the chains for more iterations may help. See
http://mc-stan.org/misc/warnings.html#r-hat - 
WARN [2020-12-21 20:35:40] Clay: Bulk Effective Samples Size (ESS) is too low, indicating posterior means and medians may be unreliable.
Running the chains for more iterations may help. See
http://mc-stan.org/misc/warnings.html#bulk-ess - 
WARN [2020-12-21 20:35:41] Clay: Tail Effective Samples Size (ESS) is too low, indicating posterior variances and tail quantiles may be unreliable.
Running the chains for more iterations may help. See
http://mc-stan.org/misc/warnings.html#tail-ess - 
WARN [2020-12-21 20:36:14] Macon: There were 50 transitions after warmup that exceeded the maximum treedepth. Increase max_treedepth above 13. See
http://mc-stan.org/misc/warnings.html#maximum-treedepth-exceeded - 
WARN [2020-12-21 20:36:14] Macon: Examine the pairs() plot to diagnose sampling problems
 - 
WARN [2020-12-21 20:36:14] Macon: The largest R-hat is 2.04, indicating chains have not mixed.
Running the chains for more iterations may help. See
http://mc-stan.org/misc/warnings.html#r-hat - 
WARN [2020-12-21 20:36:15] Macon: Bulk Effective Samples Size (ESS) is too low, indicating posterior means and medians may be unreliable.
Running the chains for more iterations may help. See
http://mc-stan.org/misc/warnings.html#bulk-ess - 
WARN [2020-12-21 20:36:16] Macon: Tail Effective Samples Size (ESS) is too low, indicating posterior variances and tail quantiles may be unreliable.
Running the chains for more iterations may help. See
http://mc-stan.org/misc/warnings.html#tail-ess - 
WARN [2020-12-21 20:36:22] Dare: There were 50 transitions after warmup that exceeded the maximum treedepth. Increase max_treedepth above 13. See
http://mc-stan.org/misc/warnings.html#maximum-treedepth-exceeded - 
WARN [2020-12-21 20:36:22] Dare: Examine the pairs() plot to diagnose sampling problems
 - 
WARN [2020-12-21 20:36:22] Dare: The largest R-hat is 1.95, indicating chains have not mixed.
Running the chains for more iterations may help. See
http://mc-stan.org/misc/warnings.html#r-hat - 
WARN [2020-12-21 20:36:23] Dare: Bulk Effective Samples Size (ESS) is too low, indicating posterior means and medians may be unreliable.
Running the chains for more iterations may help. See
http://mc-stan.org/misc/warnings.html#bulk-ess - 
WARN [2020-12-21 20:36:24] Dare: Tail Effective Samples Size (ESS) is too low, indicating posterior variances and tail quantiles may be unreliable.
Running the chains for more iterations may help. See
http://mc-stan.org/misc/warnings.html#tail-ess - 
WARN [2020-12-21 20:36:33] Jones: There were 50 transitions after warmup that exceeded the maximum treedepth. Increase max_treedepth above 13. See
http://mc-stan.org/misc/warnings.html#maximum-treedepth-exceeded - 
WARN [2020-12-21 20:36:33] Jones: Examine the pairs() plot to diagnose sampling problems
 - 
WARN [2020-12-21 20:36:34] Jones: The largest R-hat is 1.44, indicating chains have not mixed.
Running the chains for more iterations may help. See
http://mc-stan.org/misc/warnings.html#r-hat - 
WARN [2020-12-21 20:36:34] Jones: Bulk Effective Samples Size (ESS) is too low, indicating posterior means and medians may be unreliable.
Running the chains for more iterations may help. See
http://mc-stan.org/misc/warnings.html#bulk-ess - 
WARN [2020-12-21 20:36:35] Jones: Tail Effective Samples Size (ESS) is too low, indicating posterior variances and tail quantiles may be unreliable.
Running the chains for more iterations may help. See
http://mc-stan.org/misc/warnings.html#tail-ess - 
WARN [2020-12-21 20:41:08] Jones (chain: 1): There were 23 divergent transitions after warmup. See
http://mc-stan.org/misc/warnings.html#divergent-transitions-after-warmup
to find out why this is a problem and how to eliminate them. - 
WARN [2020-12-21 20:41:08] Jones (chain: 1): Examine the pairs() plot to diagnose sampling problems
 - 
INFO [2020-12-21 20:41:55] Completed estimates for: Jones
INFO [2020-12-21 20:42:02] Initialising estimates for: Madison
WARN [2020-12-21 20:42:03] Clay (chain: 1): There were 31 divergent transitions after warmup. See
http://mc-stan.org/misc/warnings.html#divergent-transitions-after-warmup
to find out why this is a problem and how to eliminate them. - 
WARN [2020-12-21 20:42:03] Clay (chain: 1): Examine the pairs() plot to diagnose sampling problems
 - 
INFO [2020-12-21 20:42:35] Completed estimates for: Clay
INFO [2020-12-21 20:42:42] Initialising estimates for: Northampton
WARN [2020-12-21 20:43:43] Macon (chain: 1): There were 55 divergent transitions after warmup. See
http://mc-stan.org/misc/warnings.html#divergent-transitions-after-warmup
to find out why this is a problem and how to eliminate them. - 
WARN [2020-12-21 20:43:43] Macon (chain: 1): Examine the pairs() plot to diagnose sampling problems
 - 
INFO [2020-12-21 20:44:13] Completed estimates for: Macon
WARN [2020-12-21 20:44:17] Dare (chain: 1): There were 37 divergent transitions after warmup. See
http://mc-stan.org/misc/warnings.html#divergent-transitions-after-warmup
to find out why this is a problem and how to eliminate them. - 
WARN [2020-12-21 20:44:17] Dare (chain: 1): Examine the pairs() plot to diagnose sampling problems
 - 
INFO [2020-12-21 20:44:19] Initialising estimates for: Person
INFO [2020-12-21 20:44:46] Completed estimates for: Dare
INFO [2020-12-21 20:44:51] Initialising estimates for: Warren
WARN [2020-12-21 20:46:18] Madison: There were 50 transitions after warmup that exceeded the maximum treedepth. Increase max_treedepth above 13. See
http://mc-stan.org/misc/warnings.html#maximum-treedepth-exceeded - 
WARN [2020-12-21 20:46:18] Madison: Examine the pairs() plot to diagnose sampling problems
 - 
WARN [2020-12-21 20:46:18] Madison: The largest R-hat is 1.45, indicating chains have not mixed.
Running the chains for more iterations may help. See
http://mc-stan.org/misc/warnings.html#r-hat - 
WARN [2020-12-21 20:46:18] Madison: Bulk Effective Samples Size (ESS) is too low, indicating posterior means and medians may be unreliable.
Running the chains for more iterations may help. See
http://mc-stan.org/misc/warnings.html#bulk-ess - 
WARN [2020-12-21 20:46:19] Madison: Tail Effective Samples Size (ESS) is too low, indicating posterior variances and tail quantiles may be unreliable.
Running the chains for more iterations may help. See
http://mc-stan.org/misc/warnings.html#tail-ess - 
WARN [2020-12-21 20:46:54] Northampton: There were 50 transitions after warmup that exceeded the maximum treedepth. Increase max_treedepth above 13. See
http://mc-stan.org/misc/warnings.html#maximum-treedepth-exceeded - 
WARN [2020-12-21 20:46:54] Northampton: Examine the pairs() plot to diagnose sampling problems
 - 
WARN [2020-12-21 20:46:54] Northampton: The largest R-hat is 2.07, indicating chains have not mixed.
Running the chains for more iterations may help. See
http://mc-stan.org/misc/warnings.html#r-hat - 
WARN [2020-12-21 20:46:55] Northampton: Bulk Effective Samples Size (ESS) is too low, indicating posterior means and medians may be unreliable.
Running the chains for more iterations may help. See
http://mc-stan.org/misc/warnings.html#bulk-ess - 
WARN [2020-12-21 20:46:56] Northampton: Tail Effective Samples Size (ESS) is too low, indicating posterior variances and tail quantiles may be unreliable.
Running the chains for more iterations may help. See
http://mc-stan.org/misc/warnings.html#tail-ess - 
WARN [2020-12-21 20:48:29] Person: There were 50 transitions after warmup that exceeded the maximum treedepth. Increase max_treedepth above 13. See
http://mc-stan.org/misc/warnings.html#maximum-treedepth-exceeded - 
WARN [2020-12-21 20:48:29] Person: Examine the pairs() plot to diagnose sampling problems
 - 
WARN [2020-12-21 20:48:30] Person: The largest R-hat is 2, indicating chains have not mixed.
Running the chains for more iterations may help. See
http://mc-stan.org/misc/warnings.html#r-hat - 
WARN [2020-12-21 20:48:30] Person: Bulk Effective Samples Size (ESS) is too low, indicating posterior means and medians may be unreliable.
Running the chains for more iterations may help. See
http://mc-stan.org/misc/warnings.html#bulk-ess - 
WARN [2020-12-21 20:48:31] Person: Tail Effective Samples Size (ESS) is too low, indicating posterior variances and tail quantiles may be unreliable.
Running the chains for more iterations may help. See
http://mc-stan.org/misc/warnings.html#tail-ess - 
WARN [2020-12-21 20:49:41] Warren: There were 50 transitions after warmup that exceeded the maximum treedepth. Increase max_treedepth above 13. See
http://mc-stan.org/misc/warnings.html#maximum-treedepth-exceeded - 
WARN [2020-12-21 20:49:41] Warren: Examine the pairs() plot to diagnose sampling problems
 - 
WARN [2020-12-21 20:49:41] Warren: The largest R-hat is 1.51, indicating chains have not mixed.
Running the chains for more iterations may help. See
http://mc-stan.org/misc/warnings.html#r-hat - 
WARN [2020-12-21 20:49:42] Warren: Bulk Effective Samples Size (ESS) is too low, indicating posterior means and medians may be unreliable.
Running the chains for more iterations may help. See
http://mc-stan.org/misc/warnings.html#bulk-ess - 
WARN [2020-12-21 20:49:43] Warren: Tail Effective Samples Size (ESS) is too low, indicating posterior variances and tail quantiles may be unreliable.
Running the chains for more iterations may help. See
http://mc-stan.org/misc/warnings.html#tail-ess - 
WARN [2020-12-21 20:55:40] Northampton (chain: 1): There were 65 divergent transitions after warmup. See
http://mc-stan.org/misc/warnings.html#divergent-transitions-after-warmup
to find out why this is a problem and how to eliminate them. - 
WARN [2020-12-21 20:55:40] Northampton (chain: 1): Examine the pairs() plot to diagnose sampling problems
 - 
INFO [2020-12-21 20:56:19] Completed estimates for: Northampton
INFO [2020-12-21 20:56:24] Initialising estimates for: Yadkin
WARN [2020-12-21 20:56:48] Madison (chain: 1): There were 52 divergent transitions after warmup. See
http://mc-stan.org/misc/warnings.html#divergent-transitions-after-warmup
to find out why this is a problem and how to eliminate them. - 
WARN [2020-12-21 20:56:48] Madison (chain: 1): Examine the pairs() plot to diagnose sampling problems
 - 
INFO [2020-12-21 20:57:27] Completed estimates for: Madison
INFO [2020-12-21 20:57:32] Initialising estimates for: Yancey
WARN [2020-12-21 20:58:51] Yadkin: There were 29 divergent transitions after warmup. See
http://mc-stan.org/misc/warnings.html#divergent-transitions-after-warmup
to find out why this is a problem and how to eliminate them. - 
WARN [2020-12-21 20:58:51] Yadkin: There were 18 transitions after warmup that exceeded the maximum treedepth. Increase max_treedepth above 13. See
http://mc-stan.org/misc/warnings.html#maximum-treedepth-exceeded - 
WARN [2020-12-21 20:58:51] Yadkin: Examine the pairs() plot to diagnose sampling problems
 - 
WARN [2020-12-21 20:58:51] Yadkin: The largest R-hat is 1.81, indicating chains have not mixed.
Running the chains for more iterations may help. See
http://mc-stan.org/misc/warnings.html#r-hat - 
WARN [2020-12-21 20:58:52] Yadkin: Bulk Effective Samples Size (ESS) is too low, indicating posterior means and medians may be unreliable.
Running the chains for more iterations may help. See
http://mc-stan.org/misc/warnings.html#bulk-ess - 
WARN [2020-12-21 20:58:52] Yadkin: Tail Effective Samples Size (ESS) is too low, indicating posterior variances and tail quantiles may be unreliable.
Running the chains for more iterations may help. See
http://mc-stan.org/misc/warnings.html#tail-ess - 
WARN [2020-12-21 21:00:25] Person (chain: 1): There were 46 divergent transitions after warmup. See
http://mc-stan.org/misc/warnings.html#divergent-transitions-after-warmup
to find out why this is a problem and how to eliminate them. - 
WARN [2020-12-21 21:00:25] Person (chain: 1): Examine the pairs() plot to diagnose sampling problems
 - 
INFO [2020-12-21 21:00:53] Completed estimates for: Person
INFO [2020-12-21 21:01:00] Initialising estimates for: Avery
WARN [2020-12-21 21:01:43] Yancey: There were 50 transitions after warmup that exceeded the maximum treedepth. Increase max_treedepth above 13. See
http://mc-stan.org/misc/warnings.html#maximum-treedepth-exceeded - 
WARN [2020-12-21 21:01:43] Yancey: Examine the pairs() plot to diagnose sampling problems
 - 
WARN [2020-12-21 21:01:44] Yancey: The largest R-hat is 2.04, indicating chains have not mixed.
Running the chains for more iterations may help. See
http://mc-stan.org/misc/warnings.html#r-hat - 
WARN [2020-12-21 21:01:44] Yancey: Bulk Effective Samples Size (ESS) is too low, indicating posterior means and medians may be unreliable.
Running the chains for more iterations may help. See
http://mc-stan.org/misc/warnings.html#bulk-ess - 
WARN [2020-12-21 21:01:46] Yancey: Tail Effective Samples Size (ESS) is too low, indicating posterior variances and tail quantiles may be unreliable.
Running the chains for more iterations may help. See
http://mc-stan.org/misc/warnings.html#tail-ess - 
WARN [2020-12-21 21:03:56] Warren (chain: 1): There were 523 divergent transitions after warmup. See
http://mc-stan.org/misc/warnings.html#divergent-transitions-after-warmup
to find out why this is a problem and how to eliminate them. - 
WARN [2020-12-21 21:03:56] Warren (chain: 1): Examine the pairs() plot to diagnose sampling problems
 - 
WARN [2020-12-21 21:04:02] Warren (chain: 1): Bulk Effective Samples Size (ESS) is too low, indicating posterior means and medians may be unreliable.
Running the chains for more iterations may help. See
http://mc-stan.org/misc/warnings.html#bulk-ess - 
WARN [2020-12-21 21:04:08] Warren (chain: 1): Tail Effective Samples Size (ESS) is too low, indicating posterior variances and tail quantiles may be unreliable.
Running the chains for more iterations may help. See
http://mc-stan.org/misc/warnings.html#tail-ess - 
INFO [2020-12-21 21:04:36] Completed estimates for: Warren
INFO [2020-12-21 21:04:43] Initialising estimates for: Hyde
WARN [2020-12-21 21:05:13] Avery: There were 1 divergent transitions after warmup. See
http://mc-stan.org/misc/warnings.html#divergent-transitions-after-warmup
to find out why this is a problem and how to eliminate them. - 
WARN [2020-12-21 21:05:13] Avery: There were 9 transitions after warmup that exceeded the maximum treedepth. Increase max_treedepth above 13. See
http://mc-stan.org/misc/warnings.html#maximum-treedepth-exceeded - 
WARN [2020-12-21 21:05:13] Avery: Examine the pairs() plot to diagnose sampling problems
 - 
WARN [2020-12-21 21:05:13] Avery: The largest R-hat is 1.42, indicating chains have not mixed.
Running the chains for more iterations may help. See
http://mc-stan.org/misc/warnings.html#r-hat - 
WARN [2020-12-21 21:05:14] Avery: Bulk Effective Samples Size (ESS) is too low, indicating posterior means and medians may be unreliable.
Running the chains for more iterations may help. See
http://mc-stan.org/misc/warnings.html#bulk-ess - 
WARN [2020-12-21 21:05:14] Avery: Tail Effective Samples Size (ESS) is too low, indicating posterior variances and tail quantiles may be unreliable.
Running the chains for more iterations may help. See
http://mc-stan.org/misc/warnings.html#tail-ess - 
WARN [2020-12-21 21:08:26] Yadkin (chain: 1): There were 166 divergent transitions after warmup. See
http://mc-stan.org/misc/warnings.html#divergent-transitions-after-warmup
to find out why this is a problem and how to eliminate them. - 
WARN [2020-12-21 21:08:26] Yadkin (chain: 1): Examine the pairs() plot to diagnose sampling problems
 - 
WARN [2020-12-21 21:08:31] Yadkin (chain: 1): Bulk Effective Samples Size (ESS) is too low, indicating posterior means and medians may be unreliable.
Running the chains for more iterations may help. See
http://mc-stan.org/misc/warnings.html#bulk-ess - 
WARN [2020-12-21 21:08:35] Yadkin (chain: 1): Tail Effective Samples Size (ESS) is too low, indicating posterior variances and tail quantiles may be unreliable.
Running the chains for more iterations may help. See
http://mc-stan.org/misc/warnings.html#tail-ess - 
INFO [2020-12-21 21:08:58] Completed estimates for: Yadkin
INFO [2020-12-21 21:09:37] Initialising estimates for: Pasquotank
WARN [2020-12-21 21:10:17] Hyde: There were 49 transitions after warmup that exceeded the maximum treedepth. Increase max_treedepth above 13. See
http://mc-stan.org/misc/warnings.html#maximum-treedepth-exceeded - 
WARN [2020-12-21 21:10:17] Hyde: Examine the pairs() plot to diagnose sampling problems
 - 
WARN [2020-12-21 21:10:18] Hyde: The largest R-hat is 1.47, indicating chains have not mixed.
Running the chains for more iterations may help. See
http://mc-stan.org/misc/warnings.html#r-hat - 
WARN [2020-12-21 21:10:18] Hyde: Bulk Effective Samples Size (ESS) is too low, indicating posterior means and medians may be unreliable.
Running the chains for more iterations may help. See
http://mc-stan.org/misc/warnings.html#bulk-ess - 
WARN [2020-12-21 21:10:18] Hyde: Tail Effective Samples Size (ESS) is too low, indicating posterior variances and tail quantiles may be unreliable.
Running the chains for more iterations may help. See
http://mc-stan.org/misc/warnings.html#tail-ess - 
WARN [2020-12-21 21:11:19] Yancey (chain: 1): There were 110 divergent transitions after warmup. See
http://mc-stan.org/misc/warnings.html#divergent-transitions-after-warmup
to find out why this is a problem and how to eliminate them. - 
WARN [2020-12-21 21:11:19] Yancey (chain: 1): Examine the pairs() plot to diagnose sampling problems
 - 
WARN [2020-12-21 21:11:23] Avery (chain: 1): There were 89 divergent transitions after warmup. See
http://mc-stan.org/misc/warnings.html#divergent-transitions-after-warmup
to find out why this is a problem and how to eliminate them. - 
WARN [2020-12-21 21:11:23] Avery (chain: 1): Examine the pairs() plot to diagnose sampling problems
 - 
INFO [2020-12-21 21:11:52] Completed estimates for: Yancey
INFO [2020-12-21 21:11:53] Completed estimates for: Avery
INFO [2020-12-21 21:12:16] Initialising estimates for: Cone Health
WARN [2020-12-21 22:38:28] Cone Health (chain: 1): There were 174 divergent transitions after warmup. See
http://mc-stan.org/misc/warnings.html#divergent-transitions-after-warmup
to find out why this is a problem and how to eliminate them. - 
ERROR [2020-12-21 22:38:28] Cone Health (chain: 1): reached CPU time limit - get_variant, fn, length(raw.args)
ERROR [2020-12-21 22:38:28] Cone Health: model fitting was timed out or failed - 
INFO [2020-12-21 22:38:28] Initialising estimates for: North Carolina
WARN [2020-12-21 23:48:48] North Carolina (chain: 1): There were 92 divergent transitions after warmup. See
http://mc-stan.org/misc/warnings.html#divergent-transitions-after-warmup
to find out why this is a problem and how to eliminate them. - 
WARN [2020-12-21 23:48:48] North Carolina (chain: 1): Examine the pairs() plot to diagnose sampling problems
 - 
INFO [2020-12-21 23:49:27] Runtime error in Cone Health : Cone Health: model fitting was timed out or failed - 
