INFO [2020-11-10 14:13:14] Runtime error in Durham : $ operator is invalid for atomic vectors - 
INFO [2020-11-10 14:13:14] Runtime error in North Carolina : $ operator is invalid for atomic vectors - 
INFO [2020-11-10 14:13:14] Runtime error in Cone Health : $ operator is invalid for atomic vectors - 
INFO [2020-11-10 14:13:14] Runtime error in Guilford : $ operator is invalid for atomic vectors - 
INFO [2020-11-10 14:13:14] Runtime error in Orange : $ operator is invalid for atomic vectors - 
INFO [2020-11-10 14:13:14] Runtime error in Cabarrus : $ operator is invalid for atomic vectors - 
INFO [2020-11-10 14:13:14] Runtime error in Harnett : $ operator is invalid for atomic vectors - 
INFO [2020-11-10 14:13:14] Runtime error in New Hanover : $ operator is invalid for atomic vectors - 
INFO [2020-11-10 14:13:14] Runtime error in Gaston : $ operator is invalid for atomic vectors - 
INFO [2020-11-10 14:13:14] Runtime error in Davidson : $ operator is invalid for atomic vectors - 
INFO [2020-11-10 14:13:14] Runtime error in Rowan : $ operator is invalid for atomic vectors - 
INFO [2020-11-10 14:13:14] Runtime error in Northampton : $ operator is invalid for atomic vectors - 
INFO [2020-11-10 14:13:14] Runtime error in Pitt : $ operator is invalid for atomic vectors - 
INFO [2020-11-10 14:13:14] Runtime error in Cumberland : $ operator is invalid for atomic vectors - 
INFO [2020-11-10 14:13:14] Runtime error in Johnston : $ operator is invalid for atomic vectors - 
INFO [2020-11-10 14:13:14] Runtime error in Wayne : $ operator is invalid for atomic vectors - 
INFO [2020-11-10 14:13:14] Runtime error in Carteret : $ operator is invalid for atomic vectors - 
INFO [2020-11-10 14:13:14] Runtime error in Rutherford : $ operator is invalid for atomic vectors - 
INFO [2020-11-10 14:13:14] Runtime error in Burke : $ operator is invalid for atomic vectors - 
INFO [2020-11-10 14:13:14] Runtime error in Duplin : $ operator is invalid for atomic vectors - 
INFO [2020-11-10 14:13:14] Runtime error in Bertie : $ operator is invalid for atomic vectors - 
INFO [2020-11-10 14:13:14] Runtime error in Pasquotank : $ operator is invalid for atomic vectors - 
INFO [2020-11-10 14:13:14] Runtime error in Lenoir : $ operator is invalid for atomic vectors - 
INFO [2020-11-10 14:13:14] Runtime error in Richmond : $ operator is invalid for atomic vectors - 
INFO [2020-11-10 14:13:14] Runtime error in Sampson : $ operator is invalid for atomic vectors - 
INFO [2020-11-10 14:13:14] Runtime error in Robeson : $ operator is invalid for atomic vectors - 
INFO [2020-11-10 14:13:14] Runtime error in Surry : $ operator is invalid for atomic vectors - 
INFO [2020-11-10 14:13:14] Runtime error in Person : $ operator is invalid for atomic vectors - 
INFO [2020-11-10 14:13:14] Runtime error in Anson : $ operator is invalid for atomic vectors - 
INFO [2020-11-10 14:13:14] Runtime error in Beaufort : $ operator is invalid for atomic vectors - 
INFO [2020-11-10 14:13:14] Runtime error in Greene : $ operator is invalid for atomic vectors - 
INFO [2020-11-10 14:13:14] Runtime error in Scotland : $ operator is invalid for atomic vectors - 
INFO [2020-11-10 14:13:14] Runtime error in Cherokee : $ operator is invalid for atomic vectors - 
INFO [2020-11-10 14:13:14] Runtime error in Yadkin : $ operator is invalid for atomic vectors - 
INFO [2020-11-10 14:13:14] Runtime error in Pender : $ operator is invalid for atomic vectors - 
INFO [2020-11-10 14:13:14] Runtime error in Warren : $ operator is invalid for atomic vectors - 
INFO [2020-11-10 14:13:14] Runtime error in Chowan : $ operator is invalid for atomic vectors - 
INFO [2020-11-10 14:13:14] Runtime error in Ashe : $ operator is invalid for atomic vectors - 
INFO [2020-11-10 14:13:14] Runtime error in Stokes : $ operator is invalid for atomic vectors - 
INFO [2020-11-10 14:13:14] Runtime error in Mitchell : $ operator is invalid for atomic vectors - 
INFO [2020-11-10 14:13:14] Runtime error in Swain : $ operator is invalid for atomic vectors - 
INFO [2020-11-10 14:13:14] Runtime error in Currituck : $ operator is invalid for atomic vectors - 
INFO [2020-11-10 14:13:14] Runtime error in Clay : $ operator is invalid for atomic vectors - 
