INFO [2020-12-11 18:05:07] Initialising estimates for: Durham
INFO [2020-12-11 18:05:08] Initialising estimates for: Gaston
INFO [2020-12-11 18:05:08] Initialising estimates for: New Hanover
INFO [2020-12-11 18:05:10] Initialising estimates for: Buncombe
WARN [2020-12-11 18:14:47] Buncombe (chain: 1): There were 49 divergent transitions after warmup. See
http://mc-stan.org/misc/warnings.html#divergent-transitions-after-warmup
to find out why this is a problem and how to eliminate them. - 
WARN [2020-12-11 18:14:47] Buncombe (chain: 1): Examine the pairs() plot to diagnose sampling problems
 - 
INFO [2020-12-11 18:15:34] Completed estimates for: Buncombe
INFO [2020-12-11 18:15:39] Initialising estimates for: Union
WARN [2020-12-11 18:18:09] Durham (chain: 1): There were 7 divergent transitions after warmup. See
http://mc-stan.org/misc/warnings.html#divergent-transitions-after-warmup
to find out why this is a problem and how to eliminate them. - 
WARN [2020-12-11 18:18:09] Durham (chain: 1): Examine the pairs() plot to diagnose sampling problems
 - 
INFO [2020-12-11 18:18:54] Completed estimates for: Durham
INFO [2020-12-11 18:19:16] Initialising estimates for: Cumberland
WARN [2020-12-11 18:21:15] Gaston (chain: 1): There were 5 divergent transitions after warmup. See
http://mc-stan.org/misc/warnings.html#divergent-transitions-after-warmup
to find out why this is a problem and how to eliminate them. - 
WARN [2020-12-11 18:21:15] Gaston (chain: 1): Examine the pairs() plot to diagnose sampling problems
 - 
INFO [2020-12-11 18:21:59] Completed estimates for: Gaston
INFO [2020-12-11 18:22:06] Initialising estimates for: Forsyth
WARN [2020-12-11 18:27:40] Union (chain: 1): There were 7 divergent transitions after warmup. See
http://mc-stan.org/misc/warnings.html#divergent-transitions-after-warmup
to find out why this is a problem and how to eliminate them. - 
WARN [2020-12-11 18:27:40] Union (chain: 1): Examine the pairs() plot to diagnose sampling problems
 - 
INFO [2020-12-11 18:28:24] Completed estimates for: Union
INFO [2020-12-11 18:28:29] Initialising estimates for: Guilford
WARN [2020-12-11 18:29:08] Cumberland (chain: 1): There were 18 divergent transitions after warmup. See
http://mc-stan.org/misc/warnings.html#divergent-transitions-after-warmup
to find out why this is a problem and how to eliminate them. - 
WARN [2020-12-11 18:29:08] Cumberland (chain: 1): Examine the pairs() plot to diagnose sampling problems
 - 
INFO [2020-12-11 18:29:43] Completed estimates for: Cumberland
INFO [2020-12-11 18:29:48] Initialising estimates for: Wake
WARN [2020-12-11 18:36:33] Forsyth (chain: 1): There were 11 divergent transitions after warmup. See
http://mc-stan.org/misc/warnings.html#divergent-transitions-after-warmup
to find out why this is a problem and how to eliminate them. - 
WARN [2020-12-11 18:36:33] Forsyth (chain: 1): Examine the pairs() plot to diagnose sampling problems
 - 
INFO [2020-12-11 18:37:07] Completed estimates for: Forsyth
INFO [2020-12-11 18:37:14] Initialising estimates for: Mecklenburg
WARN [2020-12-11 18:37:29] Guilford (chain: 1): There were 19 divergent transitions after warmup. See
http://mc-stan.org/misc/warnings.html#divergent-transitions-after-warmup
to find out why this is a problem and how to eliminate them. - 
WARN [2020-12-11 18:37:29] Guilford (chain: 1): Examine the pairs() plot to diagnose sampling problems
 - 
INFO [2020-12-11 18:38:03] Completed estimates for: Guilford
INFO [2020-12-11 18:38:09] Initialising estimates for: Cone Health
WARN [2020-12-11 18:42:19] Wake (chain: 1): some chains had errors; consider specifying chains = 1 to debug - .local, object, ...
WARN [2020-12-11 18:42:19] Wake (chain: 1): There were 43 divergent transitions after warmup. See
http://mc-stan.org/misc/warnings.html#divergent-transitions-after-warmup
to find out why this is a problem and how to eliminate them. - 
WARN [2020-12-11 18:42:19] Wake (chain: 1): Examine the pairs() plot to diagnose sampling problems
 - 
WARN [2020-12-11 18:42:29] Wake (chain: 1): Tail Effective Samples Size (ESS) is too low, indicating posterior variances and tail quantiles may be unreliable.
Running the chains for more iterations may help. See
http://mc-stan.org/misc/warnings.html#tail-ess - 
WARN [2020-12-11 18:42:45] New Hanover (chain: 1): There were 31 divergent transitions after warmup. See
http://mc-stan.org/misc/warnings.html#divergent-transitions-after-warmup
to find out why this is a problem and how to eliminate them. - 
WARN [2020-12-11 18:42:45] New Hanover (chain: 1): Examine the pairs() plot to diagnose sampling problems
 - 
INFO [2020-12-11 18:42:53] Completed estimates for: Wake
INFO [2020-12-11 18:42:57] Initialising estimates for: North Carolina
INFO [2020-12-11 18:43:31] Completed estimates for: New Hanover
WARN [2020-12-11 19:01:45] Mecklenburg (chain: 1): There were 7 divergent transitions after warmup. See
http://mc-stan.org/misc/warnings.html#divergent-transitions-after-warmup
to find out why this is a problem and how to eliminate them. - 
WARN [2020-12-11 19:01:45] Mecklenburg (chain: 1): Examine the pairs() plot to diagnose sampling problems
 - 
INFO [2020-12-11 19:02:24] Completed estimates for: Mecklenburg
WARN [2020-12-11 19:28:42] Cone Health (chain: 1): There were 89 divergent transitions after warmup. See
http://mc-stan.org/misc/warnings.html#divergent-transitions-after-warmup
to find out why this is a problem and how to eliminate them. - 
WARN [2020-12-11 19:28:42] Cone Health (chain: 1): Examine the pairs() plot to diagnose sampling problems
 - 
WARN [2020-12-11 19:28:48] Cone Health (chain: 1): Bulk Effective Samples Size (ESS) is too low, indicating posterior means and medians may be unreliable.
Running the chains for more iterations may help. See
http://mc-stan.org/misc/warnings.html#bulk-ess - 
INFO [2020-12-11 19:29:10] Completed estimates for: Cone Health
WARN [2020-12-11 19:59:09] North Carolina (chain: 1): There were 47 divergent transitions after warmup. See
http://mc-stan.org/misc/warnings.html#divergent-transitions-after-warmup
to find out why this is a problem and how to eliminate them. - 
WARN [2020-12-11 19:59:09] North Carolina (chain: 1): Examine the pairs() plot to diagnose sampling problems
 - 
ERROR [2020-12-11 19:59:09] North Carolina: model fitting was timed out or failed - 
INFO [2020-12-11 19:59:09] Runtime error in North Carolina : North Carolina: model fitting was timed out or failed - 
INFO [2020-12-11 19:59:15] Initialising estimates for: Ashe
INFO [2020-12-11 19:59:16] Initialising estimates for: Clay
INFO [2020-12-11 19:59:16] Initialising estimates for: Gates
INFO [2020-12-11 19:59:18] Initialising estimates for: Graham
WARN [2020-12-11 20:02:30] Clay: There were 50 transitions after warmup that exceeded the maximum treedepth. Increase max_treedepth above 13. See
http://mc-stan.org/misc/warnings.html#maximum-treedepth-exceeded - 
WARN [2020-12-11 20:02:30] Clay: Examine the pairs() plot to diagnose sampling problems
 - 
WARN [2020-12-11 20:02:30] Clay: The largest R-hat is 1.33, indicating chains have not mixed.
Running the chains for more iterations may help. See
http://mc-stan.org/misc/warnings.html#r-hat - 
WARN [2020-12-11 20:02:31] Clay: Bulk Effective Samples Size (ESS) is too low, indicating posterior means and medians may be unreliable.
Running the chains for more iterations may help. See
http://mc-stan.org/misc/warnings.html#bulk-ess - 
WARN [2020-12-11 20:02:31] Clay: Tail Effective Samples Size (ESS) is too low, indicating posterior variances and tail quantiles may be unreliable.
Running the chains for more iterations may help. See
http://mc-stan.org/misc/warnings.html#tail-ess - 
WARN [2020-12-11 20:02:40] Graham: There were 50 transitions after warmup that exceeded the maximum treedepth. Increase max_treedepth above 13. See
http://mc-stan.org/misc/warnings.html#maximum-treedepth-exceeded - 
WARN [2020-12-11 20:02:40] Graham: Examine the pairs() plot to diagnose sampling problems
 - 
WARN [2020-12-11 20:02:41] Graham: The largest R-hat is 1.54, indicating chains have not mixed.
Running the chains for more iterations may help. See
http://mc-stan.org/misc/warnings.html#r-hat - 
WARN [2020-12-11 20:02:41] Graham: Bulk Effective Samples Size (ESS) is too low, indicating posterior means and medians may be unreliable.
Running the chains for more iterations may help. See
http://mc-stan.org/misc/warnings.html#bulk-ess - 
WARN [2020-12-11 20:02:41] Graham: Tail Effective Samples Size (ESS) is too low, indicating posterior variances and tail quantiles may be unreliable.
Running the chains for more iterations may help. See
http://mc-stan.org/misc/warnings.html#tail-ess - 
WARN [2020-12-11 20:03:13] Gates: There were 50 transitions after warmup that exceeded the maximum treedepth. Increase max_treedepth above 13. See
http://mc-stan.org/misc/warnings.html#maximum-treedepth-exceeded - 
WARN [2020-12-11 20:03:13] Gates: Examine the pairs() plot to diagnose sampling problems
 - 
WARN [2020-12-11 20:03:14] Gates: The largest R-hat is 1.17, indicating chains have not mixed.
Running the chains for more iterations may help. See
http://mc-stan.org/misc/warnings.html#r-hat - 
WARN [2020-12-11 20:03:14] Gates: Bulk Effective Samples Size (ESS) is too low, indicating posterior means and medians may be unreliable.
Running the chains for more iterations may help. See
http://mc-stan.org/misc/warnings.html#bulk-ess - 
WARN [2020-12-11 20:03:15] Gates: Tail Effective Samples Size (ESS) is too low, indicating posterior variances and tail quantiles may be unreliable.
Running the chains for more iterations may help. See
http://mc-stan.org/misc/warnings.html#tail-ess - 
WARN [2020-12-11 20:03:31] Ashe: There were 50 transitions after warmup that exceeded the maximum treedepth. Increase max_treedepth above 13. See
http://mc-stan.org/misc/warnings.html#maximum-treedepth-exceeded - 
WARN [2020-12-11 20:03:31] Ashe: Examine the pairs() plot to diagnose sampling problems
 - 
WARN [2020-12-11 20:03:32] Ashe: The largest R-hat is 2.09, indicating chains have not mixed.
Running the chains for more iterations may help. See
http://mc-stan.org/misc/warnings.html#r-hat - 
WARN [2020-12-11 20:03:32] Ashe: Bulk Effective Samples Size (ESS) is too low, indicating posterior means and medians may be unreliable.
Running the chains for more iterations may help. See
http://mc-stan.org/misc/warnings.html#bulk-ess - 
WARN [2020-12-11 20:03:33] Ashe: Tail Effective Samples Size (ESS) is too low, indicating posterior variances and tail quantiles may be unreliable.
Running the chains for more iterations may help. See
http://mc-stan.org/misc/warnings.html#tail-ess - 
WARN [2020-12-11 20:11:07] Clay (chain: 1): There were 15 divergent transitions after warmup. See
http://mc-stan.org/misc/warnings.html#divergent-transitions-after-warmup
to find out why this is a problem and how to eliminate them. - 
WARN [2020-12-11 20:11:07] Clay (chain: 1): Examine the pairs() plot to diagnose sampling problems
 - 
INFO [2020-12-11 20:11:51] Completed estimates for: Clay
INFO [2020-12-11 20:12:00] Initialising estimates for: Mitchell
WARN [2020-12-11 20:12:57] Graham (chain: 1): There were 3 divergent transitions after warmup. See
http://mc-stan.org/misc/warnings.html#divergent-transitions-after-warmup
to find out why this is a problem and how to eliminate them. - 
WARN [2020-12-11 20:12:57] Graham (chain: 1): Examine the pairs() plot to diagnose sampling problems
 - 
INFO [2020-12-11 20:13:26] Completed estimates for: Graham
INFO [2020-12-11 20:13:32] Initialising estimates for: Perquimans
WARN [2020-12-11 20:14:24] Gates (chain: 1): There were 9 divergent transitions after warmup. See
http://mc-stan.org/misc/warnings.html#divergent-transitions-after-warmup
to find out why this is a problem and how to eliminate them. - 
WARN [2020-12-11 20:14:24] Gates (chain: 1): Examine the pairs() plot to diagnose sampling problems
 - 
INFO [2020-12-11 20:14:53] Completed estimates for: Gates
INFO [2020-12-11 20:14:59] Initialising estimates for: Warren
WARN [2020-12-11 20:16:09] Mitchell: There were 50 transitions after warmup that exceeded the maximum treedepth. Increase max_treedepth above 13. See
http://mc-stan.org/misc/warnings.html#maximum-treedepth-exceeded - 
WARN [2020-12-11 20:16:09] Mitchell: Examine the pairs() plot to diagnose sampling problems
 - 
WARN [2020-12-11 20:16:10] Mitchell: The largest R-hat is 1.59, indicating chains have not mixed.
Running the chains for more iterations may help. See
http://mc-stan.org/misc/warnings.html#r-hat - 
WARN [2020-12-11 20:16:10] Mitchell: Bulk Effective Samples Size (ESS) is too low, indicating posterior means and medians may be unreliable.
Running the chains for more iterations may help. See
http://mc-stan.org/misc/warnings.html#bulk-ess - 
WARN [2020-12-11 20:16:11] Mitchell: Tail Effective Samples Size (ESS) is too low, indicating posterior variances and tail quantiles may be unreliable.
Running the chains for more iterations may help. See
http://mc-stan.org/misc/warnings.html#tail-ess - 
WARN [2020-12-11 20:16:28] Ashe (chain: 1): There were 76 divergent transitions after warmup. See
http://mc-stan.org/misc/warnings.html#divergent-transitions-after-warmup
to find out why this is a problem and how to eliminate them. - 
WARN [2020-12-11 20:16:28] Ashe (chain: 1): Examine the pairs() plot to diagnose sampling problems
 - 
INFO [2020-12-11 20:17:03] Completed estimates for: Ashe
INFO [2020-12-11 20:17:09] Initialising estimates for: Washington
WARN [2020-12-11 20:17:29] Perquimans: There were 50 transitions after warmup that exceeded the maximum treedepth. Increase max_treedepth above 13. See
http://mc-stan.org/misc/warnings.html#maximum-treedepth-exceeded - 
WARN [2020-12-11 20:17:29] Perquimans: Examine the pairs() plot to diagnose sampling problems
 - 
WARN [2020-12-11 20:17:29] Perquimans: The largest R-hat is 2.1, indicating chains have not mixed.
Running the chains for more iterations may help. See
http://mc-stan.org/misc/warnings.html#r-hat - 
WARN [2020-12-11 20:17:30] Perquimans: Bulk Effective Samples Size (ESS) is too low, indicating posterior means and medians may be unreliable.
Running the chains for more iterations may help. See
http://mc-stan.org/misc/warnings.html#bulk-ess - 
WARN [2020-12-11 20:17:30] Perquimans: Tail Effective Samples Size (ESS) is too low, indicating posterior variances and tail quantiles may be unreliable.
Running the chains for more iterations may help. See
http://mc-stan.org/misc/warnings.html#tail-ess - 
WARN [2020-12-11 20:20:10] Warren: There were 50 transitions after warmup that exceeded the maximum treedepth. Increase max_treedepth above 13. See
http://mc-stan.org/misc/warnings.html#maximum-treedepth-exceeded - 
WARN [2020-12-11 20:20:10] Warren: Examine the pairs() plot to diagnose sampling problems
 - 
WARN [2020-12-11 20:20:10] Warren: The largest R-hat is 1.16, indicating chains have not mixed.
Running the chains for more iterations may help. See
http://mc-stan.org/misc/warnings.html#r-hat - 
WARN [2020-12-11 20:20:11] Warren: Bulk Effective Samples Size (ESS) is too low, indicating posterior means and medians may be unreliable.
Running the chains for more iterations may help. See
http://mc-stan.org/misc/warnings.html#bulk-ess - 
WARN [2020-12-11 20:20:12] Warren: Tail Effective Samples Size (ESS) is too low, indicating posterior variances and tail quantiles may be unreliable.
Running the chains for more iterations may help. See
http://mc-stan.org/misc/warnings.html#tail-ess - 
WARN [2020-12-11 20:22:12] Washington: There were 50 transitions after warmup that exceeded the maximum treedepth. Increase max_treedepth above 13. See
http://mc-stan.org/misc/warnings.html#maximum-treedepth-exceeded - 
WARN [2020-12-11 20:22:12] Washington: Examine the pairs() plot to diagnose sampling problems
 - 
WARN [2020-12-11 20:22:12] Washington: The largest R-hat is 1.39, indicating chains have not mixed.
Running the chains for more iterations may help. See
http://mc-stan.org/misc/warnings.html#r-hat - 
WARN [2020-12-11 20:22:13] Washington: Bulk Effective Samples Size (ESS) is too low, indicating posterior means and medians may be unreliable.
Running the chains for more iterations may help. See
http://mc-stan.org/misc/warnings.html#bulk-ess - 
WARN [2020-12-11 20:22:14] Washington: Tail Effective Samples Size (ESS) is too low, indicating posterior variances and tail quantiles may be unreliable.
Running the chains for more iterations may help. See
http://mc-stan.org/misc/warnings.html#tail-ess - 
WARN [2020-12-11 20:24:14] Perquimans (chain: 1): There were 18 divergent transitions after warmup. See
http://mc-stan.org/misc/warnings.html#divergent-transitions-after-warmup
to find out why this is a problem and how to eliminate them. - 
WARN [2020-12-11 20:24:14] Perquimans (chain: 1): Examine the pairs() plot to diagnose sampling problems
 - 
INFO [2020-12-11 20:24:59] Completed estimates for: Perquimans
INFO [2020-12-11 20:25:06] Initialising estimates for: Alleghany
WARN [2020-12-11 20:28:50] Warren (chain: 1): There were 57 divergent transitions after warmup. See
http://mc-stan.org/misc/warnings.html#divergent-transitions-after-warmup
to find out why this is a problem and how to eliminate them. - 
WARN [2020-12-11 20:28:50] Warren (chain: 1): Examine the pairs() plot to diagnose sampling problems
 - 
WARN [2020-12-11 20:29:08] Washington (chain: 1): There were 28 divergent transitions after warmup. See
http://mc-stan.org/misc/warnings.html#divergent-transitions-after-warmup
to find out why this is a problem and how to eliminate them. - 
WARN [2020-12-11 20:29:08] Washington (chain: 1): Examine the pairs() plot to diagnose sampling problems
 - 
INFO [2020-12-11 20:29:18] Completed estimates for: Warren
INFO [2020-12-11 20:29:23] Initialising estimates for: Avery
WARN [2020-12-11 20:29:35] Mitchell (chain: 1): There were 29 divergent transitions after warmup. See
http://mc-stan.org/misc/warnings.html#divergent-transitions-after-warmup
to find out why this is a problem and how to eliminate them. - 
WARN [2020-12-11 20:29:35] Mitchell (chain: 1): Examine the pairs() plot to diagnose sampling problems
 - 
INFO [2020-12-11 20:29:36] Completed estimates for: Washington
WARN [2020-12-11 20:29:37] Alleghany: There were 50 transitions after warmup that exceeded the maximum treedepth. Increase max_treedepth above 13. See
http://mc-stan.org/misc/warnings.html#maximum-treedepth-exceeded - 
WARN [2020-12-11 20:29:37] Alleghany: Examine the pairs() plot to diagnose sampling problems
 - 
WARN [2020-12-11 20:29:38] Alleghany: The largest R-hat is 1.9, indicating chains have not mixed.
Running the chains for more iterations may help. See
http://mc-stan.org/misc/warnings.html#r-hat - 
WARN [2020-12-11 20:29:38] Alleghany: Bulk Effective Samples Size (ESS) is too low, indicating posterior means and medians may be unreliable.
Running the chains for more iterations may help. See
http://mc-stan.org/misc/warnings.html#bulk-ess - 
WARN [2020-12-11 20:29:39] Alleghany: Tail Effective Samples Size (ESS) is too low, indicating posterior variances and tail quantiles may be unreliable.
Running the chains for more iterations may help. See
http://mc-stan.org/misc/warnings.html#tail-ess - 
INFO [2020-12-11 20:29:41] Initialising estimates for: Currituck
INFO [2020-12-11 20:30:12] Completed estimates for: Mitchell
INFO [2020-12-11 20:30:17] Initialising estimates for: Jones
WARN [2020-12-11 20:33:26] Avery: There were 50 transitions after warmup that exceeded the maximum treedepth. Increase max_treedepth above 13. See
http://mc-stan.org/misc/warnings.html#maximum-treedepth-exceeded - 
WARN [2020-12-11 20:33:26] Avery: Examine the pairs() plot to diagnose sampling problems
 - 
WARN [2020-12-11 20:33:27] Avery: The largest R-hat is 1.77, indicating chains have not mixed.
Running the chains for more iterations may help. See
http://mc-stan.org/misc/warnings.html#r-hat - 
WARN [2020-12-11 20:33:27] Avery: Bulk Effective Samples Size (ESS) is too low, indicating posterior means and medians may be unreliable.
Running the chains for more iterations may help. See
http://mc-stan.org/misc/warnings.html#bulk-ess - 
WARN [2020-12-11 20:33:28] Avery: Tail Effective Samples Size (ESS) is too low, indicating posterior variances and tail quantiles may be unreliable.
Running the chains for more iterations may help. See
http://mc-stan.org/misc/warnings.html#tail-ess - 
WARN [2020-12-11 20:34:00] Currituck: There were 49 transitions after warmup that exceeded the maximum treedepth. Increase max_treedepth above 13. See
http://mc-stan.org/misc/warnings.html#maximum-treedepth-exceeded - 
WARN [2020-12-11 20:34:00] Currituck: Examine the pairs() plot to diagnose sampling problems
 - 
WARN [2020-12-11 20:34:01] Currituck: The largest R-hat is 1.36, indicating chains have not mixed.
Running the chains for more iterations may help. See
http://mc-stan.org/misc/warnings.html#r-hat - 
WARN [2020-12-11 20:34:01] Currituck: Bulk Effective Samples Size (ESS) is too low, indicating posterior means and medians may be unreliable.
Running the chains for more iterations may help. See
http://mc-stan.org/misc/warnings.html#bulk-ess - 
WARN [2020-12-11 20:34:02] Currituck: Tail Effective Samples Size (ESS) is too low, indicating posterior variances and tail quantiles may be unreliable.
Running the chains for more iterations may help. See
http://mc-stan.org/misc/warnings.html#tail-ess - 
WARN [2020-12-11 20:34:52] Jones: There were 50 transitions after warmup that exceeded the maximum treedepth. Increase max_treedepth above 13. See
http://mc-stan.org/misc/warnings.html#maximum-treedepth-exceeded - 
WARN [2020-12-11 20:34:52] Jones: Examine the pairs() plot to diagnose sampling problems
 - 
WARN [2020-12-11 20:34:53] Jones: The largest R-hat is 1.4, indicating chains have not mixed.
Running the chains for more iterations may help. See
http://mc-stan.org/misc/warnings.html#r-hat - 
WARN [2020-12-11 20:34:53] Jones: Bulk Effective Samples Size (ESS) is too low, indicating posterior means and medians may be unreliable.
Running the chains for more iterations may help. See
http://mc-stan.org/misc/warnings.html#bulk-ess - 
WARN [2020-12-11 20:34:54] Jones: Tail Effective Samples Size (ESS) is too low, indicating posterior variances and tail quantiles may be unreliable.
Running the chains for more iterations may help. See
http://mc-stan.org/misc/warnings.html#tail-ess - 
WARN [2020-12-11 20:39:31] Alleghany (chain: 1): There were 107 divergent transitions after warmup. See
http://mc-stan.org/misc/warnings.html#divergent-transitions-after-warmup
to find out why this is a problem and how to eliminate them. - 
WARN [2020-12-11 20:39:31] Alleghany (chain: 1): Examine the pairs() plot to diagnose sampling problems
 - 
WARN [2020-12-11 20:39:39] Alleghany (chain: 1): Bulk Effective Samples Size (ESS) is too low, indicating posterior means and medians may be unreliable.
Running the chains for more iterations may help. See
http://mc-stan.org/misc/warnings.html#bulk-ess - 
WARN [2020-12-11 20:39:44] Alleghany (chain: 1): Tail Effective Samples Size (ESS) is too low, indicating posterior variances and tail quantiles may be unreliable.
Running the chains for more iterations may help. See
http://mc-stan.org/misc/warnings.html#tail-ess - 
INFO [2020-12-11 20:40:11] Completed estimates for: Alleghany
INFO [2020-12-11 20:40:16] Initialising estimates for: Haywood
WARN [2020-12-11 20:40:41] Avery (chain: 1): There were 111 divergent transitions after warmup. See
http://mc-stan.org/misc/warnings.html#divergent-transitions-after-warmup
to find out why this is a problem and how to eliminate them. - 
WARN [2020-12-11 20:40:41] Avery (chain: 1): Examine the pairs() plot to diagnose sampling problems
 - 
WARN [2020-12-11 20:40:50] Avery (chain: 1): Tail Effective Samples Size (ESS) is too low, indicating posterior variances and tail quantiles may be unreliable.
Running the chains for more iterations may help. See
http://mc-stan.org/misc/warnings.html#tail-ess - 
INFO [2020-12-11 20:41:09] Completed estimates for: Avery
INFO [2020-12-11 20:41:13] Initialising estimates for: Hoke
WARN [2020-12-11 20:41:32] Currituck (chain: 1): There were 74 divergent transitions after warmup. See
http://mc-stan.org/misc/warnings.html#divergent-transitions-after-warmup
to find out why this is a problem and how to eliminate them. - 
WARN [2020-12-11 20:41:32] Currituck (chain: 1): Examine the pairs() plot to diagnose sampling problems
 - 
INFO [2020-12-11 20:42:00] Completed estimates for: Currituck
INFO [2020-12-11 20:42:06] Initialising estimates for: Northampton
WARN [2020-12-11 20:42:29] Jones (chain: 1): There were 42 divergent transitions after warmup. See
http://mc-stan.org/misc/warnings.html#divergent-transitions-after-warmup
to find out why this is a problem and how to eliminate them. - 
WARN [2020-12-11 20:42:29] Jones (chain: 1): Examine the pairs() plot to diagnose sampling problems
 - 
INFO [2020-12-11 20:42:57] Completed estimates for: Jones
INFO [2020-12-11 20:43:01] Initialising estimates for: Yancey
WARN [2020-12-11 20:43:40] Haywood: There were 50 transitions after warmup that exceeded the maximum treedepth. Increase max_treedepth above 13. See
http://mc-stan.org/misc/warnings.html#maximum-treedepth-exceeded - 
WARN [2020-12-11 20:43:40] Haywood: Examine the pairs() plot to diagnose sampling problems
 - 
WARN [2020-12-11 20:43:40] Haywood: The largest R-hat is 1.81, indicating chains have not mixed.
Running the chains for more iterations may help. See
http://mc-stan.org/misc/warnings.html#r-hat - 
WARN [2020-12-11 20:43:40] Haywood: Bulk Effective Samples Size (ESS) is too low, indicating posterior means and medians may be unreliable.
Running the chains for more iterations may help. See
http://mc-stan.org/misc/warnings.html#bulk-ess - 
WARN [2020-12-11 20:43:42] Haywood: Tail Effective Samples Size (ESS) is too low, indicating posterior variances and tail quantiles may be unreliable.
Running the chains for more iterations may help. See
http://mc-stan.org/misc/warnings.html#tail-ess - 
WARN [2020-12-11 20:44:59] Hoke: There were 50 transitions after warmup that exceeded the maximum treedepth. Increase max_treedepth above 13. See
http://mc-stan.org/misc/warnings.html#maximum-treedepth-exceeded - 
WARN [2020-12-11 20:44:59] Hoke: Examine the pairs() plot to diagnose sampling problems
 - 
WARN [2020-12-11 20:44:59] Hoke: The largest R-hat is 2.11, indicating chains have not mixed.
Running the chains for more iterations may help. See
http://mc-stan.org/misc/warnings.html#r-hat - 
WARN [2020-12-11 20:45:00] Hoke: Bulk Effective Samples Size (ESS) is too low, indicating posterior means and medians may be unreliable.
Running the chains for more iterations may help. See
http://mc-stan.org/misc/warnings.html#bulk-ess - 
WARN [2020-12-11 20:45:00] Hoke: Tail Effective Samples Size (ESS) is too low, indicating posterior variances and tail quantiles may be unreliable.
Running the chains for more iterations may help. See
http://mc-stan.org/misc/warnings.html#tail-ess - 
WARN [2020-12-11 20:46:29] Northampton: There were 50 transitions after warmup that exceeded the maximum treedepth. Increase max_treedepth above 13. See
http://mc-stan.org/misc/warnings.html#maximum-treedepth-exceeded - 
WARN [2020-12-11 20:46:29] Northampton: Examine the pairs() plot to diagnose sampling problems
 - 
WARN [2020-12-11 20:46:29] Northampton: The largest R-hat is 1.7, indicating chains have not mixed.
Running the chains for more iterations may help. See
http://mc-stan.org/misc/warnings.html#r-hat - 
WARN [2020-12-11 20:46:30] Northampton: Bulk Effective Samples Size (ESS) is too low, indicating posterior means and medians may be unreliable.
Running the chains for more iterations may help. See
http://mc-stan.org/misc/warnings.html#bulk-ess - 
WARN [2020-12-11 20:46:31] Northampton: Tail Effective Samples Size (ESS) is too low, indicating posterior variances and tail quantiles may be unreliable.
Running the chains for more iterations may help. See
http://mc-stan.org/misc/warnings.html#tail-ess - 
WARN [2020-12-11 20:47:50] Yancey: There were 50 transitions after warmup that exceeded the maximum treedepth. Increase max_treedepth above 13. See
http://mc-stan.org/misc/warnings.html#maximum-treedepth-exceeded - 
WARN [2020-12-11 20:47:50] Yancey: Examine the pairs() plot to diagnose sampling problems
 - 
WARN [2020-12-11 20:47:51] Yancey: The largest R-hat is 1.31, indicating chains have not mixed.
Running the chains for more iterations may help. See
http://mc-stan.org/misc/warnings.html#r-hat - 
WARN [2020-12-11 20:47:52] Yancey: Bulk Effective Samples Size (ESS) is too low, indicating posterior means and medians may be unreliable.
Running the chains for more iterations may help. See
http://mc-stan.org/misc/warnings.html#bulk-ess - 
WARN [2020-12-11 20:47:53] Yancey: Tail Effective Samples Size (ESS) is too low, indicating posterior variances and tail quantiles may be unreliable.
Running the chains for more iterations may help. See
http://mc-stan.org/misc/warnings.html#tail-ess - 
WARN [2020-12-11 20:55:38] Haywood (chain: 1): There were 82 divergent transitions after warmup. See
http://mc-stan.org/misc/warnings.html#divergent-transitions-after-warmup
to find out why this is a problem and how to eliminate them. - 
WARN [2020-12-11 20:55:38] Haywood (chain: 1): Examine the pairs() plot to diagnose sampling problems
 - 
WARN [2020-12-11 20:55:51] Haywood (chain: 1): Tail Effective Samples Size (ESS) is too low, indicating posterior variances and tail quantiles may be unreliable.
Running the chains for more iterations may help. See
http://mc-stan.org/misc/warnings.html#tail-ess - 
INFO [2020-12-11 20:56:20] Completed estimates for: Haywood
WARN [2020-12-11 20:56:21] Northampton (chain: 1): There were 20 divergent transitions after warmup. See
http://mc-stan.org/misc/warnings.html#divergent-transitions-after-warmup
to find out why this is a problem and how to eliminate them. - 
WARN [2020-12-11 20:56:21] Northampton (chain: 1): Examine the pairs() plot to diagnose sampling problems
 - 
INFO [2020-12-11 20:56:26] Initialising estimates for: Alexander
INFO [2020-12-11 20:56:56] Completed estimates for: Northampton
INFO [2020-12-11 20:57:00] Initialising estimates for: Chowan
WARN [2020-12-11 20:58:59] Yancey (chain: 1): There were 100 divergent transitions after warmup. See
http://mc-stan.org/misc/warnings.html#divergent-transitions-after-warmup
to find out why this is a problem and how to eliminate them. - 
WARN [2020-12-11 20:58:59] Yancey (chain: 1): Examine the pairs() plot to diagnose sampling problems
 - 
INFO [2020-12-11 20:59:28] Completed estimates for: Yancey
INFO [2020-12-11 20:59:33] Initialising estimates for: Greene
WARN [2020-12-11 21:00:17] Alexander: There were 50 transitions after warmup that exceeded the maximum treedepth. Increase max_treedepth above 13. See
http://mc-stan.org/misc/warnings.html#maximum-treedepth-exceeded - 
WARN [2020-12-11 21:00:17] Alexander: Examine the pairs() plot to diagnose sampling problems
 - 
WARN [2020-12-11 21:00:18] Alexander: The largest R-hat is 2.11, indicating chains have not mixed.
Running the chains for more iterations may help. See
http://mc-stan.org/misc/warnings.html#r-hat - 
WARN [2020-12-11 21:00:18] Alexander: Bulk Effective Samples Size (ESS) is too low, indicating posterior means and medians may be unreliable.
Running the chains for more iterations may help. See
http://mc-stan.org/misc/warnings.html#bulk-ess - 
WARN [2020-12-11 21:00:19] Alexander: Tail Effective Samples Size (ESS) is too low, indicating posterior variances and tail quantiles may be unreliable.
Running the chains for more iterations may help. See
http://mc-stan.org/misc/warnings.html#tail-ess - 
WARN [2020-12-11 21:00:20] Chowan: There were 50 transitions after warmup that exceeded the maximum treedepth. Increase max_treedepth above 13. See
http://mc-stan.org/misc/warnings.html#maximum-treedepth-exceeded - 
WARN [2020-12-11 21:00:20] Chowan: Examine the pairs() plot to diagnose sampling problems
 - 
WARN [2020-12-11 21:00:20] Chowan: The largest R-hat is 1.91, indicating chains have not mixed.
Running the chains for more iterations may help. See
http://mc-stan.org/misc/warnings.html#r-hat - 
WARN [2020-12-11 21:00:20] Chowan: Bulk Effective Samples Size (ESS) is too low, indicating posterior means and medians may be unreliable.
Running the chains for more iterations may help. See
http://mc-stan.org/misc/warnings.html#bulk-ess - 
WARN [2020-12-11 21:00:22] Chowan: Tail Effective Samples Size (ESS) is too low, indicating posterior variances and tail quantiles may be unreliable.
Running the chains for more iterations may help. See
http://mc-stan.org/misc/warnings.html#tail-ess - 
WARN [2020-12-11 21:01:29] Hoke (chain: 1): There were 18 divergent transitions after warmup. See
http://mc-stan.org/misc/warnings.html#divergent-transitions-after-warmup
to find out why this is a problem and how to eliminate them. - 
WARN [2020-12-11 21:01:29] Hoke (chain: 1): Examine the pairs() plot to diagnose sampling problems
 - 
INFO [2020-12-11 21:02:11] Completed estimates for: Hoke
INFO [2020-12-11 21:02:16] Initialising estimates for: Martin
WARN [2020-12-11 21:05:13] Greene: There were 50 transitions after warmup that exceeded the maximum treedepth. Increase max_treedepth above 13. See
http://mc-stan.org/misc/warnings.html#maximum-treedepth-exceeded - 
WARN [2020-12-11 21:05:13] Greene: Examine the pairs() plot to diagnose sampling problems
 - 
WARN [2020-12-11 21:05:13] Greene: The largest R-hat is 2.09, indicating chains have not mixed.
Running the chains for more iterations may help. See
http://mc-stan.org/misc/warnings.html#r-hat - 
WARN [2020-12-11 21:05:13] Greene: Bulk Effective Samples Size (ESS) is too low, indicating posterior means and medians may be unreliable.
Running the chains for more iterations may help. See
http://mc-stan.org/misc/warnings.html#bulk-ess - 
WARN [2020-12-11 21:05:15] Greene: Tail Effective Samples Size (ESS) is too low, indicating posterior variances and tail quantiles may be unreliable.
Running the chains for more iterations may help. See
http://mc-stan.org/misc/warnings.html#tail-ess - 
WARN [2020-12-11 21:07:44] Martin: There were 50 transitions after warmup that exceeded the maximum treedepth. Increase max_treedepth above 13. See
http://mc-stan.org/misc/warnings.html#maximum-treedepth-exceeded - 
WARN [2020-12-11 21:07:44] Martin: Examine the pairs() plot to diagnose sampling problems
 - 
WARN [2020-12-11 21:07:44] Martin: The largest R-hat is 1.95, indicating chains have not mixed.
Running the chains for more iterations may help. See
http://mc-stan.org/misc/warnings.html#r-hat - 
WARN [2020-12-11 21:07:45] Martin: Bulk Effective Samples Size (ESS) is too low, indicating posterior means and medians may be unreliable.
Running the chains for more iterations may help. See
http://mc-stan.org/misc/warnings.html#bulk-ess - 
WARN [2020-12-11 21:07:46] Martin: Tail Effective Samples Size (ESS) is too low, indicating posterior variances and tail quantiles may be unreliable.
Running the chains for more iterations may help. See
http://mc-stan.org/misc/warnings.html#tail-ess - 
WARN [2020-12-11 21:10:46] Chowan (chain: 1): There were 32 divergent transitions after warmup. See
http://mc-stan.org/misc/warnings.html#divergent-transitions-after-warmup
to find out why this is a problem and how to eliminate them. - 
WARN [2020-12-11 21:10:46] Chowan (chain: 1): Examine the pairs() plot to diagnose sampling problems
 - 
INFO [2020-12-11 21:11:30] Completed estimates for: Chowan
INFO [2020-12-11 21:11:34] Initialising estimates for: Pamlico
WARN [2020-12-11 21:13:45] Greene (chain: 1): There were 31 divergent transitions after warmup. See
http://mc-stan.org/misc/warnings.html#divergent-transitions-after-warmup
to find out why this is a problem and how to eliminate them. - 
WARN [2020-12-11 21:13:45] Greene (chain: 1): Examine the pairs() plot to diagnose sampling problems
 - 
WARN [2020-12-11 21:13:50] Alexander (chain: 1): There were 29 divergent transitions after warmup. See
http://mc-stan.org/misc/warnings.html#divergent-transitions-after-warmup
to find out why this is a problem and how to eliminate them. - 
WARN [2020-12-11 21:13:50] Alexander (chain: 1): Examine the pairs() plot to diagnose sampling problems
 - 
INFO [2020-12-11 21:14:20] Completed estimates for: Greene
INFO [2020-12-11 21:14:22] Completed estimates for: Alexander
INFO [2020-12-11 21:14:26] Initialising estimates for: Stokes
INFO [2020-12-11 21:14:27] Initialising estimates for: Bladen
WARN [2020-12-11 21:16:18] Pamlico: There were 50 transitions after warmup that exceeded the maximum treedepth. Increase max_treedepth above 13. See
http://mc-stan.org/misc/warnings.html#maximum-treedepth-exceeded - 
WARN [2020-12-11 21:16:18] Pamlico: Examine the pairs() plot to diagnose sampling problems
 - 
WARN [2020-12-11 21:16:19] Pamlico: The largest R-hat is 1.5, indicating chains have not mixed.
Running the chains for more iterations may help. See
http://mc-stan.org/misc/warnings.html#r-hat - 
WARN [2020-12-11 21:16:19] Pamlico: Bulk Effective Samples Size (ESS) is too low, indicating posterior means and medians may be unreliable.
Running the chains for more iterations may help. See
http://mc-stan.org/misc/warnings.html#bulk-ess - 
WARN [2020-12-11 21:16:20] Pamlico: Tail Effective Samples Size (ESS) is too low, indicating posterior variances and tail quantiles may be unreliable.
Running the chains for more iterations may help. See
http://mc-stan.org/misc/warnings.html#tail-ess - 
WARN [2020-12-11 21:17:10] Martin (chain: 1): There were 28 divergent transitions after warmup. See
http://mc-stan.org/misc/warnings.html#divergent-transitions-after-warmup
to find out why this is a problem and how to eliminate them. - 
WARN [2020-12-11 21:17:10] Martin (chain: 1): Examine the pairs() plot to diagnose sampling problems
 - 
INFO [2020-12-11 21:17:46] Completed estimates for: Martin
INFO [2020-12-11 21:17:53] Initialising estimates for: Davie
WARN [2020-12-11 21:18:26] Bladen: There were 50 transitions after warmup that exceeded the maximum treedepth. Increase max_treedepth above 13. See
http://mc-stan.org/misc/warnings.html#maximum-treedepth-exceeded - 
WARN [2020-12-11 21:18:26] Bladen: Examine the pairs() plot to diagnose sampling problems
 - 
WARN [2020-12-11 21:18:26] Bladen: The largest R-hat is 1.93, indicating chains have not mixed.
Running the chains for more iterations may help. See
http://mc-stan.org/misc/warnings.html#r-hat - 
WARN [2020-12-11 21:18:27] Bladen: Bulk Effective Samples Size (ESS) is too low, indicating posterior means and medians may be unreliable.
Running the chains for more iterations may help. See
http://mc-stan.org/misc/warnings.html#bulk-ess - 
WARN [2020-12-11 21:18:28] Bladen: Tail Effective Samples Size (ESS) is too low, indicating posterior variances and tail quantiles may be unreliable.
Running the chains for more iterations may help. See
http://mc-stan.org/misc/warnings.html#tail-ess - 
WARN [2020-12-11 21:18:49] Stokes: There were 50 transitions after warmup that exceeded the maximum treedepth. Increase max_treedepth above 13. See
http://mc-stan.org/misc/warnings.html#maximum-treedepth-exceeded - 
WARN [2020-12-11 21:18:49] Stokes: Examine the pairs() plot to diagnose sampling problems
 - 
WARN [2020-12-11 21:18:50] Stokes: The largest R-hat is 2.11, indicating chains have not mixed.
Running the chains for more iterations may help. See
http://mc-stan.org/misc/warnings.html#r-hat - 
WARN [2020-12-11 21:18:50] Stokes: Bulk Effective Samples Size (ESS) is too low, indicating posterior means and medians may be unreliable.
Running the chains for more iterations may help. See
http://mc-stan.org/misc/warnings.html#bulk-ess - 
WARN [2020-12-11 21:18:52] Stokes: Tail Effective Samples Size (ESS) is too low, indicating posterior variances and tail quantiles may be unreliable.
Running the chains for more iterations may help. See
http://mc-stan.org/misc/warnings.html#tail-ess - 
WARN [2020-12-11 21:22:57] Davie: There were 50 transitions after warmup that exceeded the maximum treedepth. Increase max_treedepth above 13. See
http://mc-stan.org/misc/warnings.html#maximum-treedepth-exceeded - 
WARN [2020-12-11 21:22:57] Davie: Examine the pairs() plot to diagnose sampling problems
 - 
WARN [2020-12-11 21:22:58] Davie: The largest R-hat is 2.1, indicating chains have not mixed.
Running the chains for more iterations may help. See
http://mc-stan.org/misc/warnings.html#r-hat - 
WARN [2020-12-11 21:22:58] Davie: Bulk Effective Samples Size (ESS) is too low, indicating posterior means and medians may be unreliable.
Running the chains for more iterations may help. See
http://mc-stan.org/misc/warnings.html#bulk-ess - 
WARN [2020-12-11 21:22:59] Davie: Tail Effective Samples Size (ESS) is too low, indicating posterior variances and tail quantiles may be unreliable.
Running the chains for more iterations may help. See
http://mc-stan.org/misc/warnings.html#tail-ess - 
WARN [2020-12-11 21:30:01] Pamlico (chain: 1): There were 35 divergent transitions after warmup. See
http://mc-stan.org/misc/warnings.html#divergent-transitions-after-warmup
to find out why this is a problem and how to eliminate them. - 
WARN [2020-12-11 21:30:01] Pamlico (chain: 1): Examine the pairs() plot to diagnose sampling problems
 - 
INFO [2020-12-11 21:30:31] Completed estimates for: Pamlico
INFO [2020-12-11 21:30:38] Initialising estimates for: Duplin
WARN [2020-12-11 21:34:12] Duplin: There were 50 transitions after warmup that exceeded the maximum treedepth. Increase max_treedepth above 13. See
http://mc-stan.org/misc/warnings.html#maximum-treedepth-exceeded - 
WARN [2020-12-11 21:34:12] Duplin: Examine the pairs() plot to diagnose sampling problems
 - 
WARN [2020-12-11 21:34:12] Duplin: The largest R-hat is 1.99, indicating chains have not mixed.
Running the chains for more iterations may help. See
http://mc-stan.org/misc/warnings.html#r-hat - 
WARN [2020-12-11 21:34:13] Duplin: Bulk Effective Samples Size (ESS) is too low, indicating posterior means and medians may be unreliable.
Running the chains for more iterations may help. See
http://mc-stan.org/misc/warnings.html#bulk-ess - 
WARN [2020-12-11 21:34:15] Duplin: Tail Effective Samples Size (ESS) is too low, indicating posterior variances and tail quantiles may be unreliable.
Running the chains for more iterations may help. See
http://mc-stan.org/misc/warnings.html#tail-ess - 
WARN [2020-12-11 21:34:21] Stokes (chain: 1): There were 40 divergent transitions after warmup. See
http://mc-stan.org/misc/warnings.html#divergent-transitions-after-warmup
to find out why this is a problem and how to eliminate them. - 
WARN [2020-12-11 21:34:21] Stokes (chain: 1): Examine the pairs() plot to diagnose sampling problems
 - 
INFO [2020-12-11 21:35:02] Completed estimates for: Stokes
INFO [2020-12-11 21:35:06] Initialising estimates for: Halifax
WARN [2020-12-11 21:39:09] Halifax: There were 50 transitions after warmup that exceeded the maximum treedepth. Increase max_treedepth above 13. See
http://mc-stan.org/misc/warnings.html#maximum-treedepth-exceeded - 
WARN [2020-12-11 21:39:09] Halifax: Examine the pairs() plot to diagnose sampling problems
 - 
WARN [2020-12-11 21:39:10] Halifax: The largest R-hat is 2.11, indicating chains have not mixed.
Running the chains for more iterations may help. See
http://mc-stan.org/misc/warnings.html#r-hat - 
WARN [2020-12-11 21:39:11] Halifax: Bulk Effective Samples Size (ESS) is too low, indicating posterior means and medians may be unreliable.
Running the chains for more iterations may help. See
http://mc-stan.org/misc/warnings.html#bulk-ess - 
WARN [2020-12-11 21:39:11] Halifax: Tail Effective Samples Size (ESS) is too low, indicating posterior variances and tail quantiles may be unreliable.
Running the chains for more iterations may help. See
http://mc-stan.org/misc/warnings.html#tail-ess - 
WARN [2020-12-11 21:42:42] Davie (chain: 1): There were 33 divergent transitions after warmup. See
http://mc-stan.org/misc/warnings.html#divergent-transitions-after-warmup
to find out why this is a problem and how to eliminate them. - 
WARN [2020-12-11 21:42:43] Davie (chain: 1): Examine the pairs() plot to diagnose sampling problems
 - 
INFO [2020-12-11 21:43:21] Completed estimates for: Davie
