INFO [2020-11-08 10:27:54] Runtime error in North Carolina : $ operator is invalid for atomic vectors - 
INFO [2020-11-08 10:27:54] Runtime error in Orange : $ operator is invalid for atomic vectors - 
INFO [2020-11-08 10:27:54] Runtime error in Cabarrus : $ operator is invalid for atomic vectors - 
INFO [2020-11-08 10:27:54] Runtime error in Buncombe : $ operator is invalid for atomic vectors - 
INFO [2020-11-08 10:27:54] Runtime error in Gaston : $ operator is invalid for atomic vectors - 
INFO [2020-11-08 10:27:54] Runtime error in Chatham : $ operator is invalid for atomic vectors - 
INFO [2020-11-08 10:27:54] Runtime error in Davidson : $ operator is invalid for atomic vectors - 
INFO [2020-11-08 10:27:54] Runtime error in Rowan : $ operator is invalid for atomic vectors - 
INFO [2020-11-08 10:27:54] Runtime error in Cumberland : $ operator is invalid for atomic vectors - 
INFO [2020-11-08 10:27:54] Runtime error in Wilson : $ operator is invalid for atomic vectors - 
INFO [2020-11-08 10:27:54] Runtime error in Catawba : $ operator is invalid for atomic vectors - 
INFO [2020-11-08 10:27:54] Runtime error in Brunswick : $ operator is invalid for atomic vectors - 
INFO [2020-11-08 10:27:54] Runtime error in Granville : $ operator is invalid for atomic vectors - 
INFO [2020-11-08 10:27:54] Runtime error in Edgecombe : $ operator is invalid for atomic vectors - 
INFO [2020-11-08 10:27:54] Runtime error in McDowell : $ operator is invalid for atomic vectors - 
INFO [2020-11-08 10:27:54] Runtime error in Lincoln : $ operator is invalid for atomic vectors - 
INFO [2020-11-08 10:27:54] Runtime error in Caldwell : $ operator is invalid for atomic vectors - 
INFO [2020-11-08 10:27:54] Runtime error in Robeson : $ operator is invalid for atomic vectors - 
INFO [2020-11-08 10:27:54] Runtime error in Martin : $ operator is invalid for atomic vectors - 
INFO [2020-11-08 10:27:54] Runtime error in Wilkes : $ operator is invalid for atomic vectors - 
INFO [2020-11-08 10:27:54] Runtime error in Caswell : $ operator is invalid for atomic vectors - 
INFO [2020-11-08 10:27:54] Runtime error in Polk : $ operator is invalid for atomic vectors - 
