INFO [2020-11-28 17:08:31] Runtime error in North Carolina : $ operator is invalid for atomic vectors - 
INFO [2020-11-28 17:08:31] Runtime error in Cabarrus : $ operator is invalid for atomic vectors - 
INFO [2020-11-28 17:08:31] Runtime error in Buncombe : $ operator is invalid for atomic vectors - 
INFO [2020-11-28 17:08:31] Runtime error in Iredell : $ operator is invalid for atomic vectors - 
INFO [2020-11-28 17:08:31] Runtime error in Harnett : $ operator is invalid for atomic vectors - 
INFO [2020-11-28 17:08:31] Runtime error in Granville : $ operator is invalid for atomic vectors - 
INFO [2020-11-28 17:08:31] Runtime error in Alamance : $ operator is invalid for atomic vectors - 
INFO [2020-11-28 17:08:31] Runtime error in Nash : $ operator is invalid for atomic vectors - 
INFO [2020-11-28 17:08:31] Runtime error in Cleveland : $ operator is invalid for atomic vectors - 
INFO [2020-11-28 17:08:31] Runtime error in Craven : $ operator is invalid for atomic vectors - 
INFO [2020-11-28 17:08:31] Runtime error in Wayne : $ operator is invalid for atomic vectors - 
INFO [2020-11-28 17:08:31] Runtime error in Carteret : $ operator is invalid for atomic vectors - 
INFO [2020-11-28 17:08:31] Runtime error in Rutherford : $ operator is invalid for atomic vectors - 
INFO [2020-11-28 17:08:31] Runtime error in Burke : $ operator is invalid for atomic vectors - 
INFO [2020-11-28 17:08:31] Runtime error in Franklin : $ operator is invalid for atomic vectors - 
INFO [2020-11-28 17:08:31] Runtime error in Columbus : $ operator is invalid for atomic vectors - 
INFO [2020-11-28 17:08:31] Runtime error in Hoke : $ operator is invalid for atomic vectors - 
INFO [2020-11-28 17:08:31] Runtime error in Vance : $ operator is invalid for atomic vectors - 
INFO [2020-11-28 17:08:31] Runtime error in Halifax : $ operator is invalid for atomic vectors - 
INFO [2020-11-28 17:08:31] Runtime error in McDowell : $ operator is invalid for atomic vectors - 
INFO [2020-11-28 17:08:31] Runtime error in Caldwell : $ operator is invalid for atomic vectors - 
INFO [2020-11-28 17:08:31] Runtime error in Pasquotank : $ operator is invalid for atomic vectors - 
INFO [2020-11-28 17:08:31] Runtime error in Lenoir : $ operator is invalid for atomic vectors - 
INFO [2020-11-28 17:08:31] Runtime error in Richmond : $ operator is invalid for atomic vectors - 
INFO [2020-11-28 17:08:31] Runtime error in Sampson : $ operator is invalid for atomic vectors - 
INFO [2020-11-28 17:08:31] Runtime error in Montgomery : $ operator is invalid for atomic vectors - 
INFO [2020-11-28 17:08:31] Runtime error in Robeson : $ operator is invalid for atomic vectors - 
INFO [2020-11-28 17:08:31] Runtime error in Surry : $ operator is invalid for atomic vectors - 
INFO [2020-11-28 17:08:31] Runtime error in Yadkin : $ operator is invalid for atomic vectors - 
INFO [2020-11-28 17:08:31] Runtime error in Dare : $ operator is invalid for atomic vectors - 
INFO [2020-11-28 17:08:31] Runtime error in Jackson : $ operator is invalid for atomic vectors - 
INFO [2020-11-28 17:08:31] Runtime error in Pender : $ operator is invalid for atomic vectors - 
INFO [2020-11-28 17:08:31] Runtime error in Haywood : $ operator is invalid for atomic vectors - 
INFO [2020-11-28 17:08:31] Runtime error in Ashe : $ operator is invalid for atomic vectors - 
INFO [2020-11-28 17:08:31] Runtime error in Stokes : $ operator is invalid for atomic vectors - 
INFO [2020-11-28 17:08:31] Runtime error in Alexander : $ operator is invalid for atomic vectors - 
INFO [2020-11-28 17:08:31] Runtime error in Alleghany : $ operator is invalid for atomic vectors - 
INFO [2020-11-28 17:08:31] Runtime error in Transylvania : $ operator is invalid for atomic vectors - 
INFO [2020-11-28 17:08:31] Runtime error in Yancey : $ operator is invalid for atomic vectors - 
INFO [2020-11-28 17:08:31] Runtime error in Mitchell : $ operator is invalid for atomic vectors - 
