INFO [2020-10-31 09:35:27] Runtime error in New Hanover : $ operator is invalid for atomic vectors - 
INFO [2020-10-31 09:35:27] Runtime error in Craven : $ operator is invalid for atomic vectors - 
INFO [2020-10-31 09:35:27] Runtime error in Gaston : $ operator is invalid for atomic vectors - 
INFO [2020-10-31 09:35:27] Runtime error in Hoke : $ operator is invalid for atomic vectors - 
INFO [2020-10-31 09:35:27] Runtime error in Lincoln : $ operator is invalid for atomic vectors - 
INFO [2020-10-31 09:35:27] Runtime error in Moore : $ operator is invalid for atomic vectors - 
INFO [2020-10-31 09:35:27] Runtime error in Cone Health : $ operator is invalid for atomic vectors - 
INFO [2020-10-31 09:35:27] Runtime error in Forsyth : $ operator is invalid for atomic vectors - 
INFO [2020-10-31 09:35:27] Runtime error in Guilford : $ operator is invalid for atomic vectors - 
INFO [2020-10-31 09:35:27] Runtime error in Iredell : $ operator is invalid for atomic vectors - 
INFO [2020-10-31 09:35:27] Runtime error in Johnston : $ operator is invalid for atomic vectors - 
INFO [2020-10-31 09:35:27] Runtime error in Chatham : $ operator is invalid for atomic vectors - 
INFO [2020-10-31 09:35:27] Runtime error in Harnett : $ operator is invalid for atomic vectors - 
INFO [2020-10-31 09:35:27] Runtime error in Mecklenburg : $ operator is invalid for atomic vectors - 
INFO [2020-10-31 09:35:27] Runtime error in Wake : $ operator is invalid for atomic vectors - 
INFO [2020-10-31 09:35:27] Runtime error in Durham : $ operator is invalid for atomic vectors - 
INFO [2020-10-31 09:35:27] Runtime error in Alamance : $ operator is invalid for atomic vectors - 
INFO [2020-10-31 09:35:27] Runtime error in Granville : $ operator is invalid for atomic vectors - 
INFO [2020-10-31 09:35:27] Runtime error in Lee : $ operator is invalid for atomic vectors - 
INFO [2020-10-31 09:35:27] Runtime error in Scotland : $ operator is invalid for atomic vectors - 
INFO [2020-10-31 09:35:27] Runtime error in Cumberland : $ operator is invalid for atomic vectors - 
INFO [2020-10-31 09:35:27] Runtime error in Davie : $ operator is invalid for atomic vectors - 
INFO [2020-10-31 09:35:27] Runtime error in Henderson : $ operator is invalid for atomic vectors - 
INFO [2020-10-31 09:35:27] Runtime error in Robeson : $ operator is invalid for atomic vectors - 
INFO [2020-10-31 09:35:27] Runtime error in Carteret : $ operator is invalid for atomic vectors - 
INFO [2020-10-31 09:35:27] Runtime error in Randolph : $ operator is invalid for atomic vectors - 
INFO [2020-10-31 09:35:27] Runtime error in Richmond : $ operator is invalid for atomic vectors - 
INFO [2020-10-31 09:35:27] Runtime error in Vance : $ operator is invalid for atomic vectors - 
INFO [2020-10-31 09:35:27] Runtime error in Franklin : $ operator is invalid for atomic vectors - 
INFO [2020-10-31 09:35:27] Runtime error in Duplin : $ operator is invalid for atomic vectors - 
INFO [2020-10-31 09:35:27] Runtime error in Beaufort : $ operator is invalid for atomic vectors - 
INFO [2020-10-31 09:35:27] Runtime error in McDowell : $ operator is invalid for atomic vectors - 
INFO [2020-10-31 09:35:27] Runtime error in Northampton : $ operator is invalid for atomic vectors - 
INFO [2020-10-31 09:35:27] Runtime error in Greene : $ operator is invalid for atomic vectors - 
INFO [2020-10-31 09:35:27] Runtime error in Edgecombe : $ operator is invalid for atomic vectors - 
INFO [2020-10-31 09:35:27] Runtime error in Perquimans : $ operator is invalid for atomic vectors - 
INFO [2020-10-31 09:35:27] Runtime error in Polk : $ operator is invalid for atomic vectors - 
INFO [2020-10-31 09:35:28] Runtime error in Alleghany : $ operator is invalid for atomic vectors - 
INFO [2020-10-31 09:35:28] Runtime error in Bladen : $ operator is invalid for atomic vectors - 
INFO [2020-10-31 09:35:28] Runtime error in Caswell : $ operator is invalid for atomic vectors - 
INFO [2020-10-31 09:35:28] Runtime error in Columbus : $ operator is invalid for atomic vectors - 
INFO [2020-10-31 09:35:28] Runtime error in Currituck : $ operator is invalid for atomic vectors - 
INFO [2020-10-31 09:35:28] Runtime error in Haywood : $ operator is invalid for atomic vectors - 
INFO [2020-10-31 09:35:28] Runtime error in Ashe : $ operator is invalid for atomic vectors - 
INFO [2020-10-31 09:35:28] Runtime error in Warren : $ operator is invalid for atomic vectors - 
INFO [2020-10-31 09:35:28] Runtime error in Pender : $ operator is invalid for atomic vectors - 
INFO [2020-10-31 09:35:28] Runtime error in Tyrrell : $ operator is invalid for atomic vectors - 
INFO [2020-10-31 09:35:28] Runtime error in Hyde : $ operator is invalid for atomic vectors - 
INFO [2020-10-31 09:35:28] Runtime error in Madison : $ operator is invalid for atomic vectors - 
INFO [2020-10-31 09:35:28] Runtime error in Camden : $ operator is invalid for atomic vectors - 
INFO [2020-10-31 09:35:28] Runtime error in Avery : $ operator is invalid for atomic vectors - 
INFO [2020-11-01 11:04:15] Runtime error in Forsyth : $ operator is invalid for atomic vectors - 
INFO [2020-11-01 11:04:15] Runtime error in Guilford : $ operator is invalid for atomic vectors - 
INFO [2020-11-01 11:04:15] Runtime error in Iredell : $ operator is invalid for atomic vectors - 
INFO [2020-11-01 11:04:15] Runtime error in Johnston : $ operator is invalid for atomic vectors - 
INFO [2020-11-01 11:04:15] Runtime error in Rowan : $ operator is invalid for atomic vectors - 
INFO [2020-11-01 11:04:15] Runtime error in Cherokee : $ operator is invalid for atomic vectors - 
INFO [2020-11-01 11:04:15] Runtime error in Montgomery : $ operator is invalid for atomic vectors - 
INFO [2020-11-01 11:04:15] Runtime error in Nash : $ operator is invalid for atomic vectors - 
INFO [2020-11-01 11:04:15] Runtime error in Randolph : $ operator is invalid for atomic vectors - 
INFO [2020-11-01 11:04:15] Runtime error in Jackson : $ operator is invalid for atomic vectors - 
INFO [2020-11-01 11:04:15] Runtime error in Stanly : $ operator is invalid for atomic vectors - 
INFO [2020-11-01 11:04:15] Runtime error in Transylvania : $ operator is invalid for atomic vectors - 
INFO [2020-11-01 11:04:15] Runtime error in Caldwell : $ operator is invalid for atomic vectors - 
INFO [2020-11-01 11:04:15] Runtime error in Burke : $ operator is invalid for atomic vectors - 
INFO [2020-11-01 11:04:15] Runtime error in Duplin : $ operator is invalid for atomic vectors - 
INFO [2020-11-01 11:04:15] Runtime error in Beaufort : $ operator is invalid for atomic vectors - 
INFO [2020-11-01 11:04:15] Runtime error in McDowell : $ operator is invalid for atomic vectors - 
INFO [2020-11-01 11:04:15] Runtime error in Caswell : $ operator is invalid for atomic vectors - 
INFO [2020-11-01 11:04:15] Runtime error in Columbus : $ operator is invalid for atomic vectors - 
INFO [2020-11-01 11:04:15] Runtime error in Currituck : $ operator is invalid for atomic vectors - 
INFO [2020-11-01 11:04:15] Runtime error in Pamlico : $ operator is invalid for atomic vectors - 
INFO [2020-11-01 11:04:15] Runtime error in Anson : $ operator is invalid for atomic vectors - 
INFO [2020-11-01 11:04:15] Runtime error in Macon : $ operator is invalid for atomic vectors - 
INFO [2020-11-01 11:04:15] Runtime error in Mitchell : $ operator is invalid for atomic vectors - 
INFO [2020-11-01 11:04:15] Runtime error in Stokes : $ operator is invalid for atomic vectors - 
INFO [2020-11-01 11:04:15] Runtime error in Chowan : $ operator is invalid for atomic vectors - 
INFO [2020-11-01 11:04:15] Runtime error in Pender : $ operator is invalid for atomic vectors - 
INFO [2020-11-01 11:04:15] Runtime error in Tyrrell : $ operator is invalid for atomic vectors - 
INFO [2020-11-01 11:04:15] Runtime error in Hyde : $ operator is invalid for atomic vectors - 
INFO [2020-11-01 11:04:15] Runtime error in Madison : $ operator is invalid for atomic vectors - 
