INFO [2020-11-14 12:23:16] Runtime error in Cone Health : $ operator is invalid for atomic vectors - 
INFO [2020-11-14 12:23:16] Runtime error in Guilford : $ operator is invalid for atomic vectors - 
INFO [2020-11-14 12:23:16] Runtime error in Forsyth : $ operator is invalid for atomic vectors - 
INFO [2020-11-14 12:23:16] Runtime error in Union : $ operator is invalid for atomic vectors - 
INFO [2020-11-14 12:23:16] Runtime error in Orange : $ operator is invalid for atomic vectors - 
INFO [2020-11-14 12:23:16] Runtime error in Cabarrus : $ operator is invalid for atomic vectors - 
INFO [2020-11-14 12:23:16] Runtime error in Northampton : $ operator is invalid for atomic vectors - 
INFO [2020-11-14 12:23:16] Runtime error in Pitt : $ operator is invalid for atomic vectors - 
INFO [2020-11-14 12:23:16] Runtime error in Randolph : $ operator is invalid for atomic vectors - 
INFO [2020-11-14 12:23:16] Runtime error in Henderson : $ operator is invalid for atomic vectors - 
INFO [2020-11-14 12:23:16] Runtime error in Brunswick : $ operator is invalid for atomic vectors - 
INFO [2020-11-14 12:23:16] Runtime error in Granville : $ operator is invalid for atomic vectors - 
INFO [2020-11-14 12:23:16] Runtime error in Alamance : $ operator is invalid for atomic vectors - 
INFO [2020-11-14 12:23:16] Runtime error in Nash : $ operator is invalid for atomic vectors - 
INFO [2020-11-14 12:23:16] Runtime error in Edgecombe : $ operator is invalid for atomic vectors - 
INFO [2020-11-14 12:23:16] Runtime error in McDowell : $ operator is invalid for atomic vectors - 
INFO [2020-11-14 12:23:16] Runtime error in Lincoln : $ operator is invalid for atomic vectors - 
INFO [2020-11-14 12:23:16] Runtime error in Caldwell : $ operator is invalid for atomic vectors - 
INFO [2020-11-14 12:23:16] Runtime error in Stanly : $ operator is invalid for atomic vectors - 
INFO [2020-11-14 12:23:16] Runtime error in Lee : $ operator is invalid for atomic vectors - 
INFO [2020-11-14 12:23:16] Runtime error in Washington : $ operator is invalid for atomic vectors - 
INFO [2020-11-14 12:23:16] Runtime error in Richmond : $ operator is invalid for atomic vectors - 
INFO [2020-11-14 12:23:16] Runtime error in Sampson : $ operator is invalid for atomic vectors - 
INFO [2020-11-14 12:23:16] Runtime error in Montgomery : $ operator is invalid for atomic vectors - 
INFO [2020-11-14 12:23:16] Runtime error in Robeson : $ operator is invalid for atomic vectors - 
INFO [2020-11-14 12:23:16] Runtime error in Surry : $ operator is invalid for atomic vectors - 
INFO [2020-11-14 12:23:16] Runtime error in Anson : $ operator is invalid for atomic vectors - 
INFO [2020-11-14 12:23:16] Runtime error in Beaufort : $ operator is invalid for atomic vectors - 
INFO [2020-11-14 12:23:16] Runtime error in Greene : $ operator is invalid for atomic vectors - 
INFO [2020-11-14 12:23:16] Runtime error in Scotland : $ operator is invalid for atomic vectors - 
INFO [2020-11-14 12:23:16] Runtime error in Cherokee : $ operator is invalid for atomic vectors - 
INFO [2020-11-14 12:23:16] Runtime error in Hertford : $ operator is invalid for atomic vectors - 
INFO [2020-11-14 12:23:16] Runtime error in Wilkes : $ operator is invalid for atomic vectors - 
INFO [2020-11-14 12:23:16] Runtime error in Caswell : $ operator is invalid for atomic vectors - 
INFO [2020-11-14 12:23:16] Runtime error in Polk : $ operator is invalid for atomic vectors - 
INFO [2020-11-14 12:23:16] Runtime error in Haywood : $ operator is invalid for atomic vectors - 
INFO [2020-11-14 12:23:16] Runtime error in Currituck : $ operator is invalid for atomic vectors - 
