INFO [2020-11-13 12:19:23] Runtime error in Cone Health : $ operator is invalid for atomic vectors - 
INFO [2020-11-13 12:19:23] Runtime error in Guilford : $ operator is invalid for atomic vectors - 
INFO [2020-11-13 12:19:23] Runtime error in Forsyth : $ operator is invalid for atomic vectors - 
INFO [2020-11-13 12:19:23] Runtime error in Union : $ operator is invalid for atomic vectors - 
INFO [2020-11-13 12:19:23] Runtime error in Orange : $ operator is invalid for atomic vectors - 
INFO [2020-11-13 12:19:23] Runtime error in Cabarrus : $ operator is invalid for atomic vectors - 
INFO [2020-11-13 12:19:23] Runtime error in Buncombe : $ operator is invalid for atomic vectors - 
INFO [2020-11-13 12:19:23] Runtime error in Iredell : $ operator is invalid for atomic vectors - 
INFO [2020-11-13 12:19:23] Runtime error in Harnett : $ operator is invalid for atomic vectors - 
INFO [2020-11-13 12:19:23] Runtime error in Chatham : $ operator is invalid for atomic vectors - 
INFO [2020-11-13 12:19:23] Runtime error in Davidson : $ operator is invalid for atomic vectors - 
INFO [2020-11-13 12:19:23] Runtime error in Rowan : $ operator is invalid for atomic vectors - 
INFO [2020-11-13 12:19:23] Runtime error in Northampton : $ operator is invalid for atomic vectors - 
INFO [2020-11-13 12:19:23] Runtime error in Pitt : $ operator is invalid for atomic vectors - 
INFO [2020-11-13 12:19:23] Runtime error in Randolph : $ operator is invalid for atomic vectors - 
INFO [2020-11-13 12:19:23] Runtime error in Henderson : $ operator is invalid for atomic vectors - 
INFO [2020-11-13 12:19:23] Runtime error in Cumberland : $ operator is invalid for atomic vectors - 
INFO [2020-11-13 12:19:23] Runtime error in Johnston : $ operator is invalid for atomic vectors - 
INFO [2020-11-13 12:19:23] Runtime error in Wilson : $ operator is invalid for atomic vectors - 
INFO [2020-11-13 12:19:23] Runtime error in Craven : $ operator is invalid for atomic vectors - 
INFO [2020-11-13 12:19:23] Runtime error in Davie : $ operator is invalid for atomic vectors - 
INFO [2020-11-13 12:19:23] Runtime error in Onslow : $ operator is invalid for atomic vectors - 
INFO [2020-11-13 12:19:23] Runtime error in Wayne : $ operator is invalid for atomic vectors - 
INFO [2020-11-13 12:19:23] Runtime error in Carteret : $ operator is invalid for atomic vectors - 
INFO [2020-11-13 12:19:23] Runtime error in Rutherford : $ operator is invalid for atomic vectors - 
INFO [2020-11-13 12:19:23] Runtime error in Lincoln : $ operator is invalid for atomic vectors - 
INFO [2020-11-13 12:19:23] Runtime error in Lee : $ operator is invalid for atomic vectors - 
INFO [2020-11-13 12:19:23] Runtime error in Washington : $ operator is invalid for atomic vectors - 
INFO [2020-11-13 12:19:23] Runtime error in Rockingham : $ operator is invalid for atomic vectors - 
INFO [2020-11-13 12:19:23] Runtime error in Duplin : $ operator is invalid for atomic vectors - 
INFO [2020-11-13 12:19:23] Runtime error in Lenoir : $ operator is invalid for atomic vectors - 
INFO [2020-11-13 12:19:23] Runtime error in Haywood : $ operator is invalid for atomic vectors - 
