INFO [2020-12-05 18:05:20] Initialising estimates for: New Hanover
INFO [2020-12-05 18:05:20] Initialising estimates for: Buncombe
INFO [2020-12-05 18:05:21] Initialising estimates for: Forsyth
INFO [2020-12-05 18:05:23] Initialising estimates for: Gaston
WARN [2020-12-05 18:17:52] Buncombe (chain: 1): There were 23 divergent transitions after warmup. See
http://mc-stan.org/misc/warnings.html#divergent-transitions-after-warmup
to find out why this is a problem and how to eliminate them. - 
WARN [2020-12-05 18:17:52] Buncombe (chain: 1): Examine the pairs() plot to diagnose sampling problems
 - 
WARN [2020-12-05 18:18:15] Gaston (chain: 1): There were 7 divergent transitions after warmup. See
http://mc-stan.org/misc/warnings.html#divergent-transitions-after-warmup
to find out why this is a problem and how to eliminate them. - 
WARN [2020-12-05 18:18:15] Gaston (chain: 1): Examine the pairs() plot to diagnose sampling problems
 - 
INFO [2020-12-05 18:18:35] Completed estimates for: Buncombe
INFO [2020-12-05 18:18:43] Initialising estimates for: Durham
INFO [2020-12-05 18:18:54] Completed estimates for: Gaston
INFO [2020-12-05 18:18:58] Initialising estimates for: Union
WARN [2020-12-05 18:24:34] Forsyth (chain: 1): There were 10 divergent transitions after warmup. See
http://mc-stan.org/misc/warnings.html#divergent-transitions-after-warmup
to find out why this is a problem and how to eliminate them. - 
WARN [2020-12-05 18:24:34] Forsyth (chain: 1): Examine the pairs() plot to diagnose sampling problems
 - 
INFO [2020-12-05 18:25:13] Completed estimates for: Forsyth
INFO [2020-12-05 18:25:18] Initialising estimates for: Guilford
WARN [2020-12-05 18:28:16] Durham (chain: 1): There were 45 divergent transitions after warmup. See
http://mc-stan.org/misc/warnings.html#divergent-transitions-after-warmup
to find out why this is a problem and how to eliminate them. - 
WARN [2020-12-05 18:28:16] Durham (chain: 1): Examine the pairs() plot to diagnose sampling problems
 - 
INFO [2020-12-05 18:28:57] Completed estimates for: Durham
INFO [2020-12-05 18:29:02] Initialising estimates for: Cumberland
WARN [2020-12-05 18:29:34] Union (chain: 1): There were 25 divergent transitions after warmup. See
http://mc-stan.org/misc/warnings.html#divergent-transitions-after-warmup
to find out why this is a problem and how to eliminate them. - 
WARN [2020-12-05 18:29:34] Union (chain: 1): Examine the pairs() plot to diagnose sampling problems
 - 
INFO [2020-12-05 18:30:15] Completed estimates for: Union
INFO [2020-12-05 18:30:22] Initialising estimates for: Wake
WARN [2020-12-05 18:30:54] New Hanover (chain: 1): There were 10 divergent transitions after warmup. See
http://mc-stan.org/misc/warnings.html#divergent-transitions-after-warmup
to find out why this is a problem and how to eliminate them. - 
WARN [2020-12-05 18:30:54] New Hanover (chain: 1): Examine the pairs() plot to diagnose sampling problems
 - 
INFO [2020-12-05 18:31:39] Completed estimates for: New Hanover
INFO [2020-12-05 18:31:44] Initialising estimates for: Mecklenburg
WARN [2020-12-05 18:38:18] Guilford (chain: 1): There were 6 divergent transitions after warmup. See
http://mc-stan.org/misc/warnings.html#divergent-transitions-after-warmup
to find out why this is a problem and how to eliminate them. - 
WARN [2020-12-05 18:38:18] Guilford (chain: 1): Examine the pairs() plot to diagnose sampling problems
 - 
WARN [2020-12-05 18:38:33] Cumberland (chain: 1): some chains had errors; consider specifying chains = 1 to debug - .local, object, ...
WARN [2020-12-05 18:38:33] Cumberland (chain: 1): There were 5 divergent transitions after warmup. See
http://mc-stan.org/misc/warnings.html#divergent-transitions-after-warmup
to find out why this is a problem and how to eliminate them. - 
WARN [2020-12-05 18:38:33] Cumberland (chain: 1): Examine the pairs() plot to diagnose sampling problems
 - 
INFO [2020-12-05 18:39:02] Completed estimates for: Guilford
INFO [2020-12-05 18:39:07] Completed estimates for: Cumberland
INFO [2020-12-05 18:39:08] Initialising estimates for: Cone Health
INFO [2020-12-05 18:39:12] Initialising estimates for: North Carolina
WARN [2020-12-05 18:45:20] Wake (chain: 1): There were 35 divergent transitions after warmup. See
http://mc-stan.org/misc/warnings.html#divergent-transitions-after-warmup
to find out why this is a problem and how to eliminate them. - 
WARN [2020-12-05 18:45:20] Wake (chain: 1): Examine the pairs() plot to diagnose sampling problems
 - 
INFO [2020-12-05 18:46:07] Completed estimates for: Wake
WARN [2020-12-05 18:48:26] Mecklenburg (chain: 1): There were 19 divergent transitions after warmup. See
http://mc-stan.org/misc/warnings.html#divergent-transitions-after-warmup
to find out why this is a problem and how to eliminate them. - 
WARN [2020-12-05 18:48:26] Mecklenburg (chain: 1): Examine the pairs() plot to diagnose sampling problems
 - 
INFO [2020-12-05 18:49:07] Completed estimates for: Mecklenburg
WARN [2020-12-05 19:05:51] Cone Health (chain: 1): There were 28 divergent transitions after warmup. See
http://mc-stan.org/misc/warnings.html#divergent-transitions-after-warmup
to find out why this is a problem and how to eliminate them. - 
WARN [2020-12-05 19:05:51] Cone Health (chain: 1): Examine the pairs() plot to diagnose sampling problems
 - 
INFO [2020-12-05 19:06:19] Completed estimates for: Cone Health
WARN [2020-12-05 19:18:42] North Carolina (chain: 1): There were 2 divergent transitions after warmup. See
http://mc-stan.org/misc/warnings.html#divergent-transitions-after-warmup
to find out why this is a problem and how to eliminate them. - 
WARN [2020-12-05 19:18:42] North Carolina (chain: 1): Examine the pairs() plot to diagnose sampling problems
 - 
INFO [2020-12-05 19:19:09] Completed estimates for: North Carolina
INFO [2020-12-05 19:20:02] Initialising estimates for: Clay
INFO [2020-12-05 19:20:03] Initialising estimates for: Dare
INFO [2020-12-05 19:20:04] Initialising estimates for: Jones
INFO [2020-12-05 19:20:05] Initialising estimates for: Perquimans
WARN [2020-12-05 19:23:28] Perquimans: There were 50 transitions after warmup that exceeded the maximum treedepth. Increase max_treedepth above 13. See
http://mc-stan.org/misc/warnings.html#maximum-treedepth-exceeded - 
WARN [2020-12-05 19:23:28] Perquimans: Examine the pairs() plot to diagnose sampling problems
 - 
WARN [2020-12-05 19:23:29] Perquimans: The largest R-hat is 2.09, indicating chains have not mixed.
Running the chains for more iterations may help. See
http://mc-stan.org/misc/warnings.html#r-hat - 
WARN [2020-12-05 19:23:29] Perquimans: Bulk Effective Samples Size (ESS) is too low, indicating posterior means and medians may be unreliable.
Running the chains for more iterations may help. See
http://mc-stan.org/misc/warnings.html#bulk-ess - 
WARN [2020-12-05 19:23:30] Perquimans: Tail Effective Samples Size (ESS) is too low, indicating posterior variances and tail quantiles may be unreliable.
Running the chains for more iterations may help. See
http://mc-stan.org/misc/warnings.html#tail-ess - 
WARN [2020-12-05 19:23:38] Clay: There were 50 transitions after warmup that exceeded the maximum treedepth. Increase max_treedepth above 13. See
http://mc-stan.org/misc/warnings.html#maximum-treedepth-exceeded - 
WARN [2020-12-05 19:23:38] Clay: Examine the pairs() plot to diagnose sampling problems
 - 
WARN [2020-12-05 19:23:39] Clay: The largest R-hat is 1.33, indicating chains have not mixed.
Running the chains for more iterations may help. See
http://mc-stan.org/misc/warnings.html#r-hat - 
WARN [2020-12-05 19:23:39] Clay: Bulk Effective Samples Size (ESS) is too low, indicating posterior means and medians may be unreliable.
Running the chains for more iterations may help. See
http://mc-stan.org/misc/warnings.html#bulk-ess - 
WARN [2020-12-05 19:23:39] Clay: Tail Effective Samples Size (ESS) is too low, indicating posterior variances and tail quantiles may be unreliable.
Running the chains for more iterations may help. See
http://mc-stan.org/misc/warnings.html#tail-ess - 
WARN [2020-12-05 19:23:53] Dare: There were 50 transitions after warmup that exceeded the maximum treedepth. Increase max_treedepth above 13. See
http://mc-stan.org/misc/warnings.html#maximum-treedepth-exceeded - 
WARN [2020-12-05 19:23:53] Dare: Examine the pairs() plot to diagnose sampling problems
 - 
WARN [2020-12-05 19:23:53] Dare: The largest R-hat is 1.64, indicating chains have not mixed.
Running the chains for more iterations may help. See
http://mc-stan.org/misc/warnings.html#r-hat - 
WARN [2020-12-05 19:23:54] Dare: Bulk Effective Samples Size (ESS) is too low, indicating posterior means and medians may be unreliable.
Running the chains for more iterations may help. See
http://mc-stan.org/misc/warnings.html#bulk-ess - 
WARN [2020-12-05 19:23:54] Dare: Tail Effective Samples Size (ESS) is too low, indicating posterior variances and tail quantiles may be unreliable.
Running the chains for more iterations may help. See
http://mc-stan.org/misc/warnings.html#tail-ess - 
WARN [2020-12-05 19:24:10] Jones: There were 50 transitions after warmup that exceeded the maximum treedepth. Increase max_treedepth above 13. See
http://mc-stan.org/misc/warnings.html#maximum-treedepth-exceeded - 
WARN [2020-12-05 19:24:10] Jones: Examine the pairs() plot to diagnose sampling problems
 - 
WARN [2020-12-05 19:24:10] Jones: The largest R-hat is 1.33, indicating chains have not mixed.
Running the chains for more iterations may help. See
http://mc-stan.org/misc/warnings.html#r-hat - 
WARN [2020-12-05 19:24:11] Jones: Bulk Effective Samples Size (ESS) is too low, indicating posterior means and medians may be unreliable.
Running the chains for more iterations may help. See
http://mc-stan.org/misc/warnings.html#bulk-ess - 
WARN [2020-12-05 19:24:12] Jones: Tail Effective Samples Size (ESS) is too low, indicating posterior variances and tail quantiles may be unreliable.
Running the chains for more iterations may help. See
http://mc-stan.org/misc/warnings.html#tail-ess - 
WARN [2020-12-05 19:33:52] Jones (chain: 1): There were 19 divergent transitions after warmup. See
http://mc-stan.org/misc/warnings.html#divergent-transitions-after-warmup
to find out why this is a problem and how to eliminate them. - 
WARN [2020-12-05 19:33:52] Jones (chain: 1): Examine the pairs() plot to diagnose sampling problems
 - 
INFO [2020-12-05 19:34:19] Completed estimates for: Jones
INFO [2020-12-05 19:34:26] Initialising estimates for: Tyrrell
WARN [2020-12-05 19:34:54] Clay (chain: 1): There were 14 divergent transitions after warmup. See
http://mc-stan.org/misc/warnings.html#divergent-transitions-after-warmup
to find out why this is a problem and how to eliminate them. - 
WARN [2020-12-05 19:34:54] Clay (chain: 1): Examine the pairs() plot to diagnose sampling problems
 - 
WARN [2020-12-05 19:34:59] Perquimans (chain: 1): There were 14 divergent transitions after warmup. See
http://mc-stan.org/misc/warnings.html#divergent-transitions-after-warmup
to find out why this is a problem and how to eliminate them. - 
WARN [2020-12-05 19:34:59] Perquimans (chain: 1): Examine the pairs() plot to diagnose sampling problems
 - 
INFO [2020-12-05 19:35:21] Completed estimates for: Clay
INFO [2020-12-05 19:35:25] Initialising estimates for: Warren
INFO [2020-12-05 19:35:27] Completed estimates for: Perquimans
INFO [2020-12-05 19:35:33] Initialising estimates for: Yadkin
WARN [2020-12-05 19:37:43] Dare (chain: 1): There were 13 divergent transitions after warmup. See
http://mc-stan.org/misc/warnings.html#divergent-transitions-after-warmup
to find out why this is a problem and how to eliminate them. - 
WARN [2020-12-05 19:37:43] Dare (chain: 1): Examine the pairs() plot to diagnose sampling problems
 - 
INFO [2020-12-05 19:38:10] Completed estimates for: Dare
INFO [2020-12-05 19:38:16] Initialising estimates for: Caswell
WARN [2020-12-05 19:38:19] Tyrrell: There were 50 transitions after warmup that exceeded the maximum treedepth. Increase max_treedepth above 13. See
http://mc-stan.org/misc/warnings.html#maximum-treedepth-exceeded - 
WARN [2020-12-05 19:38:19] Tyrrell: Examine the pairs() plot to diagnose sampling problems
 - 
WARN [2020-12-05 19:38:20] Tyrrell: The largest R-hat is 1.38, indicating chains have not mixed.
Running the chains for more iterations may help. See
http://mc-stan.org/misc/warnings.html#r-hat - 
WARN [2020-12-05 19:38:20] Tyrrell: Bulk Effective Samples Size (ESS) is too low, indicating posterior means and medians may be unreliable.
Running the chains for more iterations may help. See
http://mc-stan.org/misc/warnings.html#bulk-ess - 
WARN [2020-12-05 19:38:21] Tyrrell: Tail Effective Samples Size (ESS) is too low, indicating posterior variances and tail quantiles may be unreliable.
Running the chains for more iterations may help. See
http://mc-stan.org/misc/warnings.html#tail-ess - 
WARN [2020-12-05 19:39:01] Warren: There were 50 transitions after warmup that exceeded the maximum treedepth. Increase max_treedepth above 13. See
http://mc-stan.org/misc/warnings.html#maximum-treedepth-exceeded - 
WARN [2020-12-05 19:39:01] Warren: Examine the pairs() plot to diagnose sampling problems
 - 
WARN [2020-12-05 19:39:02] Warren: The largest R-hat is 1.37, indicating chains have not mixed.
Running the chains for more iterations may help. See
http://mc-stan.org/misc/warnings.html#r-hat - 
WARN [2020-12-05 19:39:02] Warren: Bulk Effective Samples Size (ESS) is too low, indicating posterior means and medians may be unreliable.
Running the chains for more iterations may help. See
http://mc-stan.org/misc/warnings.html#bulk-ess - 
WARN [2020-12-05 19:39:02] Warren: Tail Effective Samples Size (ESS) is too low, indicating posterior variances and tail quantiles may be unreliable.
Running the chains for more iterations may help. See
http://mc-stan.org/misc/warnings.html#tail-ess - 
WARN [2020-12-05 19:39:08] Yadkin: There were 50 transitions after warmup that exceeded the maximum treedepth. Increase max_treedepth above 13. See
http://mc-stan.org/misc/warnings.html#maximum-treedepth-exceeded - 
WARN [2020-12-05 19:39:08] Yadkin: Examine the pairs() plot to diagnose sampling problems
 - 
WARN [2020-12-05 19:39:08] Yadkin: The largest R-hat is 2.04, indicating chains have not mixed.
Running the chains for more iterations may help. See
http://mc-stan.org/misc/warnings.html#r-hat - 
WARN [2020-12-05 19:39:09] Yadkin: Bulk Effective Samples Size (ESS) is too low, indicating posterior means and medians may be unreliable.
Running the chains for more iterations may help. See
http://mc-stan.org/misc/warnings.html#bulk-ess - 
WARN [2020-12-05 19:39:10] Yadkin: Tail Effective Samples Size (ESS) is too low, indicating posterior variances and tail quantiles may be unreliable.
Running the chains for more iterations may help. See
http://mc-stan.org/misc/warnings.html#tail-ess - 
WARN [2020-12-05 19:43:17] Caswell: There were 50 transitions after warmup that exceeded the maximum treedepth. Increase max_treedepth above 13. See
http://mc-stan.org/misc/warnings.html#maximum-treedepth-exceeded - 
WARN [2020-12-05 19:43:17] Caswell: Examine the pairs() plot to diagnose sampling problems
 - 
WARN [2020-12-05 19:43:17] Caswell: The largest R-hat is 2.11, indicating chains have not mixed.
Running the chains for more iterations may help. See
http://mc-stan.org/misc/warnings.html#r-hat - 
WARN [2020-12-05 19:43:17] Caswell: Bulk Effective Samples Size (ESS) is too low, indicating posterior means and medians may be unreliable.
Running the chains for more iterations may help. See
http://mc-stan.org/misc/warnings.html#bulk-ess - 
WARN [2020-12-05 19:43:18] Caswell: Tail Effective Samples Size (ESS) is too low, indicating posterior variances and tail quantiles may be unreliable.
Running the chains for more iterations may help. See
http://mc-stan.org/misc/warnings.html#tail-ess - 
WARN [2020-12-05 19:43:51] Tyrrell (chain: 1): There were 37 divergent transitions after warmup. See
http://mc-stan.org/misc/warnings.html#divergent-transitions-after-warmup
to find out why this is a problem and how to eliminate them. - 
WARN [2020-12-05 19:43:51] Tyrrell (chain: 1): Examine the pairs() plot to diagnose sampling problems
 - 
WARN [2020-12-05 19:44:00] Tyrrell (chain: 1): Bulk Effective Samples Size (ESS) is too low, indicating posterior means and medians may be unreliable.
Running the chains for more iterations may help. See
http://mc-stan.org/misc/warnings.html#bulk-ess - 
WARN [2020-12-05 19:44:05] Tyrrell (chain: 1): Tail Effective Samples Size (ESS) is too low, indicating posterior variances and tail quantiles may be unreliable.
Running the chains for more iterations may help. See
http://mc-stan.org/misc/warnings.html#tail-ess - 
INFO [2020-12-05 19:44:38] Completed estimates for: Tyrrell
INFO [2020-12-05 19:44:43] Initialising estimates for: Currituck
WARN [2020-12-05 19:46:31] Yadkin (chain: 1): There were 12 divergent transitions after warmup. See
http://mc-stan.org/misc/warnings.html#divergent-transitions-after-warmup
to find out why this is a problem and how to eliminate them. - 
WARN [2020-12-05 19:46:31] Yadkin (chain: 1): Examine the pairs() plot to diagnose sampling problems
 - 
INFO [2020-12-05 19:47:10] Completed estimates for: Yadkin
INFO [2020-12-05 19:47:15] Initialising estimates for: Gates
WARN [2020-12-05 19:47:58] Warren (chain: 1): There were 24 divergent transitions after warmup. See
http://mc-stan.org/misc/warnings.html#divergent-transitions-after-warmup
to find out why this is a problem and how to eliminate them. - 
WARN [2020-12-05 19:47:58] Warren (chain: 1): Examine the pairs() plot to diagnose sampling problems
 - 
INFO [2020-12-05 19:48:28] Completed estimates for: Warren
INFO [2020-12-05 19:48:34] Initialising estimates for: Haywood
WARN [2020-12-05 19:49:43] Currituck: There were 50 transitions after warmup that exceeded the maximum treedepth. Increase max_treedepth above 13. See
http://mc-stan.org/misc/warnings.html#maximum-treedepth-exceeded - 
WARN [2020-12-05 19:49:43] Currituck: Examine the pairs() plot to diagnose sampling problems
 - 
WARN [2020-12-05 19:49:44] Currituck: The largest R-hat is 1.64, indicating chains have not mixed.
Running the chains for more iterations may help. See
http://mc-stan.org/misc/warnings.html#r-hat - 
WARN [2020-12-05 19:49:44] Currituck: Bulk Effective Samples Size (ESS) is too low, indicating posterior means and medians may be unreliable.
Running the chains for more iterations may help. See
http://mc-stan.org/misc/warnings.html#bulk-ess - 
WARN [2020-12-05 19:49:45] Currituck: Tail Effective Samples Size (ESS) is too low, indicating posterior variances and tail quantiles may be unreliable.
Running the chains for more iterations may help. See
http://mc-stan.org/misc/warnings.html#tail-ess - 
WARN [2020-12-05 19:51:52] Gates: There were 50 transitions after warmup that exceeded the maximum treedepth. Increase max_treedepth above 13. See
http://mc-stan.org/misc/warnings.html#maximum-treedepth-exceeded - 
WARN [2020-12-05 19:51:52] Gates: Examine the pairs() plot to diagnose sampling problems
 - 
WARN [2020-12-05 19:51:53] Gates: The largest R-hat is 1.3, indicating chains have not mixed.
Running the chains for more iterations may help. See
http://mc-stan.org/misc/warnings.html#r-hat - 
WARN [2020-12-05 19:51:53] Gates: Bulk Effective Samples Size (ESS) is too low, indicating posterior means and medians may be unreliable.
Running the chains for more iterations may help. See
http://mc-stan.org/misc/warnings.html#bulk-ess - 
WARN [2020-12-05 19:51:53] Gates: Tail Effective Samples Size (ESS) is too low, indicating posterior variances and tail quantiles may be unreliable.
Running the chains for more iterations may help. See
http://mc-stan.org/misc/warnings.html#tail-ess - 
WARN [2020-12-05 19:52:26] Caswell (chain: 1): There were 51 divergent transitions after warmup. See
http://mc-stan.org/misc/warnings.html#divergent-transitions-after-warmup
to find out why this is a problem and how to eliminate them. - 
WARN [2020-12-05 19:52:26] Caswell (chain: 1): Examine the pairs() plot to diagnose sampling problems
 - 
INFO [2020-12-05 19:53:09] Completed estimates for: Caswell
INFO [2020-12-05 19:53:14] Initialising estimates for: Yancey
WARN [2020-12-05 19:53:20] Haywood: There were 50 transitions after warmup that exceeded the maximum treedepth. Increase max_treedepth above 13. See
http://mc-stan.org/misc/warnings.html#maximum-treedepth-exceeded - 
WARN [2020-12-05 19:53:20] Haywood: Examine the pairs() plot to diagnose sampling problems
 - 
WARN [2020-12-05 19:53:20] Haywood: The largest R-hat is 1.95, indicating chains have not mixed.
Running the chains for more iterations may help. See
http://mc-stan.org/misc/warnings.html#r-hat - 
WARN [2020-12-05 19:53:22] Haywood: Bulk Effective Samples Size (ESS) is too low, indicating posterior means and medians may be unreliable.
Running the chains for more iterations may help. See
http://mc-stan.org/misc/warnings.html#bulk-ess - 
WARN [2020-12-05 19:53:23] Haywood: Tail Effective Samples Size (ESS) is too low, indicating posterior variances and tail quantiles may be unreliable.
Running the chains for more iterations may help. See
http://mc-stan.org/misc/warnings.html#tail-ess - 
WARN [2020-12-05 19:56:55] Currituck (chain: 1): There were 22 divergent transitions after warmup. See
http://mc-stan.org/misc/warnings.html#divergent-transitions-after-warmup
to find out why this is a problem and how to eliminate them. - 
WARN [2020-12-05 19:56:55] Currituck (chain: 1): Examine the pairs() plot to diagnose sampling problems
 - 
WARN [2020-12-05 19:57:02] Gates (chain: 1): There were 11 divergent transitions after warmup. See
http://mc-stan.org/misc/warnings.html#divergent-transitions-after-warmup
to find out why this is a problem and how to eliminate them. - 
WARN [2020-12-05 19:57:02] Gates (chain: 1): Examine the pairs() plot to diagnose sampling problems
 - 
INFO [2020-12-05 19:57:34] Completed estimates for: Currituck
INFO [2020-12-05 19:57:38] Completed estimates for: Gates
INFO [2020-12-05 19:57:41] Initialising estimates for: Anson
INFO [2020-12-05 19:57:42] Initialising estimates for: Chowan
WARN [2020-12-05 19:58:33] Yancey: There were 50 transitions after warmup that exceeded the maximum treedepth. Increase max_treedepth above 13. See
http://mc-stan.org/misc/warnings.html#maximum-treedepth-exceeded - 
WARN [2020-12-05 19:58:33] Yancey: Examine the pairs() plot to diagnose sampling problems
 - 
WARN [2020-12-05 19:58:34] Yancey: The largest R-hat is 1.4, indicating chains have not mixed.
Running the chains for more iterations may help. See
http://mc-stan.org/misc/warnings.html#r-hat - 
WARN [2020-12-05 19:58:34] Yancey: Bulk Effective Samples Size (ESS) is too low, indicating posterior means and medians may be unreliable.
Running the chains for more iterations may help. See
http://mc-stan.org/misc/warnings.html#bulk-ess - 
WARN [2020-12-05 19:58:35] Yancey: Tail Effective Samples Size (ESS) is too low, indicating posterior variances and tail quantiles may be unreliable.
Running the chains for more iterations may help. See
http://mc-stan.org/misc/warnings.html#tail-ess - 
WARN [2020-12-05 20:02:05] Chowan: There were 50 transitions after warmup that exceeded the maximum treedepth. Increase max_treedepth above 13. See
http://mc-stan.org/misc/warnings.html#maximum-treedepth-exceeded - 
WARN [2020-12-05 20:02:05] Chowan: Examine the pairs() plot to diagnose sampling problems
 - 
WARN [2020-12-05 20:02:06] Chowan: The largest R-hat is 2.09, indicating chains have not mixed.
Running the chains for more iterations may help. See
http://mc-stan.org/misc/warnings.html#r-hat - 
WARN [2020-12-05 20:02:06] Chowan: Bulk Effective Samples Size (ESS) is too low, indicating posterior means and medians may be unreliable.
Running the chains for more iterations may help. See
http://mc-stan.org/misc/warnings.html#bulk-ess - 
WARN [2020-12-05 20:02:08] Chowan: Tail Effective Samples Size (ESS) is too low, indicating posterior variances and tail quantiles may be unreliable.
Running the chains for more iterations may help. See
http://mc-stan.org/misc/warnings.html#tail-ess - 
WARN [2020-12-05 20:02:22] Anson: There were 50 transitions after warmup that exceeded the maximum treedepth. Increase max_treedepth above 13. See
http://mc-stan.org/misc/warnings.html#maximum-treedepth-exceeded - 
WARN [2020-12-05 20:02:22] Anson: Examine the pairs() plot to diagnose sampling problems
 - 
WARN [2020-12-05 20:02:22] Anson: The largest R-hat is 2.09, indicating chains have not mixed.
Running the chains for more iterations may help. See
http://mc-stan.org/misc/warnings.html#r-hat - 
WARN [2020-12-05 20:02:23] Anson: Bulk Effective Samples Size (ESS) is too low, indicating posterior means and medians may be unreliable.
Running the chains for more iterations may help. See
http://mc-stan.org/misc/warnings.html#bulk-ess - 
WARN [2020-12-05 20:02:25] Anson: Tail Effective Samples Size (ESS) is too low, indicating posterior variances and tail quantiles may be unreliable.
Running the chains for more iterations may help. See
http://mc-stan.org/misc/warnings.html#tail-ess - 
WARN [2020-12-05 20:05:48] Haywood (chain: 1): There were 15 divergent transitions after warmup. See
http://mc-stan.org/misc/warnings.html#divergent-transitions-after-warmup
to find out why this is a problem and how to eliminate them. - 
WARN [2020-12-05 20:05:48] Haywood (chain: 1): Examine the pairs() plot to diagnose sampling problems
 - 
INFO [2020-12-05 20:07:07] Completed estimates for: Haywood
INFO [2020-12-05 20:07:13] Initialising estimates for: Greene
WARN [2020-12-05 20:08:38] Yancey (chain: 1): There were 93 divergent transitions after warmup. See
http://mc-stan.org/misc/warnings.html#divergent-transitions-after-warmup
to find out why this is a problem and how to eliminate them. - 
WARN [2020-12-05 20:08:38] Yancey (chain: 1): Examine the pairs() plot to diagnose sampling problems
 - 
INFO [2020-12-05 20:09:19] Completed estimates for: Yancey
INFO [2020-12-05 20:09:25] Initialising estimates for: Hyde
WARN [2020-12-05 20:13:19] Greene: There were 50 transitions after warmup that exceeded the maximum treedepth. Increase max_treedepth above 13. See
http://mc-stan.org/misc/warnings.html#maximum-treedepth-exceeded - 
WARN [2020-12-05 20:13:19] Greene: Examine the pairs() plot to diagnose sampling problems
 - 
WARN [2020-12-05 20:13:19] Greene: The largest R-hat is 1.47, indicating chains have not mixed.
Running the chains for more iterations may help. See
http://mc-stan.org/misc/warnings.html#r-hat - 
WARN [2020-12-05 20:13:20] Greene: Bulk Effective Samples Size (ESS) is too low, indicating posterior means and medians may be unreliable.
Running the chains for more iterations may help. See
http://mc-stan.org/misc/warnings.html#bulk-ess - 
WARN [2020-12-05 20:13:21] Greene: Tail Effective Samples Size (ESS) is too low, indicating posterior variances and tail quantiles may be unreliable.
Running the chains for more iterations may help. See
http://mc-stan.org/misc/warnings.html#tail-ess - 
WARN [2020-12-05 20:13:28] Chowan (chain: 1): There were 21 divergent transitions after warmup. See
http://mc-stan.org/misc/warnings.html#divergent-transitions-after-warmup
to find out why this is a problem and how to eliminate them. - 
WARN [2020-12-05 20:13:28] Chowan (chain: 1): Examine the pairs() plot to diagnose sampling problems
 - 
INFO [2020-12-05 20:14:02] Completed estimates for: Chowan
WARN [2020-12-05 20:14:04] Hyde: There were 50 transitions after warmup that exceeded the maximum treedepth. Increase max_treedepth above 13. See
http://mc-stan.org/misc/warnings.html#maximum-treedepth-exceeded - 
WARN [2020-12-05 20:14:04] Hyde: Examine the pairs() plot to diagnose sampling problems
 - 
WARN [2020-12-05 20:14:04] Hyde: The largest R-hat is 1.21, indicating chains have not mixed.
Running the chains for more iterations may help. See
http://mc-stan.org/misc/warnings.html#r-hat - 
WARN [2020-12-05 20:14:04] Hyde: Bulk Effective Samples Size (ESS) is too low, indicating posterior means and medians may be unreliable.
Running the chains for more iterations may help. See
http://mc-stan.org/misc/warnings.html#bulk-ess - 
WARN [2020-12-05 20:14:05] Hyde: Tail Effective Samples Size (ESS) is too low, indicating posterior variances and tail quantiles may be unreliable.
Running the chains for more iterations may help. See
http://mc-stan.org/misc/warnings.html#tail-ess - 
INFO [2020-12-05 20:14:08] Initialising estimates for: Washington
WARN [2020-12-05 20:15:43] Anson (chain: 1): There were 12 divergent transitions after warmup. See
http://mc-stan.org/misc/warnings.html#divergent-transitions-after-warmup
to find out why this is a problem and how to eliminate them. - 
WARN [2020-12-05 20:15:43] Anson (chain: 1): Examine the pairs() plot to diagnose sampling problems
 - 
INFO [2020-12-05 20:16:24] Completed estimates for: Anson
INFO [2020-12-05 20:16:29] Initialising estimates for: Duplin
WARN [2020-12-05 20:19:05] Washington: There were 50 transitions after warmup that exceeded the maximum treedepth. Increase max_treedepth above 13. See
http://mc-stan.org/misc/warnings.html#maximum-treedepth-exceeded - 
WARN [2020-12-05 20:19:05] Washington: Examine the pairs() plot to diagnose sampling problems
 - 
WARN [2020-12-05 20:19:05] Washington: The largest R-hat is 1.77, indicating chains have not mixed.
Running the chains for more iterations may help. See
http://mc-stan.org/misc/warnings.html#r-hat - 
WARN [2020-12-05 20:19:05] Washington: Bulk Effective Samples Size (ESS) is too low, indicating posterior means and medians may be unreliable.
Running the chains for more iterations may help. See
http://mc-stan.org/misc/warnings.html#bulk-ess - 
WARN [2020-12-05 20:19:06] Washington: Tail Effective Samples Size (ESS) is too low, indicating posterior variances and tail quantiles may be unreliable.
Running the chains for more iterations may help. See
http://mc-stan.org/misc/warnings.html#tail-ess - 
WARN [2020-12-05 20:19:41] Greene (chain: 1): There were 24 divergent transitions after warmup. See
http://mc-stan.org/misc/warnings.html#divergent-transitions-after-warmup
to find out why this is a problem and how to eliminate them. - 
WARN [2020-12-05 20:19:41] Greene (chain: 1): Examine the pairs() plot to diagnose sampling problems
 - 
INFO [2020-12-05 20:20:17] Completed estimates for: Greene
INFO [2020-12-05 20:20:23] Initialising estimates for: Martin
WARN [2020-12-05 20:20:59] Duplin: There were 50 transitions after warmup that exceeded the maximum treedepth. Increase max_treedepth above 13. See
http://mc-stan.org/misc/warnings.html#maximum-treedepth-exceeded - 
WARN [2020-12-05 20:20:59] Duplin: Examine the pairs() plot to diagnose sampling problems
 - 
WARN [2020-12-05 20:20:59] Duplin: The largest R-hat is 2.07, indicating chains have not mixed.
Running the chains for more iterations may help. See
http://mc-stan.org/misc/warnings.html#r-hat - 
WARN [2020-12-05 20:21:00] Duplin: Bulk Effective Samples Size (ESS) is too low, indicating posterior means and medians may be unreliable.
Running the chains for more iterations may help. See
http://mc-stan.org/misc/warnings.html#bulk-ess - 
WARN [2020-12-05 20:21:01] Duplin: Tail Effective Samples Size (ESS) is too low, indicating posterior variances and tail quantiles may be unreliable.
Running the chains for more iterations may help. See
http://mc-stan.org/misc/warnings.html#tail-ess - 
WARN [2020-12-05 20:24:48] Hyde (chain: 1): There were 93 divergent transitions after warmup. See
http://mc-stan.org/misc/warnings.html#divergent-transitions-after-warmup
to find out why this is a problem and how to eliminate them. - 
WARN [2020-12-05 20:24:48] Hyde (chain: 1): Examine the pairs() plot to diagnose sampling problems
 - 
WARN [2020-12-05 20:25:03] Martin: There were 50 transitions after warmup that exceeded the maximum treedepth. Increase max_treedepth above 13. See
http://mc-stan.org/misc/warnings.html#maximum-treedepth-exceeded - 
WARN [2020-12-05 20:25:03] Martin: Examine the pairs() plot to diagnose sampling problems
 - 
WARN [2020-12-05 20:25:04] Martin: The largest R-hat is 2.08, indicating chains have not mixed.
Running the chains for more iterations may help. See
http://mc-stan.org/misc/warnings.html#r-hat - 
WARN [2020-12-05 20:25:04] Martin: Bulk Effective Samples Size (ESS) is too low, indicating posterior means and medians may be unreliable.
Running the chains for more iterations may help. See
http://mc-stan.org/misc/warnings.html#bulk-ess - 
WARN [2020-12-05 20:25:06] Martin: Tail Effective Samples Size (ESS) is too low, indicating posterior variances and tail quantiles may be unreliable.
Running the chains for more iterations may help. See
http://mc-stan.org/misc/warnings.html#tail-ess - 
INFO [2020-12-05 20:25:23] Completed estimates for: Hyde
INFO [2020-12-05 20:25:28] Initialising estimates for: Northampton
WARN [2020-12-05 20:26:00] Washington (chain: 1): There were 21 divergent transitions after warmup. See
http://mc-stan.org/misc/warnings.html#divergent-transitions-after-warmup
to find out why this is a problem and how to eliminate them. - 
WARN [2020-12-05 20:26:00] Washington (chain: 1): Examine the pairs() plot to diagnose sampling problems
 - 
INFO [2020-12-05 20:26:36] Completed estimates for: Washington
INFO [2020-12-05 20:26:41] Initialising estimates for: Alexander
WARN [2020-12-05 20:30:18] Northampton: There were 50 transitions after warmup that exceeded the maximum treedepth. Increase max_treedepth above 13. See
http://mc-stan.org/misc/warnings.html#maximum-treedepth-exceeded - 
WARN [2020-12-05 20:30:18] Northampton: Examine the pairs() plot to diagnose sampling problems
 - 
WARN [2020-12-05 20:30:19] Northampton: The largest R-hat is 1.73, indicating chains have not mixed.
Running the chains for more iterations may help. See
http://mc-stan.org/misc/warnings.html#r-hat - 
WARN [2020-12-05 20:30:19] Northampton: Bulk Effective Samples Size (ESS) is too low, indicating posterior means and medians may be unreliable.
Running the chains for more iterations may help. See
http://mc-stan.org/misc/warnings.html#bulk-ess - 
WARN [2020-12-05 20:30:21] Northampton: Tail Effective Samples Size (ESS) is too low, indicating posterior variances and tail quantiles may be unreliable.
Running the chains for more iterations may help. See
http://mc-stan.org/misc/warnings.html#tail-ess - 
WARN [2020-12-05 20:31:57] Alexander: There were 50 transitions after warmup that exceeded the maximum treedepth. Increase max_treedepth above 13. See
http://mc-stan.org/misc/warnings.html#maximum-treedepth-exceeded - 
WARN [2020-12-05 20:31:57] Alexander: Examine the pairs() plot to diagnose sampling problems
 - 
WARN [2020-12-05 20:31:58] Alexander: The largest R-hat is 2.11, indicating chains have not mixed.
Running the chains for more iterations may help. See
http://mc-stan.org/misc/warnings.html#r-hat - 
WARN [2020-12-05 20:31:58] Alexander: Bulk Effective Samples Size (ESS) is too low, indicating posterior means and medians may be unreliable.
Running the chains for more iterations may help. See
http://mc-stan.org/misc/warnings.html#bulk-ess - 
WARN [2020-12-05 20:32:00] Alexander: Tail Effective Samples Size (ESS) is too low, indicating posterior variances and tail quantiles may be unreliable.
Running the chains for more iterations may help. See
http://mc-stan.org/misc/warnings.html#tail-ess - 
WARN [2020-12-05 20:40:27] Northampton (chain: 1): There were 49 divergent transitions after warmup. See
http://mc-stan.org/misc/warnings.html#divergent-transitions-after-warmup
to find out why this is a problem and how to eliminate them. - 
WARN [2020-12-05 20:40:27] Northampton (chain: 1): Examine the pairs() plot to diagnose sampling problems
 - 
INFO [2020-12-05 20:40:59] Completed estimates for: Northampton
INFO [2020-12-05 20:41:07] Initialising estimates for: Alleghany
WARN [2020-12-05 20:43:04] Martin (chain: 1): There were 31 divergent transitions after warmup. See
http://mc-stan.org/misc/warnings.html#divergent-transitions-after-warmup
to find out why this is a problem and how to eliminate them. - 
WARN [2020-12-05 20:43:04] Martin (chain: 1): Examine the pairs() plot to diagnose sampling problems
 - 
INFO [2020-12-05 20:43:37] Completed estimates for: Martin
INFO [2020-12-05 20:43:42] Initialising estimates for: Carteret
WARN [2020-12-05 20:45:13] Alleghany: There were 50 transitions after warmup that exceeded the maximum treedepth. Increase max_treedepth above 13. See
http://mc-stan.org/misc/warnings.html#maximum-treedepth-exceeded - 
WARN [2020-12-05 20:45:13] Alleghany: Examine the pairs() plot to diagnose sampling problems
 - 
WARN [2020-12-05 20:45:14] Alleghany: The largest R-hat is 1.49, indicating chains have not mixed.
Running the chains for more iterations may help. See
http://mc-stan.org/misc/warnings.html#r-hat - 
WARN [2020-12-05 20:45:14] Alleghany: Bulk Effective Samples Size (ESS) is too low, indicating posterior means and medians may be unreliable.
Running the chains for more iterations may help. See
http://mc-stan.org/misc/warnings.html#bulk-ess - 
WARN [2020-12-05 20:45:16] Alleghany: Tail Effective Samples Size (ESS) is too low, indicating posterior variances and tail quantiles may be unreliable.
Running the chains for more iterations may help. See
http://mc-stan.org/misc/warnings.html#tail-ess - 
WARN [2020-12-05 20:46:07] Alexander (chain: 1): There were 15 divergent transitions after warmup. See
http://mc-stan.org/misc/warnings.html#divergent-transitions-after-warmup
to find out why this is a problem and how to eliminate them. - 
WARN [2020-12-05 20:46:07] Alexander (chain: 1): Examine the pairs() plot to diagnose sampling problems
 - 
INFO [2020-12-05 20:46:46] Completed estimates for: Alexander
INFO [2020-12-05 20:46:51] Initialising estimates for: Davie
WARN [2020-12-05 20:47:52] Carteret: There were 50 transitions after warmup that exceeded the maximum treedepth. Increase max_treedepth above 13. See
http://mc-stan.org/misc/warnings.html#maximum-treedepth-exceeded - 
WARN [2020-12-05 20:47:52] Carteret: Examine the pairs() plot to diagnose sampling problems
 - 
WARN [2020-12-05 20:47:53] Carteret: The largest R-hat is 2.1, indicating chains have not mixed.
Running the chains for more iterations may help. See
http://mc-stan.org/misc/warnings.html#r-hat - 
WARN [2020-12-05 20:47:53] Carteret: Bulk Effective Samples Size (ESS) is too low, indicating posterior means and medians may be unreliable.
Running the chains for more iterations may help. See
http://mc-stan.org/misc/warnings.html#bulk-ess - 
WARN [2020-12-05 20:47:54] Carteret: Tail Effective Samples Size (ESS) is too low, indicating posterior variances and tail quantiles may be unreliable.
Running the chains for more iterations may help. See
http://mc-stan.org/misc/warnings.html#tail-ess - 
WARN [2020-12-05 20:51:27] Davie: There were 50 transitions after warmup that exceeded the maximum treedepth. Increase max_treedepth above 13. See
http://mc-stan.org/misc/warnings.html#maximum-treedepth-exceeded - 
WARN [2020-12-05 20:51:27] Davie: Examine the pairs() plot to diagnose sampling problems
 - 
WARN [2020-12-05 20:51:27] Davie: The largest R-hat is 1.63, indicating chains have not mixed.
Running the chains for more iterations may help. See
http://mc-stan.org/misc/warnings.html#r-hat - 
WARN [2020-12-05 20:51:27] Davie: Bulk Effective Samples Size (ESS) is too low, indicating posterior means and medians may be unreliable.
Running the chains for more iterations may help. See
http://mc-stan.org/misc/warnings.html#bulk-ess - 
WARN [2020-12-05 20:51:28] Davie: Tail Effective Samples Size (ESS) is too low, indicating posterior variances and tail quantiles may be unreliable.
Running the chains for more iterations may help. See
http://mc-stan.org/misc/warnings.html#tail-ess - 
WARN [2020-12-05 20:51:46] Alleghany (chain: 1): There were 54 divergent transitions after warmup. See
http://mc-stan.org/misc/warnings.html#divergent-transitions-after-warmup
to find out why this is a problem and how to eliminate them. - 
WARN [2020-12-05 20:51:46] Alleghany (chain: 1): Examine the pairs() plot to diagnose sampling problems
 - 
INFO [2020-12-05 20:52:25] Completed estimates for: Alleghany
INFO [2020-12-05 20:52:29] Initialising estimates for: Halifax
WARN [2020-12-05 20:57:56] Halifax: There were 50 transitions after warmup that exceeded the maximum treedepth. Increase max_treedepth above 13. See
http://mc-stan.org/misc/warnings.html#maximum-treedepth-exceeded - 
WARN [2020-12-05 20:57:56] Halifax: Examine the pairs() plot to diagnose sampling problems
 - 
WARN [2020-12-05 20:57:57] Halifax: The largest R-hat is 2.11, indicating chains have not mixed.
Running the chains for more iterations may help. See
http://mc-stan.org/misc/warnings.html#r-hat - 
WARN [2020-12-05 20:57:57] Halifax: Bulk Effective Samples Size (ESS) is too low, indicating posterior means and medians may be unreliable.
Running the chains for more iterations may help. See
http://mc-stan.org/misc/warnings.html#bulk-ess - 
WARN [2020-12-05 20:57:58] Halifax: Tail Effective Samples Size (ESS) is too low, indicating posterior variances and tail quantiles may be unreliable.
Running the chains for more iterations may help. See
http://mc-stan.org/misc/warnings.html#tail-ess - 
WARN [2020-12-05 21:00:30] Duplin (chain: 1): There were 8 divergent transitions after warmup. See
http://mc-stan.org/misc/warnings.html#divergent-transitions-after-warmup
to find out why this is a problem and how to eliminate them. - 
WARN [2020-12-05 21:00:30] Duplin (chain: 1): Examine the pairs() plot to diagnose sampling problems
 - 
INFO [2020-12-05 21:01:14] Completed estimates for: Duplin
INFO [2020-12-05 21:01:21] Initialising estimates for: Lee
WARN [2020-12-05 21:04:35] Carteret (chain: 1): There were 19 divergent transitions after warmup. See
http://mc-stan.org/misc/warnings.html#divergent-transitions-after-warmup
to find out why this is a problem and how to eliminate them. - 
WARN [2020-12-05 21:04:35] Carteret (chain: 1): Examine the pairs() plot to diagnose sampling problems
 - 
WARN [2020-12-05 21:05:08] Davie (chain: 1): There were 24 divergent transitions after warmup. See
http://mc-stan.org/misc/warnings.html#divergent-transitions-after-warmup
to find out why this is a problem and how to eliminate them. - 
WARN [2020-12-05 21:05:08] Davie (chain: 1): Examine the pairs() plot to diagnose sampling problems
 - 
INFO [2020-12-05 21:05:12] Completed estimates for: Carteret
INFO [2020-12-05 21:05:17] Initialising estimates for: Transylvania
INFO [2020-12-05 21:05:36] Completed estimates for: Davie
INFO [2020-12-05 21:05:40] Initialising estimates for: Chatham
WARN [2020-12-05 21:06:06] Lee: There were 50 transitions after warmup that exceeded the maximum treedepth. Increase max_treedepth above 13. See
http://mc-stan.org/misc/warnings.html#maximum-treedepth-exceeded - 
WARN [2020-12-05 21:06:06] Lee: Examine the pairs() plot to diagnose sampling problems
 - 
WARN [2020-12-05 21:06:07] Lee: The largest R-hat is 2.11, indicating chains have not mixed.
Running the chains for more iterations may help. See
http://mc-stan.org/misc/warnings.html#r-hat - 
WARN [2020-12-05 21:06:07] Lee: Bulk Effective Samples Size (ESS) is too low, indicating posterior means and medians may be unreliable.
Running the chains for more iterations may help. See
http://mc-stan.org/misc/warnings.html#bulk-ess - 
WARN [2020-12-05 21:06:09] Lee: Tail Effective Samples Size (ESS) is too low, indicating posterior variances and tail quantiles may be unreliable.
Running the chains for more iterations may help. See
http://mc-stan.org/misc/warnings.html#tail-ess - 
WARN [2020-12-05 21:09:12] Transylvania: There were 50 transitions after warmup that exceeded the maximum treedepth. Increase max_treedepth above 13. See
http://mc-stan.org/misc/warnings.html#maximum-treedepth-exceeded - 
WARN [2020-12-05 21:09:12] Transylvania: Examine the pairs() plot to diagnose sampling problems
 - 
WARN [2020-12-05 21:09:13] Transylvania: The largest R-hat is 2.11, indicating chains have not mixed.
Running the chains for more iterations may help. See
http://mc-stan.org/misc/warnings.html#r-hat - 
WARN [2020-12-05 21:09:14] Transylvania: Bulk Effective Samples Size (ESS) is too low, indicating posterior means and medians may be unreliable.
Running the chains for more iterations may help. See
http://mc-stan.org/misc/warnings.html#bulk-ess - 
WARN [2020-12-05 21:09:15] Transylvania: Tail Effective Samples Size (ESS) is too low, indicating posterior variances and tail quantiles may be unreliable.
Running the chains for more iterations may help. See
http://mc-stan.org/misc/warnings.html#tail-ess - 
WARN [2020-12-05 21:09:51] Chatham: There were 50 transitions after warmup that exceeded the maximum treedepth. Increase max_treedepth above 13. See
http://mc-stan.org/misc/warnings.html#maximum-treedepth-exceeded - 
WARN [2020-12-05 21:09:51] Chatham: Examine the pairs() plot to diagnose sampling problems
 - 
WARN [2020-12-05 21:09:52] Chatham: The largest R-hat is 1.84, indicating chains have not mixed.
Running the chains for more iterations may help. See
http://mc-stan.org/misc/warnings.html#r-hat - 
WARN [2020-12-05 21:09:54] Chatham: Bulk Effective Samples Size (ESS) is too low, indicating posterior means and medians may be unreliable.
Running the chains for more iterations may help. See
http://mc-stan.org/misc/warnings.html#bulk-ess - 
WARN [2020-12-05 21:09:56] Chatham: Tail Effective Samples Size (ESS) is too low, indicating posterior variances and tail quantiles may be unreliable.
Running the chains for more iterations may help. See
http://mc-stan.org/misc/warnings.html#tail-ess - 
WARN [2020-12-05 21:13:33] Halifax (chain: 1): There were 16 divergent transitions after warmup. See
http://mc-stan.org/misc/warnings.html#divergent-transitions-after-warmup
to find out why this is a problem and how to eliminate them. - 
WARN [2020-12-05 21:13:33] Halifax (chain: 1): Examine the pairs() plot to diagnose sampling problems
 - 
INFO [2020-12-05 21:14:16] Completed estimates for: Halifax
INFO [2020-12-05 21:14:21] Initialising estimates for: Cherokee
WARN [2020-12-05 21:18:50] Transylvania (chain: 1): There were 68 divergent transitions after warmup. See
http://mc-stan.org/misc/warnings.html#divergent-transitions-after-warmup
to find out why this is a problem and how to eliminate them. - 
WARN [2020-12-05 21:18:50] Transylvania (chain: 1): Examine the pairs() plot to diagnose sampling problems
 - 
INFO [2020-12-05 21:19:27] Completed estimates for: Transylvania
WARN [2020-12-05 21:19:28] Cherokee: There were 50 transitions after warmup that exceeded the maximum treedepth. Increase max_treedepth above 13. See
http://mc-stan.org/misc/warnings.html#maximum-treedepth-exceeded - 
WARN [2020-12-05 21:19:28] Cherokee: Examine the pairs() plot to diagnose sampling problems
 - 
WARN [2020-12-05 21:19:30] Cherokee: The largest R-hat is 1.99, indicating chains have not mixed.
Running the chains for more iterations may help. See
http://mc-stan.org/misc/warnings.html#r-hat - 
WARN [2020-12-05 21:19:30] Cherokee: Bulk Effective Samples Size (ESS) is too low, indicating posterior means and medians may be unreliable.
Running the chains for more iterations may help. See
http://mc-stan.org/misc/warnings.html#bulk-ess - 
WARN [2020-12-05 21:19:31] Cherokee: Tail Effective Samples Size (ESS) is too low, indicating posterior variances and tail quantiles may be unreliable.
Running the chains for more iterations may help. See
http://mc-stan.org/misc/warnings.html#tail-ess - 
INFO [2020-12-05 21:19:35] Initialising estimates for: Franklin
WARN [2020-12-05 21:24:49] Franklin: There were 50 transitions after warmup that exceeded the maximum treedepth. Increase max_treedepth above 13. See
http://mc-stan.org/misc/warnings.html#maximum-treedepth-exceeded - 
WARN [2020-12-05 21:24:49] Franklin: Examine the pairs() plot to diagnose sampling problems
 - 
WARN [2020-12-05 21:24:49] Franklin: The largest R-hat is 2.11, indicating chains have not mixed.
Running the chains for more iterations may help. See
http://mc-stan.org/misc/warnings.html#r-hat - 
WARN [2020-12-05 21:24:50] Franklin: Bulk Effective Samples Size (ESS) is too low, indicating posterior means and medians may be unreliable.
Running the chains for more iterations may help. See
http://mc-stan.org/misc/warnings.html#bulk-ess - 
WARN [2020-12-05 21:24:52] Franklin: Tail Effective Samples Size (ESS) is too low, indicating posterior variances and tail quantiles may be unreliable.
Running the chains for more iterations may help. See
http://mc-stan.org/misc/warnings.html#tail-ess - 
WARN [2020-12-05 21:27:36] Cherokee (chain: 1): There were 15 divergent transitions after warmup. See
http://mc-stan.org/misc/warnings.html#divergent-transitions-after-warmup
to find out why this is a problem and how to eliminate them. - 
WARN [2020-12-05 21:27:36] Cherokee (chain: 1): Examine the pairs() plot to diagnose sampling problems
 - 
WARN [2020-12-05 21:27:58] Lee (chain: 1): There were 19 divergent transitions after warmup. See
http://mc-stan.org/misc/warnings.html#divergent-transitions-after-warmup
to find out why this is a problem and how to eliminate them. - 
WARN [2020-12-05 21:27:58] Lee (chain: 1): Examine the pairs() plot to diagnose sampling problems
 - 
INFO [2020-12-05 21:28:04] Completed estimates for: Cherokee
WARN [2020-12-05 21:28:09] Lee (chain: 1): Tail Effective Samples Size (ESS) is too low, indicating posterior variances and tail quantiles may be unreliable.
Running the chains for more iterations may help. See
http://mc-stan.org/misc/warnings.html#tail-ess - 
INFO [2020-12-05 21:28:09] Initialising estimates for: Hoke
INFO [2020-12-05 21:28:35] Completed estimates for: Lee
INFO [2020-12-05 21:28:40] Initialising estimates for: Macon
WARN [2020-12-05 21:31:40] Hoke: There were 50 transitions after warmup that exceeded the maximum treedepth. Increase max_treedepth above 13. See
http://mc-stan.org/misc/warnings.html#maximum-treedepth-exceeded - 
WARN [2020-12-05 21:31:40] Hoke: Examine the pairs() plot to diagnose sampling problems
 - 
WARN [2020-12-05 21:31:40] Hoke: The largest R-hat is 1.54, indicating chains have not mixed.
Running the chains for more iterations may help. See
http://mc-stan.org/misc/warnings.html#r-hat - 
WARN [2020-12-05 21:31:42] Hoke: Bulk Effective Samples Size (ESS) is too low, indicating posterior means and medians may be unreliable.
Running the chains for more iterations may help. See
http://mc-stan.org/misc/warnings.html#bulk-ess - 
WARN [2020-12-05 21:31:42] Hoke: Tail Effective Samples Size (ESS) is too low, indicating posterior variances and tail quantiles may be unreliable.
Running the chains for more iterations may help. See
http://mc-stan.org/misc/warnings.html#tail-ess - 
WARN [2020-12-05 21:32:35] Macon: There were 50 transitions after warmup that exceeded the maximum treedepth. Increase max_treedepth above 13. See
http://mc-stan.org/misc/warnings.html#maximum-treedepth-exceeded - 
WARN [2020-12-05 21:32:35] Macon: Examine the pairs() plot to diagnose sampling problems
 - 
WARN [2020-12-05 21:32:36] Macon: The largest R-hat is 2.07, indicating chains have not mixed.
Running the chains for more iterations may help. See
http://mc-stan.org/misc/warnings.html#r-hat - 
WARN [2020-12-05 21:32:38] Macon: Bulk Effective Samples Size (ESS) is too low, indicating posterior means and medians may be unreliable.
Running the chains for more iterations may help. See
http://mc-stan.org/misc/warnings.html#bulk-ess - 
WARN [2020-12-05 21:32:39] Macon: Tail Effective Samples Size (ESS) is too low, indicating posterior variances and tail quantiles may be unreliable.
Running the chains for more iterations may help. See
http://mc-stan.org/misc/warnings.html#tail-ess - 
WARN [2020-12-05 21:34:55] Chatham (chain: 1): There were 195 divergent transitions after warmup. See
http://mc-stan.org/misc/warnings.html#divergent-transitions-after-warmup
to find out why this is a problem and how to eliminate them. - 
WARN [2020-12-05 21:34:55] Chatham (chain: 1): Examine the pairs() plot to diagnose sampling problems
 - 
WARN [2020-12-05 21:34:59] Chatham (chain: 1): The largest R-hat is 1.06, indicating chains have not mixed.
Running the chains for more iterations may help. See
http://mc-stan.org/misc/warnings.html#r-hat - 
WARN [2020-12-05 21:35:04] Chatham (chain: 1): Bulk Effective Samples Size (ESS) is too low, indicating posterior means and medians may be unreliable.
Running the chains for more iterations may help. See
http://mc-stan.org/misc/warnings.html#bulk-ess - 
WARN [2020-12-05 21:35:09] Chatham (chain: 1): Tail Effective Samples Size (ESS) is too low, indicating posterior variances and tail quantiles may be unreliable.
Running the chains for more iterations may help. See
http://mc-stan.org/misc/warnings.html#tail-ess - 
INFO [2020-12-05 21:35:38] Completed estimates for: Chatham
INFO [2020-12-05 21:35:42] Initialising estimates for: Person
WARN [2020-12-05 21:36:10] Franklin (chain: 1): There were 46 divergent transitions after warmup. See
http://mc-stan.org/misc/warnings.html#divergent-transitions-after-warmup
to find out why this is a problem and how to eliminate them. - 
WARN [2020-12-05 21:36:10] Franklin (chain: 1): Examine the pairs() plot to diagnose sampling problems
 - 
INFO [2020-12-05 21:36:51] Completed estimates for: Franklin
INFO [2020-12-05 21:36:58] Initialising estimates for: Sampson
WARN [2020-12-05 21:40:03] Person: There were 50 transitions after warmup that exceeded the maximum treedepth. Increase max_treedepth above 13. See
http://mc-stan.org/misc/warnings.html#maximum-treedepth-exceeded - 
WARN [2020-12-05 21:40:03] Person: Examine the pairs() plot to diagnose sampling problems
 - 
WARN [2020-12-05 21:40:03] Person: The largest R-hat is 1.88, indicating chains have not mixed.
Running the chains for more iterations may help. See
http://mc-stan.org/misc/warnings.html#r-hat - 
WARN [2020-12-05 21:40:05] Person: Bulk Effective Samples Size (ESS) is too low, indicating posterior means and medians may be unreliable.
Running the chains for more iterations may help. See
http://mc-stan.org/misc/warnings.html#bulk-ess - 
WARN [2020-12-05 21:40:05] Person: Tail Effective Samples Size (ESS) is too low, indicating posterior variances and tail quantiles may be unreliable.
Running the chains for more iterations may help. See
http://mc-stan.org/misc/warnings.html#tail-ess - 
WARN [2020-12-05 21:40:35] Macon (chain: 1): There were 73 divergent transitions after warmup. See
http://mc-stan.org/misc/warnings.html#divergent-transitions-after-warmup
to find out why this is a problem and how to eliminate them. - 
WARN [2020-12-05 21:40:35] Macon (chain: 1): Examine the pairs() plot to diagnose sampling problems
 - 
INFO [2020-12-05 21:41:16] Completed estimates for: Macon
INFO [2020-12-05 21:41:20] Initialising estimates for: Stokes
WARN [2020-12-05 21:41:44] Sampson: There were 50 transitions after warmup that exceeded the maximum treedepth. Increase max_treedepth above 13. See
http://mc-stan.org/misc/warnings.html#maximum-treedepth-exceeded - 
WARN [2020-12-05 21:41:44] Sampson: Examine the pairs() plot to diagnose sampling problems
 - 
WARN [2020-12-05 21:41:44] Sampson: The largest R-hat is 2.11, indicating chains have not mixed.
Running the chains for more iterations may help. See
http://mc-stan.org/misc/warnings.html#r-hat - 
WARN [2020-12-05 21:41:45] Sampson: Bulk Effective Samples Size (ESS) is too low, indicating posterior means and medians may be unreliable.
Running the chains for more iterations may help. See
http://mc-stan.org/misc/warnings.html#bulk-ess - 
WARN [2020-12-05 21:41:45] Sampson: Tail Effective Samples Size (ESS) is too low, indicating posterior variances and tail quantiles may be unreliable.
Running the chains for more iterations may help. See
http://mc-stan.org/misc/warnings.html#tail-ess - 
WARN [2020-12-05 21:45:25] Hoke (chain: 1): There were 24 divergent transitions after warmup. See
http://mc-stan.org/misc/warnings.html#divergent-transitions-after-warmup
to find out why this is a problem and how to eliminate them. - 
WARN [2020-12-05 21:45:25] Hoke (chain: 1): Examine the pairs() plot to diagnose sampling problems
 - 
INFO [2020-12-05 21:46:08] Completed estimates for: Hoke
INFO [2020-12-05 21:46:15] Initialising estimates for: Avery
WARN [2020-12-05 21:46:35] Stokes: There were 50 transitions after warmup that exceeded the maximum treedepth. Increase max_treedepth above 13. See
http://mc-stan.org/misc/warnings.html#maximum-treedepth-exceeded - 
WARN [2020-12-05 21:46:35] Stokes: Examine the pairs() plot to diagnose sampling problems
 - 
WARN [2020-12-05 21:46:36] Stokes: The largest R-hat is 2, indicating chains have not mixed.
Running the chains for more iterations may help. See
http://mc-stan.org/misc/warnings.html#r-hat - 
WARN [2020-12-05 21:46:36] Stokes: Bulk Effective Samples Size (ESS) is too low, indicating posterior means and medians may be unreliable.
Running the chains for more iterations may help. See
http://mc-stan.org/misc/warnings.html#bulk-ess - 
WARN [2020-12-05 21:46:37] Stokes: Tail Effective Samples Size (ESS) is too low, indicating posterior variances and tail quantiles may be unreliable.
Running the chains for more iterations may help. See
http://mc-stan.org/misc/warnings.html#tail-ess - 
WARN [2020-12-05 21:52:02] Avery: There were 50 transitions after warmup that exceeded the maximum treedepth. Increase max_treedepth above 13. See
http://mc-stan.org/misc/warnings.html#maximum-treedepth-exceeded - 
WARN [2020-12-05 21:52:02] Avery: Examine the pairs() plot to diagnose sampling problems
 - 
WARN [2020-12-05 21:52:03] Avery: The largest R-hat is 1.28, indicating chains have not mixed.
Running the chains for more iterations may help. See
http://mc-stan.org/misc/warnings.html#r-hat - 
WARN [2020-12-05 21:52:03] Avery: Bulk Effective Samples Size (ESS) is too low, indicating posterior means and medians may be unreliable.
Running the chains for more iterations may help. See
http://mc-stan.org/misc/warnings.html#bulk-ess - 
WARN [2020-12-05 21:52:04] Avery: Tail Effective Samples Size (ESS) is too low, indicating posterior variances and tail quantiles may be unreliable.
Running the chains for more iterations may help. See
http://mc-stan.org/misc/warnings.html#tail-ess - 
WARN [2020-12-05 21:52:07] Sampson (chain: 1): There were 15 divergent transitions after warmup. See
http://mc-stan.org/misc/warnings.html#divergent-transitions-after-warmup
to find out why this is a problem and how to eliminate them. - 
WARN [2020-12-05 21:52:07] Sampson (chain: 1): Examine the pairs() plot to diagnose sampling problems
 - 
INFO [2020-12-05 21:52:45] Completed estimates for: Sampson
INFO [2020-12-05 21:52:49] Initialising estimates for: Columbus
WARN [2020-12-05 21:53:17] Person (chain: 1): There were 27 divergent transitions after warmup. See
http://mc-stan.org/misc/warnings.html#divergent-transitions-after-warmup
to find out why this is a problem and how to eliminate them. - 
WARN [2020-12-05 21:53:17] Person (chain: 1): Examine the pairs() plot to diagnose sampling problems
 - 
INFO [2020-12-05 21:53:56] Completed estimates for: Person
INFO [2020-12-05 21:54:01] Initialising estimates for: Pasquotank
WARN [2020-12-05 21:54:46] Stokes (chain: 1): There were 39 divergent transitions after warmup. See
http://mc-stan.org/misc/warnings.html#divergent-transitions-after-warmup
to find out why this is a problem and how to eliminate them. - 
WARN [2020-12-05 21:54:46] Stokes (chain: 1): Examine the pairs() plot to diagnose sampling problems
 - 
INFO [2020-12-05 21:55:14] Completed estimates for: Stokes
INFO [2020-12-05 21:55:19] Initialising estimates for: Polk
WARN [2020-12-05 21:57:09] Columbus: There were 50 transitions after warmup that exceeded the maximum treedepth. Increase max_treedepth above 13. See
http://mc-stan.org/misc/warnings.html#maximum-treedepth-exceeded - 
WARN [2020-12-05 21:57:09] Columbus: Examine the pairs() plot to diagnose sampling problems
 - 
WARN [2020-12-05 21:57:10] Columbus: The largest R-hat is 2.11, indicating chains have not mixed.
Running the chains for more iterations may help. See
http://mc-stan.org/misc/warnings.html#r-hat - 
WARN [2020-12-05 21:57:10] Columbus: Bulk Effective Samples Size (ESS) is too low, indicating posterior means and medians may be unreliable.
Running the chains for more iterations may help. See
http://mc-stan.org/misc/warnings.html#bulk-ess - 
WARN [2020-12-05 21:57:11] Columbus: Tail Effective Samples Size (ESS) is too low, indicating posterior variances and tail quantiles may be unreliable.
Running the chains for more iterations may help. See
http://mc-stan.org/misc/warnings.html#tail-ess - 
WARN [2020-12-05 21:58:01] Pasquotank: There were 50 transitions after warmup that exceeded the maximum treedepth. Increase max_treedepth above 13. See
http://mc-stan.org/misc/warnings.html#maximum-treedepth-exceeded - 
WARN [2020-12-05 21:58:01] Pasquotank: Examine the pairs() plot to diagnose sampling problems
 - 
WARN [2020-12-05 21:58:02] Pasquotank: The largest R-hat is 2.09, indicating chains have not mixed.
Running the chains for more iterations may help. See
http://mc-stan.org/misc/warnings.html#r-hat - 
WARN [2020-12-05 21:58:02] Pasquotank: Bulk Effective Samples Size (ESS) is too low, indicating posterior means and medians may be unreliable.
Running the chains for more iterations may help. See
http://mc-stan.org/misc/warnings.html#bulk-ess - 
WARN [2020-12-05 21:58:03] Pasquotank: Tail Effective Samples Size (ESS) is too low, indicating posterior variances and tail quantiles may be unreliable.
Running the chains for more iterations may help. See
http://mc-stan.org/misc/warnings.html#tail-ess - 
WARN [2020-12-05 22:00:22] Polk: There were 50 transitions after warmup that exceeded the maximum treedepth. Increase max_treedepth above 13. See
http://mc-stan.org/misc/warnings.html#maximum-treedepth-exceeded - 
WARN [2020-12-05 22:00:22] Polk: Examine the pairs() plot to diagnose sampling problems
 - 
WARN [2020-12-05 22:00:23] Polk: The largest R-hat is 1.94, indicating chains have not mixed.
Running the chains for more iterations may help. See
http://mc-stan.org/misc/warnings.html#r-hat - 
WARN [2020-12-05 22:00:23] Polk: Bulk Effective Samples Size (ESS) is too low, indicating posterior means and medians may be unreliable.
Running the chains for more iterations may help. See
http://mc-stan.org/misc/warnings.html#bulk-ess - 
WARN [2020-12-05 22:00:24] Polk: Tail Effective Samples Size (ESS) is too low, indicating posterior variances and tail quantiles may be unreliable.
Running the chains for more iterations may help. See
http://mc-stan.org/misc/warnings.html#tail-ess - 
WARN [2020-12-05 22:02:03] Avery (chain: 1): There were 67 divergent transitions after warmup. See
http://mc-stan.org/misc/warnings.html#divergent-transitions-after-warmup
to find out why this is a problem and how to eliminate them. - 
WARN [2020-12-05 22:02:03] Avery (chain: 1): Examine the pairs() plot to diagnose sampling problems
 - 
INFO [2020-12-05 22:02:50] Completed estimates for: Avery
INFO [2020-12-05 22:02:55] Initialising estimates for: McDowell
WARN [2020-12-05 22:06:23] Pasquotank (chain: 1): There were 22 divergent transitions after warmup. See
http://mc-stan.org/misc/warnings.html#divergent-transitions-after-warmup
to find out why this is a problem and how to eliminate them. - 
WARN [2020-12-05 22:06:23] Pasquotank (chain: 1): Examine the pairs() plot to diagnose sampling problems
 - 
INFO [2020-12-05 22:07:07] Completed estimates for: Pasquotank
INFO [2020-12-05 22:07:11] Initialising estimates for: Rockingham
WARN [2020-12-05 22:07:57] McDowell: There were 50 transitions after warmup that exceeded the maximum treedepth. Increase max_treedepth above 13. See
http://mc-stan.org/misc/warnings.html#maximum-treedepth-exceeded - 
WARN [2020-12-05 22:07:57] McDowell: Examine the pairs() plot to diagnose sampling problems
 - 
WARN [2020-12-05 22:07:58] McDowell: The largest R-hat is 2, indicating chains have not mixed.
Running the chains for more iterations may help. See
http://mc-stan.org/misc/warnings.html#r-hat - 
WARN [2020-12-05 22:07:58] McDowell: Bulk Effective Samples Size (ESS) is too low, indicating posterior means and medians may be unreliable.
Running the chains for more iterations may help. See
http://mc-stan.org/misc/warnings.html#bulk-ess - 
WARN [2020-12-05 22:08:00] McDowell: Tail Effective Samples Size (ESS) is too low, indicating posterior variances and tail quantiles may be unreliable.
Running the chains for more iterations may help. See
http://mc-stan.org/misc/warnings.html#tail-ess - 
WARN [2020-12-05 22:12:06] Polk (chain: 1): There were 92 divergent transitions after warmup. See
http://mc-stan.org/misc/warnings.html#divergent-transitions-after-warmup
to find out why this is a problem and how to eliminate them. - 
WARN [2020-12-05 22:12:06] Polk (chain: 1): Examine the pairs() plot to diagnose sampling problems
 - 
WARN [2020-12-05 22:12:09] Rockingham: There were 50 transitions after warmup that exceeded the maximum treedepth. Increase max_treedepth above 13. See
http://mc-stan.org/misc/warnings.html#maximum-treedepth-exceeded - 
WARN [2020-12-05 22:12:09] Rockingham: Examine the pairs() plot to diagnose sampling problems
 - 
WARN [2020-12-05 22:12:09] Rockingham: The largest R-hat is 2.1, indicating chains have not mixed.
Running the chains for more iterations may help. See
http://mc-stan.org/misc/warnings.html#r-hat - 
WARN [2020-12-05 22:12:10] Rockingham: Bulk Effective Samples Size (ESS) is too low, indicating posterior means and medians may be unreliable.
Running the chains for more iterations may help. See
http://mc-stan.org/misc/warnings.html#bulk-ess - 
WARN [2020-12-05 22:12:12] Rockingham: Tail Effective Samples Size (ESS) is too low, indicating posterior variances and tail quantiles may be unreliable.
Running the chains for more iterations may help. See
http://mc-stan.org/misc/warnings.html#tail-ess - 
WARN [2020-12-05 22:12:12] Polk (chain: 1): Bulk Effective Samples Size (ESS) is too low, indicating posterior means and medians may be unreliable.
Running the chains for more iterations may help. See
http://mc-stan.org/misc/warnings.html#bulk-ess - 
WARN [2020-12-05 22:12:16] Polk (chain: 1): Tail Effective Samples Size (ESS) is too low, indicating posterior variances and tail quantiles may be unreliable.
Running the chains for more iterations may help. See
http://mc-stan.org/misc/warnings.html#tail-ess - 
INFO [2020-12-05 22:12:43] Completed estimates for: Polk
INFO [2020-12-05 22:12:48] Initialising estimates for: Wilkes
WARN [2020-12-05 22:15:52] Columbus (chain: 1): There were 16 divergent transitions after warmup. See
http://mc-stan.org/misc/warnings.html#divergent-transitions-after-warmup
to find out why this is a problem and how to eliminate them. - 
WARN [2020-12-05 22:15:52] Columbus (chain: 1): Examine the pairs() plot to diagnose sampling problems
 - 
INFO [2020-12-05 22:16:20] Completed estimates for: Columbus
INFO [2020-12-05 22:16:25] Initialising estimates for: Brunswick
WARN [2020-12-05 22:17:20] Wilkes: There were 50 transitions after warmup that exceeded the maximum treedepth. Increase max_treedepth above 13. See
http://mc-stan.org/misc/warnings.html#maximum-treedepth-exceeded - 
WARN [2020-12-05 22:17:20] Wilkes: Examine the pairs() plot to diagnose sampling problems
 - 
WARN [2020-12-05 22:17:21] Wilkes: The largest R-hat is 2.11, indicating chains have not mixed.
Running the chains for more iterations may help. See
http://mc-stan.org/misc/warnings.html#r-hat - 
WARN [2020-12-05 22:17:21] Wilkes: Bulk Effective Samples Size (ESS) is too low, indicating posterior means and medians may be unreliable.
Running the chains for more iterations may help. See
http://mc-stan.org/misc/warnings.html#bulk-ess - 
WARN [2020-12-05 22:17:21] McDowell (chain: 1): There were 23 divergent transitions after warmup. See
http://mc-stan.org/misc/warnings.html#divergent-transitions-after-warmup
to find out why this is a problem and how to eliminate them. - 
WARN [2020-12-05 22:17:21] McDowell (chain: 1): Examine the pairs() plot to diagnose sampling problems
 - 
WARN [2020-12-05 22:17:23] Wilkes: Tail Effective Samples Size (ESS) is too low, indicating posterior variances and tail quantiles may be unreliable.
Running the chains for more iterations may help. See
http://mc-stan.org/misc/warnings.html#tail-ess - 
INFO [2020-12-05 22:18:02] Completed estimates for: McDowell
INFO [2020-12-05 22:18:07] Initialising estimates for: Vance
WARN [2020-12-05 22:19:09] Rockingham (chain: 1): There were 92 divergent transitions after warmup. See
http://mc-stan.org/misc/warnings.html#divergent-transitions-after-warmup
to find out why this is a problem and how to eliminate them. - 
WARN [2020-12-05 22:19:09] Rockingham (chain: 1): Examine the pairs() plot to diagnose sampling problems
 - 
WARN [2020-12-05 22:19:18] Rockingham (chain: 1): Bulk Effective Samples Size (ESS) is too low, indicating posterior means and medians may be unreliable.
Running the chains for more iterations may help. See
http://mc-stan.org/misc/warnings.html#bulk-ess - 
WARN [2020-12-05 22:19:23] Rockingham (chain: 1): Tail Effective Samples Size (ESS) is too low, indicating posterior variances and tail quantiles may be unreliable.
Running the chains for more iterations may help. See
http://mc-stan.org/misc/warnings.html#tail-ess - 
INFO [2020-12-05 22:19:50] Completed estimates for: Rockingham
INFO [2020-12-05 22:19:58] Initialising estimates for: Beaufort
WARN [2020-12-05 22:20:21] Brunswick: There were 50 transitions after warmup that exceeded the maximum treedepth. Increase max_treedepth above 13. See
http://mc-stan.org/misc/warnings.html#maximum-treedepth-exceeded - 
WARN [2020-12-05 22:20:21] Brunswick: Examine the pairs() plot to diagnose sampling problems
 - 
WARN [2020-12-05 22:20:22] Brunswick: The largest R-hat is 1.95, indicating chains have not mixed.
Running the chains for more iterations may help. See
http://mc-stan.org/misc/warnings.html#r-hat - 
WARN [2020-12-05 22:20:25] Brunswick: Bulk Effective Samples Size (ESS) is too low, indicating posterior means and medians may be unreliable.
Running the chains for more iterations may help. See
http://mc-stan.org/misc/warnings.html#bulk-ess - 
WARN [2020-12-05 22:20:26] Brunswick: Tail Effective Samples Size (ESS) is too low, indicating posterior variances and tail quantiles may be unreliable.
Running the chains for more iterations may help. See
http://mc-stan.org/misc/warnings.html#tail-ess - 
WARN [2020-12-05 22:22:22] Vance: There were 1 divergent transitions after warmup. See
http://mc-stan.org/misc/warnings.html#divergent-transitions-after-warmup
to find out why this is a problem and how to eliminate them. - 
WARN [2020-12-05 22:22:22] Vance: There were 49 transitions after warmup that exceeded the maximum treedepth. Increase max_treedepth above 13. See
http://mc-stan.org/misc/warnings.html#maximum-treedepth-exceeded - 
WARN [2020-12-05 22:22:22] Vance: Examine the pairs() plot to diagnose sampling problems
 - 
WARN [2020-12-05 22:22:22] Vance: The largest R-hat is 1.39, indicating chains have not mixed.
Running the chains for more iterations may help. See
http://mc-stan.org/misc/warnings.html#r-hat - 
WARN [2020-12-05 22:22:25] Vance: Bulk Effective Samples Size (ESS) is too low, indicating posterior means and medians may be unreliable.
Running the chains for more iterations may help. See
http://mc-stan.org/misc/warnings.html#bulk-ess - 
WARN [2020-12-05 22:22:26] Vance: Tail Effective Samples Size (ESS) is too low, indicating posterior variances and tail quantiles may be unreliable.
Running the chains for more iterations may help. See
http://mc-stan.org/misc/warnings.html#tail-ess - 
WARN [2020-12-05 22:24:18] Beaufort: There were 44 transitions after warmup that exceeded the maximum treedepth. Increase max_treedepth above 13. See
http://mc-stan.org/misc/warnings.html#maximum-treedepth-exceeded - 
WARN [2020-12-05 22:24:18] Beaufort: Examine the pairs() plot to diagnose sampling problems
 - 
WARN [2020-12-05 22:24:18] Beaufort: The largest R-hat is 1.56, indicating chains have not mixed.
Running the chains for more iterations may help. See
http://mc-stan.org/misc/warnings.html#r-hat - 
WARN [2020-12-05 22:24:19] Beaufort: Bulk Effective Samples Size (ESS) is too low, indicating posterior means and medians may be unreliable.
Running the chains for more iterations may help. See
http://mc-stan.org/misc/warnings.html#bulk-ess - 
WARN [2020-12-05 22:24:20] Beaufort: Tail Effective Samples Size (ESS) is too low, indicating posterior variances and tail quantiles may be unreliable.
Running the chains for more iterations may help. See
http://mc-stan.org/misc/warnings.html#tail-ess - 
WARN [2020-12-05 22:39:34] Brunswick (chain: 1): There were 7 divergent transitions after warmup. See
http://mc-stan.org/misc/warnings.html#divergent-transitions-after-warmup
to find out why this is a problem and how to eliminate them. - 
WARN [2020-12-05 22:39:34] Brunswick (chain: 1): Examine the pairs() plot to diagnose sampling problems
 - 
INFO [2020-12-05 22:40:02] Completed estimates for: Brunswick
INFO [2020-12-05 22:40:06] Initialising estimates for: Richmond
WARN [2020-12-05 22:40:13] Beaufort (chain: 1): There were 10 divergent transitions after warmup. See
http://mc-stan.org/misc/warnings.html#divergent-transitions-after-warmup
to find out why this is a problem and how to eliminate them. - 
WARN [2020-12-05 22:40:13] Beaufort (chain: 1): Examine the pairs() plot to diagnose sampling problems
 - 
INFO [2020-12-05 22:40:42] Completed estimates for: Beaufort
INFO [2020-12-05 22:40:48] Initialising estimates for: Bladen
WARN [2020-12-05 22:43:06] Richmond: There were 2 divergent transitions after warmup. See
http://mc-stan.org/misc/warnings.html#divergent-transitions-after-warmup
to find out why this is a problem and how to eliminate them. - 
WARN [2020-12-05 22:43:06] Richmond: There were 43 transitions after warmup that exceeded the maximum treedepth. Increase max_treedepth above 13. See
http://mc-stan.org/misc/warnings.html#maximum-treedepth-exceeded - 
WARN [2020-12-05 22:43:06] Richmond: Examine the pairs() plot to diagnose sampling problems
 - 
WARN [2020-12-05 22:43:07] Richmond: The largest R-hat is 2.09, indicating chains have not mixed.
Running the chains for more iterations may help. See
http://mc-stan.org/misc/warnings.html#r-hat - 
WARN [2020-12-05 22:43:07] Richmond: Bulk Effective Samples Size (ESS) is too low, indicating posterior means and medians may be unreliable.
Running the chains for more iterations may help. See
http://mc-stan.org/misc/warnings.html#bulk-ess - 
WARN [2020-12-05 22:43:08] Richmond: Tail Effective Samples Size (ESS) is too low, indicating posterior variances and tail quantiles may be unreliable.
Running the chains for more iterations may help. See
http://mc-stan.org/misc/warnings.html#tail-ess - 
WARN [2020-12-05 22:43:08] Wilkes (chain: 1): There were 19 divergent transitions after warmup. See
http://mc-stan.org/misc/warnings.html#divergent-transitions-after-warmup
to find out why this is a problem and how to eliminate them. - 
WARN [2020-12-05 22:43:08] Wilkes (chain: 1): Examine the pairs() plot to diagnose sampling problems
 - 
WARN [2020-12-05 22:43:32] Vance (chain: 1): There were 5 divergent transitions after warmup. See
http://mc-stan.org/misc/warnings.html#divergent-transitions-after-warmup
to find out why this is a problem and how to eliminate them. - 
WARN [2020-12-05 22:43:32] Vance (chain: 1): Examine the pairs() plot to diagnose sampling problems
 - 
INFO [2020-12-05 22:43:45] Completed estimates for: Wilkes
INFO [2020-12-05 22:43:50] Initialising estimates for: Caldwell
INFO [2020-12-05 22:44:05] Completed estimates for: Vance
INFO [2020-12-05 22:44:11] Initialising estimates for: Montgomery
WARN [2020-12-05 22:44:20] Bladen: There were 50 transitions after warmup that exceeded the maximum treedepth. Increase max_treedepth above 13. See
http://mc-stan.org/misc/warnings.html#maximum-treedepth-exceeded - 
WARN [2020-12-05 22:44:20] Bladen: Examine the pairs() plot to diagnose sampling problems
 - 
WARN [2020-12-05 22:44:21] Bladen: The largest R-hat is 2.11, indicating chains have not mixed.
Running the chains for more iterations may help. See
http://mc-stan.org/misc/warnings.html#r-hat - 
WARN [2020-12-05 22:44:21] Bladen: Bulk Effective Samples Size (ESS) is too low, indicating posterior means and medians may be unreliable.
Running the chains for more iterations may help. See
http://mc-stan.org/misc/warnings.html#bulk-ess - 
WARN [2020-12-05 22:44:23] Bladen: Tail Effective Samples Size (ESS) is too low, indicating posterior variances and tail quantiles may be unreliable.
Running the chains for more iterations may help. See
http://mc-stan.org/misc/warnings.html#tail-ess - 
WARN [2020-12-05 22:48:31] Montgomery: There were 49 transitions after warmup that exceeded the maximum treedepth. Increase max_treedepth above 13. See
http://mc-stan.org/misc/warnings.html#maximum-treedepth-exceeded - 
WARN [2020-12-05 22:48:31] Montgomery: Examine the pairs() plot to diagnose sampling problems
 - 
WARN [2020-12-05 22:48:31] Montgomery: The largest R-hat is 1.97, indicating chains have not mixed.
Running the chains for more iterations may help. See
http://mc-stan.org/misc/warnings.html#r-hat - 
WARN [2020-12-05 22:48:31] Montgomery: Bulk Effective Samples Size (ESS) is too low, indicating posterior means and medians may be unreliable.
Running the chains for more iterations may help. See
http://mc-stan.org/misc/warnings.html#bulk-ess - 
WARN [2020-12-05 22:48:32] Montgomery: Tail Effective Samples Size (ESS) is too low, indicating posterior variances and tail quantiles may be unreliable.
Running the chains for more iterations may help. See
http://mc-stan.org/misc/warnings.html#tail-ess - 
WARN [2020-12-05 22:49:09] Caldwell: There were 50 transitions after warmup that exceeded the maximum treedepth. Increase max_treedepth above 13. See
http://mc-stan.org/misc/warnings.html#maximum-treedepth-exceeded - 
WARN [2020-12-05 22:49:09] Caldwell: Examine the pairs() plot to diagnose sampling problems
 - 
WARN [2020-12-05 22:49:09] Caldwell: The largest R-hat is 2.1, indicating chains have not mixed.
Running the chains for more iterations may help. See
http://mc-stan.org/misc/warnings.html#r-hat - 
WARN [2020-12-05 22:49:10] Caldwell: Bulk Effective Samples Size (ESS) is too low, indicating posterior means and medians may be unreliable.
Running the chains for more iterations may help. See
http://mc-stan.org/misc/warnings.html#bulk-ess - 
WARN [2020-12-05 22:49:11] Caldwell: Tail Effective Samples Size (ESS) is too low, indicating posterior variances and tail quantiles may be unreliable.
Running the chains for more iterations may help. See
http://mc-stan.org/misc/warnings.html#tail-ess - 
WARN [2020-12-05 22:59:32] Bladen (chain: 1): There were 66 divergent transitions after warmup. See
http://mc-stan.org/misc/warnings.html#divergent-transitions-after-warmup
to find out why this is a problem and how to eliminate them. - 
WARN [2020-12-05 22:59:32] Bladen (chain: 1): Examine the pairs() plot to diagnose sampling problems
 - 
INFO [2020-12-05 23:00:07] Completed estimates for: Bladen
INFO [2020-12-05 23:00:16] Initialising estimates for: Rutherford
WARN [2020-12-05 23:00:48] Caldwell (chain: 1): There were 32 divergent transitions after warmup. See
http://mc-stan.org/misc/warnings.html#divergent-transitions-after-warmup
to find out why this is a problem and how to eliminate them. - 
WARN [2020-12-05 23:00:48] Caldwell (chain: 1): Examine the pairs() plot to diagnose sampling problems
 - 
INFO [2020-12-05 23:01:21] Completed estimates for: Caldwell
INFO [2020-12-05 23:01:27] Initialising estimates for: Bertie
WARN [2020-12-05 23:01:48] Montgomery (chain: 1): There were 20 divergent transitions after warmup. See
http://mc-stan.org/misc/warnings.html#divergent-transitions-after-warmup
to find out why this is a problem and how to eliminate them. - 
WARN [2020-12-05 23:01:48] Montgomery (chain: 1): Examine the pairs() plot to diagnose sampling problems
 - 
INFO [2020-12-05 23:02:16] Completed estimates for: Montgomery
INFO [2020-12-05 23:02:20] Initialising estimates for: Cabarrus
WARN [2020-12-05 23:03:30] Rutherford: There were 50 transitions after warmup that exceeded the maximum treedepth. Increase max_treedepth above 13. See
http://mc-stan.org/misc/warnings.html#maximum-treedepth-exceeded - 
WARN [2020-12-05 23:03:30] Rutherford: Examine the pairs() plot to diagnose sampling problems
 - 
WARN [2020-12-05 23:03:30] Rutherford: The largest R-hat is 2.08, indicating chains have not mixed.
Running the chains for more iterations may help. See
http://mc-stan.org/misc/warnings.html#r-hat - 
WARN [2020-12-05 23:03:30] Rutherford: Bulk Effective Samples Size (ESS) is too low, indicating posterior means and medians may be unreliable.
Running the chains for more iterations may help. See
http://mc-stan.org/misc/warnings.html#bulk-ess - 
WARN [2020-12-05 23:03:31] Rutherford: Tail Effective Samples Size (ESS) is too low, indicating posterior variances and tail quantiles may be unreliable.
Running the chains for more iterations may help. See
http://mc-stan.org/misc/warnings.html#tail-ess - 
WARN [2020-12-05 23:04:24] Richmond (chain: 1): There were 59 divergent transitions after warmup. See
http://mc-stan.org/misc/warnings.html#divergent-transitions-after-warmup
to find out why this is a problem and how to eliminate them. - 
WARN [2020-12-05 23:04:24] Richmond (chain: 1): Examine the pairs() plot to diagnose sampling problems
 - 
INFO [2020-12-05 23:05:00] Completed estimates for: Richmond
INFO [2020-12-05 23:05:05] Initialising estimates for: Surry
WARN [2020-12-05 23:05:08] Bertie: There were 50 transitions after warmup that exceeded the maximum treedepth. Increase max_treedepth above 13. See
http://mc-stan.org/misc/warnings.html#maximum-treedepth-exceeded - 
WARN [2020-12-05 23:05:08] Bertie: Examine the pairs() plot to diagnose sampling problems
 - 
WARN [2020-12-05 23:05:08] Bertie: The largest R-hat is 1.74, indicating chains have not mixed.
Running the chains for more iterations may help. See
http://mc-stan.org/misc/warnings.html#r-hat - 
WARN [2020-12-05 23:05:08] Bertie: Bulk Effective Samples Size (ESS) is too low, indicating posterior means and medians may be unreliable.
Running the chains for more iterations may help. See
http://mc-stan.org/misc/warnings.html#bulk-ess - 
WARN [2020-12-05 23:05:09] Bertie: Tail Effective Samples Size (ESS) is too low, indicating posterior variances and tail quantiles may be unreliable.
Running the chains for more iterations may help. See
http://mc-stan.org/misc/warnings.html#tail-ess - 
WARN [2020-12-05 23:06:46] Cabarrus: There were 50 transitions after warmup that exceeded the maximum treedepth. Increase max_treedepth above 13. See
http://mc-stan.org/misc/warnings.html#maximum-treedepth-exceeded - 
WARN [2020-12-05 23:06:46] Cabarrus: Examine the pairs() plot to diagnose sampling problems
 - 
WARN [2020-12-05 23:06:46] Cabarrus: The largest R-hat is 2.03, indicating chains have not mixed.
Running the chains for more iterations may help. See
http://mc-stan.org/misc/warnings.html#r-hat - 
WARN [2020-12-05 23:06:47] Cabarrus: Bulk Effective Samples Size (ESS) is too low, indicating posterior means and medians may be unreliable.
Running the chains for more iterations may help. See
http://mc-stan.org/misc/warnings.html#bulk-ess - 
WARN [2020-12-05 23:06:48] Cabarrus: Tail Effective Samples Size (ESS) is too low, indicating posterior variances and tail quantiles may be unreliable.
Running the chains for more iterations may help. See
http://mc-stan.org/misc/warnings.html#tail-ess - 
WARN [2020-12-05 23:10:37] Surry: There were 50 transitions after warmup that exceeded the maximum treedepth. Increase max_treedepth above 13. See
http://mc-stan.org/misc/warnings.html#maximum-treedepth-exceeded - 
WARN [2020-12-05 23:10:37] Surry: Examine the pairs() plot to diagnose sampling problems
 - 
WARN [2020-12-05 23:10:39] Surry: The largest R-hat is 2.11, indicating chains have not mixed.
Running the chains for more iterations may help. See
http://mc-stan.org/misc/warnings.html#r-hat - 
WARN [2020-12-05 23:10:39] Surry: Bulk Effective Samples Size (ESS) is too low, indicating posterior means and medians may be unreliable.
Running the chains for more iterations may help. See
http://mc-stan.org/misc/warnings.html#bulk-ess - 
WARN [2020-12-05 23:10:43] Surry: Tail Effective Samples Size (ESS) is too low, indicating posterior variances and tail quantiles may be unreliable.
Running the chains for more iterations may help. See
http://mc-stan.org/misc/warnings.html#tail-ess - 
WARN [2020-12-05 23:16:52] Rutherford (chain: 1): There were 21 divergent transitions after warmup. See
http://mc-stan.org/misc/warnings.html#divergent-transitions-after-warmup
to find out why this is a problem and how to eliminate them. - 
WARN [2020-12-05 23:16:52] Rutherford (chain: 1): Examine the pairs() plot to diagnose sampling problems
 - 
WARN [2020-12-05 23:17:18] Cabarrus (chain: 1): There were 7 divergent transitions after warmup. See
http://mc-stan.org/misc/warnings.html#divergent-transitions-after-warmup
to find out why this is a problem and how to eliminate them. - 
WARN [2020-12-05 23:17:18] Cabarrus (chain: 1): Examine the pairs() plot to diagnose sampling problems
 - 
INFO [2020-12-05 23:17:29] Completed estimates for: Rutherford
INFO [2020-12-05 23:17:34] Initialising estimates for: Davidson
INFO [2020-12-05 23:17:54] Completed estimates for: Cabarrus
INFO [2020-12-05 23:17:58] Initialising estimates for: Burke
WARN [2020-12-05 23:19:44] Bertie (chain: 1): There were 69 divergent transitions after warmup. See
http://mc-stan.org/misc/warnings.html#divergent-transitions-after-warmup
to find out why this is a problem and how to eliminate them. - 
WARN [2020-12-05 23:19:44] Bertie (chain: 1): Examine the pairs() plot to diagnose sampling problems
 - 
INFO [2020-12-05 23:20:25] Completed estimates for: Bertie
INFO [2020-12-05 23:20:32] Initialising estimates for: Edgecombe
WARN [2020-12-05 23:21:24] Burke: There were 50 transitions after warmup that exceeded the maximum treedepth. Increase max_treedepth above 13. See
http://mc-stan.org/misc/warnings.html#maximum-treedepth-exceeded - 
WARN [2020-12-05 23:21:24] Burke: Examine the pairs() plot to diagnose sampling problems
 - 
WARN [2020-12-05 23:21:24] Burke: The largest R-hat is 1.98, indicating chains have not mixed.
Running the chains for more iterations may help. See
http://mc-stan.org/misc/warnings.html#r-hat - 
WARN [2020-12-05 23:21:24] Burke: Bulk Effective Samples Size (ESS) is too low, indicating posterior means and medians may be unreliable.
Running the chains for more iterations may help. See
http://mc-stan.org/misc/warnings.html#bulk-ess - 
WARN [2020-12-05 23:21:27] Burke: Tail Effective Samples Size (ESS) is too low, indicating posterior variances and tail quantiles may be unreliable.
Running the chains for more iterations may help. See
http://mc-stan.org/misc/warnings.html#tail-ess - 
WARN [2020-12-05 23:22:04] Davidson: There were 50 transitions after warmup that exceeded the maximum treedepth. Increase max_treedepth above 13. See
http://mc-stan.org/misc/warnings.html#maximum-treedepth-exceeded - 
WARN [2020-12-05 23:22:04] Davidson: Examine the pairs() plot to diagnose sampling problems
 - 
WARN [2020-12-05 23:22:04] Davidson: The largest R-hat is 2.05, indicating chains have not mixed.
Running the chains for more iterations may help. See
http://mc-stan.org/misc/warnings.html#r-hat - 
WARN [2020-12-05 23:22:05] Davidson: Bulk Effective Samples Size (ESS) is too low, indicating posterior means and medians may be unreliable.
Running the chains for more iterations may help. See
http://mc-stan.org/misc/warnings.html#bulk-ess - 
WARN [2020-12-05 23:22:07] Davidson: Tail Effective Samples Size (ESS) is too low, indicating posterior variances and tail quantiles may be unreliable.
Running the chains for more iterations may help. See
http://mc-stan.org/misc/warnings.html#tail-ess - 
WARN [2020-12-05 23:24:21] Surry (chain: 1): There were 12 divergent transitions after warmup. See
http://mc-stan.org/misc/warnings.html#divergent-transitions-after-warmup
to find out why this is a problem and how to eliminate them. - 
WARN [2020-12-05 23:24:21] Surry (chain: 1): Examine the pairs() plot to diagnose sampling problems
 - 
INFO [2020-12-05 23:25:06] Completed estimates for: Surry
INFO [2020-12-05 23:25:13] Initialising estimates for: Henderson
WARN [2020-12-05 23:26:11] Edgecombe: There were 50 transitions after warmup that exceeded the maximum treedepth. Increase max_treedepth above 13. See
http://mc-stan.org/misc/warnings.html#maximum-treedepth-exceeded - 
WARN [2020-12-05 23:26:11] Edgecombe: Examine the pairs() plot to diagnose sampling problems
 - 
WARN [2020-12-05 23:26:12] Edgecombe: The largest R-hat is 2.11, indicating chains have not mixed.
Running the chains for more iterations may help. See
http://mc-stan.org/misc/warnings.html#r-hat - 
WARN [2020-12-05 23:26:12] Edgecombe: Bulk Effective Samples Size (ESS) is too low, indicating posterior means and medians may be unreliable.
Running the chains for more iterations may help. See
http://mc-stan.org/misc/warnings.html#bulk-ess - 
WARN [2020-12-05 23:26:13] Edgecombe: Tail Effective Samples Size (ESS) is too low, indicating posterior variances and tail quantiles may be unreliable.
Running the chains for more iterations may help. See
http://mc-stan.org/misc/warnings.html#tail-ess - 
WARN [2020-12-05 23:30:43] Henderson: There were 50 transitions after warmup that exceeded the maximum treedepth. Increase max_treedepth above 13. See
http://mc-stan.org/misc/warnings.html#maximum-treedepth-exceeded - 
WARN [2020-12-05 23:30:43] Henderson: Examine the pairs() plot to diagnose sampling problems
 - 
WARN [2020-12-05 23:30:43] Henderson: The largest R-hat is 2.1, indicating chains have not mixed.
Running the chains for more iterations may help. See
http://mc-stan.org/misc/warnings.html#r-hat - 
WARN [2020-12-05 23:30:44] Henderson: Bulk Effective Samples Size (ESS) is too low, indicating posterior means and medians may be unreliable.
Running the chains for more iterations may help. See
http://mc-stan.org/misc/warnings.html#bulk-ess - 
WARN [2020-12-05 23:30:45] Henderson: Tail Effective Samples Size (ESS) is too low, indicating posterior variances and tail quantiles may be unreliable.
Running the chains for more iterations may help. See
http://mc-stan.org/misc/warnings.html#tail-ess - 
WARN [2020-12-05 23:31:03] Burke (chain: 1): There were 22 divergent transitions after warmup. See
http://mc-stan.org/misc/warnings.html#divergent-transitions-after-warmup
to find out why this is a problem and how to eliminate them. - 
WARN [2020-12-05 23:31:03] Burke (chain: 1): Examine the pairs() plot to diagnose sampling problems
 - 
INFO [2020-12-05 23:31:48] Completed estimates for: Burke
INFO [2020-12-05 23:31:53] Initialising estimates for: Onslow
WARN [2020-12-05 23:32:55] Davidson (chain: 1): There were 13 divergent transitions after warmup. See
http://mc-stan.org/misc/warnings.html#divergent-transitions-after-warmup
to find out why this is a problem and how to eliminate them. - 
WARN [2020-12-05 23:32:55] Davidson (chain: 1): Examine the pairs() plot to diagnose sampling problems
 - 
INFO [2020-12-05 23:33:42] Completed estimates for: Davidson
INFO [2020-12-05 23:33:47] Initialising estimates for: Pender
WARN [2020-12-05 23:37:17] Onslow: There were 2 divergent transitions after warmup. See
http://mc-stan.org/misc/warnings.html#divergent-transitions-after-warmup
to find out why this is a problem and how to eliminate them. - 
WARN [2020-12-05 23:37:17] Onslow: There were 43 transitions after warmup that exceeded the maximum treedepth. Increase max_treedepth above 13. See
http://mc-stan.org/misc/warnings.html#maximum-treedepth-exceeded - 
WARN [2020-12-05 23:37:17] Onslow: Examine the pairs() plot to diagnose sampling problems
 - 
WARN [2020-12-05 23:37:18] Onslow: The largest R-hat is 2.01, indicating chains have not mixed.
Running the chains for more iterations may help. See
http://mc-stan.org/misc/warnings.html#r-hat - 
WARN [2020-12-05 23:37:18] Onslow: Bulk Effective Samples Size (ESS) is too low, indicating posterior means and medians may be unreliable.
Running the chains for more iterations may help. See
http://mc-stan.org/misc/warnings.html#bulk-ess - 
WARN [2020-12-05 23:37:19] Onslow: Tail Effective Samples Size (ESS) is too low, indicating posterior variances and tail quantiles may be unreliable.
Running the chains for more iterations may help. See
http://mc-stan.org/misc/warnings.html#tail-ess - 
WARN [2020-12-05 23:38:24] Pender: There were 50 transitions after warmup that exceeded the maximum treedepth. Increase max_treedepth above 13. See
http://mc-stan.org/misc/warnings.html#maximum-treedepth-exceeded - 
WARN [2020-12-05 23:38:24] Pender: Examine the pairs() plot to diagnose sampling problems
 - 
WARN [2020-12-05 23:38:24] Pender: The largest R-hat is 1.95, indicating chains have not mixed.
Running the chains for more iterations may help. See
http://mc-stan.org/misc/warnings.html#r-hat - 
WARN [2020-12-05 23:38:25] Pender: Bulk Effective Samples Size (ESS) is too low, indicating posterior means and medians may be unreliable.
Running the chains for more iterations may help. See
http://mc-stan.org/misc/warnings.html#bulk-ess - 
WARN [2020-12-05 23:38:26] Pender: Tail Effective Samples Size (ESS) is too low, indicating posterior variances and tail quantiles may be unreliable.
Running the chains for more iterations may help. See
http://mc-stan.org/misc/warnings.html#tail-ess - 
WARN [2020-12-05 23:40:59] Henderson (chain: 1): There were 10 divergent transitions after warmup. See
http://mc-stan.org/misc/warnings.html#divergent-transitions-after-warmup
to find out why this is a problem and how to eliminate them. - 
WARN [2020-12-05 23:40:59] Henderson (chain: 1): Examine the pairs() plot to diagnose sampling problems
 - 
WARN [2020-12-05 23:41:35] Edgecombe (chain: 1): There were 12 divergent transitions after warmup. See
http://mc-stan.org/misc/warnings.html#divergent-transitions-after-warmup
to find out why this is a problem and how to eliminate them. - 
WARN [2020-12-05 23:41:35] Edgecombe (chain: 1): Examine the pairs() plot to diagnose sampling problems
 - 
INFO [2020-12-05 23:41:41] Completed estimates for: Henderson
INFO [2020-12-05 23:42:15] Completed estimates for: Edgecombe
