INFO [2020-11-25 13:56:40] Runtime error in Cone Health : $ operator is invalid for atomic vectors - 
INFO [2020-11-25 13:56:40] Runtime error in Guilford : $ operator is invalid for atomic vectors - 
INFO [2020-11-25 13:56:40] Runtime error in Forsyth : $ operator is invalid for atomic vectors - 
INFO [2020-11-25 13:56:40] Runtime error in Union : $ operator is invalid for atomic vectors - 
INFO [2020-11-25 13:56:40] Runtime error in Davidson : $ operator is invalid for atomic vectors - 
INFO [2020-11-25 13:56:40] Runtime error in Rowan : $ operator is invalid for atomic vectors - 
INFO [2020-11-25 13:56:40] Runtime error in Northampton : $ operator is invalid for atomic vectors - 
INFO [2020-11-25 13:56:40] Runtime error in Pitt : $ operator is invalid for atomic vectors - 
INFO [2020-11-25 13:56:40] Runtime error in Randolph : $ operator is invalid for atomic vectors - 
INFO [2020-11-25 13:56:40] Runtime error in Henderson : $ operator is invalid for atomic vectors - 
INFO [2020-11-25 13:56:40] Runtime error in Cumberland : $ operator is invalid for atomic vectors - 
INFO [2020-11-25 13:56:40] Runtime error in Johnston : $ operator is invalid for atomic vectors - 
INFO [2020-11-25 13:56:40] Runtime error in Wilson : $ operator is invalid for atomic vectors - 
INFO [2020-11-25 13:56:40] Runtime error in Craven : $ operator is invalid for atomic vectors - 
INFO [2020-11-25 13:56:40] Runtime error in Davie : $ operator is invalid for atomic vectors - 
INFO [2020-11-25 13:56:40] Runtime error in Onslow : $ operator is invalid for atomic vectors - 
INFO [2020-11-25 13:56:40] Runtime error in Wayne : $ operator is invalid for atomic vectors - 
INFO [2020-11-25 13:56:40] Runtime error in Burke : $ operator is invalid for atomic vectors - 
INFO [2020-11-25 13:56:40] Runtime error in Franklin : $ operator is invalid for atomic vectors - 
INFO [2020-11-25 13:56:40] Runtime error in Moore : $ operator is invalid for atomic vectors - 
INFO [2020-11-25 13:56:40] Runtime error in Columbus : $ operator is invalid for atomic vectors - 
INFO [2020-11-25 13:56:40] Runtime error in Hoke : $ operator is invalid for atomic vectors - 
INFO [2020-11-25 13:56:40] Runtime error in Vance : $ operator is invalid for atomic vectors - 
INFO [2020-11-25 13:56:40] Runtime error in Halifax : $ operator is invalid for atomic vectors - 
INFO [2020-11-25 13:56:40] Runtime error in Edgecombe : $ operator is invalid for atomic vectors - 
INFO [2020-11-25 13:56:40] Runtime error in McDowell : $ operator is invalid for atomic vectors - 
INFO [2020-11-25 13:56:40] Runtime error in Lincoln : $ operator is invalid for atomic vectors - 
INFO [2020-11-25 13:56:40] Runtime error in Beaufort : $ operator is invalid for atomic vectors - 
INFO [2020-11-25 13:56:40] Runtime error in Greene : $ operator is invalid for atomic vectors - 
INFO [2020-11-25 13:56:40] Runtime error in Wilkes : $ operator is invalid for atomic vectors - 
INFO [2020-11-25 13:56:40] Runtime error in Caswell : $ operator is invalid for atomic vectors - 
INFO [2020-11-25 13:56:40] Runtime error in Polk : $ operator is invalid for atomic vectors - 
INFO [2020-11-25 13:56:40] Runtime error in Yadkin : $ operator is invalid for atomic vectors - 
INFO [2020-11-25 13:56:40] Runtime error in Dare : $ operator is invalid for atomic vectors - 
INFO [2020-11-25 13:56:40] Runtime error in Bladen : $ operator is invalid for atomic vectors - 
INFO [2020-11-25 13:56:40] Runtime error in Jones : $ operator is invalid for atomic vectors - 
INFO [2020-11-25 13:56:40] Runtime error in Pender : $ operator is invalid for atomic vectors - 
INFO [2020-11-25 13:56:40] Runtime error in Warren : $ operator is invalid for atomic vectors - 
INFO [2020-11-25 13:56:40] Runtime error in Pamlico : $ operator is invalid for atomic vectors - 
