INFO [2020-11-18 12:21:31] Runtime error in Mecklenburg : $ operator is invalid for atomic vectors - 
INFO [2020-11-18 12:21:31] Runtime error in North Carolina : $ operator is invalid for atomic vectors - 
INFO [2020-11-18 12:21:31] Runtime error in Union : $ operator is invalid for atomic vectors - 
INFO [2020-11-18 12:21:31] Runtime error in Orange : $ operator is invalid for atomic vectors - 
INFO [2020-11-18 12:21:31] Runtime error in Cabarrus : $ operator is invalid for atomic vectors - 
INFO [2020-11-18 12:21:31] Runtime error in Buncombe : $ operator is invalid for atomic vectors - 
INFO [2020-11-18 12:21:31] Runtime error in Harnett : $ operator is invalid for atomic vectors - 
INFO [2020-11-18 12:21:31] Runtime error in New Hanover : $ operator is invalid for atomic vectors - 
INFO [2020-11-18 12:21:31] Runtime error in Gaston : $ operator is invalid for atomic vectors - 
INFO [2020-11-18 12:21:31] Runtime error in Chatham : $ operator is invalid for atomic vectors - 
INFO [2020-11-18 12:21:31] Runtime error in Davidson : $ operator is invalid for atomic vectors - 
INFO [2020-11-18 12:21:31] Runtime error in Rowan : $ operator is invalid for atomic vectors - 
INFO [2020-11-18 12:21:31] Runtime error in Craven : $ operator is invalid for atomic vectors - 
INFO [2020-11-18 12:21:31] Runtime error in Davie : $ operator is invalid for atomic vectors - 
INFO [2020-11-18 12:21:31] Runtime error in Onslow : $ operator is invalid for atomic vectors - 
INFO [2020-11-18 12:21:31] Runtime error in Wayne : $ operator is invalid for atomic vectors - 
INFO [2020-11-18 12:21:31] Runtime error in Columbus : $ operator is invalid for atomic vectors - 
INFO [2020-11-18 12:21:31] Runtime error in Hoke : $ operator is invalid for atomic vectors - 
INFO [2020-11-18 12:21:31] Runtime error in Vance : $ operator is invalid for atomic vectors - 
INFO [2020-11-18 12:21:31] Runtime error in Edgecombe : $ operator is invalid for atomic vectors - 
INFO [2020-11-18 12:21:31] Runtime error in McDowell : $ operator is invalid for atomic vectors - 
INFO [2020-11-18 12:21:31] Runtime error in Lincoln : $ operator is invalid for atomic vectors - 
INFO [2020-11-18 12:21:31] Runtime error in Caldwell : $ operator is invalid for atomic vectors - 
INFO [2020-11-18 12:21:31] Runtime error in Lee : $ operator is invalid for atomic vectors - 
INFO [2020-11-18 12:21:31] Runtime error in Washington : $ operator is invalid for atomic vectors - 
INFO [2020-11-18 12:21:31] Runtime error in Rockingham : $ operator is invalid for atomic vectors - 
INFO [2020-11-18 12:21:31] Runtime error in Duplin : $ operator is invalid for atomic vectors - 
INFO [2020-11-18 12:21:31] Runtime error in Robeson : $ operator is invalid for atomic vectors - 
INFO [2020-11-18 12:21:31] Runtime error in Anson : $ operator is invalid for atomic vectors - 
INFO [2020-11-18 12:21:31] Runtime error in Beaufort : $ operator is invalid for atomic vectors - 
INFO [2020-11-18 12:21:31] Runtime error in Greene : $ operator is invalid for atomic vectors - 
INFO [2020-11-18 12:21:31] Runtime error in Scotland : $ operator is invalid for atomic vectors - 
INFO [2020-11-18 12:21:31] Runtime error in Cherokee : $ operator is invalid for atomic vectors - 
INFO [2020-11-18 12:21:31] Runtime error in Hertford : $ operator is invalid for atomic vectors - 
INFO [2020-11-18 12:21:31] Runtime error in Martin : $ operator is invalid for atomic vectors - 
INFO [2020-11-18 12:21:31] Runtime error in Wilkes : $ operator is invalid for atomic vectors - 
INFO [2020-11-18 12:21:31] Runtime error in Polk : $ operator is invalid for atomic vectors - 
INFO [2020-11-18 12:21:31] Runtime error in Bladen : $ operator is invalid for atomic vectors - 
INFO [2020-11-18 12:21:31] Runtime error in Jones : $ operator is invalid for atomic vectors - 
INFO [2020-11-18 12:21:31] Runtime error in Pender : $ operator is invalid for atomic vectors - 
INFO [2020-11-18 12:21:31] Runtime error in Warren : $ operator is invalid for atomic vectors - 
INFO [2020-11-18 12:21:31] Runtime error in Haywood : $ operator is invalid for atomic vectors - 
INFO [2020-11-18 12:21:31] Runtime error in Gates : $ operator is invalid for atomic vectors - 
INFO [2020-11-18 12:21:31] Runtime error in Macon : $ operator is invalid for atomic vectors - 
INFO [2020-11-18 12:21:31] Runtime error in Alleghany : $ operator is invalid for atomic vectors - 
INFO [2020-11-18 12:21:31] Runtime error in Transylvania : $ operator is invalid for atomic vectors - 
INFO [2020-11-18 12:21:31] Runtime error in Yancey : $ operator is invalid for atomic vectors - 
INFO [2020-11-18 12:21:31] Runtime error in Mitchell : $ operator is invalid for atomic vectors - 
