INFO [2020-11-11 15:07:09] Runtime error in Wake : $ operator is invalid for atomic vectors - 
INFO [2020-11-11 15:07:09] Runtime error in North Carolina : $ operator is invalid for atomic vectors - 
INFO [2020-11-11 15:07:09] Runtime error in Iredell : $ operator is invalid for atomic vectors - 
INFO [2020-11-11 15:07:09] Runtime error in Harnett : $ operator is invalid for atomic vectors - 
INFO [2020-11-11 15:07:09] Runtime error in Gaston : $ operator is invalid for atomic vectors - 
INFO [2020-11-11 15:07:09] Runtime error in Catawba : $ operator is invalid for atomic vectors - 
INFO [2020-11-11 15:07:09] Runtime error in Columbus : $ operator is invalid for atomic vectors - 
INFO [2020-11-11 15:07:09] Runtime error in Hoke : $ operator is invalid for atomic vectors - 
INFO [2020-11-11 15:07:09] Runtime error in Vance : $ operator is invalid for atomic vectors - 
INFO [2020-11-11 15:07:09] Runtime error in Halifax : $ operator is invalid for atomic vectors - 
INFO [2020-11-11 15:07:09] Runtime error in Montgomery : $ operator is invalid for atomic vectors - 
INFO [2020-11-11 15:07:09] Runtime error in Person : $ operator is invalid for atomic vectors - 
INFO [2020-11-11 15:07:09] Runtime error in Anson : $ operator is invalid for atomic vectors - 
INFO [2020-11-11 15:07:09] Runtime error in Beaufort : $ operator is invalid for atomic vectors - 
INFO [2020-11-11 15:07:09] Runtime error in Greene : $ operator is invalid for atomic vectors - 
INFO [2020-11-11 15:07:09] Runtime error in Alleghany : $ operator is invalid for atomic vectors - 
INFO [2020-11-11 15:07:09] Runtime error in Transylvania : $ operator is invalid for atomic vectors - 
INFO [2020-11-11 15:07:09] Runtime error in Yancey : $ operator is invalid for atomic vectors - 
INFO [2020-11-11 15:07:09] Runtime error in Swain : $ operator is invalid for atomic vectors - 
INFO [2020-11-11 15:07:09] Runtime error in Currituck : $ operator is invalid for atomic vectors - 
