INFO [2020-11-23 14:37:55] Runtime error in Cone Health : $ operator is invalid for atomic vectors - 
INFO [2020-11-23 14:37:55] Runtime error in Orange : $ operator is invalid for atomic vectors - 
INFO [2020-11-23 14:37:55] Runtime error in Iredell : $ operator is invalid for atomic vectors - 
INFO [2020-11-23 14:37:55] Runtime error in Harnett : $ operator is invalid for atomic vectors - 
INFO [2020-11-23 14:37:55] Runtime error in New Hanover : $ operator is invalid for atomic vectors - 
INFO [2020-11-23 14:37:55] Runtime error in Gaston : $ operator is invalid for atomic vectors - 
INFO [2020-11-23 14:37:55] Runtime error in Randolph : $ operator is invalid for atomic vectors - 
INFO [2020-11-23 14:37:55] Runtime error in Henderson : $ operator is invalid for atomic vectors - 
INFO [2020-11-23 14:37:55] Runtime error in Cumberland : $ operator is invalid for atomic vectors - 
INFO [2020-11-23 14:37:55] Runtime error in Johnston : $ operator is invalid for atomic vectors - 
INFO [2020-11-23 14:37:55] Runtime error in Nash : $ operator is invalid for atomic vectors - 
INFO [2020-11-23 14:37:55] Runtime error in Cleveland : $ operator is invalid for atomic vectors - 
INFO [2020-11-23 14:37:55] Runtime error in Craven : $ operator is invalid for atomic vectors - 
INFO [2020-11-23 14:37:55] Runtime error in Davie : $ operator is invalid for atomic vectors - 
INFO [2020-11-23 14:37:55] Runtime error in Moore : $ operator is invalid for atomic vectors - 
INFO [2020-11-23 14:37:55] Runtime error in Columbus : $ operator is invalid for atomic vectors - 
INFO [2020-11-23 14:37:55] Runtime error in Lincoln : $ operator is invalid for atomic vectors - 
INFO [2020-11-23 14:37:55] Runtime error in Caldwell : $ operator is invalid for atomic vectors - 
INFO [2020-11-23 14:37:55] Runtime error in Stanly : $ operator is invalid for atomic vectors - 
INFO [2020-11-23 14:37:55] Runtime error in Lee : $ operator is invalid for atomic vectors - 
INFO [2020-11-23 14:37:55] Runtime error in Washington : $ operator is invalid for atomic vectors - 
INFO [2020-11-23 14:37:55] Runtime error in Lenoir : $ operator is invalid for atomic vectors - 
INFO [2020-11-23 14:37:55] Runtime error in Richmond : $ operator is invalid for atomic vectors - 
INFO [2020-11-23 14:37:55] Runtime error in Sampson : $ operator is invalid for atomic vectors - 
INFO [2020-11-23 14:37:55] Runtime error in Montgomery : $ operator is invalid for atomic vectors - 
INFO [2020-11-23 14:37:55] Runtime error in Perquimans : $ operator is invalid for atomic vectors - 
INFO [2020-11-23 14:37:55] Runtime error in Chowan : $ operator is invalid for atomic vectors - 
INFO [2020-11-23 14:37:55] Runtime error in Ashe : $ operator is invalid for atomic vectors - 
INFO [2020-11-23 14:37:55] Runtime error in Stokes : $ operator is invalid for atomic vectors - 
INFO [2020-11-23 14:37:55] Runtime error in Swain : $ operator is invalid for atomic vectors - 
INFO [2020-11-23 14:37:55] Runtime error in Currituck : $ operator is invalid for atomic vectors - 
INFO [2020-11-23 14:37:55] Runtime error in Clay : $ operator is invalid for atomic vectors - 
INFO [2020-11-23 14:37:55] Runtime error in Pamlico : $ operator is invalid for atomic vectors - 
INFO [2020-11-23 14:37:55] Runtime error in Camden : $ operator is invalid for atomic vectors - 
