INFO [2020-11-16 15:11:53] Runtime error in Mecklenburg : $ operator is invalid for atomic vectors - 
INFO [2020-11-16 15:11:53] Runtime error in Wake : $ operator is invalid for atomic vectors - 
INFO [2020-11-16 15:11:53] Runtime error in Durham : $ operator is invalid for atomic vectors - 
INFO [2020-11-16 15:11:53] Runtime error in North Carolina : $ operator is invalid for atomic vectors - 
INFO [2020-11-16 15:11:53] Runtime error in Cone Health : $ operator is invalid for atomic vectors - 
INFO [2020-11-16 15:11:53] Runtime error in Harnett : $ operator is invalid for atomic vectors - 
INFO [2020-11-16 15:11:53] Runtime error in Cumberland : $ operator is invalid for atomic vectors - 
INFO [2020-11-16 15:11:53] Runtime error in Johnston : $ operator is invalid for atomic vectors - 
INFO [2020-11-16 15:11:53] Runtime error in Wilson : $ operator is invalid for atomic vectors - 
INFO [2020-11-16 15:11:53] Runtime error in Catawba : $ operator is invalid for atomic vectors - 
INFO [2020-11-16 15:11:53] Runtime error in Wayne : $ operator is invalid for atomic vectors - 
INFO [2020-11-16 15:11:53] Runtime error in Carteret : $ operator is invalid for atomic vectors - 
INFO [2020-11-16 15:11:53] Runtime error in Rutherford : $ operator is invalid for atomic vectors - 
INFO [2020-11-16 15:11:53] Runtime error in Burke : $ operator is invalid for atomic vectors - 
INFO [2020-11-16 15:11:53] Runtime error in Richmond : $ operator is invalid for atomic vectors - 
INFO [2020-11-16 15:11:53] Runtime error in Sampson : $ operator is invalid for atomic vectors - 
INFO [2020-11-16 15:11:53] Runtime error in Montgomery : $ operator is invalid for atomic vectors - 
INFO [2020-11-16 15:11:53] Runtime error in Robeson : $ operator is invalid for atomic vectors - 
INFO [2020-11-16 15:11:53] Runtime error in Person : $ operator is invalid for atomic vectors - 
INFO [2020-11-16 15:11:53] Runtime error in Anson : $ operator is invalid for atomic vectors - 
INFO [2020-11-16 15:11:53] Runtime error in Beaufort : $ operator is invalid for atomic vectors - 
INFO [2020-11-16 15:11:53] Runtime error in Greene : $ operator is invalid for atomic vectors - 
INFO [2020-11-16 15:11:53] Runtime error in Bladen : $ operator is invalid for atomic vectors - 
INFO [2020-11-16 15:11:53] Runtime error in Chowan : $ operator is invalid for atomic vectors - 
INFO [2020-11-16 15:11:53] Runtime error in Ashe : $ operator is invalid for atomic vectors - 
INFO [2020-11-16 15:11:53] Runtime error in Stokes : $ operator is invalid for atomic vectors - 
