INFO [2020-12-28 18:06:32] Initialising estimates for: Durham
INFO [2020-12-28 18:06:32] Initialising estimates for: Buncombe
INFO [2020-12-28 18:06:33] Initialising estimates for: Gaston
INFO [2020-12-28 18:06:34] Initialising estimates for: Forsyth
WARN [2020-12-28 18:18:27] Buncombe (chain: 1): There were 68 divergent transitions after warmup. See
http://mc-stan.org/misc/warnings.html#divergent-transitions-after-warmup
to find out why this is a problem and how to eliminate them. - 
WARN [2020-12-28 18:18:27] Buncombe (chain: 1): Examine the pairs() plot to diagnose sampling problems
 - 
INFO [2020-12-28 18:19:38] Completed estimates for: Buncombe
INFO [2020-12-28 18:19:45] Initialising estimates for: Union
WARN [2020-12-28 18:20:16] Gaston (chain: 1): There were 28 divergent transitions after warmup. See
http://mc-stan.org/misc/warnings.html#divergent-transitions-after-warmup
to find out why this is a problem and how to eliminate them. - 
WARN [2020-12-28 18:20:16] Gaston (chain: 1): Examine the pairs() plot to diagnose sampling problems
 - 
WARN [2020-12-28 18:21:07] Durham (chain: 1): There were 100 divergent transitions after warmup. See
http://mc-stan.org/misc/warnings.html#divergent-transitions-after-warmup
to find out why this is a problem and how to eliminate them. - 
WARN [2020-12-28 18:21:07] Durham (chain: 1): Examine the pairs() plot to diagnose sampling problems
 - 
WARN [2020-12-28 18:21:38] Durham (chain: 1): Tail Effective Samples Size (ESS) is too low, indicating posterior variances and tail quantiles may be unreliable.
Running the chains for more iterations may help. See
http://mc-stan.org/misc/warnings.html#tail-ess - 
INFO [2020-12-28 18:22:30] Completed estimates for: Gaston
INFO [2020-12-28 18:23:16] Initialising estimates for: Guilford
INFO [2020-12-28 18:23:30] Completed estimates for: Durham
INFO [2020-12-28 18:23:56] Initialising estimates for: New Hanover
WARN [2020-12-28 18:34:25] Forsyth (chain: 1): There were 40 divergent transitions after warmup. See
http://mc-stan.org/misc/warnings.html#divergent-transitions-after-warmup
to find out why this is a problem and how to eliminate them. - 
WARN [2020-12-28 18:34:26] Forsyth (chain: 1): Examine the pairs() plot to diagnose sampling problems
 - 
INFO [2020-12-28 18:37:03] Completed estimates for: Forsyth
INFO [2020-12-28 18:37:10] Initialising estimates for: Cumberland
ERROR [2020-12-28 18:37:11] Cumberland (chain: 1): unable to fork, possible reason: Cannot allocate memory - mcfork, detached
ERROR [2020-12-28 18:37:11] Cumberland: model fitting was timed out or failed - 
INFO [2020-12-28 18:37:14] Initialising estimates for: Wake
WARN [2020-12-28 18:45:03] Guilford (chain: 1): There were 35 divergent transitions after warmup. See
http://mc-stan.org/misc/warnings.html#divergent-transitions-after-warmup
to find out why this is a problem and how to eliminate them. - 
WARN [2020-12-28 18:45:03] Guilford (chain: 1): Examine the pairs() plot to diagnose sampling problems
 - 
WARN [2020-12-28 18:47:17] New Hanover (chain: 1): There were 58 divergent transitions after warmup. See
http://mc-stan.org/misc/warnings.html#divergent-transitions-after-warmup
to find out why this is a problem and how to eliminate them. - 
WARN [2020-12-28 18:47:17] New Hanover (chain: 1): Examine the pairs() plot to diagnose sampling problems
 - 
INFO [2020-12-28 18:48:39] Completed estimates for: Guilford
INFO [2020-12-28 18:48:50] Initialising estimates for: Brunswick
INFO [2020-12-28 18:48:51] Initialising estimates for: Camden
INFO [2020-12-28 18:49:10] Initialising estimates for: Camden
INFO [2020-12-28 18:49:11] Initialising estimates for: Chowan
INFO [2020-12-28 18:49:11] Initialising estimates for: Currituck
INFO [2020-12-28 18:49:13] Initialising estimates for: Greene
