INFO [2020-11-05 12:36:51] Initialising estimates for: North Carolina
WARN [2020-11-05 13:51:55] North Carolina: Tail Effective Samples Size (ESS) is too low, indicating posterior variances and tail quantiles may be unreliable.
Running the chains for more iterations may help. See
http://mc-stan.org/misc/warnings.html#tail-ess - 
INFO [2020-11-06 14:43:53] Runtime error in Wake : $ operator is invalid for atomic vectors - 
INFO [2020-11-06 14:43:53] Runtime error in North Carolina : $ operator is invalid for atomic vectors - 
INFO [2020-11-06 14:43:53] Runtime error in Cone Health : $ operator is invalid for atomic vectors - 
INFO [2020-11-06 14:43:53] Runtime error in Guilford : $ operator is invalid for atomic vectors - 
INFO [2020-11-06 14:43:53] Runtime error in Forsyth : $ operator is invalid for atomic vectors - 
INFO [2020-11-06 14:43:53] Runtime error in Henderson : $ operator is invalid for atomic vectors - 
INFO [2020-11-06 14:43:53] Runtime error in Cumberland : $ operator is invalid for atomic vectors - 
INFO [2020-11-06 14:43:53] Runtime error in Johnston : $ operator is invalid for atomic vectors - 
INFO [2020-11-06 14:43:53] Runtime error in Wilson : $ operator is invalid for atomic vectors - 
INFO [2020-11-06 14:43:53] Runtime error in Onslow : $ operator is invalid for atomic vectors - 
INFO [2020-11-06 14:43:53] Runtime error in Wayne : $ operator is invalid for atomic vectors - 
INFO [2020-11-06 14:43:53] Runtime error in Carteret : $ operator is invalid for atomic vectors - 
INFO [2020-11-06 14:43:53] Runtime error in Rutherford : $ operator is invalid for atomic vectors - 
INFO [2020-11-06 14:43:53] Runtime error in Burke : $ operator is invalid for atomic vectors - 
INFO [2020-11-06 14:43:53] Runtime error in Franklin : $ operator is invalid for atomic vectors - 
INFO [2020-11-06 14:43:53] Runtime error in Moore : $ operator is invalid for atomic vectors - 
INFO [2020-11-06 14:43:53] Runtime error in Columbus : $ operator is invalid for atomic vectors - 
INFO [2020-11-06 14:43:53] Runtime error in Hoke : $ operator is invalid for atomic vectors - 
INFO [2020-11-06 14:43:53] Runtime error in Richmond : $ operator is invalid for atomic vectors - 
INFO [2020-11-06 14:43:53] Runtime error in Sampson : $ operator is invalid for atomic vectors - 
INFO [2020-11-06 14:43:53] Runtime error in Wilkes : $ operator is invalid for atomic vectors - 
INFO [2020-11-06 14:43:53] Runtime error in Caswell : $ operator is invalid for atomic vectors - 
INFO [2020-11-06 14:43:53] Runtime error in Yadkin : $ operator is invalid for atomic vectors - 
INFO [2020-11-06 14:43:53] Runtime error in Jones : $ operator is invalid for atomic vectors - 
INFO [2020-11-06 14:43:53] Runtime error in Warren : $ operator is invalid for atomic vectors - 
INFO [2020-11-06 14:43:53] Runtime error in Perquimans : $ operator is invalid for atomic vectors - 
