INFO [2020-11-09 11:51:32] Runtime error in Iredell : $ operator is invalid for atomic vectors - 
INFO [2020-11-09 11:51:32] Runtime error in Johnston : $ operator is invalid for atomic vectors - 
INFO [2020-11-09 11:51:32] Runtime error in Wilson : $ operator is invalid for atomic vectors - 
INFO [2020-11-09 11:51:32] Runtime error in Catawba : $ operator is invalid for atomic vectors - 
INFO [2020-11-09 11:51:32] Runtime error in Brunswick : $ operator is invalid for atomic vectors - 
INFO [2020-11-09 11:51:32] Runtime error in Onslow : $ operator is invalid for atomic vectors - 
INFO [2020-11-09 11:51:32] Runtime error in Rutherford : $ operator is invalid for atomic vectors - 
INFO [2020-11-09 11:51:32] Runtime error in Burke : $ operator is invalid for atomic vectors - 
INFO [2020-11-09 11:51:32] Runtime error in Franklin : $ operator is invalid for atomic vectors - 
INFO [2020-11-09 11:51:32] Runtime error in Moore : $ operator is invalid for atomic vectors - 
INFO [2020-11-09 11:51:32] Runtime error in Vance : $ operator is invalid for atomic vectors - 
INFO [2020-11-09 11:51:32] Runtime error in Halifax : $ operator is invalid for atomic vectors - 
INFO [2020-11-09 11:51:32] Runtime error in Edgecombe : $ operator is invalid for atomic vectors - 
INFO [2020-11-09 11:51:32] Runtime error in Lee : $ operator is invalid for atomic vectors - 
INFO [2020-11-09 11:51:32] Runtime error in Washington : $ operator is invalid for atomic vectors - 
INFO [2020-11-09 11:51:32] Runtime error in Rockingham : $ operator is invalid for atomic vectors - 
INFO [2020-11-09 11:51:32] Runtime error in Duplin : $ operator is invalid for atomic vectors - 
INFO [2020-11-09 11:51:32] Runtime error in Richmond : $ operator is invalid for atomic vectors - 
INFO [2020-11-09 11:51:32] Runtime error in Sampson : $ operator is invalid for atomic vectors - 
INFO [2020-11-09 11:51:32] Runtime error in Montgomery : $ operator is invalid for atomic vectors - 
INFO [2020-11-09 11:51:32] Runtime error in Robeson : $ operator is invalid for atomic vectors - 
INFO [2020-11-09 11:51:32] Runtime error in Surry : $ operator is invalid for atomic vectors - 
INFO [2020-11-09 11:51:32] Runtime error in Anson : $ operator is invalid for atomic vectors - 
INFO [2020-11-09 11:51:32] Runtime error in Beaufort : $ operator is invalid for atomic vectors - 
INFO [2020-11-09 11:51:32] Runtime error in Greene : $ operator is invalid for atomic vectors - 
INFO [2020-11-09 11:51:32] Runtime error in Scotland : $ operator is invalid for atomic vectors - 
INFO [2020-11-09 11:51:32] Runtime error in Cherokee : $ operator is invalid for atomic vectors - 
INFO [2020-11-09 11:51:32] Runtime error in Hertford : $ operator is invalid for atomic vectors - 
INFO [2020-11-09 11:51:32] Runtime error in Martin : $ operator is invalid for atomic vectors - 
INFO [2020-11-09 11:51:32] Runtime error in Wilkes : $ operator is invalid for atomic vectors - 
INFO [2020-11-09 11:51:32] Runtime error in Polk : $ operator is invalid for atomic vectors - 
INFO [2020-11-09 11:51:32] Runtime error in Yadkin : $ operator is invalid for atomic vectors - 
INFO [2020-11-09 11:51:32] Runtime error in Tyrrell : $ operator is invalid for atomic vectors - 
