INFO [2020-10-28 10:18:20] Runtime error in Buncombe : $ operator is invalid for atomic vectors - 
INFO [2020-10-28 10:18:20] Runtime error in New Hanover : $ operator is invalid for atomic vectors - 
INFO [2020-10-28 10:18:20] Runtime error in Hoke : $ operator is invalid for atomic vectors - 
INFO [2020-10-28 10:18:20] Runtime error in Lincoln : $ operator is invalid for atomic vectors - 
INFO [2020-10-28 10:18:20] Runtime error in Moore : $ operator is invalid for atomic vectors - 
INFO [2020-10-28 10:18:20] Runtime error in Onslow : $ operator is invalid for atomic vectors - 
INFO [2020-10-28 10:18:20] Runtime error in Cone Health : $ operator is invalid for atomic vectors - 
INFO [2020-10-28 10:18:20] Runtime error in Forsyth : $ operator is invalid for atomic vectors - 
INFO [2020-10-28 10:18:20] Runtime error in Guilford : $ operator is invalid for atomic vectors - 
INFO [2020-10-28 10:18:20] Runtime error in Iredell : $ operator is invalid for atomic vectors - 
INFO [2020-10-28 10:18:20] Runtime error in Chatham : $ operator is invalid for atomic vectors - 
INFO [2020-10-28 10:18:20] Runtime error in Cleveland : $ operator is invalid for atomic vectors - 
INFO [2020-10-28 10:18:20] Runtime error in Granville : $ operator is invalid for atomic vectors - 
INFO [2020-10-28 10:18:20] Runtime error in Lee : $ operator is invalid for atomic vectors - 
INFO [2020-10-28 10:18:20] Runtime error in Scotland : $ operator is invalid for atomic vectors - 
INFO [2020-10-28 10:18:20] Runtime error in Cumberland : $ operator is invalid for atomic vectors - 
INFO [2020-10-28 10:18:20] Runtime error in Davie : $ operator is invalid for atomic vectors - 
INFO [2020-10-28 10:18:20] Runtime error in Henderson : $ operator is invalid for atomic vectors - 
INFO [2020-10-28 10:18:20] Runtime error in Robeson : $ operator is invalid for atomic vectors - 
INFO [2020-10-28 10:18:20] Runtime error in Vance : $ operator is invalid for atomic vectors - 
INFO [2020-10-28 10:18:20] Runtime error in Franklin : $ operator is invalid for atomic vectors - 
INFO [2020-10-28 10:18:20] Runtime error in Jackson : $ operator is invalid for atomic vectors - 
INFO [2020-10-28 10:18:20] Runtime error in Stanly : $ operator is invalid for atomic vectors - 
INFO [2020-10-28 10:18:20] Runtime error in Beaufort : $ operator is invalid for atomic vectors - 
INFO [2020-10-28 10:18:20] Runtime error in McDowell : $ operator is invalid for atomic vectors - 
INFO [2020-10-28 10:18:20] Runtime error in Northampton : $ operator is invalid for atomic vectors - 
INFO [2020-10-28 10:18:20] Runtime error in Person : $ operator is invalid for atomic vectors - 
INFO [2020-10-28 10:18:20] Runtime error in Rutherford : $ operator is invalid for atomic vectors - 
INFO [2020-10-28 10:18:20] Runtime error in Anson : $ operator is invalid for atomic vectors - 
INFO [2020-10-28 10:18:20] Runtime error in Clay : $ operator is invalid for atomic vectors - 
INFO [2020-10-28 10:18:20] Runtime error in Rockingham : $ operator is invalid for atomic vectors - 
INFO [2020-10-28 10:18:20] Runtime error in Yancey : $ operator is invalid for atomic vectors - 
