INFO [2020-10-25 07:33:34] Runtime error in Buncombe : $ operator is invalid for atomic vectors - 
INFO [2020-10-25 07:33:34] Runtime error in New Hanover : $ operator is invalid for atomic vectors - 
INFO [2020-10-25 07:33:34] Runtime error in Orange : $ operator is invalid for atomic vectors - 
INFO [2020-10-25 07:33:34] Runtime error in Brunswick : $ operator is invalid for atomic vectors - 
INFO [2020-10-25 07:33:34] Runtime error in Cabarrus : $ operator is invalid for atomic vectors - 
INFO [2020-10-25 07:33:34] Runtime error in Craven : $ operator is invalid for atomic vectors - 
INFO [2020-10-25 07:33:34] Runtime error in Gaston : $ operator is invalid for atomic vectors - 
INFO [2020-10-25 07:33:34] Runtime error in Hoke : $ operator is invalid for atomic vectors - 
INFO [2020-10-25 07:33:34] Runtime error in Lincoln : $ operator is invalid for atomic vectors - 
INFO [2020-10-25 07:33:34] Runtime error in Moore : $ operator is invalid for atomic vectors - 
INFO [2020-10-25 07:33:34] Runtime error in Onslow : $ operator is invalid for atomic vectors - 
INFO [2020-10-25 07:33:34] Runtime error in Sampson : $ operator is invalid for atomic vectors - 
INFO [2020-10-25 07:33:34] Runtime error in Cone Health : $ operator is invalid for atomic vectors - 
INFO [2020-10-25 07:33:34] Runtime error in Forsyth : $ operator is invalid for atomic vectors - 
INFO [2020-10-25 07:33:34] Runtime error in Guilford : $ operator is invalid for atomic vectors - 
INFO [2020-10-25 07:33:34] Runtime error in Iredell : $ operator is invalid for atomic vectors - 
INFO [2020-10-25 07:33:34] Runtime error in Wake : $ operator is invalid for atomic vectors - 
INFO [2020-10-25 07:33:34] Runtime error in Durham : $ operator is invalid for atomic vectors - 
INFO [2020-10-25 07:33:34] Runtime error in North Carolina : $ operator is invalid for atomic vectors - 
INFO [2020-10-25 07:33:34] Runtime error in Davidson : $ operator is invalid for atomic vectors - 
INFO [2020-10-25 07:33:34] Runtime error in Granville : $ operator is invalid for atomic vectors - 
INFO [2020-10-25 07:33:34] Runtime error in Lee : $ operator is invalid for atomic vectors - 
INFO [2020-10-25 07:33:34] Runtime error in Scotland : $ operator is invalid for atomic vectors - 
INFO [2020-10-25 07:33:34] Runtime error in Cumberland : $ operator is invalid for atomic vectors - 
INFO [2020-10-25 07:33:34] Runtime error in Davie : $ operator is invalid for atomic vectors - 
INFO [2020-10-25 07:33:34] Runtime error in Henderson : $ operator is invalid for atomic vectors - 
INFO [2020-10-25 07:33:34] Runtime error in Robeson : $ operator is invalid for atomic vectors - 
INFO [2020-10-25 07:33:34] Runtime error in Carteret : $ operator is invalid for atomic vectors - 
INFO [2020-10-25 07:33:34] Runtime error in Cherokee : $ operator is invalid for atomic vectors - 
INFO [2020-10-25 07:33:34] Runtime error in Montgomery : $ operator is invalid for atomic vectors - 
INFO [2020-10-25 07:33:34] Runtime error in Franklin : $ operator is invalid for atomic vectors - 
INFO [2020-10-25 07:33:34] Runtime error in Jackson : $ operator is invalid for atomic vectors - 
INFO [2020-10-25 07:33:34] Runtime error in Stanly : $ operator is invalid for atomic vectors - 
INFO [2020-10-25 07:33:34] Runtime error in Transylvania : $ operator is invalid for atomic vectors - 
INFO [2020-10-25 07:33:34] Runtime error in Caldwell : $ operator is invalid for atomic vectors - 
INFO [2020-10-25 07:33:34] Runtime error in Hertford : $ operator is invalid for atomic vectors - 
INFO [2020-10-25 07:33:34] Runtime error in Lenoir : $ operator is invalid for atomic vectors - 
INFO [2020-10-25 07:33:34] Runtime error in Bertie : $ operator is invalid for atomic vectors - 
INFO [2020-10-25 07:33:34] Runtime error in Burke : $ operator is invalid for atomic vectors - 
INFO [2020-10-25 07:33:34] Runtime error in McDowell : $ operator is invalid for atomic vectors - 
INFO [2020-10-25 07:33:34] Runtime error in Northampton : $ operator is invalid for atomic vectors - 
INFO [2020-10-25 07:33:34] Runtime error in Person : $ operator is invalid for atomic vectors - 
INFO [2020-10-25 07:33:34] Runtime error in Surry : $ operator is invalid for atomic vectors - 
INFO [2020-10-25 07:33:34] Runtime error in Greene : $ operator is invalid for atomic vectors - 
INFO [2020-10-25 07:33:34] Runtime error in Polk : $ operator is invalid for atomic vectors - 
INFO [2020-10-25 07:33:34] Runtime error in Alleghany : $ operator is invalid for atomic vectors - 
INFO [2020-10-25 07:33:34] Runtime error in Bladen : $ operator is invalid for atomic vectors - 
INFO [2020-10-25 07:33:34] Runtime error in Caswell : $ operator is invalid for atomic vectors - 
INFO [2020-10-25 07:33:34] Runtime error in Currituck : $ operator is invalid for atomic vectors - 
INFO [2020-10-25 07:33:34] Runtime error in Pamlico : $ operator is invalid for atomic vectors - 
INFO [2020-10-25 07:33:34] Runtime error in Washington : $ operator is invalid for atomic vectors - 
INFO [2020-10-25 07:33:34] Runtime error in Alexander : $ operator is invalid for atomic vectors - 
INFO [2020-10-25 07:33:34] Runtime error in Rutherford : $ operator is invalid for atomic vectors - 
INFO [2020-10-25 07:33:34] Runtime error in Anson : $ operator is invalid for atomic vectors - 
INFO [2020-10-25 07:33:34] Runtime error in Clay : $ operator is invalid for atomic vectors - 
INFO [2020-10-25 07:33:34] Runtime error in Jones : $ operator is invalid for atomic vectors - 
INFO [2020-10-25 07:33:34] Runtime error in Avery : $ operator is invalid for atomic vectors - 
