INFO [2020-11-07 12:25:57] Runtime error in Orange : $ operator is invalid for atomic vectors - 
INFO [2020-11-07 12:25:57] Runtime error in Cabarrus : $ operator is invalid for atomic vectors - 
INFO [2020-11-07 12:25:57] Runtime error in Buncombe : $ operator is invalid for atomic vectors - 
INFO [2020-11-07 12:25:57] Runtime error in Iredell : $ operator is invalid for atomic vectors - 
INFO [2020-11-07 12:25:57] Runtime error in Vance : $ operator is invalid for atomic vectors - 
INFO [2020-11-07 12:25:57] Runtime error in Halifax : $ operator is invalid for atomic vectors - 
INFO [2020-11-07 12:25:57] Runtime error in Edgecombe : $ operator is invalid for atomic vectors - 
INFO [2020-11-07 12:25:57] Runtime error in McDowell : $ operator is invalid for atomic vectors - 
INFO [2020-11-07 12:25:57] Runtime error in Sampson : $ operator is invalid for atomic vectors - 
INFO [2020-11-07 12:25:57] Runtime error in Montgomery : $ operator is invalid for atomic vectors - 
INFO [2020-11-07 12:25:57] Runtime error in Robeson : $ operator is invalid for atomic vectors - 
INFO [2020-11-07 12:25:57] Runtime error in Surry : $ operator is invalid for atomic vectors - 
INFO [2020-11-07 12:25:57] Runtime error in Person : $ operator is invalid for atomic vectors - 
INFO [2020-11-07 12:25:57] Runtime error in Anson : $ operator is invalid for atomic vectors - 
INFO [2020-11-07 12:25:57] Runtime error in Scotland : $ operator is invalid for atomic vectors - 
INFO [2020-11-07 12:25:57] Runtime error in Cherokee : $ operator is invalid for atomic vectors - 
INFO [2020-11-07 12:25:57] Runtime error in Hertford : $ operator is invalid for atomic vectors - 
INFO [2020-11-07 12:25:57] Runtime error in Martin : $ operator is invalid for atomic vectors - 
INFO [2020-11-07 12:25:57] Runtime error in Ashe : $ operator is invalid for atomic vectors - 
INFO [2020-11-07 12:25:57] Runtime error in Stokes : $ operator is invalid for atomic vectors - 
