INFO [2020-12-15 18:05:07] Initialising estimates for: Buncombe
INFO [2020-12-15 18:05:07] Initialising estimates for: New Hanover
INFO [2020-12-15 18:05:08] Initialising estimates for: Durham
INFO [2020-12-15 18:05:09] Initialising estimates for: Union
WARN [2020-12-15 18:14:00] Buncombe (chain: 1): There were 33 divergent transitions after warmup. See
http://mc-stan.org/misc/warnings.html#divergent-transitions-after-warmup
to find out why this is a problem and how to eliminate them. - 
WARN [2020-12-15 18:14:00] Buncombe (chain: 1): Examine the pairs() plot to diagnose sampling problems
 - 
WARN [2020-12-15 18:14:07] Union (chain: 1): There were 50 divergent transitions after warmup. See
http://mc-stan.org/misc/warnings.html#divergent-transitions-after-warmup
to find out why this is a problem and how to eliminate them. - 
WARN [2020-12-15 18:14:07] Union (chain: 1): Examine the pairs() plot to diagnose sampling problems
 - 
WARN [2020-12-15 18:14:32] New Hanover (chain: 1): There were 123 divergent transitions after warmup. See
http://mc-stan.org/misc/warnings.html#divergent-transitions-after-warmup
to find out why this is a problem and how to eliminate them. - 
WARN [2020-12-15 18:14:32] New Hanover (chain: 1): Examine the pairs() plot to diagnose sampling problems
 - 
INFO [2020-12-15 18:14:35] Completed estimates for: Buncombe
INFO [2020-12-15 18:14:36] Completed estimates for: Union
WARN [2020-12-15 18:14:39] New Hanover (chain: 1): Bulk Effective Samples Size (ESS) is too low, indicating posterior means and medians may be unreliable.
Running the chains for more iterations may help. See
http://mc-stan.org/misc/warnings.html#bulk-ess - 
INFO [2020-12-15 18:14:41] Initialising estimates for: Gaston
WARN [2020-12-15 18:14:42] New Hanover (chain: 1): Tail Effective Samples Size (ESS) is too low, indicating posterior variances and tail quantiles may be unreliable.
Running the chains for more iterations may help. See
http://mc-stan.org/misc/warnings.html#tail-ess - 
INFO [2020-12-15 18:14:43] Initialising estimates for: Forsyth
INFO [2020-12-15 18:15:12] Completed estimates for: New Hanover
INFO [2020-12-15 18:15:19] Initialising estimates for: Guilford
WARN [2020-12-15 18:16:26] Durham (chain: 1): There were 129 divergent transitions after warmup. See
http://mc-stan.org/misc/warnings.html#divergent-transitions-after-warmup
to find out why this is a problem and how to eliminate them. - 
WARN [2020-12-15 18:16:26] Durham (chain: 1): Examine the pairs() plot to diagnose sampling problems
 - 
WARN [2020-12-15 18:16:34] Durham (chain: 1): Bulk Effective Samples Size (ESS) is too low, indicating posterior means and medians may be unreliable.
Running the chains for more iterations may help. See
http://mc-stan.org/misc/warnings.html#bulk-ess - 
WARN [2020-12-15 18:16:39] Durham (chain: 1): Tail Effective Samples Size (ESS) is too low, indicating posterior variances and tail quantiles may be unreliable.
Running the chains for more iterations may help. See
http://mc-stan.org/misc/warnings.html#tail-ess - 
INFO [2020-12-15 18:17:12] Completed estimates for: Durham
INFO [2020-12-15 18:17:19] Initialising estimates for: Cumberland
WARN [2020-12-15 18:22:15] Guilford (chain: 1): There were 58 divergent transitions after warmup. See
http://mc-stan.org/misc/warnings.html#divergent-transitions-after-warmup
to find out why this is a problem and how to eliminate them. - 
WARN [2020-12-15 18:22:15] Guilford (chain: 1): Examine the pairs() plot to diagnose sampling problems
 - 
INFO [2020-12-15 18:23:00] Completed estimates for: Guilford
INFO [2020-12-15 18:23:05] Initialising estimates for: Mecklenburg
WARN [2020-12-15 18:24:49] Forsyth (chain: 1): There were 13 divergent transitions after warmup. See
http://mc-stan.org/misc/warnings.html#divergent-transitions-after-warmup
to find out why this is a problem and how to eliminate them. - 
WARN [2020-12-15 18:24:49] Forsyth (chain: 1): Examine the pairs() plot to diagnose sampling problems
 - 
WARN [2020-12-15 18:25:16] Cumberland (chain: 1): There were 22 divergent transitions after warmup. See
http://mc-stan.org/misc/warnings.html#divergent-transitions-after-warmup
to find out why this is a problem and how to eliminate them. - 
WARN [2020-12-15 18:25:16] Cumberland (chain: 1): Examine the pairs() plot to diagnose sampling problems
 - 
INFO [2020-12-15 18:25:19] Completed estimates for: Forsyth
INFO [2020-12-15 18:25:24] Initialising estimates for: Wake
WARN [2020-12-15 18:25:52] Gaston (chain: 1): There were 23 divergent transitions after warmup. See
http://mc-stan.org/misc/warnings.html#divergent-transitions-after-warmup
to find out why this is a problem and how to eliminate them. - 
WARN [2020-12-15 18:25:52] Gaston (chain: 1): Examine the pairs() plot to diagnose sampling problems
 - 
INFO [2020-12-15 18:25:53] Completed estimates for: Cumberland
INFO [2020-12-15 18:25:58] Initialising estimates for: Cone Health
INFO [2020-12-15 18:26:37] Completed estimates for: Gaston
INFO [2020-12-15 18:26:43] Initialising estimates for: North Carolina
WARN [2020-12-15 18:37:59] Mecklenburg (chain: 1): There were 14 divergent transitions after warmup. See
http://mc-stan.org/misc/warnings.html#divergent-transitions-after-warmup
to find out why this is a problem and how to eliminate them. - 
WARN [2020-12-15 18:37:59] Mecklenburg (chain: 1): Examine the pairs() plot to diagnose sampling problems
 - 
INFO [2020-12-15 18:38:42] Completed estimates for: Mecklenburg
WARN [2020-12-15 18:39:11] Wake (chain: 1): There were 32 divergent transitions after warmup. See
http://mc-stan.org/misc/warnings.html#divergent-transitions-after-warmup
to find out why this is a problem and how to eliminate them. - 
WARN [2020-12-15 18:39:11] Wake (chain: 1): Examine the pairs() plot to diagnose sampling problems
 - 
INFO [2020-12-15 18:39:54] Completed estimates for: Wake
WARN [2020-12-15 18:47:34] Cone Health (chain: 1): There were 56 divergent transitions after warmup. See
http://mc-stan.org/misc/warnings.html#divergent-transitions-after-warmup
to find out why this is a problem and how to eliminate them. - 
WARN [2020-12-15 18:47:34] Cone Health (chain: 1): Examine the pairs() plot to diagnose sampling problems
 - 
INFO [2020-12-15 18:48:04] Completed estimates for: Cone Health
WARN [2020-12-15 19:03:15] North Carolina (chain: 1): There were 91 divergent transitions after warmup. See
http://mc-stan.org/misc/warnings.html#divergent-transitions-after-warmup
to find out why this is a problem and how to eliminate them. - 
WARN [2020-12-15 19:03:15] North Carolina (chain: 1): Examine the pairs() plot to diagnose sampling problems
 - 
WARN [2020-12-15 19:03:20] North Carolina (chain: 1): Bulk Effective Samples Size (ESS) is too low, indicating posterior means and medians may be unreliable.
Running the chains for more iterations may help. See
http://mc-stan.org/misc/warnings.html#bulk-ess - 
INFO [2020-12-15 19:03:41] Completed estimates for: North Carolina
INFO [2020-12-15 19:03:50] Initialising estimates for: Ashe
INFO [2020-12-15 19:03:50] Initialising estimates for: Chowan
INFO [2020-12-15 19:03:51] Initialising estimates for: Currituck
INFO [2020-12-15 19:03:52] Initialising estimates for: Dare
WARN [2020-12-15 19:07:02] Chowan: There were 49 transitions after warmup that exceeded the maximum treedepth. Increase max_treedepth above 13. See
http://mc-stan.org/misc/warnings.html#maximum-treedepth-exceeded - 
WARN [2020-12-15 19:07:02] Chowan: Examine the pairs() plot to diagnose sampling problems
 - 
WARN [2020-12-15 19:07:03] Chowan: The largest R-hat is 2.01, indicating chains have not mixed.
Running the chains for more iterations may help. See
http://mc-stan.org/misc/warnings.html#r-hat - 
WARN [2020-12-15 19:07:03] Chowan: Bulk Effective Samples Size (ESS) is too low, indicating posterior means and medians may be unreliable.
Running the chains for more iterations may help. See
http://mc-stan.org/misc/warnings.html#bulk-ess - 
WARN [2020-12-15 19:07:04] Chowan: Tail Effective Samples Size (ESS) is too low, indicating posterior variances and tail quantiles may be unreliable.
Running the chains for more iterations may help. See
http://mc-stan.org/misc/warnings.html#tail-ess - 
WARN [2020-12-15 19:07:15] Currituck: There were 50 transitions after warmup that exceeded the maximum treedepth. Increase max_treedepth above 13. See
http://mc-stan.org/misc/warnings.html#maximum-treedepth-exceeded - 
WARN [2020-12-15 19:07:15] Currituck: Examine the pairs() plot to diagnose sampling problems
 - 
WARN [2020-12-15 19:07:15] Currituck: The largest R-hat is 1.74, indicating chains have not mixed.
Running the chains for more iterations may help. See
http://mc-stan.org/misc/warnings.html#r-hat - 
WARN [2020-12-15 19:07:16] Currituck: Bulk Effective Samples Size (ESS) is too low, indicating posterior means and medians may be unreliable.
Running the chains for more iterations may help. See
http://mc-stan.org/misc/warnings.html#bulk-ess - 
WARN [2020-12-15 19:07:16] Currituck: Tail Effective Samples Size (ESS) is too low, indicating posterior variances and tail quantiles may be unreliable.
Running the chains for more iterations may help. See
http://mc-stan.org/misc/warnings.html#tail-ess - 
WARN [2020-12-15 19:07:40] Ashe: There were 50 transitions after warmup that exceeded the maximum treedepth. Increase max_treedepth above 13. See
http://mc-stan.org/misc/warnings.html#maximum-treedepth-exceeded - 
WARN [2020-12-15 19:07:40] Ashe: Examine the pairs() plot to diagnose sampling problems
 - 
WARN [2020-12-15 19:07:41] Ashe: The largest R-hat is 2.11, indicating chains have not mixed.
Running the chains for more iterations may help. See
http://mc-stan.org/misc/warnings.html#r-hat - 
WARN [2020-12-15 19:07:41] Ashe: Bulk Effective Samples Size (ESS) is too low, indicating posterior means and medians may be unreliable.
Running the chains for more iterations may help. See
http://mc-stan.org/misc/warnings.html#bulk-ess - 
WARN [2020-12-15 19:07:42] Ashe: Tail Effective Samples Size (ESS) is too low, indicating posterior variances and tail quantiles may be unreliable.
Running the chains for more iterations may help. See
http://mc-stan.org/misc/warnings.html#tail-ess - 
WARN [2020-12-15 19:08:18] Dare: There were 50 transitions after warmup that exceeded the maximum treedepth. Increase max_treedepth above 13. See
http://mc-stan.org/misc/warnings.html#maximum-treedepth-exceeded - 
WARN [2020-12-15 19:08:18] Dare: Examine the pairs() plot to diagnose sampling problems
 - 
WARN [2020-12-15 19:08:19] Dare: The largest R-hat is 1.72, indicating chains have not mixed.
Running the chains for more iterations may help. See
http://mc-stan.org/misc/warnings.html#r-hat - 
WARN [2020-12-15 19:08:19] Dare: Bulk Effective Samples Size (ESS) is too low, indicating posterior means and medians may be unreliable.
Running the chains for more iterations may help. See
http://mc-stan.org/misc/warnings.html#bulk-ess - 
WARN [2020-12-15 19:08:20] Dare: Tail Effective Samples Size (ESS) is too low, indicating posterior variances and tail quantiles may be unreliable.
Running the chains for more iterations may help. See
http://mc-stan.org/misc/warnings.html#tail-ess - 
WARN [2020-12-15 19:12:22] Currituck (chain: 1): There were 98 divergent transitions after warmup. See
http://mc-stan.org/misc/warnings.html#divergent-transitions-after-warmup
to find out why this is a problem and how to eliminate them. - 
WARN [2020-12-15 19:12:22] Currituck (chain: 1): Examine the pairs() plot to diagnose sampling problems
 - 
INFO [2020-12-15 19:13:07] Completed estimates for: Currituck
INFO [2020-12-15 19:13:30] Initialising estimates for: Mitchell
WARN [2020-12-15 19:14:13] Chowan (chain: 1): There were 25 divergent transitions after warmup. See
http://mc-stan.org/misc/warnings.html#divergent-transitions-after-warmup
to find out why this is a problem and how to eliminate them. - 
WARN [2020-12-15 19:14:13] Chowan (chain: 1): Examine the pairs() plot to diagnose sampling problems
 - 
WARN [2020-12-15 19:14:27] Dare (chain: 1): There were 47 divergent transitions after warmup. See
http://mc-stan.org/misc/warnings.html#divergent-transitions-after-warmup
to find out why this is a problem and how to eliminate them. - 
WARN [2020-12-15 19:14:27] Dare (chain: 1): Examine the pairs() plot to diagnose sampling problems
 - 
INFO [2020-12-15 19:14:47] Completed estimates for: Chowan
INFO [2020-12-15 19:14:52] Initialising estimates for: Pamlico
INFO [2020-12-15 19:15:01] Completed estimates for: Dare
INFO [2020-12-15 19:15:07] Initialising estimates for: Polk
WARN [2020-12-15 19:15:45] Ashe (chain: 1): There were 62 divergent transitions after warmup. See
http://mc-stan.org/misc/warnings.html#divergent-transitions-after-warmup
to find out why this is a problem and how to eliminate them. - 
WARN [2020-12-15 19:15:45] Ashe (chain: 1): Examine the pairs() plot to diagnose sampling problems
 - 
INFO [2020-12-15 19:16:15] Completed estimates for: Ashe
INFO [2020-12-15 19:16:21] Initialising estimates for: Surry
WARN [2020-12-15 19:17:53] Mitchell: There were 50 transitions after warmup that exceeded the maximum treedepth. Increase max_treedepth above 13. See
http://mc-stan.org/misc/warnings.html#maximum-treedepth-exceeded - 
WARN [2020-12-15 19:17:53] Mitchell: Examine the pairs() plot to diagnose sampling problems
 - 
WARN [2020-12-15 19:17:53] Mitchell: The largest R-hat is 1.54, indicating chains have not mixed.
Running the chains for more iterations may help. See
http://mc-stan.org/misc/warnings.html#r-hat - 
WARN [2020-12-15 19:17:54] Mitchell: Bulk Effective Samples Size (ESS) is too low, indicating posterior means and medians may be unreliable.
Running the chains for more iterations may help. See
http://mc-stan.org/misc/warnings.html#bulk-ess - 
WARN [2020-12-15 19:17:54] Mitchell: Tail Effective Samples Size (ESS) is too low, indicating posterior variances and tail quantiles may be unreliable.
Running the chains for more iterations may help. See
http://mc-stan.org/misc/warnings.html#tail-ess - 
WARN [2020-12-15 19:18:27] Pamlico: There were 7 divergent transitions after warmup. See
http://mc-stan.org/misc/warnings.html#divergent-transitions-after-warmup
to find out why this is a problem and how to eliminate them. - 
WARN [2020-12-15 19:18:27] Pamlico: There were 40 transitions after warmup that exceeded the maximum treedepth. Increase max_treedepth above 13. See
http://mc-stan.org/misc/warnings.html#maximum-treedepth-exceeded - 
WARN [2020-12-15 19:18:27] Pamlico: Examine the pairs() plot to diagnose sampling problems
 - 
WARN [2020-12-15 19:18:27] Pamlico: The largest R-hat is 1.69, indicating chains have not mixed.
Running the chains for more iterations may help. See
http://mc-stan.org/misc/warnings.html#r-hat - 
WARN [2020-12-15 19:18:28] Pamlico: Bulk Effective Samples Size (ESS) is too low, indicating posterior means and medians may be unreliable.
Running the chains for more iterations may help. See
http://mc-stan.org/misc/warnings.html#bulk-ess - 
WARN [2020-12-15 19:18:29] Pamlico: Tail Effective Samples Size (ESS) is too low, indicating posterior variances and tail quantiles may be unreliable.
Running the chains for more iterations may help. See
http://mc-stan.org/misc/warnings.html#tail-ess - 
WARN [2020-12-15 19:18:47] Polk: There were 50 transitions after warmup that exceeded the maximum treedepth. Increase max_treedepth above 13. See
http://mc-stan.org/misc/warnings.html#maximum-treedepth-exceeded - 
WARN [2020-12-15 19:18:47] Polk: Examine the pairs() plot to diagnose sampling problems
 - 
WARN [2020-12-15 19:18:47] Polk: The largest R-hat is 1.87, indicating chains have not mixed.
Running the chains for more iterations may help. See
http://mc-stan.org/misc/warnings.html#r-hat - 
WARN [2020-12-15 19:18:48] Polk: Bulk Effective Samples Size (ESS) is too low, indicating posterior means and medians may be unreliable.
Running the chains for more iterations may help. See
http://mc-stan.org/misc/warnings.html#bulk-ess - 
WARN [2020-12-15 19:18:49] Polk: Tail Effective Samples Size (ESS) is too low, indicating posterior variances and tail quantiles may be unreliable.
Running the chains for more iterations may help. See
http://mc-stan.org/misc/warnings.html#tail-ess - 
WARN [2020-12-15 19:21:10] Surry: There were 50 transitions after warmup that exceeded the maximum treedepth. Increase max_treedepth above 13. See
http://mc-stan.org/misc/warnings.html#maximum-treedepth-exceeded - 
WARN [2020-12-15 19:21:10] Surry: Examine the pairs() plot to diagnose sampling problems
 - 
WARN [2020-12-15 19:21:11] Surry: The largest R-hat is 1.96, indicating chains have not mixed.
Running the chains for more iterations may help. See
http://mc-stan.org/misc/warnings.html#r-hat - 
WARN [2020-12-15 19:21:12] Surry: Bulk Effective Samples Size (ESS) is too low, indicating posterior means and medians may be unreliable.
Running the chains for more iterations may help. See
http://mc-stan.org/misc/warnings.html#bulk-ess - 
WARN [2020-12-15 19:21:13] Surry: Tail Effective Samples Size (ESS) is too low, indicating posterior variances and tail quantiles may be unreliable.
Running the chains for more iterations may help. See
http://mc-stan.org/misc/warnings.html#tail-ess - 
WARN [2020-12-15 19:24:44] Mitchell (chain: 1): There were 61 divergent transitions after warmup. See
http://mc-stan.org/misc/warnings.html#divergent-transitions-after-warmup
to find out why this is a problem and how to eliminate them. - 
WARN [2020-12-15 19:24:44] Mitchell (chain: 1): Examine the pairs() plot to diagnose sampling problems
 - 
WARN [2020-12-15 19:25:03] Pamlico (chain: 1): There were 102 divergent transitions after warmup. See
http://mc-stan.org/misc/warnings.html#divergent-transitions-after-warmup
to find out why this is a problem and how to eliminate them. - 
WARN [2020-12-15 19:25:03] Pamlico (chain: 1): Examine the pairs() plot to diagnose sampling problems
 - 
INFO [2020-12-15 19:25:20] Completed estimates for: Mitchell
INFO [2020-12-15 19:25:25] Initialising estimates for: Swain
INFO [2020-12-15 19:25:40] Completed estimates for: Pamlico
INFO [2020-12-15 19:25:47] Initialising estimates for: Watauga
WARN [2020-12-15 19:26:01] Polk (chain: 1): There were 78 divergent transitions after warmup. See
http://mc-stan.org/misc/warnings.html#divergent-transitions-after-warmup
to find out why this is a problem and how to eliminate them. - 
WARN [2020-12-15 19:26:01] Polk (chain: 1): Examine the pairs() plot to diagnose sampling problems
 - 
INFO [2020-12-15 19:26:36] Completed estimates for: Polk
INFO [2020-12-15 19:26:42] Initialising estimates for: Alleghany
WARN [2020-12-15 19:30:19] Swain: There were 50 transitions after warmup that exceeded the maximum treedepth. Increase max_treedepth above 13. See
http://mc-stan.org/misc/warnings.html#maximum-treedepth-exceeded - 
WARN [2020-12-15 19:30:19] Swain: Examine the pairs() plot to diagnose sampling problems
 - 
WARN [2020-12-15 19:30:19] Watauga: There were 50 transitions after warmup that exceeded the maximum treedepth. Increase max_treedepth above 13. See
http://mc-stan.org/misc/warnings.html#maximum-treedepth-exceeded - 
WARN [2020-12-15 19:30:19] Watauga: Examine the pairs() plot to diagnose sampling problems
 - 
WARN [2020-12-15 19:30:20] Swain: The largest R-hat is 2.08, indicating chains have not mixed.
Running the chains for more iterations may help. See
http://mc-stan.org/misc/warnings.html#r-hat - 
WARN [2020-12-15 19:30:20] Watauga: The largest R-hat is 2.09, indicating chains have not mixed.
Running the chains for more iterations may help. See
http://mc-stan.org/misc/warnings.html#r-hat - 
WARN [2020-12-15 19:30:20] Swain: Bulk Effective Samples Size (ESS) is too low, indicating posterior means and medians may be unreliable.
Running the chains for more iterations may help. See
http://mc-stan.org/misc/warnings.html#bulk-ess - 
WARN [2020-12-15 19:30:20] Watauga: Bulk Effective Samples Size (ESS) is too low, indicating posterior means and medians may be unreliable.
Running the chains for more iterations may help. See
http://mc-stan.org/misc/warnings.html#bulk-ess - 
WARN [2020-12-15 19:30:21] Swain: Tail Effective Samples Size (ESS) is too low, indicating posterior variances and tail quantiles may be unreliable.
Running the chains for more iterations may help. See
http://mc-stan.org/misc/warnings.html#tail-ess - 
WARN [2020-12-15 19:30:21] Watauga: Tail Effective Samples Size (ESS) is too low, indicating posterior variances and tail quantiles may be unreliable.
Running the chains for more iterations may help. See
http://mc-stan.org/misc/warnings.html#tail-ess - 
WARN [2020-12-15 19:30:35] Alleghany: There were 50 transitions after warmup that exceeded the maximum treedepth. Increase max_treedepth above 13. See
http://mc-stan.org/misc/warnings.html#maximum-treedepth-exceeded - 
WARN [2020-12-15 19:30:35] Alleghany: Examine the pairs() plot to diagnose sampling problems
 - 
WARN [2020-12-15 19:30:35] Alleghany: The largest R-hat is 1.38, indicating chains have not mixed.
Running the chains for more iterations may help. See
http://mc-stan.org/misc/warnings.html#r-hat - 
WARN [2020-12-15 19:30:36] Alleghany: Bulk Effective Samples Size (ESS) is too low, indicating posterior means and medians may be unreliable.
Running the chains for more iterations may help. See
http://mc-stan.org/misc/warnings.html#bulk-ess - 
WARN [2020-12-15 19:30:37] Alleghany: Tail Effective Samples Size (ESS) is too low, indicating posterior variances and tail quantiles may be unreliable.
Running the chains for more iterations may help. See
http://mc-stan.org/misc/warnings.html#tail-ess - 
WARN [2020-12-15 19:31:00] Surry (chain: 1): There were 49 divergent transitions after warmup. See
http://mc-stan.org/misc/warnings.html#divergent-transitions-after-warmup
to find out why this is a problem and how to eliminate them. - 
WARN [2020-12-15 19:31:00] Surry (chain: 1): Examine the pairs() plot to diagnose sampling problems
 - 
INFO [2020-12-15 19:31:46] Completed estimates for: Surry
INFO [2020-12-15 19:31:53] Initialising estimates for: Camden
WARN [2020-12-15 19:38:19] Camden: There were 50 transitions after warmup that exceeded the maximum treedepth. Increase max_treedepth above 13. See
http://mc-stan.org/misc/warnings.html#maximum-treedepth-exceeded - 
WARN [2020-12-15 19:38:19] Camden: Examine the pairs() plot to diagnose sampling problems
 - 
WARN [2020-12-15 19:38:20] Camden: The largest R-hat is 1.44, indicating chains have not mixed.
Running the chains for more iterations may help. See
http://mc-stan.org/misc/warnings.html#r-hat - 
WARN [2020-12-15 19:38:20] Camden: Bulk Effective Samples Size (ESS) is too low, indicating posterior means and medians may be unreliable.
Running the chains for more iterations may help. See
http://mc-stan.org/misc/warnings.html#bulk-ess - 
WARN [2020-12-15 19:38:21] Camden: Tail Effective Samples Size (ESS) is too low, indicating posterior variances and tail quantiles may be unreliable.
Running the chains for more iterations may help. See
http://mc-stan.org/misc/warnings.html#tail-ess - 
WARN [2020-12-15 19:38:25] Alleghany (chain: 1): There were 94 divergent transitions after warmup. See
http://mc-stan.org/misc/warnings.html#divergent-transitions-after-warmup
to find out why this is a problem and how to eliminate them. - 
WARN [2020-12-15 19:38:25] Alleghany (chain: 1): Examine the pairs() plot to diagnose sampling problems
 - 
WARN [2020-12-15 19:38:50] Swain (chain: 1): There were 273 divergent transitions after warmup. See
http://mc-stan.org/misc/warnings.html#divergent-transitions-after-warmup
to find out why this is a problem and how to eliminate them. - 
WARN [2020-12-15 19:38:50] Swain (chain: 1): Examine the pairs() plot to diagnose sampling problems
 - 
WARN [2020-12-15 19:39:01] Swain (chain: 1): Tail Effective Samples Size (ESS) is too low, indicating posterior variances and tail quantiles may be unreliable.
Running the chains for more iterations may help. See
http://mc-stan.org/misc/warnings.html#tail-ess - 
INFO [2020-12-15 19:39:06] Completed estimates for: Alleghany
INFO [2020-12-15 19:39:10] Initialising estimates for: Chatham
INFO [2020-12-15 19:39:29] Completed estimates for: Swain
INFO [2020-12-15 19:39:33] Initialising estimates for: Granville
WARN [2020-12-15 19:42:02] Camden (chain: 1): There were 86 divergent transitions after warmup. See
http://mc-stan.org/misc/warnings.html#divergent-transitions-after-warmup
to find out why this is a problem and how to eliminate them. - 
WARN [2020-12-15 19:42:02] Camden (chain: 1): Examine the pairs() plot to diagnose sampling problems
 - 
WARN [2020-12-15 19:42:08] Camden (chain: 1): Bulk Effective Samples Size (ESS) is too low, indicating posterior means and medians may be unreliable.
Running the chains for more iterations may help. See
http://mc-stan.org/misc/warnings.html#bulk-ess - 
WARN [2020-12-15 19:42:11] Camden (chain: 1): Tail Effective Samples Size (ESS) is too low, indicating posterior variances and tail quantiles may be unreliable.
Running the chains for more iterations may help. See
http://mc-stan.org/misc/warnings.html#tail-ess - 
INFO [2020-12-15 19:42:30] Completed estimates for: Camden
INFO [2020-12-15 19:42:36] Initialising estimates for: Greene
WARN [2020-12-15 19:42:44] Chatham: There were 1 divergent transitions after warmup. See
http://mc-stan.org/misc/warnings.html#divergent-transitions-after-warmup
to find out why this is a problem and how to eliminate them. - 
WARN [2020-12-15 19:42:44] Chatham: There were 49 transitions after warmup that exceeded the maximum treedepth. Increase max_treedepth above 13. See
http://mc-stan.org/misc/warnings.html#maximum-treedepth-exceeded - 
WARN [2020-12-15 19:42:44] Chatham: Examine the pairs() plot to diagnose sampling problems
 - 
WARN [2020-12-15 19:42:44] Chatham: The largest R-hat is 1.79, indicating chains have not mixed.
Running the chains for more iterations may help. See
http://mc-stan.org/misc/warnings.html#r-hat - 
WARN [2020-12-15 19:42:44] Chatham: Bulk Effective Samples Size (ESS) is too low, indicating posterior means and medians may be unreliable.
Running the chains for more iterations may help. See
http://mc-stan.org/misc/warnings.html#bulk-ess - 
WARN [2020-12-15 19:42:45] Chatham: Tail Effective Samples Size (ESS) is too low, indicating posterior variances and tail quantiles may be unreliable.
Running the chains for more iterations may help. See
http://mc-stan.org/misc/warnings.html#tail-ess - 
WARN [2020-12-15 19:43:52] Granville: There were 50 transitions after warmup that exceeded the maximum treedepth. Increase max_treedepth above 13. See
http://mc-stan.org/misc/warnings.html#maximum-treedepth-exceeded - 
WARN [2020-12-15 19:43:52] Granville: Examine the pairs() plot to diagnose sampling problems
 - 
WARN [2020-12-15 19:43:53] Granville: The largest R-hat is 2.11, indicating chains have not mixed.
Running the chains for more iterations may help. See
http://mc-stan.org/misc/warnings.html#r-hat - 
WARN [2020-12-15 19:43:53] Granville: Bulk Effective Samples Size (ESS) is too low, indicating posterior means and medians may be unreliable.
Running the chains for more iterations may help. See
http://mc-stan.org/misc/warnings.html#bulk-ess - 
WARN [2020-12-15 19:43:54] Granville: Tail Effective Samples Size (ESS) is too low, indicating posterior variances and tail quantiles may be unreliable.
Running the chains for more iterations may help. See
http://mc-stan.org/misc/warnings.html#tail-ess - 
WARN [2020-12-15 19:46:49] Watauga (chain: 1): There were 42 divergent transitions after warmup. See
http://mc-stan.org/misc/warnings.html#divergent-transitions-after-warmup
to find out why this is a problem and how to eliminate them. - 
WARN [2020-12-15 19:46:49] Watauga (chain: 1): Examine the pairs() plot to diagnose sampling problems
 - 
WARN [2020-12-15 19:47:14] Chatham (chain: 1): There were 639 divergent transitions after warmup. See
http://mc-stan.org/misc/warnings.html#divergent-transitions-after-warmup
to find out why this is a problem and how to eliminate them. - 
WARN [2020-12-15 19:47:14] Chatham (chain: 1): Examine the pairs() plot to diagnose sampling problems
 - 
WARN [2020-12-15 19:47:18] Chatham (chain: 1): The largest R-hat is 1.31, indicating chains have not mixed.
Running the chains for more iterations may help. See
http://mc-stan.org/misc/warnings.html#r-hat - 
WARN [2020-12-15 19:47:25] Chatham (chain: 1): Bulk Effective Samples Size (ESS) is too low, indicating posterior means and medians may be unreliable.
Running the chains for more iterations may help. See
http://mc-stan.org/misc/warnings.html#bulk-ess - 
INFO [2020-12-15 19:47:28] Completed estimates for: Watauga
WARN [2020-12-15 19:47:29] Chatham (chain: 1): Tail Effective Samples Size (ESS) is too low, indicating posterior variances and tail quantiles may be unreliable.
Running the chains for more iterations may help. See
http://mc-stan.org/misc/warnings.html#tail-ess - 
INFO [2020-12-15 19:47:34] Initialising estimates for: Beaufort
INFO [2020-12-15 19:47:48] Completed estimates for: Chatham
WARN [2020-12-15 19:47:52] Greene: There were 50 transitions after warmup that exceeded the maximum treedepth. Increase max_treedepth above 13. See
http://mc-stan.org/misc/warnings.html#maximum-treedepth-exceeded - 
WARN [2020-12-15 19:47:52] Greene: Examine the pairs() plot to diagnose sampling problems
 - 
WARN [2020-12-15 19:47:52] Greene: The largest R-hat is 1.66, indicating chains have not mixed.
Running the chains for more iterations may help. See
http://mc-stan.org/misc/warnings.html#r-hat - 
WARN [2020-12-15 19:47:52] Greene: Bulk Effective Samples Size (ESS) is too low, indicating posterior means and medians may be unreliable.
Running the chains for more iterations may help. See
http://mc-stan.org/misc/warnings.html#bulk-ess - 
INFO [2020-12-15 19:47:53] Initialising estimates for: Brunswick
WARN [2020-12-15 19:47:54] Greene: Tail Effective Samples Size (ESS) is too low, indicating posterior variances and tail quantiles may be unreliable.
Running the chains for more iterations may help. See
http://mc-stan.org/misc/warnings.html#tail-ess - 
WARN [2020-12-15 19:47:59] Granville (chain: 1): There were 68 divergent transitions after warmup. See
http://mc-stan.org/misc/warnings.html#divergent-transitions-after-warmup
to find out why this is a problem and how to eliminate them. - 
WARN [2020-12-15 19:47:59] Granville (chain: 1): Examine the pairs() plot to diagnose sampling problems
 - 
INFO [2020-12-15 19:48:35] Completed estimates for: Granville
INFO [2020-12-15 19:48:40] Initialising estimates for: Caswell
WARN [2020-12-15 19:51:35] Beaufort: There were 50 transitions after warmup that exceeded the maximum treedepth. Increase max_treedepth above 13. See
http://mc-stan.org/misc/warnings.html#maximum-treedepth-exceeded - 
WARN [2020-12-15 19:51:35] Beaufort: Examine the pairs() plot to diagnose sampling problems
 - 
WARN [2020-12-15 19:51:35] Beaufort: The largest R-hat is 2.11, indicating chains have not mixed.
Running the chains for more iterations may help. See
http://mc-stan.org/misc/warnings.html#r-hat - 
WARN [2020-12-15 19:51:36] Beaufort: Bulk Effective Samples Size (ESS) is too low, indicating posterior means and medians may be unreliable.
Running the chains for more iterations may help. See
http://mc-stan.org/misc/warnings.html#bulk-ess - 
WARN [2020-12-15 19:51:37] Beaufort: Tail Effective Samples Size (ESS) is too low, indicating posterior variances and tail quantiles may be unreliable.
Running the chains for more iterations may help. See
http://mc-stan.org/misc/warnings.html#tail-ess - 
WARN [2020-12-15 19:51:56] Brunswick: There were 50 transitions after warmup that exceeded the maximum treedepth. Increase max_treedepth above 13. See
http://mc-stan.org/misc/warnings.html#maximum-treedepth-exceeded - 
WARN [2020-12-15 19:51:56] Brunswick: Examine the pairs() plot to diagnose sampling problems
 - 
WARN [2020-12-15 19:51:57] Brunswick: The largest R-hat is 2.1, indicating chains have not mixed.
Running the chains for more iterations may help. See
http://mc-stan.org/misc/warnings.html#r-hat - 
WARN [2020-12-15 19:51:57] Brunswick: Bulk Effective Samples Size (ESS) is too low, indicating posterior means and medians may be unreliable.
Running the chains for more iterations may help. See
http://mc-stan.org/misc/warnings.html#bulk-ess - 
WARN [2020-12-15 19:51:58] Brunswick: Tail Effective Samples Size (ESS) is too low, indicating posterior variances and tail quantiles may be unreliable.
Running the chains for more iterations may help. See
http://mc-stan.org/misc/warnings.html#tail-ess - 
WARN [2020-12-15 19:52:56] Greene (chain: 1): There were 33 divergent transitions after warmup. See
http://mc-stan.org/misc/warnings.html#divergent-transitions-after-warmup
to find out why this is a problem and how to eliminate them. - 
WARN [2020-12-15 19:52:56] Greene (chain: 1): Examine the pairs() plot to diagnose sampling problems
 - 
WARN [2020-12-15 19:53:41] Caswell: There were 50 transitions after warmup that exceeded the maximum treedepth. Increase max_treedepth above 13. See
http://mc-stan.org/misc/warnings.html#maximum-treedepth-exceeded - 
WARN [2020-12-15 19:53:41] Caswell: Examine the pairs() plot to diagnose sampling problems
 - 
WARN [2020-12-15 19:53:41] Caswell: The largest R-hat is 1.62, indicating chains have not mixed.
Running the chains for more iterations may help. See
http://mc-stan.org/misc/warnings.html#r-hat - 
INFO [2020-12-15 19:53:41] Completed estimates for: Greene
WARN [2020-12-15 19:53:41] Caswell: Bulk Effective Samples Size (ESS) is too low, indicating posterior means and medians may be unreliable.
Running the chains for more iterations may help. See
http://mc-stan.org/misc/warnings.html#bulk-ess - 
WARN [2020-12-15 19:53:43] Caswell: Tail Effective Samples Size (ESS) is too low, indicating posterior variances and tail quantiles may be unreliable.
Running the chains for more iterations may help. See
http://mc-stan.org/misc/warnings.html#tail-ess - 
INFO [2020-12-15 19:53:47] Initialising estimates for: Davie
WARN [2020-12-15 19:59:36] Davie: There were 50 transitions after warmup that exceeded the maximum treedepth. Increase max_treedepth above 13. See
http://mc-stan.org/misc/warnings.html#maximum-treedepth-exceeded - 
WARN [2020-12-15 19:59:36] Davie: Examine the pairs() plot to diagnose sampling problems
 - 
WARN [2020-12-15 19:59:36] Davie: The largest R-hat is 1.98, indicating chains have not mixed.
Running the chains for more iterations may help. See
http://mc-stan.org/misc/warnings.html#r-hat - 
WARN [2020-12-15 19:59:38] Davie: Bulk Effective Samples Size (ESS) is too low, indicating posterior means and medians may be unreliable.
Running the chains for more iterations may help. See
http://mc-stan.org/misc/warnings.html#bulk-ess - 
WARN [2020-12-15 19:59:38] Davie: Tail Effective Samples Size (ESS) is too low, indicating posterior variances and tail quantiles may be unreliable.
Running the chains for more iterations may help. See
http://mc-stan.org/misc/warnings.html#tail-ess - 
WARN [2020-12-15 19:59:43] Beaufort (chain: 1): There were 74 divergent transitions after warmup. See
http://mc-stan.org/misc/warnings.html#divergent-transitions-after-warmup
to find out why this is a problem and how to eliminate them. - 
WARN [2020-12-15 19:59:43] Beaufort (chain: 1): Examine the pairs() plot to diagnose sampling problems
 - 
INFO [2020-12-15 20:00:22] Completed estimates for: Beaufort
INFO [2020-12-15 20:00:28] Initialising estimates for: Edgecombe
WARN [2020-12-15 20:01:57] Caswell (chain: 1): There were 63 divergent transitions after warmup. See
http://mc-stan.org/misc/warnings.html#divergent-transitions-after-warmup
to find out why this is a problem and how to eliminate them. - 
WARN [2020-12-15 20:01:57] Caswell (chain: 1): Examine the pairs() plot to diagnose sampling problems
 - 
INFO [2020-12-15 20:02:34] Completed estimates for: Caswell
INFO [2020-12-15 20:02:38] Initialising estimates for: Hyde
WARN [2020-12-15 20:04:53] Edgecombe: There were 1 divergent transitions after warmup. See
http://mc-stan.org/misc/warnings.html#divergent-transitions-after-warmup
to find out why this is a problem and how to eliminate them. - 
WARN [2020-12-15 20:04:53] Edgecombe: There were 49 transitions after warmup that exceeded the maximum treedepth. Increase max_treedepth above 13. See
http://mc-stan.org/misc/warnings.html#maximum-treedepth-exceeded - 
WARN [2020-12-15 20:04:53] Edgecombe: Examine the pairs() plot to diagnose sampling problems
 - 
WARN [2020-12-15 20:04:53] Edgecombe: The largest R-hat is 1.97, indicating chains have not mixed.
Running the chains for more iterations may help. See
http://mc-stan.org/misc/warnings.html#r-hat - 
WARN [2020-12-15 20:04:53] Edgecombe: Bulk Effective Samples Size (ESS) is too low, indicating posterior means and medians may be unreliable.
Running the chains for more iterations may help. See
http://mc-stan.org/misc/warnings.html#bulk-ess - 
WARN [2020-12-15 20:04:54] Edgecombe: Tail Effective Samples Size (ESS) is too low, indicating posterior variances and tail quantiles may be unreliable.
Running the chains for more iterations may help. See
http://mc-stan.org/misc/warnings.html#tail-ess - 
WARN [2020-12-15 20:05:03] Brunswick (chain: 1): There were 28 divergent transitions after warmup. See
http://mc-stan.org/misc/warnings.html#divergent-transitions-after-warmup
to find out why this is a problem and how to eliminate them. - 
WARN [2020-12-15 20:05:03] Brunswick (chain: 1): Examine the pairs() plot to diagnose sampling problems
 - 
INFO [2020-12-15 20:05:44] Completed estimates for: Brunswick
INFO [2020-12-15 20:05:48] Initialising estimates for: Jackson
WARN [2020-12-15 20:05:49] Jackson: There were 1 chains where the estimated Bayesian Fraction of Missing Information was low. See
http://mc-stan.org/misc/warnings.html#bfmi-low - 
WARN [2020-12-15 20:05:49] Jackson: Examine the pairs() plot to diagnose sampling problems
 - 
WARN [2020-12-15 20:05:50] Jackson: The largest R-hat is NA, indicating chains have not mixed.
Running the chains for more iterations may help. See
http://mc-stan.org/misc/warnings.html#r-hat - 
WARN [2020-12-15 20:05:50] Jackson: Bulk Effective Samples Size (ESS) is too low, indicating posterior means and medians may be unreliable.
Running the chains for more iterations may help. See
http://mc-stan.org/misc/warnings.html#bulk-ess - 
WARN [2020-12-15 20:05:51] Jackson: Tail Effective Samples Size (ESS) is too low, indicating posterior variances and tail quantiles may be unreliable.
Running the chains for more iterations may help. See
http://mc-stan.org/misc/warnings.html#tail-ess - 
WARN [2020-12-15 20:07:14] Hyde: There were 50 transitions after warmup that exceeded the maximum treedepth. Increase max_treedepth above 13. See
http://mc-stan.org/misc/warnings.html#maximum-treedepth-exceeded - 
WARN [2020-12-15 20:07:14] Hyde: Examine the pairs() plot to diagnose sampling problems
 - 
WARN [2020-12-15 20:07:15] Hyde: The largest R-hat is 1.21, indicating chains have not mixed.
Running the chains for more iterations may help. See
http://mc-stan.org/misc/warnings.html#r-hat - 
WARN [2020-12-15 20:07:15] Hyde: Bulk Effective Samples Size (ESS) is too low, indicating posterior means and medians may be unreliable.
Running the chains for more iterations may help. See
http://mc-stan.org/misc/warnings.html#bulk-ess - 
WARN [2020-12-15 20:07:16] Hyde: Tail Effective Samples Size (ESS) is too low, indicating posterior variances and tail quantiles may be unreliable.
Running the chains for more iterations may help. See
http://mc-stan.org/misc/warnings.html#tail-ess - 
WARN [2020-12-15 20:07:35] Davie (chain: 1): There were 87 divergent transitions after warmup. See
http://mc-stan.org/misc/warnings.html#divergent-transitions-after-warmup
to find out why this is a problem and how to eliminate them. - 
WARN [2020-12-15 20:07:35] Davie (chain: 1): Examine the pairs() plot to diagnose sampling problems
 - 
INFO [2020-12-15 20:08:20] Completed estimates for: Davie
INFO [2020-12-15 20:08:26] Initialising estimates for: Person
WARN [2020-12-15 20:13:28] Edgecombe (chain: 1): There were 41 divergent transitions after warmup. See
http://mc-stan.org/misc/warnings.html#divergent-transitions-after-warmup
to find out why this is a problem and how to eliminate them. - 
WARN [2020-12-15 20:13:28] Edgecombe (chain: 1): Examine the pairs() plot to diagnose sampling problems
 - 
WARN [2020-12-15 20:13:44] Jackson (chain: 1): There were 97 divergent transitions after warmup. See
http://mc-stan.org/misc/warnings.html#divergent-transitions-after-warmup
to find out why this is a problem and how to eliminate them. - 
WARN [2020-12-15 20:13:44] Jackson (chain: 1): Examine the pairs() plot to diagnose sampling problems
 - 
INFO [2020-12-15 20:13:58] Completed estimates for: Edgecombe
WARN [2020-12-15 20:14:00] Person: There were 50 transitions after warmup that exceeded the maximum treedepth. Increase max_treedepth above 13. See
http://mc-stan.org/misc/warnings.html#maximum-treedepth-exceeded - 
WARN [2020-12-15 20:14:00] Person: Examine the pairs() plot to diagnose sampling problems
 - 
WARN [2020-12-15 20:14:01] Person: The largest R-hat is 2.11, indicating chains have not mixed.
Running the chains for more iterations may help. See
http://mc-stan.org/misc/warnings.html#r-hat - 
WARN [2020-12-15 20:14:01] Person: Bulk Effective Samples Size (ESS) is too low, indicating posterior means and medians may be unreliable.
Running the chains for more iterations may help. See
http://mc-stan.org/misc/warnings.html#bulk-ess - 
WARN [2020-12-15 20:14:02] Person: Tail Effective Samples Size (ESS) is too low, indicating posterior variances and tail quantiles may be unreliable.
Running the chains for more iterations may help. See
http://mc-stan.org/misc/warnings.html#tail-ess - 
INFO [2020-12-15 20:14:03] Initialising estimates for: Richmond
INFO [2020-12-15 20:14:21] Completed estimates for: Jackson
INFO [2020-12-15 20:14:28] Initialising estimates for: Transylvania
WARN [2020-12-15 20:16:40] Hyde (chain: 1): There were 788 divergent transitions after warmup. See
http://mc-stan.org/misc/warnings.html#divergent-transitions-after-warmup
to find out why this is a problem and how to eliminate them. - 
WARN [2020-12-15 20:16:40] Hyde (chain: 1): Examine the pairs() plot to diagnose sampling problems
 - 
INFO [2020-12-15 20:17:13] Completed estimates for: Hyde
INFO [2020-12-15 20:17:19] Initialising estimates for: Yadkin
WARN [2020-12-15 20:18:21] Richmond: There were 50 transitions after warmup that exceeded the maximum treedepth. Increase max_treedepth above 13. See
http://mc-stan.org/misc/warnings.html#maximum-treedepth-exceeded - 
WARN [2020-12-15 20:18:21] Richmond: Examine the pairs() plot to diagnose sampling problems
 - 
WARN [2020-12-15 20:18:22] Richmond: The largest R-hat is 2.08, indicating chains have not mixed.
Running the chains for more iterations may help. See
http://mc-stan.org/misc/warnings.html#r-hat - 
WARN [2020-12-15 20:18:23] Richmond: Bulk Effective Samples Size (ESS) is too low, indicating posterior means and medians may be unreliable.
Running the chains for more iterations may help. See
http://mc-stan.org/misc/warnings.html#bulk-ess - 
WARN [2020-12-15 20:18:24] Richmond: Tail Effective Samples Size (ESS) is too low, indicating posterior variances and tail quantiles may be unreliable.
Running the chains for more iterations may help. See
http://mc-stan.org/misc/warnings.html#tail-ess - 
WARN [2020-12-15 20:18:40] Transylvania: There were 50 transitions after warmup that exceeded the maximum treedepth. Increase max_treedepth above 13. See
http://mc-stan.org/misc/warnings.html#maximum-treedepth-exceeded - 
WARN [2020-12-15 20:18:40] Transylvania: Examine the pairs() plot to diagnose sampling problems
 - 
WARN [2020-12-15 20:18:41] Transylvania: The largest R-hat is 1.83, indicating chains have not mixed.
Running the chains for more iterations may help. See
http://mc-stan.org/misc/warnings.html#r-hat - 
WARN [2020-12-15 20:18:41] Transylvania: Bulk Effective Samples Size (ESS) is too low, indicating posterior means and medians may be unreliable.
Running the chains for more iterations may help. See
http://mc-stan.org/misc/warnings.html#bulk-ess - 
WARN [2020-12-15 20:18:42] Transylvania: Tail Effective Samples Size (ESS) is too low, indicating posterior variances and tail quantiles may be unreliable.
Running the chains for more iterations may help. See
http://mc-stan.org/misc/warnings.html#tail-ess - 
WARN [2020-12-15 20:22:13] Yadkin: There were 50 transitions after warmup that exceeded the maximum treedepth. Increase max_treedepth above 13. See
http://mc-stan.org/misc/warnings.html#maximum-treedepth-exceeded - 
WARN [2020-12-15 20:22:13] Yadkin: Examine the pairs() plot to diagnose sampling problems
 - 
WARN [2020-12-15 20:22:14] Yadkin: The largest R-hat is 2.11, indicating chains have not mixed.
Running the chains for more iterations may help. See
http://mc-stan.org/misc/warnings.html#r-hat - 
WARN [2020-12-15 20:22:14] Yadkin: Bulk Effective Samples Size (ESS) is too low, indicating posterior means and medians may be unreliable.
Running the chains for more iterations may help. See
http://mc-stan.org/misc/warnings.html#bulk-ess - 
WARN [2020-12-15 20:22:15] Yadkin: Tail Effective Samples Size (ESS) is too low, indicating posterior variances and tail quantiles may be unreliable.
Running the chains for more iterations may help. See
http://mc-stan.org/misc/warnings.html#tail-ess - 
WARN [2020-12-15 20:25:29] Transylvania (chain: 1): There were 60 divergent transitions after warmup. See
http://mc-stan.org/misc/warnings.html#divergent-transitions-after-warmup
to find out why this is a problem and how to eliminate them. - 
WARN [2020-12-15 20:25:29] Transylvania (chain: 1): Examine the pairs() plot to diagnose sampling problems
 - 
INFO [2020-12-15 20:26:04] Initialising estimates for: Hoke
INFO [2020-12-15 20:26:04] Initialising estimates for: Yancey
INFO [2020-12-15 20:26:05] Initialising estimates for: Graham
WARN [2020-12-15 20:31:55] Graham (chain: 1): There were 53 divergent transitions after warmup. See
http://mc-stan.org/misc/warnings.html#divergent-transitions-after-warmup
to find out why this is a problem and how to eliminate them. - 
WARN [2020-12-15 20:31:55] Graham (chain: 1): Examine the pairs() plot to diagnose sampling problems
 - 
WARN [2020-12-15 20:38:27] Hoke (chain: 1): There were 22 divergent transitions after warmup. See
http://mc-stan.org/misc/warnings.html#divergent-transitions-after-warmup
to find out why this is a problem and how to eliminate them. - 
WARN [2020-12-15 20:38:27] Hoke (chain: 1): Examine the pairs() plot to diagnose sampling problems
 - 
WARN [2020-12-15 20:39:42] Yancey (chain: 1): There were 373 divergent transitions after warmup. See
http://mc-stan.org/misc/warnings.html#divergent-transitions-after-warmup
to find out why this is a problem and how to eliminate them. - 
WARN [2020-12-15 20:39:42] Yancey (chain: 1): Examine the pairs() plot to diagnose sampling problems
 - 
WARN [2020-12-15 20:39:47] Yancey (chain: 1): Bulk Effective Samples Size (ESS) is too low, indicating posterior means and medians may be unreliable.
Running the chains for more iterations may help. See
http://mc-stan.org/misc/warnings.html#bulk-ess - 
WARN [2020-12-15 20:39:51] Yancey (chain: 1): Tail Effective Samples Size (ESS) is too low, indicating posterior variances and tail quantiles may be unreliable.
Running the chains for more iterations may help. See
http://mc-stan.org/misc/warnings.html#tail-ess - 
INFO [2020-12-16 18:05:07] Initialising estimates for: Buncombe
INFO [2020-12-16 18:05:08] Initialising estimates for: New Hanover
INFO [2020-12-16 18:05:09] Initialising estimates for: Union
INFO [2020-12-16 18:05:10] Initialising estimates for: Gaston
WARN [2020-12-16 18:13:59] Gaston (chain: 1): There were 28 divergent transitions after warmup. See
http://mc-stan.org/misc/warnings.html#divergent-transitions-after-warmup
to find out why this is a problem and how to eliminate them. - 
WARN [2020-12-16 18:13:59] Gaston (chain: 1): Examine the pairs() plot to diagnose sampling problems
 - 
WARN [2020-12-16 18:14:19] Union (chain: 1): There were 56 divergent transitions after warmup. See
http://mc-stan.org/misc/warnings.html#divergent-transitions-after-warmup
to find out why this is a problem and how to eliminate them. - 
WARN [2020-12-16 18:14:19] Union (chain: 1): Examine the pairs() plot to diagnose sampling problems
 - 
WARN [2020-12-16 18:14:21] New Hanover (chain: 1): There were 69 divergent transitions after warmup. See
http://mc-stan.org/misc/warnings.html#divergent-transitions-after-warmup
to find out why this is a problem and how to eliminate them. - 
WARN [2020-12-16 18:14:21] New Hanover (chain: 1): Examine the pairs() plot to diagnose sampling problems
 - 
INFO [2020-12-16 18:14:31] Completed estimates for: Gaston
INFO [2020-12-16 18:14:38] Initialising estimates for: Forsyth
INFO [2020-12-16 18:14:50] Completed estimates for: Union
INFO [2020-12-16 18:14:54] Initialising estimates for: Guilford
INFO [2020-12-16 18:14:57] Completed estimates for: New Hanover
INFO [2020-12-16 18:15:02] Initialising estimates for: Durham
WARN [2020-12-16 18:16:55] Buncombe (chain: 1): There were 12 divergent transitions after warmup. See
http://mc-stan.org/misc/warnings.html#divergent-transitions-after-warmup
to find out why this is a problem and how to eliminate them. - 
WARN [2020-12-16 18:16:55] Buncombe (chain: 1): Examine the pairs() plot to diagnose sampling problems
 - 
INFO [2020-12-16 18:17:41] Completed estimates for: Buncombe
INFO [2020-12-16 18:17:48] Initialising estimates for: Cumberland
WARN [2020-12-16 18:22:25] Guilford (chain: 1): There were 30 divergent transitions after warmup. See
http://mc-stan.org/misc/warnings.html#divergent-transitions-after-warmup
to find out why this is a problem and how to eliminate them. - 
WARN [2020-12-16 18:22:25] Guilford (chain: 1): Examine the pairs() plot to diagnose sampling problems
 - 
INFO [2020-12-16 18:23:05] Completed estimates for: Guilford
WARN [2020-12-16 18:23:07] Durham (chain: 1): There were 24 divergent transitions after warmup. See
http://mc-stan.org/misc/warnings.html#divergent-transitions-after-warmup
to find out why this is a problem and how to eliminate them. - 
WARN [2020-12-16 18:23:07] Durham (chain: 1): Examine the pairs() plot to diagnose sampling problems
 - 
INFO [2020-12-16 18:23:10] Initialising estimates for: Mecklenburg
INFO [2020-12-16 18:23:47] Completed estimates for: Durham
INFO [2020-12-16 18:23:52] Initialising estimates for: Wake
WARN [2020-12-16 18:24:16] Forsyth (chain: 1): There were 57 divergent transitions after warmup. See
http://mc-stan.org/misc/warnings.html#divergent-transitions-after-warmup
to find out why this is a problem and how to eliminate them. - 
WARN [2020-12-16 18:24:17] Forsyth (chain: 1): Examine the pairs() plot to diagnose sampling problems
 - 
INFO [2020-12-16 18:25:00] Completed estimates for: Forsyth
INFO [2020-12-16 18:25:06] Initialising estimates for: Cone Health
WARN [2020-12-16 18:27:16] Cumberland (chain: 1): There were 31 divergent transitions after warmup. See
http://mc-stan.org/misc/warnings.html#divergent-transitions-after-warmup
to find out why this is a problem and how to eliminate them. - 
WARN [2020-12-16 18:27:16] Cumberland (chain: 1): Examine the pairs() plot to diagnose sampling problems
 - 
INFO [2020-12-16 18:27:59] Completed estimates for: Cumberland
INFO [2020-12-16 18:28:06] Initialising estimates for: North Carolina
WARN [2020-12-16 18:33:04] Wake (chain: 1): There were 37 divergent transitions after warmup. See
http://mc-stan.org/misc/warnings.html#divergent-transitions-after-warmup
to find out why this is a problem and how to eliminate them. - 
WARN [2020-12-16 18:33:04] Wake (chain: 1): Examine the pairs() plot to diagnose sampling problems
 - 
INFO [2020-12-16 18:33:46] Completed estimates for: Wake
WARN [2020-12-16 18:37:14] Mecklenburg (chain: 1): There were 14 divergent transitions after warmup. See
http://mc-stan.org/misc/warnings.html#divergent-transitions-after-warmup
to find out why this is a problem and how to eliminate them. - 
WARN [2020-12-16 18:37:14] Mecklenburg (chain: 1): Examine the pairs() plot to diagnose sampling problems
 - 
INFO [2020-12-16 18:37:56] Completed estimates for: Mecklenburg
WARN [2020-12-16 18:43:58] Cone Health (chain: 1): There were 37 divergent transitions after warmup. See
http://mc-stan.org/misc/warnings.html#divergent-transitions-after-warmup
to find out why this is a problem and how to eliminate them. - 
WARN [2020-12-16 18:43:58] Cone Health (chain: 1): Examine the pairs() plot to diagnose sampling problems
 - 
WARN [2020-12-16 18:44:08] Cone Health (chain: 1): Tail Effective Samples Size (ESS) is too low, indicating posterior variances and tail quantiles may be unreliable.
Running the chains for more iterations may help. See
http://mc-stan.org/misc/warnings.html#tail-ess - 
INFO [2020-12-16 18:44:26] Completed estimates for: Cone Health
WARN [2020-12-16 19:15:56] North Carolina (chain: 1): There were 7 divergent transitions after warmup. See
http://mc-stan.org/misc/warnings.html#divergent-transitions-after-warmup
to find out why this is a problem and how to eliminate them. - 
WARN [2020-12-16 19:15:56] North Carolina (chain: 1): Examine the pairs() plot to diagnose sampling problems
 - 
WARN [2020-12-16 19:16:02] North Carolina (chain: 1): Bulk Effective Samples Size (ESS) is too low, indicating posterior means and medians may be unreliable.
Running the chains for more iterations may help. See
http://mc-stan.org/misc/warnings.html#bulk-ess - 
INFO [2020-12-16 19:16:24] Completed estimates for: North Carolina
