INFO [2020-11-26 14:16:31] Runtime error in Guilford : $ operator is invalid for atomic vectors - 
INFO [2020-11-26 14:16:31] Runtime error in Forsyth : $ operator is invalid for atomic vectors - 
INFO [2020-11-26 14:16:31] Runtime error in Union : $ operator is invalid for atomic vectors - 
INFO [2020-11-26 14:16:31] Runtime error in Orange : $ operator is invalid for atomic vectors - 
INFO [2020-11-26 14:16:31] Runtime error in Cabarrus : $ operator is invalid for atomic vectors - 
INFO [2020-11-26 14:16:31] Runtime error in Buncombe : $ operator is invalid for atomic vectors - 
INFO [2020-11-26 14:16:31] Runtime error in Iredell : $ operator is invalid for atomic vectors - 
INFO [2020-11-26 14:16:31] Runtime error in Gaston : $ operator is invalid for atomic vectors - 
INFO [2020-11-26 14:16:31] Runtime error in Chatham : $ operator is invalid for atomic vectors - 
INFO [2020-11-26 14:16:31] Runtime error in Davidson : $ operator is invalid for atomic vectors - 
INFO [2020-11-26 14:16:31] Runtime error in Rowan : $ operator is invalid for atomic vectors - 
INFO [2020-11-26 14:16:31] Runtime error in Randolph : $ operator is invalid for atomic vectors - 
INFO [2020-11-26 14:16:31] Runtime error in Henderson : $ operator is invalid for atomic vectors - 
INFO [2020-11-26 14:16:31] Runtime error in Cumberland : $ operator is invalid for atomic vectors - 
INFO [2020-11-26 14:16:31] Runtime error in Johnston : $ operator is invalid for atomic vectors - 
INFO [2020-11-26 14:16:31] Runtime error in Alamance : $ operator is invalid for atomic vectors - 
INFO [2020-11-26 14:16:31] Runtime error in Nash : $ operator is invalid for atomic vectors - 
INFO [2020-11-26 14:16:31] Runtime error in Cleveland : $ operator is invalid for atomic vectors - 
INFO [2020-11-26 14:16:31] Runtime error in Carteret : $ operator is invalid for atomic vectors - 
INFO [2020-11-26 14:16:31] Runtime error in Rutherford : $ operator is invalid for atomic vectors - 
INFO [2020-11-26 14:16:31] Runtime error in Burke : $ operator is invalid for atomic vectors - 
INFO [2020-11-26 14:16:31] Runtime error in Franklin : $ operator is invalid for atomic vectors - 
INFO [2020-11-26 14:16:31] Runtime error in Rockingham : $ operator is invalid for atomic vectors - 
INFO [2020-11-26 14:16:31] Runtime error in Duplin : $ operator is invalid for atomic vectors - 
INFO [2020-11-26 14:16:31] Runtime error in Bertie : $ operator is invalid for atomic vectors - 
INFO [2020-11-26 14:16:31] Runtime error in Beaufort : $ operator is invalid for atomic vectors - 
INFO [2020-11-26 14:16:31] Runtime error in Haywood : $ operator is invalid for atomic vectors - 
INFO [2020-11-26 14:16:31] Runtime error in Perquimans : $ operator is invalid for atomic vectors - 
INFO [2020-11-26 14:16:31] Runtime error in Watauga : $ operator is invalid for atomic vectors - 
INFO [2020-11-26 14:16:31] Runtime error in Gates : $ operator is invalid for atomic vectors - 
INFO [2020-11-26 14:16:31] Runtime error in Macon : $ operator is invalid for atomic vectors - 
INFO [2020-11-26 14:16:31] Runtime error in Alleghany : $ operator is invalid for atomic vectors - 
INFO [2020-11-26 14:16:31] Runtime error in Yancey : $ operator is invalid for atomic vectors - 
INFO [2020-11-26 14:16:31] Runtime error in Mitchell : $ operator is invalid for atomic vectors - 
INFO [2020-11-26 14:16:31] Runtime error in Swain : $ operator is invalid for atomic vectors - 
INFO [2020-11-26 14:16:31] Runtime error in Currituck : $ operator is invalid for atomic vectors - 
INFO [2020-11-26 14:16:31] Runtime error in Camden : $ operator is invalid for atomic vectors - 
INFO [2020-11-27 14:18:14] Runtime error in Mecklenburg : $ operator is invalid for atomic vectors - 
INFO [2020-11-27 14:18:14] Runtime error in Wake : $ operator is invalid for atomic vectors - 
INFO [2020-11-27 14:18:14] Runtime error in Durham : $ operator is invalid for atomic vectors - 
INFO [2020-11-27 14:18:14] Runtime error in North Carolina : $ operator is invalid for atomic vectors - 
INFO [2020-11-27 14:18:14] Runtime error in Forsyth : $ operator is invalid for atomic vectors - 
INFO [2020-11-27 14:18:14] Runtime error in Union : $ operator is invalid for atomic vectors - 
INFO [2020-11-27 14:18:14] Runtime error in Orange : $ operator is invalid for atomic vectors - 
INFO [2020-11-27 14:18:14] Runtime error in Cabarrus : $ operator is invalid for atomic vectors - 
INFO [2020-11-27 14:18:14] Runtime error in Harnett : $ operator is invalid for atomic vectors - 
INFO [2020-11-27 14:18:14] Runtime error in New Hanover : $ operator is invalid for atomic vectors - 
INFO [2020-11-27 14:18:14] Runtime error in Gaston : $ operator is invalid for atomic vectors - 
INFO [2020-11-27 14:18:14] Runtime error in Chatham : $ operator is invalid for atomic vectors - 
INFO [2020-11-27 14:18:14] Runtime error in Pitt : $ operator is invalid for atomic vectors - 
INFO [2020-11-27 14:18:14] Runtime error in Randolph : $ operator is invalid for atomic vectors - 
INFO [2020-11-27 14:18:14] Runtime error in Henderson : $ operator is invalid for atomic vectors - 
INFO [2020-11-27 14:18:14] Runtime error in Cumberland : $ operator is invalid for atomic vectors - 
INFO [2020-11-27 14:18:14] Runtime error in Catawba : $ operator is invalid for atomic vectors - 
INFO [2020-11-27 14:18:14] Runtime error in Brunswick : $ operator is invalid for atomic vectors - 
INFO [2020-11-27 14:18:14] Runtime error in Granville : $ operator is invalid for atomic vectors - 
INFO [2020-11-27 14:18:14] Runtime error in Alamance : $ operator is invalid for atomic vectors - 
INFO [2020-11-27 14:18:14] Runtime error in Nash : $ operator is invalid for atomic vectors - 
INFO [2020-11-27 14:18:14] Runtime error in Cleveland : $ operator is invalid for atomic vectors - 
INFO [2020-11-27 14:18:14] Runtime error in Burke : $ operator is invalid for atomic vectors - 
INFO [2020-11-27 14:18:14] Runtime error in Franklin : $ operator is invalid for atomic vectors - 
INFO [2020-11-27 14:18:14] Runtime error in Moore : $ operator is invalid for atomic vectors - 
INFO [2020-11-27 14:18:14] Runtime error in Columbus : $ operator is invalid for atomic vectors - 
INFO [2020-11-27 14:18:14] Runtime error in Hoke : $ operator is invalid for atomic vectors - 
INFO [2020-11-27 14:18:14] Runtime error in Vance : $ operator is invalid for atomic vectors - 
INFO [2020-11-27 14:18:14] Runtime error in Halifax : $ operator is invalid for atomic vectors - 
INFO [2020-11-27 14:18:14] Runtime error in Edgecombe : $ operator is invalid for atomic vectors - 
INFO [2020-11-27 14:18:14] Runtime error in McDowell : $ operator is invalid for atomic vectors - 
INFO [2020-11-27 14:18:14] Runtime error in Caldwell : $ operator is invalid for atomic vectors - 
INFO [2020-11-27 14:18:14] Runtime error in Stanly : $ operator is invalid for atomic vectors - 
INFO [2020-11-27 14:18:14] Runtime error in Lee : $ operator is invalid for atomic vectors - 
INFO [2020-11-27 14:18:14] Runtime error in Washington : $ operator is invalid for atomic vectors - 
INFO [2020-11-27 14:18:14] Runtime error in Bertie : $ operator is invalid for atomic vectors - 
INFO [2020-11-27 14:18:14] Runtime error in Pasquotank : $ operator is invalid for atomic vectors - 
INFO [2020-11-27 14:18:14] Runtime error in Lenoir : $ operator is invalid for atomic vectors - 
INFO [2020-11-27 14:18:14] Runtime error in Richmond : $ operator is invalid for atomic vectors - 
INFO [2020-11-27 14:18:14] Runtime error in Mitchell : $ operator is invalid for atomic vectors - 
INFO [2020-11-27 14:18:14] Runtime error in Swain : $ operator is invalid for atomic vectors - 
INFO [2020-11-27 14:18:14] Runtime error in Currituck : $ operator is invalid for atomic vectors - 
INFO [2020-11-27 14:18:14] Runtime error in Clay : $ operator is invalid for atomic vectors - 
