INFO [2020-11-04 12:13:17] Runtime error in Brunswick : $ operator is invalid for atomic vectors - 
INFO [2020-11-04 12:13:17] Runtime error in Cabarrus : $ operator is invalid for atomic vectors - 
INFO [2020-11-04 12:13:17] Runtime error in Craven : $ operator is invalid for atomic vectors - 
INFO [2020-11-04 12:13:17] Runtime error in Gaston : $ operator is invalid for atomic vectors - 
INFO [2020-11-04 12:13:17] Runtime error in Hoke : $ operator is invalid for atomic vectors - 
INFO [2020-11-04 12:13:17] Runtime error in Lincoln : $ operator is invalid for atomic vectors - 
INFO [2020-11-04 12:13:17] Runtime error in Wayne : $ operator is invalid for atomic vectors - 
INFO [2020-11-04 12:13:17] Runtime error in Cone Health : $ operator is invalid for atomic vectors - 
INFO [2020-11-04 12:13:17] Runtime error in Forsyth : $ operator is invalid for atomic vectors - 
INFO [2020-11-04 12:13:17] Runtime error in Guilford : $ operator is invalid for atomic vectors - 
INFO [2020-11-04 12:13:17] Runtime error in Iredell : $ operator is invalid for atomic vectors - 
INFO [2020-11-04 12:13:17] Runtime error in Johnston : $ operator is invalid for atomic vectors - 
INFO [2020-11-04 12:13:17] Runtime error in Durham : $ operator is invalid for atomic vectors - 
INFO [2020-11-04 12:13:17] Runtime error in North Carolina : $ operator is invalid for atomic vectors - 
INFO [2020-11-04 12:13:17] Runtime error in Davidson : $ operator is invalid for atomic vectors - 
INFO [2020-11-04 12:13:17] Runtime error in Pasquotank : $ operator is invalid for atomic vectors - 
INFO [2020-11-04 12:13:17] Runtime error in Cleveland : $ operator is invalid for atomic vectors - 
INFO [2020-11-04 12:13:17] Runtime error in Granville : $ operator is invalid for atomic vectors - 
INFO [2020-11-04 12:13:17] Runtime error in Lee : $ operator is invalid for atomic vectors - 
INFO [2020-11-04 12:13:17] Runtime error in Scotland : $ operator is invalid for atomic vectors - 
INFO [2020-11-04 12:13:17] Runtime error in Cumberland : $ operator is invalid for atomic vectors - 
INFO [2020-11-04 12:13:17] Runtime error in Davie : $ operator is invalid for atomic vectors - 
INFO [2020-11-04 12:13:17] Runtime error in Henderson : $ operator is invalid for atomic vectors - 
INFO [2020-11-04 12:13:17] Runtime error in Clay : $ operator is invalid for atomic vectors - 
INFO [2020-11-04 12:13:17] Runtime error in Rockingham : $ operator is invalid for atomic vectors - 
INFO [2020-11-04 12:13:17] Runtime error in Martin : $ operator is invalid for atomic vectors - 
INFO [2020-11-04 12:13:17] Runtime error in Wilkes : $ operator is invalid for atomic vectors - 
INFO [2020-11-04 12:13:17] Runtime error in Dare : $ operator is invalid for atomic vectors - 
INFO [2020-11-04 12:13:17] Runtime error in Tyrrell : $ operator is invalid for atomic vectors - 
INFO [2020-11-04 12:13:17] Runtime error in Hyde : $ operator is invalid for atomic vectors - 
INFO [2020-11-04 12:13:17] Runtime error in Madison : $ operator is invalid for atomic vectors - 
INFO [2020-11-04 12:13:17] Runtime error in Camden : $ operator is invalid for atomic vectors - 
