INFO [2020-10-27 09:21:17] Runtime error in Pasquotank : $ operator is invalid for atomic vectors - 
INFO [2020-10-27 09:21:17] Runtime error in Pitt : $ operator is invalid for atomic vectors - 
INFO [2020-10-27 09:21:17] Runtime error in Rowan : $ operator is invalid for atomic vectors - 
INFO [2020-10-27 09:21:17] Runtime error in Cleveland : $ operator is invalid for atomic vectors - 
INFO [2020-10-27 09:21:17] Runtime error in Granville : $ operator is invalid for atomic vectors - 
INFO [2020-10-27 09:21:17] Runtime error in Lee : $ operator is invalid for atomic vectors - 
INFO [2020-10-27 09:21:17] Runtime error in Scotland : $ operator is invalid for atomic vectors - 
INFO [2020-10-27 09:21:17] Runtime error in Henderson : $ operator is invalid for atomic vectors - 
INFO [2020-10-27 09:21:17] Runtime error in Robeson : $ operator is invalid for atomic vectors - 
INFO [2020-10-27 09:21:17] Runtime error in Carteret : $ operator is invalid for atomic vectors - 
INFO [2020-10-27 09:21:17] Runtime error in Cherokee : $ operator is invalid for atomic vectors - 
INFO [2020-10-27 09:21:17] Runtime error in Montgomery : $ operator is invalid for atomic vectors - 
INFO [2020-10-27 09:21:17] Runtime error in Nash : $ operator is invalid for atomic vectors - 
INFO [2020-10-27 09:21:17] Runtime error in Lenoir : $ operator is invalid for atomic vectors - 
INFO [2020-10-27 09:21:17] Runtime error in Burke : $ operator is invalid for atomic vectors - 
INFO [2020-10-27 09:21:17] Runtime error in Duplin : $ operator is invalid for atomic vectors - 
INFO [2020-10-27 09:21:17] Runtime error in Beaufort : $ operator is invalid for atomic vectors - 
INFO [2020-10-27 09:21:17] Runtime error in McDowell : $ operator is invalid for atomic vectors - 
INFO [2020-10-27 09:21:17] Runtime error in Northampton : $ operator is invalid for atomic vectors - 
INFO [2020-10-27 09:21:17] Runtime error in Person : $ operator is invalid for atomic vectors - 
INFO [2020-10-27 09:21:17] Runtime error in Caswell : $ operator is invalid for atomic vectors - 
INFO [2020-10-27 09:21:17] Runtime error in Columbus : $ operator is invalid for atomic vectors - 
INFO [2020-10-27 09:21:17] Runtime error in Currituck : $ operator is invalid for atomic vectors - 
INFO [2020-10-27 09:21:17] Runtime error in Pamlico : $ operator is invalid for atomic vectors - 
INFO [2020-10-27 09:21:17] Runtime error in Yadkin : $ operator is invalid for atomic vectors - 
INFO [2020-10-27 09:21:17] Runtime error in Macon : $ operator is invalid for atomic vectors - 
INFO [2020-10-27 09:21:17] Runtime error in Mitchell : $ operator is invalid for atomic vectors - 
INFO [2020-10-27 09:21:17] Runtime error in Stokes : $ operator is invalid for atomic vectors - 
INFO [2020-10-27 09:21:17] Runtime error in Chowan : $ operator is invalid for atomic vectors - 
INFO [2020-10-27 09:21:17] Runtime error in Haywood : $ operator is invalid for atomic vectors - 
INFO [2020-10-27 09:21:17] Runtime error in Tyrrell : $ operator is invalid for atomic vectors - 
INFO [2020-10-27 09:21:17] Runtime error in Hyde : $ operator is invalid for atomic vectors - 
INFO [2020-10-27 09:21:17] Runtime error in Madison : $ operator is invalid for atomic vectors - 
INFO [2020-10-27 09:21:17] Runtime error in Camden : $ operator is invalid for atomic vectors - 
