INFO [2020-12-22 18:05:09] Initialising estimates for: Buncombe
INFO [2020-12-22 18:05:09] Initialising estimates for: Durham
INFO [2020-12-22 18:05:10] Initialising estimates for: Gaston
INFO [2020-12-22 18:05:11] Initialising estimates for: Forsyth
WARN [2020-12-22 18:11:53] Durham (chain: 1): There were 52 divergent transitions after warmup. See
http://mc-stan.org/misc/warnings.html#divergent-transitions-after-warmup
to find out why this is a problem and how to eliminate them. - 
WARN [2020-12-22 18:11:53] Durham (chain: 1): Examine the pairs() plot to diagnose sampling problems
 - 
INFO [2020-12-22 18:12:38] Completed estimates for: Durham
INFO [2020-12-22 18:12:58] Initialising estimates for: Union
WARN [2020-12-22 18:14:10] Buncombe (chain: 1): There were 39 divergent transitions after warmup. See
http://mc-stan.org/misc/warnings.html#divergent-transitions-after-warmup
to find out why this is a problem and how to eliminate them. - 
WARN [2020-12-22 18:14:11] Buncombe (chain: 1): Examine the pairs() plot to diagnose sampling problems
 - 
WARN [2020-12-22 18:15:28] Gaston (chain: 1): There were 55 divergent transitions after warmup. See
http://mc-stan.org/misc/warnings.html#divergent-transitions-after-warmup
to find out why this is a problem and how to eliminate them. - 
WARN [2020-12-22 18:15:28] Gaston (chain: 1): Examine the pairs() plot to diagnose sampling problems
 - 
INFO [2020-12-22 18:15:54] Completed estimates for: Buncombe
INFO [2020-12-22 18:15:58] Initialising estimates for: Cumberland
INFO [2020-12-22 18:16:28] Completed estimates for: Gaston
INFO [2020-12-22 18:16:36] Initialising estimates for: New Hanover
WARN [2020-12-22 18:20:28] Forsyth (chain: 1): There were 44 divergent transitions after warmup. See
http://mc-stan.org/misc/warnings.html#divergent-transitions-after-warmup
to find out why this is a problem and how to eliminate them. - 
WARN [2020-12-22 18:20:28] Forsyth (chain: 1): Examine the pairs() plot to diagnose sampling problems
 - 
INFO [2020-12-22 18:21:14] Completed estimates for: Forsyth
INFO [2020-12-22 18:21:19] Initialising estimates for: Guilford
WARN [2020-12-22 18:25:29] Cumberland (chain: 1): There were 380 divergent transitions after warmup. See
http://mc-stan.org/misc/warnings.html#divergent-transitions-after-warmup
to find out why this is a problem and how to eliminate them. - 
WARN [2020-12-22 18:25:29] Cumberland (chain: 1): Examine the pairs() plot to diagnose sampling problems
 - 
WARN [2020-12-22 18:25:33] Cumberland (chain: 1): The largest R-hat is 1.14, indicating chains have not mixed.
Running the chains for more iterations may help. See
http://mc-stan.org/misc/warnings.html#r-hat - 
WARN [2020-12-22 18:25:38] Cumberland (chain: 1): Bulk Effective Samples Size (ESS) is too low, indicating posterior means and medians may be unreliable.
Running the chains for more iterations may help. See
http://mc-stan.org/misc/warnings.html#bulk-ess - 
WARN [2020-12-22 18:25:45] Cumberland (chain: 1): Tail Effective Samples Size (ESS) is too low, indicating posterior variances and tail quantiles may be unreliable.
Running the chains for more iterations may help. See
http://mc-stan.org/misc/warnings.html#tail-ess - 
INFO [2020-12-22 18:26:07] Completed estimates for: Cumberland
INFO [2020-12-22 18:26:11] Initialising estimates for: Mecklenburg
WARN [2020-12-22 18:26:16] New Hanover (chain: 1): There were 30 divergent transitions after warmup. See
http://mc-stan.org/misc/warnings.html#divergent-transitions-after-warmup
to find out why this is a problem and how to eliminate them. - 
WARN [2020-12-22 18:26:16] New Hanover (chain: 1): Examine the pairs() plot to diagnose sampling problems
 - 
INFO [2020-12-22 18:26:52] Completed estimates for: New Hanover
INFO [2020-12-22 18:26:59] Initialising estimates for: Wake
WARN [2020-12-22 18:28:05] Guilford (chain: 1): There were 36 divergent transitions after warmup. See
http://mc-stan.org/misc/warnings.html#divergent-transitions-after-warmup
to find out why this is a problem and how to eliminate them. - 
WARN [2020-12-22 18:28:05] Guilford (chain: 1): Examine the pairs() plot to diagnose sampling problems
 - 
WARN [2020-12-22 18:28:47] Union (chain: 1): There were 76 divergent transitions after warmup. See
http://mc-stan.org/misc/warnings.html#divergent-transitions-after-warmup
to find out why this is a problem and how to eliminate them. - 
WARN [2020-12-22 18:28:47] Union (chain: 1): Examine the pairs() plot to diagnose sampling problems
 - 
INFO [2020-12-22 18:28:49] Completed estimates for: Guilford
INFO [2020-12-22 18:28:54] Initialising estimates for: Cone Health
INFO [2020-12-22 18:29:32] Completed estimates for: Union
INFO [2020-12-22 18:29:39] Initialising estimates for: North Carolina
WARN [2020-12-22 18:33:23] Wake (chain: 1): There were 52 divergent transitions after warmup. See
http://mc-stan.org/misc/warnings.html#divergent-transitions-after-warmup
to find out why this is a problem and how to eliminate them. - 
WARN [2020-12-22 18:33:23] Wake (chain: 1): Examine the pairs() plot to diagnose sampling problems
 - 
INFO [2020-12-22 18:34:07] Completed estimates for: Wake
WARN [2020-12-22 18:42:09] Mecklenburg (chain: 1): There were 20 divergent transitions after warmup. See
http://mc-stan.org/misc/warnings.html#divergent-transitions-after-warmup
to find out why this is a problem and how to eliminate them. - 
WARN [2020-12-22 18:42:09] Mecklenburg (chain: 1): Examine the pairs() plot to diagnose sampling problems
 - 
INFO [2020-12-22 18:42:48] Completed estimates for: Mecklenburg
WARN [2020-12-22 19:46:30] North Carolina (chain: 1): There were 35 divergent transitions after warmup. See
http://mc-stan.org/misc/warnings.html#divergent-transitions-after-warmup
to find out why this is a problem and how to eliminate them. - 
WARN [2020-12-22 19:46:30] North Carolina (chain: 1): There were 2 transitions after warmup that exceeded the maximum treedepth. Increase max_treedepth above 14. See
http://mc-stan.org/misc/warnings.html#maximum-treedepth-exceeded - 
WARN [2020-12-22 19:46:30] North Carolina (chain: 1): Examine the pairs() plot to diagnose sampling problems
 - 
ERROR [2020-12-22 19:46:30] North Carolina: model fitting was timed out or failed - 
WARN [2020-12-22 19:47:24] Cone Health (chain: 1): There were 132 divergent transitions after warmup. See
http://mc-stan.org/misc/warnings.html#divergent-transitions-after-warmup
to find out why this is a problem and how to eliminate them. - 
WARN [2020-12-22 19:47:24] Cone Health (chain: 1): There were 1 transitions after warmup that exceeded the maximum treedepth. Increase max_treedepth above 14. See
http://mc-stan.org/misc/warnings.html#maximum-treedepth-exceeded - 
ERROR [2020-12-22 19:47:24] Cone Health: model fitting was timed out or failed - 
INFO [2020-12-22 19:47:25] Runtime error in Cone Health : Cone Health: model fitting was timed out or failed - 
INFO [2020-12-22 19:47:25] Runtime error in North Carolina : North Carolina: model fitting was timed out or failed - 
INFO [2020-12-22 19:47:32] Initialising estimates for: Haywood
INFO [2020-12-22 19:47:32] Initialising estimates for: Madison
INFO [2020-12-22 19:47:33] Initialising estimates for: Richmond
INFO [2020-12-22 19:47:34] Initialising estimates for: Yancey
WARN [2020-12-22 19:51:06] Madison: There were 50 transitions after warmup that exceeded the maximum treedepth. Increase max_treedepth above 13. See
http://mc-stan.org/misc/warnings.html#maximum-treedepth-exceeded - 
WARN [2020-12-22 19:51:06] Madison: Examine the pairs() plot to diagnose sampling problems
 - 
WARN [2020-12-22 19:51:06] Madison: The largest R-hat is 2.01, indicating chains have not mixed.
Running the chains for more iterations may help. See
http://mc-stan.org/misc/warnings.html#r-hat - 
WARN [2020-12-22 19:51:06] Madison: Bulk Effective Samples Size (ESS) is too low, indicating posterior means and medians may be unreliable.
Running the chains for more iterations may help. See
http://mc-stan.org/misc/warnings.html#bulk-ess - 
WARN [2020-12-22 19:51:07] Madison: Tail Effective Samples Size (ESS) is too low, indicating posterior variances and tail quantiles may be unreliable.
Running the chains for more iterations may help. See
http://mc-stan.org/misc/warnings.html#tail-ess - 
WARN [2020-12-22 19:51:18] Haywood: There were 50 transitions after warmup that exceeded the maximum treedepth. Increase max_treedepth above 13. See
http://mc-stan.org/misc/warnings.html#maximum-treedepth-exceeded - 
WARN [2020-12-22 19:51:18] Haywood: Examine the pairs() plot to diagnose sampling problems
 - 
WARN [2020-12-22 19:51:18] Haywood: The largest R-hat is 2.06, indicating chains have not mixed.
Running the chains for more iterations may help. See
http://mc-stan.org/misc/warnings.html#r-hat - 
WARN [2020-12-22 19:51:18] Haywood: Bulk Effective Samples Size (ESS) is too low, indicating posterior means and medians may be unreliable.
Running the chains for more iterations may help. See
http://mc-stan.org/misc/warnings.html#bulk-ess - 
WARN [2020-12-22 19:51:19] Haywood: Tail Effective Samples Size (ESS) is too low, indicating posterior variances and tail quantiles may be unreliable.
Running the chains for more iterations may help. See
http://mc-stan.org/misc/warnings.html#tail-ess - 
WARN [2020-12-22 19:51:25] Richmond: There were 50 transitions after warmup that exceeded the maximum treedepth. Increase max_treedepth above 13. See
http://mc-stan.org/misc/warnings.html#maximum-treedepth-exceeded - 
WARN [2020-12-22 19:51:25] Richmond: Examine the pairs() plot to diagnose sampling problems
 - 
WARN [2020-12-22 19:51:25] Richmond: The largest R-hat is 2.1, indicating chains have not mixed.
Running the chains for more iterations may help. See
http://mc-stan.org/misc/warnings.html#r-hat - 
WARN [2020-12-22 19:51:26] Richmond: Bulk Effective Samples Size (ESS) is too low, indicating posterior means and medians may be unreliable.
Running the chains for more iterations may help. See
http://mc-stan.org/misc/warnings.html#bulk-ess - 
WARN [2020-12-22 19:51:27] Richmond: Tail Effective Samples Size (ESS) is too low, indicating posterior variances and tail quantiles may be unreliable.
Running the chains for more iterations may help. See
http://mc-stan.org/misc/warnings.html#tail-ess - 
WARN [2020-12-22 19:51:58] Yancey: There were 50 transitions after warmup that exceeded the maximum treedepth. Increase max_treedepth above 13. See
http://mc-stan.org/misc/warnings.html#maximum-treedepth-exceeded - 
WARN [2020-12-22 19:51:58] Yancey: Examine the pairs() plot to diagnose sampling problems
 - 
WARN [2020-12-22 19:51:59] Yancey: The largest R-hat is 1.42, indicating chains have not mixed.
Running the chains for more iterations may help. See
http://mc-stan.org/misc/warnings.html#r-hat - 
WARN [2020-12-22 19:51:59] Yancey: Bulk Effective Samples Size (ESS) is too low, indicating posterior means and medians may be unreliable.
Running the chains for more iterations may help. See
http://mc-stan.org/misc/warnings.html#bulk-ess - 
WARN [2020-12-22 19:52:00] Yancey: Tail Effective Samples Size (ESS) is too low, indicating posterior variances and tail quantiles may be unreliable.
Running the chains for more iterations may help. See
http://mc-stan.org/misc/warnings.html#tail-ess - 
WARN [2020-12-22 20:00:43] Richmond (chain: 1): There were 1109 divergent transitions after warmup. See
http://mc-stan.org/misc/warnings.html#divergent-transitions-after-warmup
to find out why this is a problem and how to eliminate them. - 
WARN [2020-12-22 20:00:43] Richmond (chain: 1): Examine the pairs() plot to diagnose sampling problems
 - 
WARN [2020-12-22 20:00:49] Richmond (chain: 1): The largest R-hat is 1.3, indicating chains have not mixed.
Running the chains for more iterations may help. See
http://mc-stan.org/misc/warnings.html#r-hat - 
WARN [2020-12-22 20:00:59] Richmond (chain: 1): Bulk Effective Samples Size (ESS) is too low, indicating posterior means and medians may be unreliable.
Running the chains for more iterations may help. See
http://mc-stan.org/misc/warnings.html#bulk-ess - 
WARN [2020-12-22 20:01:06] Richmond (chain: 1): Tail Effective Samples Size (ESS) is too low, indicating posterior variances and tail quantiles may be unreliable.
Running the chains for more iterations may help. See
http://mc-stan.org/misc/warnings.html#tail-ess - 
WARN [2020-12-22 20:01:12] Haywood (chain: 1): There were 59 divergent transitions after warmup. See
http://mc-stan.org/misc/warnings.html#divergent-transitions-after-warmup
to find out why this is a problem and how to eliminate them. - 
WARN [2020-12-22 20:01:12] Haywood (chain: 1): Examine the pairs() plot to diagnose sampling problems
 - 
INFO [2020-12-22 20:01:35] Completed estimates for: Richmond
WARN [2020-12-22 20:01:40] Madison (chain: 1): There were 107 divergent transitions after warmup. See
http://mc-stan.org/misc/warnings.html#divergent-transitions-after-warmup
to find out why this is a problem and how to eliminate them. - 
WARN [2020-12-22 20:01:41] Madison (chain: 1): Examine the pairs() plot to diagnose sampling problems
 - 
INFO [2020-12-22 20:01:42] Initialising estimates for: Currituck
INFO [2020-12-22 20:01:56] Completed estimates for: Haywood
INFO [2020-12-22 20:02:01] Initialising estimates for: Duplin
INFO [2020-12-22 20:02:23] Completed estimates for: Madison
INFO [2020-12-22 20:02:30] Initialising estimates for: Gates
WARN [2020-12-22 20:05:11] Currituck: There were 49 transitions after warmup that exceeded the maximum treedepth. Increase max_treedepth above 13. See
http://mc-stan.org/misc/warnings.html#maximum-treedepth-exceeded - 
WARN [2020-12-22 20:05:11] Currituck: Examine the pairs() plot to diagnose sampling problems
 - 
WARN [2020-12-22 20:05:11] Currituck: The largest R-hat is 1.63, indicating chains have not mixed.
Running the chains for more iterations may help. See
http://mc-stan.org/misc/warnings.html#r-hat - 
WARN [2020-12-22 20:05:11] Currituck: Bulk Effective Samples Size (ESS) is too low, indicating posterior means and medians may be unreliable.
Running the chains for more iterations may help. See
http://mc-stan.org/misc/warnings.html#bulk-ess - 
WARN [2020-12-22 20:05:12] Currituck: Tail Effective Samples Size (ESS) is too low, indicating posterior variances and tail quantiles may be unreliable.
Running the chains for more iterations may help. See
http://mc-stan.org/misc/warnings.html#tail-ess - 
WARN [2020-12-22 20:05:28] Duplin: There were 50 transitions after warmup that exceeded the maximum treedepth. Increase max_treedepth above 13. See
http://mc-stan.org/misc/warnings.html#maximum-treedepth-exceeded - 
WARN [2020-12-22 20:05:28] Duplin: Examine the pairs() plot to diagnose sampling problems
 - 
WARN [2020-12-22 20:05:28] Duplin: The largest R-hat is 2.1, indicating chains have not mixed.
Running the chains for more iterations may help. See
http://mc-stan.org/misc/warnings.html#r-hat - 
WARN [2020-12-22 20:05:29] Duplin: Bulk Effective Samples Size (ESS) is too low, indicating posterior means and medians may be unreliable.
Running the chains for more iterations may help. See
http://mc-stan.org/misc/warnings.html#bulk-ess - 
WARN [2020-12-22 20:05:29] Duplin: Tail Effective Samples Size (ESS) is too low, indicating posterior variances and tail quantiles may be unreliable.
Running the chains for more iterations may help. See
http://mc-stan.org/misc/warnings.html#tail-ess - 
WARN [2020-12-22 20:05:57] Yancey (chain: 1): There were 1061 divergent transitions after warmup. See
http://mc-stan.org/misc/warnings.html#divergent-transitions-after-warmup
to find out why this is a problem and how to eliminate them. - 
WARN [2020-12-22 20:05:57] Yancey (chain: 1): Examine the pairs() plot to diagnose sampling problems
 - 
WARN [2020-12-22 20:06:05] Yancey (chain: 1): The largest R-hat is 1.26, indicating chains have not mixed.
Running the chains for more iterations may help. See
http://mc-stan.org/misc/warnings.html#r-hat - 
WARN [2020-12-22 20:06:13] Yancey (chain: 1): Bulk Effective Samples Size (ESS) is too low, indicating posterior means and medians may be unreliable.
Running the chains for more iterations may help. See
http://mc-stan.org/misc/warnings.html#bulk-ess - 
WARN [2020-12-22 20:06:21] Yancey (chain: 1): Tail Effective Samples Size (ESS) is too low, indicating posterior variances and tail quantiles may be unreliable.
Running the chains for more iterations may help. See
http://mc-stan.org/misc/warnings.html#tail-ess - 
WARN [2020-12-22 20:06:28] Gates: There were 50 transitions after warmup that exceeded the maximum treedepth. Increase max_treedepth above 13. See
http://mc-stan.org/misc/warnings.html#maximum-treedepth-exceeded - 
WARN [2020-12-22 20:06:28] Gates: Examine the pairs() plot to diagnose sampling problems
 - 
WARN [2020-12-22 20:06:29] Gates: The largest R-hat is 1.98, indicating chains have not mixed.
Running the chains for more iterations may help. See
http://mc-stan.org/misc/warnings.html#r-hat - 
WARN [2020-12-22 20:06:30] Gates: Bulk Effective Samples Size (ESS) is too low, indicating posterior means and medians may be unreliable.
Running the chains for more iterations may help. See
http://mc-stan.org/misc/warnings.html#bulk-ess - 
WARN [2020-12-22 20:06:30] Gates: Tail Effective Samples Size (ESS) is too low, indicating posterior variances and tail quantiles may be unreliable.
Running the chains for more iterations may help. See
http://mc-stan.org/misc/warnings.html#tail-ess - 
INFO [2020-12-22 20:07:09] Completed estimates for: Yancey
INFO [2020-12-22 20:07:15] Initialising estimates for: Northampton
WARN [2020-12-22 20:12:23] Currituck (chain: 1): There were 304 divergent transitions after warmup. See
http://mc-stan.org/misc/warnings.html#divergent-transitions-after-warmup
to find out why this is a problem and how to eliminate them. - 
WARN [2020-12-22 20:12:23] Currituck (chain: 1): Examine the pairs() plot to diagnose sampling problems
 - 
WARN [2020-12-22 20:12:59] Northampton: There were 50 transitions after warmup that exceeded the maximum treedepth. Increase max_treedepth above 13. See
http://mc-stan.org/misc/warnings.html#maximum-treedepth-exceeded - 
WARN [2020-12-22 20:12:59] Northampton: Examine the pairs() plot to diagnose sampling problems
 - 
WARN [2020-12-22 20:13:00] Northampton: The largest R-hat is 1.79, indicating chains have not mixed.
Running the chains for more iterations may help. See
http://mc-stan.org/misc/warnings.html#r-hat - 
WARN [2020-12-22 20:13:00] Northampton: Bulk Effective Samples Size (ESS) is too low, indicating posterior means and medians may be unreliable.
Running the chains for more iterations may help. See
http://mc-stan.org/misc/warnings.html#bulk-ess - 
WARN [2020-12-22 20:13:01] Northampton: Tail Effective Samples Size (ESS) is too low, indicating posterior variances and tail quantiles may be unreliable.
Running the chains for more iterations may help. See
http://mc-stan.org/misc/warnings.html#tail-ess - 
INFO [2020-12-22 20:13:11] Completed estimates for: Currituck
INFO [2020-12-22 20:13:18] Initialising estimates for: Polk
WARN [2020-12-22 20:15:56] Gates (chain: 1): There were 54 divergent transitions after warmup. See
http://mc-stan.org/misc/warnings.html#divergent-transitions-after-warmup
to find out why this is a problem and how to eliminate them. - 
WARN [2020-12-22 20:15:56] Gates (chain: 1): Examine the pairs() plot to diagnose sampling problems
 - 
WARN [2020-12-22 20:16:31] Duplin (chain: 1): There were 100 divergent transitions after warmup. See
http://mc-stan.org/misc/warnings.html#divergent-transitions-after-warmup
to find out why this is a problem and how to eliminate them. - 
WARN [2020-12-22 20:16:31] Duplin (chain: 1): Examine the pairs() plot to diagnose sampling problems
 - 
INFO [2020-12-22 20:16:43] Completed estimates for: Gates
INFO [2020-12-22 20:16:49] Initialising estimates for: Chowan
INFO [2020-12-22 20:17:15] Completed estimates for: Duplin
INFO [2020-12-22 20:17:21] Initialising estimates for: Graham
WARN [2020-12-22 20:17:38] Polk: There were 50 transitions after warmup that exceeded the maximum treedepth. Increase max_treedepth above 13. See
http://mc-stan.org/misc/warnings.html#maximum-treedepth-exceeded - 
WARN [2020-12-22 20:17:38] Polk: Examine the pairs() plot to diagnose sampling problems
 - 
WARN [2020-12-22 20:17:39] Polk: The largest R-hat is 1.75, indicating chains have not mixed.
Running the chains for more iterations may help. See
http://mc-stan.org/misc/warnings.html#r-hat - 
WARN [2020-12-22 20:17:39] Polk: Bulk Effective Samples Size (ESS) is too low, indicating posterior means and medians may be unreliable.
Running the chains for more iterations may help. See
http://mc-stan.org/misc/warnings.html#bulk-ess - 
WARN [2020-12-22 20:17:40] Polk: Tail Effective Samples Size (ESS) is too low, indicating posterior variances and tail quantiles may be unreliable.
Running the chains for more iterations may help. See
http://mc-stan.org/misc/warnings.html#tail-ess - 
WARN [2020-12-22 20:19:21] Northampton (chain: 1): There were 182 divergent transitions after warmup. See
http://mc-stan.org/misc/warnings.html#divergent-transitions-after-warmup
to find out why this is a problem and how to eliminate them. - 
WARN [2020-12-22 20:19:21] Northampton (chain: 1): Examine the pairs() plot to diagnose sampling problems
 - 
INFO [2020-12-22 20:20:07] Completed estimates for: Northampton
INFO [2020-12-22 20:20:13] Initialising estimates for: Martin
WARN [2020-12-22 20:21:04] Chowan: There were 50 transitions after warmup that exceeded the maximum treedepth. Increase max_treedepth above 13. See
http://mc-stan.org/misc/warnings.html#maximum-treedepth-exceeded - 
WARN [2020-12-22 20:21:04] Chowan: Examine the pairs() plot to diagnose sampling problems
 - 
WARN [2020-12-22 20:21:05] Chowan: The largest R-hat is 2.11, indicating chains have not mixed.
Running the chains for more iterations may help. See
http://mc-stan.org/misc/warnings.html#r-hat - 
WARN [2020-12-22 20:21:05] Chowan: Bulk Effective Samples Size (ESS) is too low, indicating posterior means and medians may be unreliable.
Running the chains for more iterations may help. See
http://mc-stan.org/misc/warnings.html#bulk-ess - 
WARN [2020-12-22 20:21:06] Chowan: Tail Effective Samples Size (ESS) is too low, indicating posterior variances and tail quantiles may be unreliable.
Running the chains for more iterations may help. See
http://mc-stan.org/misc/warnings.html#tail-ess - 
WARN [2020-12-22 20:21:36] Graham: There were 50 transitions after warmup that exceeded the maximum treedepth. Increase max_treedepth above 13. See
http://mc-stan.org/misc/warnings.html#maximum-treedepth-exceeded - 
WARN [2020-12-22 20:21:36] Graham: Examine the pairs() plot to diagnose sampling problems
 - 
WARN [2020-12-22 20:21:36] Graham: The largest R-hat is 1.79, indicating chains have not mixed.
Running the chains for more iterations may help. See
http://mc-stan.org/misc/warnings.html#r-hat - 
WARN [2020-12-22 20:21:37] Graham: Bulk Effective Samples Size (ESS) is too low, indicating posterior means and medians may be unreliable.
Running the chains for more iterations may help. See
http://mc-stan.org/misc/warnings.html#bulk-ess - 
WARN [2020-12-22 20:21:38] Graham: Tail Effective Samples Size (ESS) is too low, indicating posterior variances and tail quantiles may be unreliable.
Running the chains for more iterations may help. See
http://mc-stan.org/misc/warnings.html#tail-ess - 
WARN [2020-12-22 20:24:06] Polk (chain: 1): There were 145 divergent transitions after warmup. See
http://mc-stan.org/misc/warnings.html#divergent-transitions-after-warmup
to find out why this is a problem and how to eliminate them. - 
WARN [2020-12-22 20:24:06] Polk (chain: 1): Examine the pairs() plot to diagnose sampling problems
 - 
INFO [2020-12-22 20:25:04] Completed estimates for: Polk
INFO [2020-12-22 20:25:32] Initialising estimates for: Madison
INFO [2020-12-22 20:25:33] Initialising estimates for: Yancey
INFO [2020-12-22 20:25:34] Initialising estimates for: Currituck
INFO [2020-12-22 20:25:35] Initialising estimates for: Gates
WARN [2020-12-22 20:30:36] Madison: There were 50 transitions after warmup that exceeded the maximum treedepth. Increase max_treedepth above 13. See
http://mc-stan.org/misc/warnings.html#maximum-treedepth-exceeded - 
WARN [2020-12-22 20:30:36] Madison: Examine the pairs() plot to diagnose sampling problems
 - 
WARN [2020-12-22 20:30:36] Madison: The largest R-hat is 2.09, indicating chains have not mixed.
Running the chains for more iterations may help. See
http://mc-stan.org/misc/warnings.html#r-hat - 
WARN [2020-12-22 20:30:37] Madison: Bulk Effective Samples Size (ESS) is too low, indicating posterior means and medians may be unreliable.
Running the chains for more iterations may help. See
http://mc-stan.org/misc/warnings.html#bulk-ess - 
WARN [2020-12-22 20:30:37] Madison: Tail Effective Samples Size (ESS) is too low, indicating posterior variances and tail quantiles may be unreliable.
Running the chains for more iterations may help. See
http://mc-stan.org/misc/warnings.html#tail-ess - 
WARN [2020-12-22 20:30:39] Currituck: There were 50 transitions after warmup that exceeded the maximum treedepth. Increase max_treedepth above 13. See
http://mc-stan.org/misc/warnings.html#maximum-treedepth-exceeded - 
WARN [2020-12-22 20:30:39] Currituck: Examine the pairs() plot to diagnose sampling problems
 - 
WARN [2020-12-22 20:30:39] Currituck: The largest R-hat is 1.76, indicating chains have not mixed.
Running the chains for more iterations may help. See
http://mc-stan.org/misc/warnings.html#r-hat - 
WARN [2020-12-22 20:30:39] Currituck: Bulk Effective Samples Size (ESS) is too low, indicating posterior means and medians may be unreliable.
Running the chains for more iterations may help. See
http://mc-stan.org/misc/warnings.html#bulk-ess - 
WARN [2020-12-22 20:30:40] Currituck: Tail Effective Samples Size (ESS) is too low, indicating posterior variances and tail quantiles may be unreliable.
Running the chains for more iterations may help. See
http://mc-stan.org/misc/warnings.html#tail-ess - 
WARN [2020-12-22 20:31:05] Gates: There were 50 transitions after warmup that exceeded the maximum treedepth. Increase max_treedepth above 13. See
http://mc-stan.org/misc/warnings.html#maximum-treedepth-exceeded - 
WARN [2020-12-22 20:31:05] Gates: Examine the pairs() plot to diagnose sampling problems
 - 
WARN [2020-12-22 20:31:05] Gates: The largest R-hat is 1.75, indicating chains have not mixed.
Running the chains for more iterations may help. See
http://mc-stan.org/misc/warnings.html#r-hat - 
WARN [2020-12-22 20:31:05] Gates: Bulk Effective Samples Size (ESS) is too low, indicating posterior means and medians may be unreliable.
Running the chains for more iterations may help. See
http://mc-stan.org/misc/warnings.html#bulk-ess - 
WARN [2020-12-22 20:31:06] Gates: Tail Effective Samples Size (ESS) is too low, indicating posterior variances and tail quantiles may be unreliable.
Running the chains for more iterations may help. See
http://mc-stan.org/misc/warnings.html#tail-ess - 
WARN [2020-12-22 20:31:23] Yancey: There were 50 transitions after warmup that exceeded the maximum treedepth. Increase max_treedepth above 13. See
http://mc-stan.org/misc/warnings.html#maximum-treedepth-exceeded - 
WARN [2020-12-22 20:31:23] Yancey: Examine the pairs() plot to diagnose sampling problems
 - 
WARN [2020-12-22 20:31:23] Yancey: The largest R-hat is 1.77, indicating chains have not mixed.
Running the chains for more iterations may help. See
http://mc-stan.org/misc/warnings.html#r-hat - 
WARN [2020-12-22 20:31:24] Yancey: Bulk Effective Samples Size (ESS) is too low, indicating posterior means and medians may be unreliable.
Running the chains for more iterations may help. See
http://mc-stan.org/misc/warnings.html#bulk-ess - 
WARN [2020-12-22 20:31:25] Yancey: Tail Effective Samples Size (ESS) is too low, indicating posterior variances and tail quantiles may be unreliable.
Running the chains for more iterations may help. See
http://mc-stan.org/misc/warnings.html#tail-ess - 
WARN [2020-12-22 20:38:12] Gates (chain: 1): There were 137 divergent transitions after warmup. See
http://mc-stan.org/misc/warnings.html#divergent-transitions-after-warmup
to find out why this is a problem and how to eliminate them. - 
WARN [2020-12-22 20:38:12] Gates (chain: 1): Examine the pairs() plot to diagnose sampling problems
 - 
INFO [2020-12-22 20:38:57] Completed estimates for: Gates
INFO [2020-12-22 20:39:01] Initialising estimates for: Northampton
WARN [2020-12-22 20:39:39] Madison (chain: 1): There were 147 divergent transitions after warmup. See
http://mc-stan.org/misc/warnings.html#divergent-transitions-after-warmup
to find out why this is a problem and how to eliminate them. - 
WARN [2020-12-22 20:39:39] Madison (chain: 1): Examine the pairs() plot to diagnose sampling problems
 - 
WARN [2020-12-22 20:39:44] Currituck (chain: 1): There were 99 divergent transitions after warmup. See
http://mc-stan.org/misc/warnings.html#divergent-transitions-after-warmup
to find out why this is a problem and how to eliminate them. - 
WARN [2020-12-22 20:39:44] Currituck (chain: 1): Examine the pairs() plot to diagnose sampling problems
 - 
WARN [2020-12-22 20:39:47] Yancey (chain: 1): There were 127 divergent transitions after warmup. See
http://mc-stan.org/misc/warnings.html#divergent-transitions-after-warmup
to find out why this is a problem and how to eliminate them. - 
WARN [2020-12-22 20:39:47] Yancey (chain: 1): Examine the pairs() plot to diagnose sampling problems
 - 
INFO [2020-12-22 20:40:10] Completed estimates for: Madison
INFO [2020-12-22 20:40:17] Completed estimates for: Currituck
INFO [2020-12-22 20:40:20] Completed estimates for: Yancey
INFO [2020-12-22 20:40:21] Initialising estimates for: Polk
INFO [2020-12-22 20:40:23] Initialising estimates for: Chowan
INFO [2020-12-22 20:40:25] Initialising estimates for: Graham
WARN [2020-12-22 20:42:29] Northampton: There were 50 transitions after warmup that exceeded the maximum treedepth. Increase max_treedepth above 13. See
http://mc-stan.org/misc/warnings.html#maximum-treedepth-exceeded - 
WARN [2020-12-22 20:42:29] Northampton: Examine the pairs() plot to diagnose sampling problems
 - 
WARN [2020-12-22 20:42:29] Northampton: The largest R-hat is 2.01, indicating chains have not mixed.
Running the chains for more iterations may help. See
http://mc-stan.org/misc/warnings.html#r-hat - 
WARN [2020-12-22 20:42:30] Northampton: Bulk Effective Samples Size (ESS) is too low, indicating posterior means and medians may be unreliable.
Running the chains for more iterations may help. See
http://mc-stan.org/misc/warnings.html#bulk-ess - 
WARN [2020-12-22 20:42:30] Northampton: Tail Effective Samples Size (ESS) is too low, indicating posterior variances and tail quantiles may be unreliable.
Running the chains for more iterations may help. See
http://mc-stan.org/misc/warnings.html#tail-ess - 
WARN [2020-12-22 20:44:05] Chowan: There were 50 transitions after warmup that exceeded the maximum treedepth. Increase max_treedepth above 13. See
http://mc-stan.org/misc/warnings.html#maximum-treedepth-exceeded - 
WARN [2020-12-22 20:44:05] Chowan: Examine the pairs() plot to diagnose sampling problems
 - 
WARN [2020-12-22 20:44:06] Chowan: The largest R-hat is 1.99, indicating chains have not mixed.
Running the chains for more iterations may help. See
http://mc-stan.org/misc/warnings.html#r-hat - 
WARN [2020-12-22 20:44:06] Chowan: Bulk Effective Samples Size (ESS) is too low, indicating posterior means and medians may be unreliable.
Running the chains for more iterations may help. See
http://mc-stan.org/misc/warnings.html#bulk-ess - 
WARN [2020-12-22 20:44:07] Chowan: Tail Effective Samples Size (ESS) is too low, indicating posterior variances and tail quantiles may be unreliable.
Running the chains for more iterations may help. See
http://mc-stan.org/misc/warnings.html#tail-ess - 
WARN [2020-12-22 20:44:08] Graham: There were 50 transitions after warmup that exceeded the maximum treedepth. Increase max_treedepth above 13. See
http://mc-stan.org/misc/warnings.html#maximum-treedepth-exceeded - 
WARN [2020-12-22 20:44:08] Graham: Examine the pairs() plot to diagnose sampling problems
 - 
WARN [2020-12-22 20:44:08] Graham: The largest R-hat is 2.01, indicating chains have not mixed.
Running the chains for more iterations may help. See
http://mc-stan.org/misc/warnings.html#r-hat - 
WARN [2020-12-22 20:44:09] Graham: Bulk Effective Samples Size (ESS) is too low, indicating posterior means and medians may be unreliable.
Running the chains for more iterations may help. See
http://mc-stan.org/misc/warnings.html#bulk-ess - 
WARN [2020-12-22 20:44:10] Graham: Tail Effective Samples Size (ESS) is too low, indicating posterior variances and tail quantiles may be unreliable.
Running the chains for more iterations may help. See
http://mc-stan.org/misc/warnings.html#tail-ess - 
WARN [2020-12-22 20:44:48] Polk: There were 50 transitions after warmup that exceeded the maximum treedepth. Increase max_treedepth above 13. See
http://mc-stan.org/misc/warnings.html#maximum-treedepth-exceeded - 
WARN [2020-12-22 20:44:48] Polk: Examine the pairs() plot to diagnose sampling problems
 - 
WARN [2020-12-22 20:44:49] Polk: The largest R-hat is 1.51, indicating chains have not mixed.
Running the chains for more iterations may help. See
http://mc-stan.org/misc/warnings.html#r-hat - 
WARN [2020-12-22 20:44:49] Polk: Bulk Effective Samples Size (ESS) is too low, indicating posterior means and medians may be unreliable.
Running the chains for more iterations may help. See
http://mc-stan.org/misc/warnings.html#bulk-ess - 
WARN [2020-12-22 20:44:50] Polk: Tail Effective Samples Size (ESS) is too low, indicating posterior variances and tail quantiles may be unreliable.
Running the chains for more iterations may help. See
http://mc-stan.org/misc/warnings.html#tail-ess - 
WARN [2020-12-22 20:50:28] Northampton (chain: 1): There were 64 divergent transitions after warmup. See
http://mc-stan.org/misc/warnings.html#divergent-transitions-after-warmup
to find out why this is a problem and how to eliminate them. - 
WARN [2020-12-22 20:50:28] Northampton (chain: 1): Examine the pairs() plot to diagnose sampling problems
 - 
INFO [2020-12-22 20:51:09] Completed estimates for: Northampton
INFO [2020-12-22 20:51:16] Initialising estimates for: Martin
WARN [2020-12-22 20:51:39] Polk (chain: 1): There were 57 divergent transitions after warmup. See
http://mc-stan.org/misc/warnings.html#divergent-transitions-after-warmup
to find out why this is a problem and how to eliminate them. - 
WARN [2020-12-22 20:51:39] Polk (chain: 1): Examine the pairs() plot to diagnose sampling problems
 - 
INFO [2020-12-22 20:52:12] Completed estimates for: Polk
INFO [2020-12-22 20:52:17] Initialising estimates for: Perquimans
WARN [2020-12-22 20:52:23] Graham (chain: 1): There were 103 divergent transitions after warmup. See
http://mc-stan.org/misc/warnings.html#divergent-transitions-after-warmup
to find out why this is a problem and how to eliminate them. - 
WARN [2020-12-22 20:52:23] Graham (chain: 1): Examine the pairs() plot to diagnose sampling problems
 - 
INFO [2020-12-22 20:52:52] Completed estimates for: Graham
INFO [2020-12-22 20:52:57] Initialising estimates for: Warren
WARN [2020-12-22 20:53:41] Chowan (chain: 1): There were 10 divergent transitions after warmup. See
http://mc-stan.org/misc/warnings.html#divergent-transitions-after-warmup
to find out why this is a problem and how to eliminate them. - 
WARN [2020-12-22 20:53:41] Chowan (chain: 1): Examine the pairs() plot to diagnose sampling problems
 - 
INFO [2020-12-22 20:54:09] Completed estimates for: Chowan
INFO [2020-12-22 20:54:13] Initialising estimates for: Washington
WARN [2020-12-22 20:55:17] Martin: There were 50 transitions after warmup that exceeded the maximum treedepth. Increase max_treedepth above 13. See
http://mc-stan.org/misc/warnings.html#maximum-treedepth-exceeded - 
WARN [2020-12-22 20:55:17] Martin: Examine the pairs() plot to diagnose sampling problems
 - 
WARN [2020-12-22 20:55:17] Martin: The largest R-hat is 2.03, indicating chains have not mixed.
Running the chains for more iterations may help. See
http://mc-stan.org/misc/warnings.html#r-hat - 
WARN [2020-12-22 20:55:17] Martin: Bulk Effective Samples Size (ESS) is too low, indicating posterior means and medians may be unreliable.
Running the chains for more iterations may help. See
http://mc-stan.org/misc/warnings.html#bulk-ess - 
WARN [2020-12-22 20:55:18] Martin: Tail Effective Samples Size (ESS) is too low, indicating posterior variances and tail quantiles may be unreliable.
Running the chains for more iterations may help. See
http://mc-stan.org/misc/warnings.html#tail-ess - 
WARN [2020-12-22 20:56:23] Warren: There were 5 divergent transitions after warmup. See
http://mc-stan.org/misc/warnings.html#divergent-transitions-after-warmup
to find out why this is a problem and how to eliminate them. - 
WARN [2020-12-22 20:56:23] Warren: There were 45 transitions after warmup that exceeded the maximum treedepth. Increase max_treedepth above 13. See
http://mc-stan.org/misc/warnings.html#maximum-treedepth-exceeded - 
WARN [2020-12-22 20:56:23] Warren: Examine the pairs() plot to diagnose sampling problems
 - 
WARN [2020-12-22 20:56:24] Warren: The largest R-hat is 1.27, indicating chains have not mixed.
Running the chains for more iterations may help. See
http://mc-stan.org/misc/warnings.html#r-hat - 
WARN [2020-12-22 20:56:24] Warren: Bulk Effective Samples Size (ESS) is too low, indicating posterior means and medians may be unreliable.
Running the chains for more iterations may help. See
http://mc-stan.org/misc/warnings.html#bulk-ess - 
WARN [2020-12-22 20:56:25] Warren: Tail Effective Samples Size (ESS) is too low, indicating posterior variances and tail quantiles may be unreliable.
Running the chains for more iterations may help. See
http://mc-stan.org/misc/warnings.html#tail-ess - 
WARN [2020-12-22 20:56:32] Perquimans: There were 50 transitions after warmup that exceeded the maximum treedepth. Increase max_treedepth above 13. See
http://mc-stan.org/misc/warnings.html#maximum-treedepth-exceeded - 
WARN [2020-12-22 20:56:32] Perquimans: Examine the pairs() plot to diagnose sampling problems
 - 
WARN [2020-12-22 20:56:32] Perquimans: The largest R-hat is 1.61, indicating chains have not mixed.
Running the chains for more iterations may help. See
http://mc-stan.org/misc/warnings.html#r-hat - 
WARN [2020-12-22 20:56:33] Perquimans: Bulk Effective Samples Size (ESS) is too low, indicating posterior means and medians may be unreliable.
Running the chains for more iterations may help. See
http://mc-stan.org/misc/warnings.html#bulk-ess - 
WARN [2020-12-22 20:56:34] Perquimans: Tail Effective Samples Size (ESS) is too low, indicating posterior variances and tail quantiles may be unreliable.
Running the chains for more iterations may help. See
http://mc-stan.org/misc/warnings.html#tail-ess - 
WARN [2020-12-22 20:58:42] Washington: There were 50 transitions after warmup that exceeded the maximum treedepth. Increase max_treedepth above 13. See
http://mc-stan.org/misc/warnings.html#maximum-treedepth-exceeded - 
WARN [2020-12-22 20:58:42] Washington: Examine the pairs() plot to diagnose sampling problems
 - 
WARN [2020-12-22 20:58:42] Washington: The largest R-hat is 1.59, indicating chains have not mixed.
Running the chains for more iterations may help. See
http://mc-stan.org/misc/warnings.html#r-hat - 
WARN [2020-12-22 20:58:43] Washington: Bulk Effective Samples Size (ESS) is too low, indicating posterior means and medians may be unreliable.
Running the chains for more iterations may help. See
http://mc-stan.org/misc/warnings.html#bulk-ess - 
WARN [2020-12-22 20:58:44] Washington: Tail Effective Samples Size (ESS) is too low, indicating posterior variances and tail quantiles may be unreliable.
Running the chains for more iterations may help. See
http://mc-stan.org/misc/warnings.html#tail-ess - 
ERROR [2020-12-22 20:58:44] Washington (chain: 1): unable to fork, possible reason: Cannot allocate memory - mcfork, detached
ERROR [2020-12-22 20:58:44] Washington: model fitting was timed out or failed - 
INFO [2020-12-22 20:58:47] Initialising estimates for: Anson
WARN [2020-12-22 21:01:53] Perquimans (chain: 1): There were 40 divergent transitions after warmup. See
http://mc-stan.org/misc/warnings.html#divergent-transitions-after-warmup
to find out why this is a problem and how to eliminate them. - 
WARN [2020-12-22 21:01:53] Perquimans (chain: 1): Examine the pairs() plot to diagnose sampling problems
 - 
INFO [2020-12-22 21:03:06] Initialising estimates for: Cone Health
WARN [2020-12-22 22:21:34] Cone Health (chain: 1): There were 185 divergent transitions after warmup. See
http://mc-stan.org/misc/warnings.html#divergent-transitions-after-warmup
to find out why this is a problem and how to eliminate them. - 
ERROR [2020-12-22 22:21:34] Cone Health: model fitting was timed out or failed - 
INFO [2020-12-22 22:21:35] Initialising estimates for: North Carolina
WARN [2020-12-22 23:47:08] North Carolina (chain: 1): There were 9 divergent transitions after warmup. See
http://mc-stan.org/misc/warnings.html#divergent-transitions-after-warmup
to find out why this is a problem and how to eliminate them. - 
WARN [2020-12-22 23:47:08] North Carolina (chain: 1): Examine the pairs() plot to diagnose sampling problems
 - 
ERROR [2020-12-22 23:47:08] North Carolina: model fitting was timed out or failed - 
INFO [2020-12-22 23:47:08] Runtime error in Cone Health : Cone Health: model fitting was timed out or failed - 
INFO [2020-12-22 23:47:08] Runtime error in North Carolina : North Carolina: model fitting was timed out or failed - 
INFO [2020-12-22 23:47:17] Initialising estimates for: Rutherford
INFO [2020-12-22 23:47:17] Initialising estimates for: Greene
INFO [2020-12-22 23:47:18] Initialising estimates for: Watauga
INFO [2020-12-22 23:47:19] Initialising estimates for: Pamlico
WARN [2020-12-22 23:52:13] Pamlico (chain: 1): There were 326 divergent transitions after warmup. See
http://mc-stan.org/misc/warnings.html#divergent-transitions-after-warmup
to find out why this is a problem and how to eliminate them. - 
WARN [2020-12-22 23:52:13] Pamlico (chain: 1): Examine the pairs() plot to diagnose sampling problems
 - 
WARN [2020-12-22 23:52:21] Pamlico (chain: 1): Bulk Effective Samples Size (ESS) is too low, indicating posterior means and medians may be unreliable.
Running the chains for more iterations may help. See
http://mc-stan.org/misc/warnings.html#bulk-ess - 
WARN [2020-12-22 23:52:27] Pamlico (chain: 1): Tail Effective Samples Size (ESS) is too low, indicating posterior variances and tail quantiles may be unreliable.
Running the chains for more iterations may help. See
http://mc-stan.org/misc/warnings.html#tail-ess - 
INFO [2020-12-22 23:53:50] Completed estimates for: Pamlico
INFO [2020-12-22 23:53:55] Initialising estimates for: Randolph
WARN [2020-12-22 23:55:45] Greene (chain: 1): There were 109 divergent transitions after warmup. See
http://mc-stan.org/misc/warnings.html#divergent-transitions-after-warmup
to find out why this is a problem and how to eliminate them. - 
WARN [2020-12-22 23:55:45] Greene (chain: 1): Examine the pairs() plot to diagnose sampling problems
 - 
WARN [2020-12-22 23:55:53] Greene (chain: 1): Bulk Effective Samples Size (ESS) is too low, indicating posterior means and medians may be unreliable.
Running the chains for more iterations may help. See
http://mc-stan.org/misc/warnings.html#bulk-ess - 
WARN [2020-12-22 23:55:59] Greene (chain: 1): Tail Effective Samples Size (ESS) is too low, indicating posterior variances and tail quantiles may be unreliable.
Running the chains for more iterations may help. See
http://mc-stan.org/misc/warnings.html#tail-ess - 
INFO [2020-12-22 23:57:19] Completed estimates for: Greene
INFO [2020-12-22 23:57:24] Initialising estimates for: Wilkes
WARN [2020-12-22 23:57:33] Rutherford (chain: 1): There were 44 divergent transitions after warmup. See
http://mc-stan.org/misc/warnings.html#divergent-transitions-after-warmup
to find out why this is a problem and how to eliminate them. - 
WARN [2020-12-22 23:57:33] Rutherford (chain: 1): Examine the pairs() plot to diagnose sampling problems
 - 
INFO [2020-12-22 23:58:24] Completed estimates for: Rutherford
INFO [2020-12-22 23:58:30] Initialising estimates for: Catawba
WARN [2020-12-23 00:02:11] Wilkes (chain: 1): There were 18 divergent transitions after warmup. See
http://mc-stan.org/misc/warnings.html#divergent-transitions-after-warmup
to find out why this is a problem and how to eliminate them. - 
WARN [2020-12-23 00:02:11] Wilkes (chain: 1): Examine the pairs() plot to diagnose sampling problems
 - 
INFO [2020-12-23 00:02:52] Completed estimates for: Wilkes
INFO [2020-12-23 00:02:57] Initialising estimates for: Craven
WARN [2020-12-23 00:03:07] Watauga (chain: 1): There were 68 divergent transitions after warmup. See
http://mc-stan.org/misc/warnings.html#divergent-transitions-after-warmup
to find out why this is a problem and how to eliminate them. - 
WARN [2020-12-23 00:03:07] Watauga (chain: 1): Examine the pairs() plot to diagnose sampling problems
 - 
INFO [2020-12-23 00:03:48] Completed estimates for: Watauga
INFO [2020-12-23 00:03:55] Initialising estimates for: Onslow
WARN [2020-12-23 00:04:42] Catawba (chain: 1): There were 69 divergent transitions after warmup. See
http://mc-stan.org/misc/warnings.html#divergent-transitions-after-warmup
to find out why this is a problem and how to eliminate them. - 
WARN [2020-12-23 00:04:42] Catawba (chain: 1): Examine the pairs() plot to diagnose sampling problems
 - 
INFO [2020-12-23 00:05:25] Completed estimates for: Catawba
INFO [2020-12-23 00:05:30] Initialising estimates for: Rockingham
WARN [2020-12-23 00:06:20] Randolph (chain: 1): There were 171 divergent transitions after warmup. See
http://mc-stan.org/misc/warnings.html#divergent-transitions-after-warmup
to find out why this is a problem and how to eliminate them. - 
WARN [2020-12-23 00:06:20] Randolph (chain: 1): Examine the pairs() plot to diagnose sampling problems
 - 
WARN [2020-12-23 00:06:33] Randolph (chain: 1): Tail Effective Samples Size (ESS) is too low, indicating posterior variances and tail quantiles may be unreliable.
Running the chains for more iterations may help. See
http://mc-stan.org/misc/warnings.html#tail-ess - 
INFO [2020-12-23 00:07:06] Completed estimates for: Randolph
INFO [2020-12-23 00:07:12] Initialising estimates for: Stanly
WARN [2020-12-23 00:09:10] Craven (chain: 1): There were 45 divergent transitions after warmup. See
http://mc-stan.org/misc/warnings.html#divergent-transitions-after-warmup
to find out why this is a problem and how to eliminate them. - 
WARN [2020-12-23 00:09:10] Craven (chain: 1): Examine the pairs() plot to diagnose sampling problems
 - 
INFO [2020-12-23 00:09:55] Completed estimates for: Craven
INFO [2020-12-23 00:10:00] Initialising estimates for: Harnett
WARN [2020-12-23 00:10:27] Rockingham (chain: 1): There were 132 divergent transitions after warmup. See
http://mc-stan.org/misc/warnings.html#divergent-transitions-after-warmup
to find out why this is a problem and how to eliminate them. - 
WARN [2020-12-23 00:10:27] Rockingham (chain: 1): Examine the pairs() plot to diagnose sampling problems
 - 
WARN [2020-12-23 00:10:36] Rockingham (chain: 1): Bulk Effective Samples Size (ESS) is too low, indicating posterior means and medians may be unreliable.
Running the chains for more iterations may help. See
http://mc-stan.org/misc/warnings.html#bulk-ess - 
WARN [2020-12-23 00:10:41] Rockingham (chain: 1): Tail Effective Samples Size (ESS) is too low, indicating posterior variances and tail quantiles may be unreliable.
Running the chains for more iterations may help. See
http://mc-stan.org/misc/warnings.html#tail-ess - 
INFO [2020-12-23 00:11:11] Completed estimates for: Rockingham
INFO [2020-12-23 00:11:16] Initialising estimates for: Iredell
WARN [2020-12-23 00:13:13] Onslow (chain: 1): There were 112 divergent transitions after warmup. See
http://mc-stan.org/misc/warnings.html#divergent-transitions-after-warmup
to find out why this is a problem and how to eliminate them. - 
WARN [2020-12-23 00:13:13] Onslow (chain: 1): Examine the pairs() plot to diagnose sampling problems
 - 
WARN [2020-12-23 00:13:21] Onslow (chain: 1): Bulk Effective Samples Size (ESS) is too low, indicating posterior means and medians may be unreliable.
Running the chains for more iterations may help. See
http://mc-stan.org/misc/warnings.html#bulk-ess - 
INFO [2020-12-23 00:13:57] Completed estimates for: Onslow
INFO [2020-12-23 00:14:02] Initialising estimates for: Nash
WARN [2020-12-23 00:14:20] Stanly (chain: 1): There were 44 divergent transitions after warmup. See
http://mc-stan.org/misc/warnings.html#divergent-transitions-after-warmup
to find out why this is a problem and how to eliminate them. - 
WARN [2020-12-23 00:14:20] Stanly (chain: 1): Examine the pairs() plot to diagnose sampling problems
 - 
INFO [2020-12-23 00:47:54] Initialising estimates for: Gaston
INFO [2020-12-23 00:47:54] Initialising estimates for: Buncombe
INFO [2020-12-23 00:47:55] Initialising estimates for: Durham
INFO [2020-12-23 00:47:56] Initialising estimates for: New Hanover
WARN [2020-12-23 00:53:30] Durham (chain: 1): There were 98 divergent transitions after warmup. See
http://mc-stan.org/misc/warnings.html#divergent-transitions-after-warmup
to find out why this is a problem and how to eliminate them. - 
WARN [2020-12-23 00:53:30] Durham (chain: 1): Examine the pairs() plot to diagnose sampling problems
 - 
INFO [2020-12-23 00:54:15] Completed estimates for: Durham
INFO [2020-12-23 00:54:20] Initialising estimates for: Union
WARN [2020-12-23 00:56:09] Buncombe (chain: 1): There were 36 divergent transitions after warmup. See
http://mc-stan.org/misc/warnings.html#divergent-transitions-after-warmup
to find out why this is a problem and how to eliminate them. - 
WARN [2020-12-23 00:56:09] Buncombe (chain: 1): Examine the pairs() plot to diagnose sampling problems
 - 
INFO [2020-12-23 00:57:38] Completed estimates for: Buncombe
INFO [2020-12-23 00:58:16] Initialising estimates for: Forsyth
WARN [2020-12-23 00:59:03] Gaston (chain: 1): There were 27 divergent transitions after warmup. See
http://mc-stan.org/misc/warnings.html#divergent-transitions-after-warmup
to find out why this is a problem and how to eliminate them. - 
WARN [2020-12-23 00:59:03] Gaston (chain: 1): Examine the pairs() plot to diagnose sampling problems
 - 
INFO [2020-12-23 00:59:51] Completed estimates for: Gaston
INFO [2020-12-23 01:00:28] Initialising estimates for: Guilford
WARN [2020-12-23 01:00:52] New Hanover (chain: 1): There were 21 divergent transitions after warmup. See
http://mc-stan.org/misc/warnings.html#divergent-transitions-after-warmup
to find out why this is a problem and how to eliminate them. - 
WARN [2020-12-23 01:00:52] New Hanover (chain: 1): Examine the pairs() plot to diagnose sampling problems
 - 
INFO [2020-12-23 01:01:36] Completed estimates for: New Hanover
INFO [2020-12-23 01:01:59] Initialising estimates for: Cumberland
WARN [2020-12-23 01:06:28] Union (chain: 1): There were 115 divergent transitions after warmup. See
http://mc-stan.org/misc/warnings.html#divergent-transitions-after-warmup
to find out why this is a problem and how to eliminate them. - 
WARN [2020-12-23 01:06:28] Union (chain: 1): Examine the pairs() plot to diagnose sampling problems
 - 
WARN [2020-12-23 01:06:39] Union (chain: 1): Tail Effective Samples Size (ESS) is too low, indicating posterior variances and tail quantiles may be unreliable.
Running the chains for more iterations may help. See
http://mc-stan.org/misc/warnings.html#tail-ess - 
INFO [2020-12-23 01:07:10] Completed estimates for: Union
INFO [2020-12-23 01:07:15] Initialising estimates for: Wake
WARN [2020-12-23 01:08:28] Guilford (chain: 1): There were 63 divergent transitions after warmup. See
http://mc-stan.org/misc/warnings.html#divergent-transitions-after-warmup
to find out why this is a problem and how to eliminate them. - 
WARN [2020-12-23 01:08:28] Guilford (chain: 1): Examine the pairs() plot to diagnose sampling problems
 - 
WARN [2020-12-23 01:08:57] Cumberland (chain: 1): There were 27 divergent transitions after warmup. See
http://mc-stan.org/misc/warnings.html#divergent-transitions-after-warmup
to find out why this is a problem and how to eliminate them. - 
WARN [2020-12-23 01:08:57] Cumberland (chain: 1): Examine the pairs() plot to diagnose sampling problems
 - 
INFO [2020-12-23 01:09:26] Completed estimates for: Guilford
INFO [2020-12-23 01:09:32] Initialising estimates for: Mecklenburg
INFO [2020-12-23 01:09:52] Completed estimates for: Cumberland
INFO [2020-12-23 01:10:25] Initialising estimates for: Brunswick
INFO [2020-12-23 01:10:26] Initialising estimates for: Dare
INFO [2020-12-23 01:10:27] Initialising estimates for: Halifax
INFO [2020-12-23 01:10:28] Initialising estimates for: Haywood
WARN [2020-12-23 01:11:54] Brunswick: There were 50 divergent transitions after warmup. See
http://mc-stan.org/misc/warnings.html#divergent-transitions-after-warmup
to find out why this is a problem and how to eliminate them. - 
WARN [2020-12-23 01:11:54] Brunswick: Examine the pairs() plot to diagnose sampling problems
 - 
WARN [2020-12-23 01:11:55] Brunswick: The largest R-hat is 2.15, indicating chains have not mixed.
Running the chains for more iterations may help. See
http://mc-stan.org/misc/warnings.html#r-hat - 
WARN [2020-12-23 01:11:55] Brunswick: Bulk Effective Samples Size (ESS) is too low, indicating posterior means and medians may be unreliable.
Running the chains for more iterations may help. See
http://mc-stan.org/misc/warnings.html#bulk-ess - 
WARN [2020-12-23 01:11:56] Brunswick: Tail Effective Samples Size (ESS) is too low, indicating posterior variances and tail quantiles may be unreliable.
Running the chains for more iterations may help. See
http://mc-stan.org/misc/warnings.html#tail-ess - 
WARN [2020-12-23 01:15:52] Haywood: There were 50 transitions after warmup that exceeded the maximum treedepth. Increase max_treedepth above 13. See
http://mc-stan.org/misc/warnings.html#maximum-treedepth-exceeded - 
WARN [2020-12-23 01:15:52] Haywood: Examine the pairs() plot to diagnose sampling problems
 - 
WARN [2020-12-23 01:15:53] Haywood: The largest R-hat is 1.82, indicating chains have not mixed.
Running the chains for more iterations may help. See
http://mc-stan.org/misc/warnings.html#r-hat - 
WARN [2020-12-23 01:15:53] Haywood: Bulk Effective Samples Size (ESS) is too low, indicating posterior means and medians may be unreliable.
Running the chains for more iterations may help. See
http://mc-stan.org/misc/warnings.html#bulk-ess - 
WARN [2020-12-23 01:15:54] Haywood: Tail Effective Samples Size (ESS) is too low, indicating posterior variances and tail quantiles may be unreliable.
Running the chains for more iterations may help. See
http://mc-stan.org/misc/warnings.html#tail-ess - 
WARN [2020-12-23 01:16:06] Halifax: There were 50 transitions after warmup that exceeded the maximum treedepth. Increase max_treedepth above 13. See
http://mc-stan.org/misc/warnings.html#maximum-treedepth-exceeded - 
WARN [2020-12-23 01:16:06] Halifax: Examine the pairs() plot to diagnose sampling problems
 - 
WARN [2020-12-23 01:16:07] Halifax: The largest R-hat is 2.08, indicating chains have not mixed.
Running the chains for more iterations may help. See
http://mc-stan.org/misc/warnings.html#r-hat - 
WARN [2020-12-23 01:16:07] Halifax: Bulk Effective Samples Size (ESS) is too low, indicating posterior means and medians may be unreliable.
Running the chains for more iterations may help. See
http://mc-stan.org/misc/warnings.html#bulk-ess - 
WARN [2020-12-23 01:16:09] Halifax: Tail Effective Samples Size (ESS) is too low, indicating posterior variances and tail quantiles may be unreliable.
Running the chains for more iterations may help. See
http://mc-stan.org/misc/warnings.html#tail-ess - 
WARN [2020-12-23 01:16:43] Dare: There were 50 transitions after warmup that exceeded the maximum treedepth. Increase max_treedepth above 13. See
http://mc-stan.org/misc/warnings.html#maximum-treedepth-exceeded - 
WARN [2020-12-23 01:16:43] Dare: Examine the pairs() plot to diagnose sampling problems
 - 
WARN [2020-12-23 01:16:44] Dare: The largest R-hat is 2.04, indicating chains have not mixed.
Running the chains for more iterations may help. See
http://mc-stan.org/misc/warnings.html#r-hat - 
WARN [2020-12-23 01:16:45] Dare: Bulk Effective Samples Size (ESS) is too low, indicating posterior means and medians may be unreliable.
Running the chains for more iterations may help. See
http://mc-stan.org/misc/warnings.html#bulk-ess - 
WARN [2020-12-23 01:16:46] Dare: Tail Effective Samples Size (ESS) is too low, indicating posterior variances and tail quantiles may be unreliable.
Running the chains for more iterations may help. See
http://mc-stan.org/misc/warnings.html#tail-ess - 
WARN [2020-12-23 01:31:06] Brunswick (chain: 1): There were 135 divergent transitions after warmup. See
http://mc-stan.org/misc/warnings.html#divergent-transitions-after-warmup
to find out why this is a problem and how to eliminate them. - 
WARN [2020-12-23 01:31:06] Brunswick (chain: 1): Examine the pairs() plot to diagnose sampling problems
 - 
INFO [2020-12-23 01:32:37] Completed estimates for: Brunswick
INFO [2020-12-23 01:33:01] Initialising estimates for: Madison
WARN [2020-12-23 01:33:50] Halifax (chain: 1): There were 35 divergent transitions after warmup. See
http://mc-stan.org/misc/warnings.html#divergent-transitions-after-warmup
to find out why this is a problem and how to eliminate them. - 
WARN [2020-12-23 01:33:50] Halifax (chain: 1): Examine the pairs() plot to diagnose sampling problems
 - 
WARN [2020-12-23 01:34:43] Dare (chain: 1): There were 32 divergent transitions after warmup. See
http://mc-stan.org/misc/warnings.html#divergent-transitions-after-warmup
to find out why this is a problem and how to eliminate them. - 
WARN [2020-12-23 01:34:43] Dare (chain: 1): Examine the pairs() plot to diagnose sampling problems
 - 
INFO [2020-12-23 01:34:53] Completed estimates for: Halifax
WARN [2020-12-23 01:35:11] Haywood (chain: 1): There were 57 divergent transitions after warmup. See
http://mc-stan.org/misc/warnings.html#divergent-transitions-after-warmup
to find out why this is a problem and how to eliminate them. - 
WARN [2020-12-23 01:35:11] Haywood (chain: 1): Examine the pairs() plot to diagnose sampling problems
 - 
INFO [2020-12-23 01:35:17] Initialising estimates for: Mitchell
INFO [2020-12-23 01:36:06] Completed estimates for: Dare
INFO [2020-12-23 01:36:14] Initialising estimates for: Pamlico
INFO [2020-12-23 01:36:18] Completed estimates for: Haywood
INFO [2020-12-23 01:36:40] Initialising estimates for: Pender
WARN [2020-12-23 01:39:30] Madison: There were 50 transitions after warmup that exceeded the maximum treedepth. Increase max_treedepth above 13. See
http://mc-stan.org/misc/warnings.html#maximum-treedepth-exceeded - 
WARN [2020-12-23 01:39:30] Madison: Examine the pairs() plot to diagnose sampling problems
 - 
WARN [2020-12-23 01:39:30] Madison: The largest R-hat is 2.06, indicating chains have not mixed.
Running the chains for more iterations may help. See
http://mc-stan.org/misc/warnings.html#r-hat - 
WARN [2020-12-23 01:39:31] Madison: Bulk Effective Samples Size (ESS) is too low, indicating posterior means and medians may be unreliable.
Running the chains for more iterations may help. See
http://mc-stan.org/misc/warnings.html#bulk-ess - 
WARN [2020-12-23 01:39:31] Madison: Tail Effective Samples Size (ESS) is too low, indicating posterior variances and tail quantiles may be unreliable.
Running the chains for more iterations may help. See
http://mc-stan.org/misc/warnings.html#tail-ess - 
WARN [2020-12-23 01:40:57] Mitchell: There were 50 transitions after warmup that exceeded the maximum treedepth. Increase max_treedepth above 13. See
http://mc-stan.org/misc/warnings.html#maximum-treedepth-exceeded - 
WARN [2020-12-23 01:40:57] Mitchell: Examine the pairs() plot to diagnose sampling problems
 - 
WARN [2020-12-23 01:40:57] Mitchell: The largest R-hat is 2.04, indicating chains have not mixed.
Running the chains for more iterations may help. See
http://mc-stan.org/misc/warnings.html#r-hat - 
WARN [2020-12-23 01:40:58] Mitchell: Bulk Effective Samples Size (ESS) is too low, indicating posterior means and medians may be unreliable.
Running the chains for more iterations may help. See
http://mc-stan.org/misc/warnings.html#bulk-ess - 
WARN [2020-12-23 01:40:59] Pender: There were 50 transitions after warmup that exceeded the maximum treedepth. Increase max_treedepth above 13. See
http://mc-stan.org/misc/warnings.html#maximum-treedepth-exceeded - 
WARN [2020-12-23 01:40:59] Pender: Examine the pairs() plot to diagnose sampling problems
 - 
WARN [2020-12-23 01:40:59] Mitchell: Tail Effective Samples Size (ESS) is too low, indicating posterior variances and tail quantiles may be unreliable.
Running the chains for more iterations may help. See
http://mc-stan.org/misc/warnings.html#tail-ess - 
WARN [2020-12-23 01:40:59] Pender: The largest R-hat is 2.11, indicating chains have not mixed.
Running the chains for more iterations may help. See
http://mc-stan.org/misc/warnings.html#r-hat - 
WARN [2020-12-23 01:40:59] Pender: Bulk Effective Samples Size (ESS) is too low, indicating posterior means and medians may be unreliable.
Running the chains for more iterations may help. See
http://mc-stan.org/misc/warnings.html#bulk-ess - 
WARN [2020-12-23 01:41:17] Pender: Tail Effective Samples Size (ESS) is too low, indicating posterior variances and tail quantiles may be unreliable.
Running the chains for more iterations may help. See
http://mc-stan.org/misc/warnings.html#tail-ess - 
WARN [2020-12-23 01:41:56] Pamlico: There were 50 transitions after warmup that exceeded the maximum treedepth. Increase max_treedepth above 13. See
http://mc-stan.org/misc/warnings.html#maximum-treedepth-exceeded - 
WARN [2020-12-23 01:41:56] Pamlico: Examine the pairs() plot to diagnose sampling problems
 - 
WARN [2020-12-23 01:41:57] Pamlico: The largest R-hat is 1.84, indicating chains have not mixed.
Running the chains for more iterations may help. See
http://mc-stan.org/misc/warnings.html#r-hat - 
WARN [2020-12-23 01:41:58] Pamlico: Bulk Effective Samples Size (ESS) is too low, indicating posterior means and medians may be unreliable.
Running the chains for more iterations may help. See
http://mc-stan.org/misc/warnings.html#bulk-ess - 
WARN [2020-12-23 01:41:59] Pamlico: Tail Effective Samples Size (ESS) is too low, indicating posterior variances and tail quantiles may be unreliable.
Running the chains for more iterations may help. See
http://mc-stan.org/misc/warnings.html#tail-ess - 
WARN [2020-12-23 01:52:06] Pamlico (chain: 1): There were 52 divergent transitions after warmup. See
http://mc-stan.org/misc/warnings.html#divergent-transitions-after-warmup
to find out why this is a problem and how to eliminate them. - 
WARN [2020-12-23 01:52:06] Pamlico (chain: 1): Examine the pairs() plot to diagnose sampling problems
 - 
INFO [2020-12-23 01:53:28] Initialising estimates for: Dare
INFO [2020-12-23 01:53:29] Initialising estimates for: Madison
INFO [2020-12-23 01:53:29] Initialising estimates for: Mitchell
INFO [2020-12-23 01:53:31] Initialising estimates for: Pamlico
WARN [2020-12-23 01:57:31] Madison: There were 50 transitions after warmup that exceeded the maximum treedepth. Increase max_treedepth above 13. See
http://mc-stan.org/misc/warnings.html#maximum-treedepth-exceeded - 
WARN [2020-12-23 01:57:31] Madison: Examine the pairs() plot to diagnose sampling problems
 - 
WARN [2020-12-23 01:57:32] Madison: The largest R-hat is 2.11, indicating chains have not mixed.
Running the chains for more iterations may help. See
http://mc-stan.org/misc/warnings.html#r-hat - 
WARN [2020-12-23 01:57:32] Madison: Bulk Effective Samples Size (ESS) is too low, indicating posterior means and medians may be unreliable.
Running the chains for more iterations may help. See
http://mc-stan.org/misc/warnings.html#bulk-ess - 
WARN [2020-12-23 01:57:33] Madison: Tail Effective Samples Size (ESS) is too low, indicating posterior variances and tail quantiles may be unreliable.
Running the chains for more iterations may help. See
http://mc-stan.org/misc/warnings.html#tail-ess - 
WARN [2020-12-23 01:58:10] Dare: There were 50 transitions after warmup that exceeded the maximum treedepth. Increase max_treedepth above 13. See
http://mc-stan.org/misc/warnings.html#maximum-treedepth-exceeded - 
WARN [2020-12-23 01:58:11] Dare: Examine the pairs() plot to diagnose sampling problems
 - 
WARN [2020-12-23 01:58:11] Dare: The largest R-hat is 2.08, indicating chains have not mixed.
Running the chains for more iterations may help. See
http://mc-stan.org/misc/warnings.html#r-hat - 
WARN [2020-12-23 01:58:11] Dare: Bulk Effective Samples Size (ESS) is too low, indicating posterior means and medians may be unreliable.
Running the chains for more iterations may help. See
http://mc-stan.org/misc/warnings.html#bulk-ess - 
WARN [2020-12-23 01:58:12] Dare: Tail Effective Samples Size (ESS) is too low, indicating posterior variances and tail quantiles may be unreliable.
Running the chains for more iterations may help. See
http://mc-stan.org/misc/warnings.html#tail-ess - 
WARN [2020-12-23 01:58:13] Mitchell: There were 50 transitions after warmup that exceeded the maximum treedepth. Increase max_treedepth above 13. See
http://mc-stan.org/misc/warnings.html#maximum-treedepth-exceeded - 
WARN [2020-12-23 01:58:13] Mitchell: Examine the pairs() plot to diagnose sampling problems
 - 
WARN [2020-12-23 01:58:32] Mitchell: The largest R-hat is 1.6, indicating chains have not mixed.
Running the chains for more iterations may help. See
http://mc-stan.org/misc/warnings.html#r-hat - 
WARN [2020-12-23 01:58:33] Mitchell: Bulk Effective Samples Size (ESS) is too low, indicating posterior means and medians may be unreliable.
Running the chains for more iterations may help. See
http://mc-stan.org/misc/warnings.html#bulk-ess - 
WARN [2020-12-23 01:58:34] Mitchell: Tail Effective Samples Size (ESS) is too low, indicating posterior variances and tail quantiles may be unreliable.
Running the chains for more iterations may help. See
http://mc-stan.org/misc/warnings.html#tail-ess - 
WARN [2020-12-23 01:58:59] Pamlico: There were 50 transitions after warmup that exceeded the maximum treedepth. Increase max_treedepth above 13. See
http://mc-stan.org/misc/warnings.html#maximum-treedepth-exceeded - 
WARN [2020-12-23 01:58:59] Pamlico: Examine the pairs() plot to diagnose sampling problems
 - 
WARN [2020-12-23 01:59:00] Pamlico: The largest R-hat is 1.3, indicating chains have not mixed.
Running the chains for more iterations may help. See
http://mc-stan.org/misc/warnings.html#r-hat - 
WARN [2020-12-23 01:59:00] Pamlico: Bulk Effective Samples Size (ESS) is too low, indicating posterior means and medians may be unreliable.
Running the chains for more iterations may help. See
http://mc-stan.org/misc/warnings.html#bulk-ess - 
WARN [2020-12-23 01:59:01] Pamlico: Tail Effective Samples Size (ESS) is too low, indicating posterior variances and tail quantiles may be unreliable.
Running the chains for more iterations may help. See
http://mc-stan.org/misc/warnings.html#tail-ess - 
WARN [2020-12-23 02:07:35] Pamlico (chain: 1): There were 58 divergent transitions after warmup. See
http://mc-stan.org/misc/warnings.html#divergent-transitions-after-warmup
to find out why this is a problem and how to eliminate them. - 
WARN [2020-12-23 02:07:35] Pamlico (chain: 1): Examine the pairs() plot to diagnose sampling problems
 - 
WARN [2020-12-23 02:08:45] Dare (chain: 1): There were 37 divergent transitions after warmup. See
http://mc-stan.org/misc/warnings.html#divergent-transitions-after-warmup
to find out why this is a problem and how to eliminate them. - 
WARN [2020-12-23 02:08:45] Dare (chain: 1): Examine the pairs() plot to diagnose sampling problems
 - 
INFO [2020-12-23 02:08:47] Completed estimates for: Pamlico
INFO [2020-12-23 02:09:09] Initialising estimates for: Tyrrell
INFO [2020-12-23 02:10:03] Completed estimates for: Dare
INFO [2020-12-23 02:10:08] Initialising estimates for: Yancey
WARN [2020-12-23 02:10:31] Madison (chain: 1): There were 117 divergent transitions after warmup. See
http://mc-stan.org/misc/warnings.html#divergent-transitions-after-warmup
to find out why this is a problem and how to eliminate them. - 
WARN [2020-12-23 02:10:31] Madison (chain: 1): Examine the pairs() plot to diagnose sampling problems
 - 
INFO [2020-12-23 02:11:32] Completed estimates for: Madison
INFO [2020-12-23 02:11:38] Initialising estimates for: Avery
WARN [2020-12-23 02:12:29] Mitchell (chain: 1): There were 125 divergent transitions after warmup. See
http://mc-stan.org/misc/warnings.html#divergent-transitions-after-warmup
to find out why this is a problem and how to eliminate them. - 
WARN [2020-12-23 02:12:29] Mitchell (chain: 1): Examine the pairs() plot to diagnose sampling problems
 - 
INFO [2020-12-23 02:13:34] Completed estimates for: Mitchell
INFO [2020-12-23 02:13:57] Initialising estimates for: Camden
WARN [2020-12-23 02:15:02] Tyrrell: There were 50 transitions after warmup that exceeded the maximum treedepth. Increase max_treedepth above 13. See
http://mc-stan.org/misc/warnings.html#maximum-treedepth-exceeded - 
WARN [2020-12-23 02:15:02] Tyrrell: Examine the pairs() plot to diagnose sampling problems
 - 
WARN [2020-12-23 02:15:03] Tyrrell: The largest R-hat is 1.19, indicating chains have not mixed.
Running the chains for more iterations may help. See
http://mc-stan.org/misc/warnings.html#r-hat - 
WARN [2020-12-23 02:15:03] Tyrrell: Bulk Effective Samples Size (ESS) is too low, indicating posterior means and medians may be unreliable.
Running the chains for more iterations may help. See
http://mc-stan.org/misc/warnings.html#bulk-ess - 
WARN [2020-12-23 02:15:04] Tyrrell: Tail Effective Samples Size (ESS) is too low, indicating posterior variances and tail quantiles may be unreliable.
Running the chains for more iterations may help. See
http://mc-stan.org/misc/warnings.html#tail-ess - 
WARN [2020-12-23 02:15:41] Avery: The largest R-hat is 1.26, indicating chains have not mixed.
Running the chains for more iterations may help. See
http://mc-stan.org/misc/warnings.html#r-hat - 
WARN [2020-12-23 02:15:42] Avery: Bulk Effective Samples Size (ESS) is too low, indicating posterior means and medians may be unreliable.
Running the chains for more iterations may help. See
http://mc-stan.org/misc/warnings.html#bulk-ess - 
WARN [2020-12-23 02:15:42] Yancey: There were 50 transitions after warmup that exceeded the maximum treedepth. Increase max_treedepth above 13. See
http://mc-stan.org/misc/warnings.html#maximum-treedepth-exceeded - 
WARN [2020-12-23 02:15:42] Yancey: Examine the pairs() plot to diagnose sampling problems
 - 
WARN [2020-12-23 02:15:42] Avery: Tail Effective Samples Size (ESS) is too low, indicating posterior variances and tail quantiles may be unreliable.
Running the chains for more iterations may help. See
http://mc-stan.org/misc/warnings.html#tail-ess - 
WARN [2020-12-23 02:15:43] Yancey: The largest R-hat is 1.75, indicating chains have not mixed.
Running the chains for more iterations may help. See
http://mc-stan.org/misc/warnings.html#r-hat - 
WARN [2020-12-23 02:15:43] Yancey: Bulk Effective Samples Size (ESS) is too low, indicating posterior means and medians may be unreliable.
Running the chains for more iterations may help. See
http://mc-stan.org/misc/warnings.html#bulk-ess - 
WARN [2020-12-23 02:15:44] Yancey: Tail Effective Samples Size (ESS) is too low, indicating posterior variances and tail quantiles may be unreliable.
Running the chains for more iterations may help. See
http://mc-stan.org/misc/warnings.html#tail-ess - 
WARN [2020-12-23 02:23:02] Camden: There were 50 transitions after warmup that exceeded the maximum treedepth. Increase max_treedepth above 13. See
http://mc-stan.org/misc/warnings.html#maximum-treedepth-exceeded - 
WARN [2020-12-23 02:23:02] Camden: Examine the pairs() plot to diagnose sampling problems
 - 
WARN [2020-12-23 02:23:03] Camden: The largest R-hat is 1.34, indicating chains have not mixed.
Running the chains for more iterations may help. See
http://mc-stan.org/misc/warnings.html#r-hat - 
WARN [2020-12-23 02:23:04] Camden: Bulk Effective Samples Size (ESS) is too low, indicating posterior means and medians may be unreliable.
Running the chains for more iterations may help. See
http://mc-stan.org/misc/warnings.html#bulk-ess - 
WARN [2020-12-23 02:23:05] Camden: Tail Effective Samples Size (ESS) is too low, indicating posterior variances and tail quantiles may be unreliable.
Running the chains for more iterations may help. See
http://mc-stan.org/misc/warnings.html#tail-ess - 
WARN [2020-12-23 02:25:29] Tyrrell (chain: 1): There were 5 divergent transitions after warmup. See
http://mc-stan.org/misc/warnings.html#divergent-transitions-after-warmup
to find out why this is a problem and how to eliminate them. - 
WARN [2020-12-23 02:25:29] Tyrrell (chain: 1): Examine the pairs() plot to diagnose sampling problems
 - 
WARN [2020-12-23 02:25:38] Tyrrell (chain: 1): Bulk Effective Samples Size (ESS) is too low, indicating posterior means and medians may be unreliable.
Running the chains for more iterations may help. See
http://mc-stan.org/misc/warnings.html#bulk-ess - 
WARN [2020-12-23 02:25:42] Tyrrell (chain: 1): Tail Effective Samples Size (ESS) is too low, indicating posterior variances and tail quantiles may be unreliable.
Running the chains for more iterations may help. See
http://mc-stan.org/misc/warnings.html#tail-ess - 
WARN [2020-12-23 02:26:07] Avery (chain: 1): There were 206 divergent transitions after warmup. See
http://mc-stan.org/misc/warnings.html#divergent-transitions-after-warmup
to find out why this is a problem and how to eliminate them. - 
WARN [2020-12-23 02:26:08] Avery (chain: 1): Examine the pairs() plot to diagnose sampling problems
 - 
WARN [2020-12-23 02:26:34] Avery (chain: 1): Bulk Effective Samples Size (ESS) is too low, indicating posterior means and medians may be unreliable.
Running the chains for more iterations may help. See
http://mc-stan.org/misc/warnings.html#bulk-ess - 
WARN [2020-12-23 02:27:31] Avery (chain: 1): Tail Effective Samples Size (ESS) is too low, indicating posterior variances and tail quantiles may be unreliable.
Running the chains for more iterations may help. See
http://mc-stan.org/misc/warnings.html#tail-ess - 
INFO [2020-12-23 02:27:39] Completed estimates for: Tyrrell
INFO [2020-12-23 02:28:01] Initialising estimates for: Greene
INFO [2020-12-23 02:28:16] Completed estimates for: Avery
INFO [2020-12-23 02:28:22] Initialising estimates for: Martin
WARN [2020-12-23 02:28:46] Yancey (chain: 1): There were 219 divergent transitions after warmup. See
http://mc-stan.org/misc/warnings.html#divergent-transitions-after-warmup
to find out why this is a problem and how to eliminate them. - 
WARN [2020-12-23 02:28:46] Yancey (chain: 1): Examine the pairs() plot to diagnose sampling problems
 - 
INFO [2020-12-23 02:29:17] Completed estimates for: Yancey
INFO [2020-12-23 02:29:22] Initialising estimates for: Perquimans
WARN [2020-12-23 02:30:24] Camden (chain: 1): There were 42 divergent transitions after warmup. See
http://mc-stan.org/misc/warnings.html#divergent-transitions-after-warmup
to find out why this is a problem and how to eliminate them. - 
WARN [2020-12-23 02:30:24] Camden (chain: 1): Examine the pairs() plot to diagnose sampling problems
 - 
INFO [2020-12-23 02:30:52] Completed estimates for: Camden
INFO [2020-12-23 02:30:57] Initialising estimates for: Swain
WARN [2020-12-23 02:32:19] Martin: There were 50 transitions after warmup that exceeded the maximum treedepth. Increase max_treedepth above 13. See
http://mc-stan.org/misc/warnings.html#maximum-treedepth-exceeded - 
WARN [2020-12-23 02:32:19] Martin: Examine the pairs() plot to diagnose sampling problems
 - 
WARN [2020-12-23 02:32:19] Martin: The largest R-hat is 2.06, indicating chains have not mixed.
Running the chains for more iterations may help. See
http://mc-stan.org/misc/warnings.html#r-hat - 
WARN [2020-12-23 02:32:20] Martin: Bulk Effective Samples Size (ESS) is too low, indicating posterior means and medians may be unreliable.
Running the chains for more iterations may help. See
http://mc-stan.org/misc/warnings.html#bulk-ess - 
WARN [2020-12-23 02:32:21] Martin: Tail Effective Samples Size (ESS) is too low, indicating posterior variances and tail quantiles may be unreliable.
Running the chains for more iterations may help. See
http://mc-stan.org/misc/warnings.html#tail-ess - 
WARN [2020-12-23 02:32:30] Greene: There were 1 divergent transitions after warmup. See
http://mc-stan.org/misc/warnings.html#divergent-transitions-after-warmup
to find out why this is a problem and how to eliminate them. - 
WARN [2020-12-23 02:32:30] Greene: There were 49 transitions after warmup that exceeded the maximum treedepth. Increase max_treedepth above 13. See
http://mc-stan.org/misc/warnings.html#maximum-treedepth-exceeded - 
WARN [2020-12-23 02:32:30] Greene: Examine the pairs() plot to diagnose sampling problems
 - 
WARN [2020-12-23 02:32:30] Greene: The largest R-hat is 1.58, indicating chains have not mixed.
Running the chains for more iterations may help. See
http://mc-stan.org/misc/warnings.html#r-hat - 
WARN [2020-12-23 02:32:30] Greene: Bulk Effective Samples Size (ESS) is too low, indicating posterior means and medians may be unreliable.
Running the chains for more iterations may help. See
http://mc-stan.org/misc/warnings.html#bulk-ess - 
WARN [2020-12-23 02:32:31] Greene: Tail Effective Samples Size (ESS) is too low, indicating posterior variances and tail quantiles may be unreliable.
Running the chains for more iterations may help. See
http://mc-stan.org/misc/warnings.html#tail-ess - 
WARN [2020-12-23 02:33:36] Perquimans: There were 50 transitions after warmup that exceeded the maximum treedepth. Increase max_treedepth above 13. See
http://mc-stan.org/misc/warnings.html#maximum-treedepth-exceeded - 
WARN [2020-12-23 02:33:36] Perquimans: Examine the pairs() plot to diagnose sampling problems
 - 
WARN [2020-12-23 02:33:36] Perquimans: The largest R-hat is 1.63, indicating chains have not mixed.
Running the chains for more iterations may help. See
http://mc-stan.org/misc/warnings.html#r-hat - 
WARN [2020-12-23 02:33:37] Perquimans: Bulk Effective Samples Size (ESS) is too low, indicating posterior means and medians may be unreliable.
Running the chains for more iterations may help. See
http://mc-stan.org/misc/warnings.html#bulk-ess - 
WARN [2020-12-23 02:33:38] Perquimans: Tail Effective Samples Size (ESS) is too low, indicating posterior variances and tail quantiles may be unreliable.
Running the chains for more iterations may help. See
http://mc-stan.org/misc/warnings.html#tail-ess - 
WARN [2020-12-23 02:36:29] Swain: There were 50 transitions after warmup that exceeded the maximum treedepth. Increase max_treedepth above 13. See
http://mc-stan.org/misc/warnings.html#maximum-treedepth-exceeded - 
WARN [2020-12-23 02:36:29] Swain: Examine the pairs() plot to diagnose sampling problems
 - 
WARN [2020-12-23 02:36:29] Swain: The largest R-hat is 1.65, indicating chains have not mixed.
Running the chains for more iterations may help. See
http://mc-stan.org/misc/warnings.html#r-hat - 
WARN [2020-12-23 02:36:30] Swain: Bulk Effective Samples Size (ESS) is too low, indicating posterior means and medians may be unreliable.
Running the chains for more iterations may help. See
http://mc-stan.org/misc/warnings.html#bulk-ess - 
WARN [2020-12-23 02:36:31] Swain: Tail Effective Samples Size (ESS) is too low, indicating posterior variances and tail quantiles may be unreliable.
Running the chains for more iterations may help. See
http://mc-stan.org/misc/warnings.html#tail-ess - 
ERROR [2020-12-23 02:36:32] Swain (chain: 1): unable to fork, possible reason: Cannot allocate memory - mcfork, detached
ERROR [2020-12-23 02:36:32] Swain: model fitting was timed out or failed - 
INFO [2020-12-23 02:36:34] Initialising estimates for: Yadkin
WARN [2020-12-23 02:37:00] Greene (chain: 1): There were 62 divergent transitions after warmup. See
http://mc-stan.org/misc/warnings.html#divergent-transitions-after-warmup
to find out why this is a problem and how to eliminate them. - 
WARN [2020-12-23 02:37:00] Greene (chain: 1): Examine the pairs() plot to diagnose sampling problems
 - 
INFO [2020-12-23 02:37:57] Completed estimates for: Greene
INFO [2020-12-23 02:38:19] Initialising estimates for: Currituck
WARN [2020-12-23 02:39:05] Martin (chain: 1): There were 43 divergent transitions after warmup. See
http://mc-stan.org/misc/warnings.html#divergent-transitions-after-warmup
to find out why this is a problem and how to eliminate them. - 
WARN [2020-12-23 02:39:05] Martin (chain: 1): Examine the pairs() plot to diagnose sampling problems
 - 
WARN [2020-12-23 02:39:07] Perquimans (chain: 1): There were 38 divergent transitions after warmup. See
http://mc-stan.org/misc/warnings.html#divergent-transitions-after-warmup
to find out why this is a problem and how to eliminate them. - 
WARN [2020-12-23 02:39:07] Perquimans (chain: 1): Examine the pairs() plot to diagnose sampling problems
 - 
INFO [2020-12-23 02:39:38] Initialising estimates for: Cone Health
WARN [2020-12-23 04:36:01] Cone Health (chain: 1): There were 210 divergent transitions after warmup. See
http://mc-stan.org/misc/warnings.html#divergent-transitions-after-warmup
to find out why this is a problem and how to eliminate them. - 
ERROR [2020-12-23 04:36:01] Cone Health (chain: 1): reached CPU time limit - unique, lengths(x)
ERROR [2020-12-23 04:36:01] Cone Health: model fitting was timed out or failed - 
INFO [2020-12-23 04:36:01] Initialising estimates for: North Carolina
WARN [2020-12-23 06:01:52] North Carolina (chain: 1): There were 21 divergent transitions after warmup. See
http://mc-stan.org/misc/warnings.html#divergent-transitions-after-warmup
to find out why this is a problem and how to eliminate them. - 
ERROR [2020-12-23 06:01:52] North Carolina: model fitting was timed out or failed - 
INFO [2020-12-23 06:01:52] Runtime error in Cone Health : Cone Health: model fitting was timed out or failed - 
INFO [2020-12-23 06:01:52] Runtime error in North Carolina : North Carolina: model fitting was timed out or failed - 
INFO [2020-12-23 06:02:02] Initialising estimates for: Stokes
WARN [2020-12-23 06:05:30] Stokes (chain: 1): There were 112 divergent transitions after warmup. See
http://mc-stan.org/misc/warnings.html#divergent-transitions-after-warmup
to find out why this is a problem and how to eliminate them. - 
WARN [2020-12-23 06:05:30] Stokes (chain: 1): Examine the pairs() plot to diagnose sampling problems
 - 
WARN [2020-12-23 06:05:35] Stokes (chain: 1): Bulk Effective Samples Size (ESS) is too low, indicating posterior means and medians may be unreliable.
Running the chains for more iterations may help. See
http://mc-stan.org/misc/warnings.html#bulk-ess - 
WARN [2020-12-23 06:05:39] Stokes (chain: 1): Tail Effective Samples Size (ESS) is too low, indicating posterior variances and tail quantiles may be unreliable.
Running the chains for more iterations may help. See
http://mc-stan.org/misc/warnings.html#tail-ess - 
INFO [2020-12-23 06:05:58] Initialising estimates for: Vance
WARN [2020-12-23 06:11:11] Vance (chain: 1): There were 60 divergent transitions after warmup. See
http://mc-stan.org/misc/warnings.html#divergent-transitions-after-warmup
to find out why this is a problem and how to eliminate them. - 
WARN [2020-12-23 06:11:11] Vance (chain: 1): Examine the pairs() plot to diagnose sampling problems
 - 
INFO [2020-12-23 06:11:38] Initialising estimates for: Bladen
WARN [2020-12-23 06:14:35] Bladen (chain: 1): There were 58 divergent transitions after warmup. See
http://mc-stan.org/misc/warnings.html#divergent-transitions-after-warmup
to find out why this is a problem and how to eliminate them. - 
WARN [2020-12-23 06:14:35] Bladen (chain: 1): Examine the pairs() plot to diagnose sampling problems
 - 
INFO [2020-12-23 06:15:02] Initialising estimates for: Granville
WARN [2020-12-23 06:20:10] Granville (chain: 1): There were 106 divergent transitions after warmup. See
http://mc-stan.org/misc/warnings.html#divergent-transitions-after-warmup
to find out why this is a problem and how to eliminate them. - 
WARN [2020-12-23 06:20:10] Granville (chain: 1): Examine the pairs() plot to diagnose sampling problems
 - 
INFO [2020-12-23 06:20:36] Initialising estimates for: Beaufort
WARN [2020-12-23 06:27:18] Beaufort (chain: 1): There were 99 divergent transitions after warmup. See
http://mc-stan.org/misc/warnings.html#divergent-transitions-after-warmup
to find out why this is a problem and how to eliminate them. - 
WARN [2020-12-23 06:27:18] Beaufort (chain: 1): Examine the pairs() plot to diagnose sampling problems
 - 
INFO [2020-12-23 06:27:44] Initialising estimates for: Surry
WARN [2020-12-23 06:31:36] Surry (chain: 1): There were 51 divergent transitions after warmup. See
http://mc-stan.org/misc/warnings.html#divergent-transitions-after-warmup
to find out why this is a problem and how to eliminate them. - 
WARN [2020-12-23 06:31:36] Surry (chain: 1): Examine the pairs() plot to diagnose sampling problems
 - 
INFO [2020-12-23 06:32:02] Initialising estimates for: Henderson
WARN [2020-12-23 06:38:09] Henderson (chain: 1): There were 35 divergent transitions after warmup. See
http://mc-stan.org/misc/warnings.html#divergent-transitions-after-warmup
to find out why this is a problem and how to eliminate them. - 
WARN [2020-12-23 06:38:09] Henderson (chain: 1): Examine the pairs() plot to diagnose sampling problems
 - 
INFO [2020-12-23 06:38:35] Initialising estimates for: Johnston
WARN [2020-12-23 06:42:02] Johnston (chain: 1): There were 71 divergent transitions after warmup. See
http://mc-stan.org/misc/warnings.html#divergent-transitions-after-warmup
to find out why this is a problem and how to eliminate them. - 
WARN [2020-12-23 06:42:02] Johnston (chain: 1): Examine the pairs() plot to diagnose sampling problems
 - 
WARN [2020-12-23 06:42:10] Johnston (chain: 1): Tail Effective Samples Size (ESS) is too low, indicating posterior variances and tail quantiles may be unreliable.
Running the chains for more iterations may help. See
http://mc-stan.org/misc/warnings.html#tail-ess - 
INFO [2020-12-23 06:42:29] Initialising estimates for: Edgecombe
WARN [2020-12-23 06:48:11] Edgecombe (chain: 1): There were 184 divergent transitions after warmup. See
http://mc-stan.org/misc/warnings.html#divergent-transitions-after-warmup
to find out why this is a problem and how to eliminate them. - 
WARN [2020-12-23 06:48:11] Edgecombe (chain: 1): Examine the pairs() plot to diagnose sampling problems
 - 
WARN [2020-12-23 06:48:16] Edgecombe (chain: 1): Bulk Effective Samples Size (ESS) is too low, indicating posterior means and medians may be unreliable.
Running the chains for more iterations may help. See
http://mc-stan.org/misc/warnings.html#bulk-ess - 
WARN [2020-12-23 06:48:19] Edgecombe (chain: 1): Tail Effective Samples Size (ESS) is too low, indicating posterior variances and tail quantiles may be unreliable.
Running the chains for more iterations may help. See
http://mc-stan.org/misc/warnings.html#tail-ess - 
INFO [2020-12-23 06:48:38] Initialising estimates for: Alleghany
ERROR [2020-12-23 06:48:38] Alleghany (chain: 1): unable to fork, possible reason: Cannot allocate memory - mcfork, detached
ERROR [2020-12-23 06:48:38] Alleghany: model fitting was timed out or failed - 
INFO [2020-12-23 06:48:38] Runtime error in Alleghany : Alleghany: model fitting was timed out or failed - 
