INFO [2020-11-12 14:22:16] Runtime error in Forsyth : $ operator is invalid for atomic vectors - 
INFO [2020-11-12 14:22:16] Runtime error in Buncombe : $ operator is invalid for atomic vectors - 
INFO [2020-11-12 14:22:16] Runtime error in Iredell : $ operator is invalid for atomic vectors - 
INFO [2020-11-12 14:22:16] Runtime error in New Hanover : $ operator is invalid for atomic vectors - 
INFO [2020-11-12 14:22:16] Runtime error in Gaston : $ operator is invalid for atomic vectors - 
INFO [2020-11-12 14:22:16] Runtime error in Chatham : $ operator is invalid for atomic vectors - 
INFO [2020-11-12 14:22:16] Runtime error in Davidson : $ operator is invalid for atomic vectors - 
INFO [2020-11-12 14:22:16] Runtime error in Rowan : $ operator is invalid for atomic vectors - 
INFO [2020-11-12 14:22:16] Runtime error in Northampton : $ operator is invalid for atomic vectors - 
INFO [2020-11-12 14:22:16] Runtime error in Pitt : $ operator is invalid for atomic vectors - 
INFO [2020-11-12 14:22:16] Runtime error in Randolph : $ operator is invalid for atomic vectors - 
INFO [2020-11-12 14:22:16] Runtime error in Henderson : $ operator is invalid for atomic vectors - 
INFO [2020-11-12 14:22:16] Runtime error in Cumberland : $ operator is invalid for atomic vectors - 
INFO [2020-11-12 14:22:16] Runtime error in Johnston : $ operator is invalid for atomic vectors - 
INFO [2020-11-12 14:22:16] Runtime error in Wilson : $ operator is invalid for atomic vectors - 
INFO [2020-11-12 14:22:16] Runtime error in Cleveland : $ operator is invalid for atomic vectors - 
INFO [2020-11-12 14:22:16] Runtime error in Craven : $ operator is invalid for atomic vectors - 
INFO [2020-11-12 14:22:16] Runtime error in Davie : $ operator is invalid for atomic vectors - 
INFO [2020-11-12 14:22:16] Runtime error in Onslow : $ operator is invalid for atomic vectors - 
INFO [2020-11-12 14:22:16] Runtime error in Edgecombe : $ operator is invalid for atomic vectors - 
INFO [2020-11-12 14:22:16] Runtime error in McDowell : $ operator is invalid for atomic vectors - 
INFO [2020-11-12 14:22:16] Runtime error in Lincoln : $ operator is invalid for atomic vectors - 
INFO [2020-11-12 14:22:16] Runtime error in Caldwell : $ operator is invalid for atomic vectors - 
INFO [2020-11-12 14:22:16] Runtime error in Clay : $ operator is invalid for atomic vectors - 
INFO [2020-11-12 14:22:16] Runtime error in Pamlico : $ operator is invalid for atomic vectors - 
INFO [2020-11-12 14:22:16] Runtime error in Camden : $ operator is invalid for atomic vectors - 
