INFO [2020-11-19 11:00:08] Runtime error in Cone Health : $ operator is invalid for atomic vectors - 
INFO [2020-11-19 11:00:08] Runtime error in Guilford : $ operator is invalid for atomic vectors - 
INFO [2020-11-19 11:00:08] Runtime error in Forsyth : $ operator is invalid for atomic vectors - 
INFO [2020-11-19 11:00:08] Runtime error in Union : $ operator is invalid for atomic vectors - 
INFO [2020-11-19 11:00:08] Runtime error in Orange : $ operator is invalid for atomic vectors - 
INFO [2020-11-19 11:00:08] Runtime error in Cabarrus : $ operator is invalid for atomic vectors - 
INFO [2020-11-19 11:00:08] Runtime error in Buncombe : $ operator is invalid for atomic vectors - 
INFO [2020-11-19 11:00:08] Runtime error in Iredell : $ operator is invalid for atomic vectors - 
INFO [2020-11-19 11:00:08] Runtime error in Gaston : $ operator is invalid for atomic vectors - 
INFO [2020-11-19 11:00:08] Runtime error in Chatham : $ operator is invalid for atomic vectors - 
INFO [2020-11-19 11:00:08] Runtime error in Davidson : $ operator is invalid for atomic vectors - 
INFO [2020-11-19 11:00:08] Runtime error in Rowan : $ operator is invalid for atomic vectors - 
INFO [2020-11-19 11:00:08] Runtime error in Henderson : $ operator is invalid for atomic vectors - 
INFO [2020-11-19 11:00:08] Runtime error in Johnston : $ operator is invalid for atomic vectors - 
INFO [2020-11-19 11:00:08] Runtime error in Wilson : $ operator is invalid for atomic vectors - 
INFO [2020-11-19 11:00:08] Runtime error in Catawba : $ operator is invalid for atomic vectors - 
INFO [2020-11-19 11:00:08] Runtime error in Brunswick : $ operator is invalid for atomic vectors - 
INFO [2020-11-19 11:00:08] Runtime error in Nash : $ operator is invalid for atomic vectors - 
INFO [2020-11-19 11:00:08] Runtime error in Cleveland : $ operator is invalid for atomic vectors - 
INFO [2020-11-19 11:00:08] Runtime error in Craven : $ operator is invalid for atomic vectors - 
INFO [2020-11-19 11:00:08] Runtime error in Davie : $ operator is invalid for atomic vectors - 
INFO [2020-11-19 11:00:08] Runtime error in Onslow : $ operator is invalid for atomic vectors - 
INFO [2020-11-19 11:00:08] Runtime error in Wayne : $ operator is invalid for atomic vectors - 
INFO [2020-11-19 11:00:08] Runtime error in Carteret : $ operator is invalid for atomic vectors - 
INFO [2020-11-19 11:00:08] Runtime error in Rutherford : $ operator is invalid for atomic vectors - 
INFO [2020-11-19 11:00:08] Runtime error in Franklin : $ operator is invalid for atomic vectors - 
INFO [2020-11-19 11:00:08] Runtime error in Moore : $ operator is invalid for atomic vectors - 
INFO [2020-11-19 11:00:08] Runtime error in Hoke : $ operator is invalid for atomic vectors - 
INFO [2020-11-19 11:00:08] Runtime error in Vance : $ operator is invalid for atomic vectors - 
INFO [2020-11-19 11:00:08] Runtime error in Halifax : $ operator is invalid for atomic vectors - 
INFO [2020-11-19 11:00:08] Runtime error in Edgecombe : $ operator is invalid for atomic vectors - 
INFO [2020-11-19 11:00:08] Runtime error in Pasquotank : $ operator is invalid for atomic vectors - 
INFO [2020-11-19 11:00:08] Runtime error in Lenoir : $ operator is invalid for atomic vectors - 
INFO [2020-11-19 11:00:08] Runtime error in Richmond : $ operator is invalid for atomic vectors - 
INFO [2020-11-19 11:00:08] Runtime error in Sampson : $ operator is invalid for atomic vectors - 
INFO [2020-11-19 11:00:08] Runtime error in Montgomery : $ operator is invalid for atomic vectors - 
INFO [2020-11-19 11:00:08] Runtime error in Robeson : $ operator is invalid for atomic vectors - 
INFO [2020-11-19 11:00:08] Runtime error in Surry : $ operator is invalid for atomic vectors - 
INFO [2020-11-19 11:00:08] Runtime error in Person : $ operator is invalid for atomic vectors - 
INFO [2020-11-19 11:00:08] Runtime error in Anson : $ operator is invalid for atomic vectors - 
INFO [2020-11-19 11:00:08] Runtime error in Beaufort : $ operator is invalid for atomic vectors - 
INFO [2020-11-19 11:00:08] Runtime error in Greene : $ operator is invalid for atomic vectors - 
INFO [2020-11-19 11:00:08] Runtime error in Polk : $ operator is invalid for atomic vectors - 
INFO [2020-11-19 11:00:08] Runtime error in Yadkin : $ operator is invalid for atomic vectors - 
INFO [2020-11-19 11:00:08] Runtime error in Dare : $ operator is invalid for atomic vectors - 
INFO [2020-11-19 11:00:08] Runtime error in Jackson : $ operator is invalid for atomic vectors - 
INFO [2020-11-19 11:00:08] Runtime error in Transylvania : $ operator is invalid for atomic vectors - 
INFO [2020-11-19 11:00:08] Runtime error in Yancey : $ operator is invalid for atomic vectors - 
INFO [2020-11-19 11:00:08] Runtime error in Mitchell : $ operator is invalid for atomic vectors - 
INFO [2020-11-19 11:00:08] Runtime error in Swain : $ operator is invalid for atomic vectors - 
