INFO [2020-11-22 10:53:28] Runtime error in Mecklenburg : $ operator is invalid for atomic vectors - 
INFO [2020-11-22 10:53:28] Runtime error in Wake : $ operator is invalid for atomic vectors - 
INFO [2020-11-22 10:53:28] Runtime error in Orange : $ operator is invalid for atomic vectors - 
INFO [2020-11-22 10:53:28] Runtime error in Iredell : $ operator is invalid for atomic vectors - 
INFO [2020-11-22 10:53:28] Runtime error in Harnett : $ operator is invalid for atomic vectors - 
INFO [2020-11-22 10:53:28] Runtime error in New Hanover : $ operator is invalid for atomic vectors - 
INFO [2020-11-22 10:53:28] Runtime error in Gaston : $ operator is invalid for atomic vectors - 
INFO [2020-11-22 10:53:28] Runtime error in Rowan : $ operator is invalid for atomic vectors - 
INFO [2020-11-22 10:53:28] Runtime error in Randolph : $ operator is invalid for atomic vectors - 
INFO [2020-11-22 10:53:28] Runtime error in Henderson : $ operator is invalid for atomic vectors - 
INFO [2020-11-22 10:53:28] Runtime error in Cumberland : $ operator is invalid for atomic vectors - 
INFO [2020-11-22 10:53:28] Runtime error in Johnston : $ operator is invalid for atomic vectors - 
INFO [2020-11-22 10:53:28] Runtime error in Granville : $ operator is invalid for atomic vectors - 
INFO [2020-11-22 10:53:28] Runtime error in Alamance : $ operator is invalid for atomic vectors - 
INFO [2020-11-22 10:53:28] Runtime error in Nash : $ operator is invalid for atomic vectors - 
INFO [2020-11-22 10:53:28] Runtime error in Cleveland : $ operator is invalid for atomic vectors - 
INFO [2020-11-22 10:53:28] Runtime error in Craven : $ operator is invalid for atomic vectors - 
INFO [2020-11-22 10:53:28] Runtime error in Davie : $ operator is invalid for atomic vectors - 
INFO [2020-11-22 10:53:28] Runtime error in Onslow : $ operator is invalid for atomic vectors - 
INFO [2020-11-22 10:53:28] Runtime error in Carteret : $ operator is invalid for atomic vectors - 
INFO [2020-11-22 10:53:28] Runtime error in Rutherford : $ operator is invalid for atomic vectors - 
INFO [2020-11-22 10:53:28] Runtime error in Burke : $ operator is invalid for atomic vectors - 
INFO [2020-11-22 10:53:28] Runtime error in Moore : $ operator is invalid for atomic vectors - 
INFO [2020-11-22 10:53:28] Runtime error in Columbus : $ operator is invalid for atomic vectors - 
INFO [2020-11-22 10:53:28] Runtime error in Hoke : $ operator is invalid for atomic vectors - 
INFO [2020-11-22 10:53:28] Runtime error in Vance : $ operator is invalid for atomic vectors - 
INFO [2020-11-22 10:53:28] Runtime error in Halifax : $ operator is invalid for atomic vectors - 
INFO [2020-11-22 10:53:28] Runtime error in Edgecombe : $ operator is invalid for atomic vectors - 
INFO [2020-11-22 10:53:28] Runtime error in Sampson : $ operator is invalid for atomic vectors - 
INFO [2020-11-22 10:53:28] Runtime error in Montgomery : $ operator is invalid for atomic vectors - 
INFO [2020-11-22 10:53:28] Runtime error in Robeson : $ operator is invalid for atomic vectors - 
INFO [2020-11-22 10:53:29] Runtime error in Surry : $ operator is invalid for atomic vectors - 
INFO [2020-11-22 10:53:29] Runtime error in Greene : $ operator is invalid for atomic vectors - 
INFO [2020-11-22 10:53:29] Runtime error in Scotland : $ operator is invalid for atomic vectors - 
INFO [2020-11-22 10:53:29] Runtime error in Cherokee : $ operator is invalid for atomic vectors - 
INFO [2020-11-22 10:53:29] Runtime error in Hertford : $ operator is invalid for atomic vectors - 
INFO [2020-11-22 10:53:29] Runtime error in Dare : $ operator is invalid for atomic vectors - 
INFO [2020-11-22 10:53:29] Runtime error in Jackson : $ operator is invalid for atomic vectors - 
INFO [2020-11-22 10:53:29] Runtime error in Bladen : $ operator is invalid for atomic vectors - 
INFO [2020-11-22 10:53:29] Runtime error in Jones : $ operator is invalid for atomic vectors - 
INFO [2020-11-22 10:53:29] Runtime error in Haywood : $ operator is invalid for atomic vectors - 
INFO [2020-11-22 10:53:29] Runtime error in Perquimans : $ operator is invalid for atomic vectors - 
INFO [2020-11-22 10:53:29] Runtime error in Chowan : $ operator is invalid for atomic vectors - 
INFO [2020-11-22 10:53:29] Runtime error in Ashe : $ operator is invalid for atomic vectors - 
INFO [2020-11-22 10:53:29] Runtime error in Watauga : $ operator is invalid for atomic vectors - 
