INFO [2020-12-25 00:52:37] Initialising estimates for: Hyde
WARN [2020-12-25 01:01:18] Hyde (chain: 1): There were 931 divergent transitions after warmup. See
http://mc-stan.org/misc/warnings.html#divergent-transitions-after-warmup
to find out why this is a problem and how to eliminate them. - 
WARN [2020-12-25 01:01:18] Hyde (chain: 1): Examine the pairs() plot to diagnose sampling problems
 - 
WARN [2020-12-25 01:01:21] Hyde (chain: 1): The largest R-hat is 1.34, indicating chains have not mixed.
Running the chains for more iterations may help. See
http://mc-stan.org/misc/warnings.html#r-hat - 
WARN [2020-12-25 01:01:24] Hyde (chain: 1): Bulk Effective Samples Size (ESS) is too low, indicating posterior means and medians may be unreliable.
Running the chains for more iterations may help. See
http://mc-stan.org/misc/warnings.html#bulk-ess - 
WARN [2020-12-25 01:01:29] Hyde (chain: 1): Tail Effective Samples Size (ESS) is too low, indicating posterior variances and tail quantiles may be unreliable.
Running the chains for more iterations may help. See
http://mc-stan.org/misc/warnings.html#tail-ess - 
INFO [2020-12-25 01:02:06] Initialising estimates for: Jones
WARN [2020-12-25 01:04:34] Jones (chain: 1): There were 35 divergent transitions after warmup. See
http://mc-stan.org/misc/warnings.html#divergent-transitions-after-warmup
to find out why this is a problem and how to eliminate them. - 
WARN [2020-12-25 01:04:34] Jones (chain: 1): Examine the pairs() plot to diagnose sampling problems
 - 
INFO [2020-12-25 01:05:00] Initialising estimates for: Person
WARN [2020-12-25 01:10:52] Person (chain: 1): There were 205 divergent transitions after warmup. See
http://mc-stan.org/misc/warnings.html#divergent-transitions-after-warmup
to find out why this is a problem and how to eliminate them. - 
WARN [2020-12-25 01:10:52] Person (chain: 1): Examine the pairs() plot to diagnose sampling problems
 - 
WARN [2020-12-25 01:10:57] Person (chain: 1): Bulk Effective Samples Size (ESS) is too low, indicating posterior means and medians may be unreliable.
Running the chains for more iterations may help. See
http://mc-stan.org/misc/warnings.html#bulk-ess - 
WARN [2020-12-25 01:11:00] Person (chain: 1): Tail Effective Samples Size (ESS) is too low, indicating posterior variances and tail quantiles may be unreliable.
Running the chains for more iterations may help. See
http://mc-stan.org/misc/warnings.html#tail-ess - 
INFO [2020-12-25 01:11:18] Initialising estimates for: Pasquotank
ERROR [2020-12-25 01:11:18] Pasquotank (chain: 1): unable to fork, possible reason: Cannot allocate memory - mcfork, detached
ERROR [2020-12-25 01:11:18] Pasquotank: model fitting was timed out or failed - 
INFO [2020-12-25 01:11:19] Initialising estimates for: Chatham
ERROR [2020-12-25 01:11:19] Chatham (chain: 1): unable to fork, possible reason: Cannot allocate memory - mcfork, detached
ERROR [2020-12-25 01:11:19] Chatham: model fitting was timed out or failed - 
INFO [2020-12-25 01:11:19] Initialising estimates for: Macon
ERROR [2020-12-25 01:11:19] Macon (chain: 1): unable to fork, possible reason: Cannot allocate memory - mcfork, detached
ERROR [2020-12-25 01:11:19] Macon: model fitting was timed out or failed - 
INFO [2020-12-25 01:11:19] Runtime error in Pasquotank : Pasquotank: model fitting was timed out or failed - 
INFO [2020-12-25 01:11:19] Runtime error in Chatham : Chatham: model fitting was timed out or failed - 
INFO [2020-12-25 01:11:19] Runtime error in Macon : Macon: model fitting was timed out or failed - 
INFO [2020-12-25 18:10:38] Initialising estimates for: Buncombe
INFO [2020-12-25 18:10:39] Initialising estimates for: Durham
INFO [2020-12-25 18:10:39] Initialising estimates for: Gaston
INFO [2020-12-25 18:10:41] Initialising estimates for: Union
WARN [2020-12-25 18:16:39] Durham (chain: 1): There were 51 divergent transitions after warmup. See
http://mc-stan.org/misc/warnings.html#divergent-transitions-after-warmup
to find out why this is a problem and how to eliminate them. - 
WARN [2020-12-25 18:16:40] Durham (chain: 1): Examine the pairs() plot to diagnose sampling problems
 - 
INFO [2020-12-25 18:17:28] Completed estimates for: Durham
INFO [2020-12-25 18:17:39] Initialising estimates for: Forsyth
WARN [2020-12-25 18:24:22] Buncombe (chain: 1): There were 31 divergent transitions after warmup. See
http://mc-stan.org/misc/warnings.html#divergent-transitions-after-warmup
to find out why this is a problem and how to eliminate them. - 
WARN [2020-12-25 18:24:22] Buncombe (chain: 1): Examine the pairs() plot to diagnose sampling problems
 - 
WARN [2020-12-25 18:25:46] Gaston (chain: 1): There were 63 divergent transitions after warmup. See
http://mc-stan.org/misc/warnings.html#divergent-transitions-after-warmup
to find out why this is a problem and how to eliminate them. - 
WARN [2020-12-25 18:25:46] Gaston (chain: 1): Examine the pairs() plot to diagnose sampling problems
 - 
INFO [2020-12-25 18:25:49] Completed estimates for: Buncombe
INFO [2020-12-25 18:25:59] Initialising estimates for: New Hanover
INFO [2020-12-25 18:26:57] Completed estimates for: Gaston
INFO [2020-12-25 18:27:29] Initialising estimates for: Cumberland
WARN [2020-12-25 18:39:41] Union (chain: 1): There were 12 divergent transitions after warmup. See
http://mc-stan.org/misc/warnings.html#divergent-transitions-after-warmup
to find out why this is a problem and how to eliminate them. - 
WARN [2020-12-25 18:39:41] Union (chain: 1): Examine the pairs() plot to diagnose sampling problems
 - 
INFO [2020-12-25 18:40:25] Completed estimates for: Union
WARN [2020-12-25 18:40:47] Forsyth (chain: 1): There were 92 divergent transitions after warmup. See
http://mc-stan.org/misc/warnings.html#divergent-transitions-after-warmup
to find out why this is a problem and how to eliminate them. - 
WARN [2020-12-25 18:40:47] Forsyth (chain: 1): Examine the pairs() plot to diagnose sampling problems
 - 
INFO [2020-12-25 18:40:49] Initialising estimates for: Guilford
INFO [2020-12-25 18:41:32] Completed estimates for: Forsyth
INFO [2020-12-25 18:42:07] Initialising estimates for: Wake
WARN [2020-12-25 18:42:09] Cumberland (chain: 1): There were 148 divergent transitions after warmup. See
http://mc-stan.org/misc/warnings.html#divergent-transitions-after-warmup
to find out why this is a problem and how to eliminate them. - 
WARN [2020-12-25 18:42:09] Cumberland (chain: 1): Examine the pairs() plot to diagnose sampling problems
 - 
WARN [2020-12-25 18:42:17] Cumberland (chain: 1): Bulk Effective Samples Size (ESS) is too low, indicating posterior means and medians may be unreliable.
Running the chains for more iterations may help. See
http://mc-stan.org/misc/warnings.html#bulk-ess - 
WARN [2020-12-25 18:42:22] Cumberland (chain: 1): Tail Effective Samples Size (ESS) is too low, indicating posterior variances and tail quantiles may be unreliable.
Running the chains for more iterations may help. See
http://mc-stan.org/misc/warnings.html#tail-ess - 
INFO [2020-12-25 18:43:56] Completed estimates for: Cumberland
INFO [2020-12-25 18:44:11] Initialising estimates for: Mecklenburg
WARN [2020-12-25 18:49:25] Guilford (chain: 1): There were 70 divergent transitions after warmup. See
http://mc-stan.org/misc/warnings.html#divergent-transitions-after-warmup
to find out why this is a problem and how to eliminate them. - 
WARN [2020-12-25 18:49:25] Guilford (chain: 1): Examine the pairs() plot to diagnose sampling problems
 - 
INFO [2020-12-25 18:51:31] Completed estimates for: Guilford
INFO [2020-12-25 18:51:37] Initialising estimates for: Cone Health
WARN [2020-12-25 18:54:18] New Hanover (chain: 1): There were 13 divergent transitions after warmup. See
http://mc-stan.org/misc/warnings.html#divergent-transitions-after-warmup
to find out why this is a problem and how to eliminate them. - 
WARN [2020-12-25 18:54:18] New Hanover (chain: 1): Examine the pairs() plot to diagnose sampling problems
 - 
WARN [2020-12-25 18:55:58] Wake (chain: 1): There were 36 divergent transitions after warmup. See
http://mc-stan.org/misc/warnings.html#divergent-transitions-after-warmup
to find out why this is a problem and how to eliminate them. - 
WARN [2020-12-25 18:55:58] Wake (chain: 1): Examine the pairs() plot to diagnose sampling problems
 - 
INFO [2020-12-25 18:56:02] Completed estimates for: New Hanover
INFO [2020-12-25 18:56:25] Initialising estimates for: North Carolina
INFO [2020-12-25 18:57:04] Initialising estimates for: Alleghany
INFO [2020-12-25 18:57:04] Initialising estimates for: Perquimans
INFO [2020-12-25 18:57:16] Initialising estimates for: Alleghany
INFO [2020-12-25 18:57:16] Initialising estimates for: Perquimans
INFO [2020-12-25 18:57:17] Initialising estimates for: Polk
INFO [2020-12-25 18:57:18] Initialising estimates for: Swain
WARN [2020-12-25 19:06:47] Alleghany: There were 50 transitions after warmup that exceeded the maximum treedepth. Increase max_treedepth above 13. See
http://mc-stan.org/misc/warnings.html#maximum-treedepth-exceeded - 
WARN [2020-12-25 19:06:47] Alleghany: Examine the pairs() plot to diagnose sampling problems
 - 
WARN [2020-12-25 19:06:48] Polk: There were 50 transitions after warmup that exceeded the maximum treedepth. Increase max_treedepth above 13. See
http://mc-stan.org/misc/warnings.html#maximum-treedepth-exceeded - 
WARN [2020-12-25 19:06:48] Polk: Examine the pairs() plot to diagnose sampling problems
 - 
WARN [2020-12-25 19:06:48] Alleghany: The largest R-hat is 2.04, indicating chains have not mixed.
Running the chains for more iterations may help. See
http://mc-stan.org/misc/warnings.html#r-hat - 
WARN [2020-12-25 19:07:06] Alleghany: Bulk Effective Samples Size (ESS) is too low, indicating posterior means and medians may be unreliable.
Running the chains for more iterations may help. See
http://mc-stan.org/misc/warnings.html#bulk-ess - 
WARN [2020-12-25 19:07:06] Polk: The largest R-hat is 1.62, indicating chains have not mixed.
Running the chains for more iterations may help. See
http://mc-stan.org/misc/warnings.html#r-hat - 
WARN [2020-12-25 19:07:07] Alleghany: Tail Effective Samples Size (ESS) is too low, indicating posterior variances and tail quantiles may be unreliable.
Running the chains for more iterations may help. See
http://mc-stan.org/misc/warnings.html#tail-ess - 
WARN [2020-12-25 19:07:07] Polk: Bulk Effective Samples Size (ESS) is too low, indicating posterior means and medians may be unreliable.
Running the chains for more iterations may help. See
http://mc-stan.org/misc/warnings.html#bulk-ess - 
WARN [2020-12-25 19:07:10] Polk: Tail Effective Samples Size (ESS) is too low, indicating posterior variances and tail quantiles may be unreliable.
Running the chains for more iterations may help. See
http://mc-stan.org/misc/warnings.html#tail-ess - 
WARN [2020-12-25 19:07:23] Perquimans: There were 50 transitions after warmup that exceeded the maximum treedepth. Increase max_treedepth above 13. See
http://mc-stan.org/misc/warnings.html#maximum-treedepth-exceeded - 
WARN [2020-12-25 19:07:23] Perquimans: Examine the pairs() plot to diagnose sampling problems
 - 
WARN [2020-12-25 19:07:24] Perquimans: The largest R-hat is 1.43, indicating chains have not mixed.
Running the chains for more iterations may help. See
http://mc-stan.org/misc/warnings.html#r-hat - 
WARN [2020-12-25 19:07:24] Perquimans: Bulk Effective Samples Size (ESS) is too low, indicating posterior means and medians may be unreliable.
Running the chains for more iterations may help. See
http://mc-stan.org/misc/warnings.html#bulk-ess - 
WARN [2020-12-25 19:07:26] Perquimans: Tail Effective Samples Size (ESS) is too low, indicating posterior variances and tail quantiles may be unreliable.
Running the chains for more iterations may help. See
http://mc-stan.org/misc/warnings.html#tail-ess - 
WARN [2020-12-25 19:09:29] Swain: There were 50 transitions after warmup that exceeded the maximum treedepth. Increase max_treedepth above 13. See
http://mc-stan.org/misc/warnings.html#maximum-treedepth-exceeded - 
WARN [2020-12-25 19:09:29] Swain: Examine the pairs() plot to diagnose sampling problems
 - 
WARN [2020-12-25 19:09:30] Swain: The largest R-hat is 1.85, indicating chains have not mixed.
Running the chains for more iterations may help. See
http://mc-stan.org/misc/warnings.html#r-hat - 
WARN [2020-12-25 19:09:31] Swain: Bulk Effective Samples Size (ESS) is too low, indicating posterior means and medians may be unreliable.
Running the chains for more iterations may help. See
http://mc-stan.org/misc/warnings.html#bulk-ess - 
WARN [2020-12-25 19:09:33] Swain: Tail Effective Samples Size (ESS) is too low, indicating posterior variances and tail quantiles may be unreliable.
Running the chains for more iterations may help. See
http://mc-stan.org/misc/warnings.html#tail-ess - 
WARN [2020-12-25 19:18:16] Perquimans (chain: 1): There were 217 divergent transitions after warmup. See
http://mc-stan.org/misc/warnings.html#divergent-transitions-after-warmup
to find out why this is a problem and how to eliminate them. - 
WARN [2020-12-25 19:18:16] Perquimans (chain: 1): Examine the pairs() plot to diagnose sampling problems
 - 
WARN [2020-12-25 19:18:21] Perquimans (chain: 1): The largest R-hat is 1.07, indicating chains have not mixed.
Running the chains for more iterations may help. See
http://mc-stan.org/misc/warnings.html#r-hat - 
WARN [2020-12-25 19:18:26] Perquimans (chain: 1): Bulk Effective Samples Size (ESS) is too low, indicating posterior means and medians may be unreliable.
Running the chains for more iterations may help. See
http://mc-stan.org/misc/warnings.html#bulk-ess - 
WARN [2020-12-25 19:18:53] Perquimans (chain: 1): Tail Effective Samples Size (ESS) is too low, indicating posterior variances and tail quantiles may be unreliable.
Running the chains for more iterations may help. See
http://mc-stan.org/misc/warnings.html#tail-ess - 
WARN [2020-12-25 19:18:53] Polk (chain: 1): There were 45 divergent transitions after warmup. See
http://mc-stan.org/misc/warnings.html#divergent-transitions-after-warmup
to find out why this is a problem and how to eliminate them. - 
WARN [2020-12-25 19:18:54] Polk (chain: 1): Examine the pairs() plot to diagnose sampling problems
 - 
INFO [2020-12-25 19:21:59] Completed estimates for: Perquimans
INFO [2020-12-25 19:22:23] Initialising estimates for: Yadkin
INFO [2020-12-25 19:23:11] Completed estimates for: Polk
WARN [2020-12-25 19:23:13] Alleghany (chain: 1): There were 415 divergent transitions after warmup. See
http://mc-stan.org/misc/warnings.html#divergent-transitions-after-warmup
to find out why this is a problem and how to eliminate them. - 
WARN [2020-12-25 19:23:13] Alleghany (chain: 1): Examine the pairs() plot to diagnose sampling problems
 - 
INFO [2020-12-25 19:23:16] Initialising estimates for: Avery
WARN [2020-12-25 19:23:16] Alleghany (chain: 1): The largest R-hat is 1.13, indicating chains have not mixed.
Running the chains for more iterations may help. See
http://mc-stan.org/misc/warnings.html#r-hat - 
WARN [2020-12-25 19:23:20] Alleghany (chain: 1): Bulk Effective Samples Size (ESS) is too low, indicating posterior means and medians may be unreliable.
Running the chains for more iterations may help. See
http://mc-stan.org/misc/warnings.html#bulk-ess - 
WARN [2020-12-25 19:23:25] Alleghany (chain: 1): Tail Effective Samples Size (ESS) is too low, indicating posterior variances and tail quantiles may be unreliable.
Running the chains for more iterations may help. See
http://mc-stan.org/misc/warnings.html#tail-ess - 
INFO [2020-12-25 19:24:46] Completed estimates for: Alleghany
INFO [2020-12-25 19:25:10] Initialising estimates for: Camden
WARN [2020-12-25 19:26:09] Swain (chain: 1): There were 62 divergent transitions after warmup. See
http://mc-stan.org/misc/warnings.html#divergent-transitions-after-warmup
to find out why this is a problem and how to eliminate them. - 
WARN [2020-12-25 19:26:09] Swain (chain: 1): Examine the pairs() plot to diagnose sampling problems
 - 
INFO [2020-12-25 19:28:01] Completed estimates for: Swain
INFO [2020-12-25 19:28:08] Initialising estimates for: Gates
WARN [2020-12-25 19:31:49] Yadkin: There were 50 transitions after warmup that exceeded the maximum treedepth. Increase max_treedepth above 13. See
http://mc-stan.org/misc/warnings.html#maximum-treedepth-exceeded - 
WARN [2020-12-25 19:31:49] Yadkin: Examine the pairs() plot to diagnose sampling problems
 - 
WARN [2020-12-25 19:31:50] Yadkin: The largest R-hat is 2.09, indicating chains have not mixed.
Running the chains for more iterations may help. See
http://mc-stan.org/misc/warnings.html#r-hat - 
WARN [2020-12-25 19:31:51] Yadkin: Bulk Effective Samples Size (ESS) is too low, indicating posterior means and medians may be unreliable.
Running the chains for more iterations may help. See
http://mc-stan.org/misc/warnings.html#bulk-ess - 
WARN [2020-12-25 19:31:51] Yadkin: Tail Effective Samples Size (ESS) is too low, indicating posterior variances and tail quantiles may be unreliable.
Running the chains for more iterations may help. See
http://mc-stan.org/misc/warnings.html#tail-ess - 
WARN [2020-12-25 19:33:40] Avery: There were 50 transitions after warmup that exceeded the maximum treedepth. Increase max_treedepth above 13. See
http://mc-stan.org/misc/warnings.html#maximum-treedepth-exceeded - 
WARN [2020-12-25 19:33:40] Avery: Examine the pairs() plot to diagnose sampling problems
 - 
WARN [2020-12-25 19:33:41] Avery: The largest R-hat is 1.88, indicating chains have not mixed.
Running the chains for more iterations may help. See
http://mc-stan.org/misc/warnings.html#r-hat - 
WARN [2020-12-25 19:33:41] Avery: Bulk Effective Samples Size (ESS) is too low, indicating posterior means and medians may be unreliable.
Running the chains for more iterations may help. See
http://mc-stan.org/misc/warnings.html#bulk-ess - 
WARN [2020-12-25 19:33:42] Avery: Tail Effective Samples Size (ESS) is too low, indicating posterior variances and tail quantiles may be unreliable.
Running the chains for more iterations may help. See
http://mc-stan.org/misc/warnings.html#tail-ess - 
WARN [2020-12-25 19:36:03] Camden: There were 50 transitions after warmup that exceeded the maximum treedepth. Increase max_treedepth above 13. See
http://mc-stan.org/misc/warnings.html#maximum-treedepth-exceeded - 
WARN [2020-12-25 19:36:03] Camden: Examine the pairs() plot to diagnose sampling problems
 - 
WARN [2020-12-25 19:36:03] Camden: The largest R-hat is 1.6, indicating chains have not mixed.
Running the chains for more iterations may help. See
http://mc-stan.org/misc/warnings.html#r-hat - 
WARN [2020-12-25 19:36:04] Camden: Bulk Effective Samples Size (ESS) is too low, indicating posterior means and medians may be unreliable.
Running the chains for more iterations may help. See
http://mc-stan.org/misc/warnings.html#bulk-ess - 
WARN [2020-12-25 19:36:05] Camden: Tail Effective Samples Size (ESS) is too low, indicating posterior variances and tail quantiles may be unreliable.
Running the chains for more iterations may help. See
http://mc-stan.org/misc/warnings.html#tail-ess - 
WARN [2020-12-25 19:40:47] Gates: There were 50 transitions after warmup that exceeded the maximum treedepth. Increase max_treedepth above 13. See
http://mc-stan.org/misc/warnings.html#maximum-treedepth-exceeded - 
WARN [2020-12-25 19:40:47] Gates: Examine the pairs() plot to diagnose sampling problems
 - 
WARN [2020-12-25 19:40:47] Gates: The largest R-hat is 1.8, indicating chains have not mixed.
Running the chains for more iterations may help. See
http://mc-stan.org/misc/warnings.html#r-hat - 
WARN [2020-12-25 19:40:48] Gates: Bulk Effective Samples Size (ESS) is too low, indicating posterior means and medians may be unreliable.
Running the chains for more iterations may help. See
http://mc-stan.org/misc/warnings.html#bulk-ess - 
WARN [2020-12-25 19:40:49] Gates: Tail Effective Samples Size (ESS) is too low, indicating posterior variances and tail quantiles may be unreliable.
Running the chains for more iterations may help. See
http://mc-stan.org/misc/warnings.html#tail-ess - 
WARN [2020-12-25 19:43:21] Avery (chain: 1): There were 75 divergent transitions after warmup. See
http://mc-stan.org/misc/warnings.html#divergent-transitions-after-warmup
to find out why this is a problem and how to eliminate them. - 
WARN [2020-12-25 19:43:21] Avery (chain: 1): Examine the pairs() plot to diagnose sampling problems
 - 
INFO [2020-12-25 19:44:44] Completed estimates for: Avery
INFO [2020-12-25 19:44:50] Initialising estimates for: Hyde
WARN [2020-12-25 19:45:48] Camden (chain: 1): There were 39 divergent transitions after warmup. See
http://mc-stan.org/misc/warnings.html#divergent-transitions-after-warmup
to find out why this is a problem and how to eliminate them. - 
WARN [2020-12-25 19:45:48] Camden (chain: 1): Examine the pairs() plot to diagnose sampling problems
 - 
INFO [2020-12-25 19:47:28] Completed estimates for: Camden
INFO [2020-12-25 19:47:51] Initialising estimates for: Jones
WARN [2020-12-25 19:52:39] Yadkin (chain: 1): There were 277 divergent transitions after warmup. See
http://mc-stan.org/misc/warnings.html#divergent-transitions-after-warmup
to find out why this is a problem and how to eliminate them. - 
WARN [2020-12-25 19:52:39] Yadkin (chain: 1): Examine the pairs() plot to diagnose sampling problems
 - 
WARN [2020-12-25 19:53:11] Yadkin (chain: 1): Bulk Effective Samples Size (ESS) is too low, indicating posterior means and medians may be unreliable.
Running the chains for more iterations may help. See
http://mc-stan.org/misc/warnings.html#bulk-ess - 
WARN [2020-12-25 19:53:15] Yadkin (chain: 1): Tail Effective Samples Size (ESS) is too low, indicating posterior variances and tail quantiles may be unreliable.
Running the chains for more iterations may help. See
http://mc-stan.org/misc/warnings.html#tail-ess - 
INFO [2020-12-25 19:54:25] Completed estimates for: Yadkin
INFO [2020-12-25 19:54:30] Initialising estimates for: Madison
WARN [2020-12-25 19:54:41] Gates (chain: 1): There were 109 divergent transitions after warmup. See
http://mc-stan.org/misc/warnings.html#divergent-transitions-after-warmup
to find out why this is a problem and how to eliminate them. - 
WARN [2020-12-25 19:54:41] Gates (chain: 1): Examine the pairs() plot to diagnose sampling problems
 - 
WARN [2020-12-25 19:54:51] Gates (chain: 1): Tail Effective Samples Size (ESS) is too low, indicating posterior variances and tail quantiles may be unreliable.
Running the chains for more iterations may help. See
http://mc-stan.org/misc/warnings.html#tail-ess - 
INFO [2020-12-25 19:55:29] Completed estimates for: Gates
INFO [2020-12-25 19:55:53] Initialising estimates for: Transylvania
WARN [2020-12-25 19:56:23] Hyde: There were 50 transitions after warmup that exceeded the maximum treedepth. Increase max_treedepth above 13. See
http://mc-stan.org/misc/warnings.html#maximum-treedepth-exceeded - 
WARN [2020-12-25 19:56:23] Hyde: Examine the pairs() plot to diagnose sampling problems
 - 
WARN [2020-12-25 19:56:23] Hyde: The largest R-hat is 1.17, indicating chains have not mixed.
Running the chains for more iterations may help. See
http://mc-stan.org/misc/warnings.html#r-hat - 
WARN [2020-12-25 19:56:24] Hyde: Bulk Effective Samples Size (ESS) is too low, indicating posterior means and medians may be unreliable.
Running the chains for more iterations may help. See
http://mc-stan.org/misc/warnings.html#bulk-ess - 
WARN [2020-12-25 19:56:25] Hyde: Tail Effective Samples Size (ESS) is too low, indicating posterior variances and tail quantiles may be unreliable.
Running the chains for more iterations may help. See
http://mc-stan.org/misc/warnings.html#tail-ess - 
INFO [2020-12-25 19:57:36] Initialising estimates for: Cone Health
ERROR [2020-12-25 23:57:12] Cone Health: model fitting was timed out or failed - 
INFO [2020-12-25 23:57:12] Initialising estimates for: North Carolina
ERROR [2020-12-26 02:28:57] North Carolina: model fitting was timed out or failed - 
INFO [2020-12-26 02:28:57] Runtime error in Cone Health : Cone Health: model fitting was timed out or failed - 
INFO [2020-12-26 02:28:57] Runtime error in North Carolina : North Carolina: model fitting was timed out or failed - 
