INFO [2020-12-08 18:05:21] Initialising estimates for: Durham
INFO [2020-12-08 18:05:21] Initialising estimates for: New Hanover
INFO [2020-12-08 18:05:22] Initialising estimates for: Buncombe
INFO [2020-12-08 18:05:23] Initialising estimates for: Union
WARN [2020-12-08 18:15:09] Durham (chain: 1): There were 13 divergent transitions after warmup. See
http://mc-stan.org/misc/warnings.html#divergent-transitions-after-warmup
to find out why this is a problem and how to eliminate them. - 
WARN [2020-12-08 18:15:09] Durham (chain: 1): Examine the pairs() plot to diagnose sampling problems
 - 
INFO [2020-12-08 18:15:55] Completed estimates for: Durham
INFO [2020-12-08 18:16:00] Initialising estimates for: Forsyth
WARN [2020-12-08 18:18:43] Union (chain: 1): There were 14 divergent transitions after warmup. See
http://mc-stan.org/misc/warnings.html#divergent-transitions-after-warmup
to find out why this is a problem and how to eliminate them. - 
WARN [2020-12-08 18:18:43] Union (chain: 1): Examine the pairs() plot to diagnose sampling problems
 - 
INFO [2020-12-08 18:19:26] Completed estimates for: Union
INFO [2020-12-08 18:19:31] Initialising estimates for: Guilford
WARN [2020-12-08 18:23:10] New Hanover (chain: 1): There were 11 divergent transitions after warmup. See
http://mc-stan.org/misc/warnings.html#divergent-transitions-after-warmup
to find out why this is a problem and how to eliminate them. - 
WARN [2020-12-08 18:23:10] New Hanover (chain: 1): Examine the pairs() plot to diagnose sampling problems
 - 
INFO [2020-12-08 18:23:57] Completed estimates for: New Hanover
INFO [2020-12-08 18:24:35] Initialising estimates for: Gaston
WARN [2020-12-08 18:24:48] Buncombe (chain: 1): There were 4 divergent transitions after warmup. See
http://mc-stan.org/misc/warnings.html#divergent-transitions-after-warmup
to find out why this is a problem and how to eliminate them. - 
WARN [2020-12-08 18:24:48] Buncombe (chain: 1): Examine the pairs() plot to diagnose sampling problems
 - 
INFO [2020-12-08 18:25:30] Completed estimates for: Buncombe
INFO [2020-12-08 18:25:53] Initialising estimates for: Cumberland
WARN [2020-12-08 18:30:22] Forsyth (chain: 1): There were 19 divergent transitions after warmup. See
http://mc-stan.org/misc/warnings.html#divergent-transitions-after-warmup
to find out why this is a problem and how to eliminate them. - 
WARN [2020-12-08 18:30:22] Forsyth (chain: 1): Examine the pairs() plot to diagnose sampling problems
 - 
WARN [2020-12-08 18:30:59] Guilford (chain: 1): There were 19 divergent transitions after warmup. See
http://mc-stan.org/misc/warnings.html#divergent-transitions-after-warmup
to find out why this is a problem and how to eliminate them. - 
WARN [2020-12-08 18:30:59] Guilford (chain: 1): Examine the pairs() plot to diagnose sampling problems
 - 
INFO [2020-12-08 18:31:02] Completed estimates for: Forsyth
INFO [2020-12-08 18:31:07] Initialising estimates for: Wake
INFO [2020-12-08 18:31:41] Completed estimates for: Guilford
INFO [2020-12-08 18:31:46] Initialising estimates for: Mecklenburg
WARN [2020-12-08 18:36:59] Cumberland (chain: 1): There were 12 divergent transitions after warmup. See
http://mc-stan.org/misc/warnings.html#divergent-transitions-after-warmup
to find out why this is a problem and how to eliminate them. - 
WARN [2020-12-08 18:36:59] Cumberland (chain: 1): Examine the pairs() plot to diagnose sampling problems
 - 
INFO [2020-12-08 18:37:44] Completed estimates for: Cumberland
INFO [2020-12-08 18:38:45] Initialising estimates for: Cone Health
WARN [2020-12-08 18:39:59] Gaston (chain: 1): There were 11 divergent transitions after warmup. See
http://mc-stan.org/misc/warnings.html#divergent-transitions-after-warmup
to find out why this is a problem and how to eliminate them. - 
WARN [2020-12-08 18:39:59] Gaston (chain: 1): Examine the pairs() plot to diagnose sampling problems
 - 
INFO [2020-12-08 18:40:45] Completed estimates for: Gaston
INFO [2020-12-08 18:40:50] Initialising estimates for: North Carolina
WARN [2020-12-08 18:47:24] Wake (chain: 1): There were 14 divergent transitions after warmup. See
http://mc-stan.org/misc/warnings.html#divergent-transitions-after-warmup
to find out why this is a problem and how to eliminate them. - 
WARN [2020-12-08 18:47:24] Wake (chain: 1): Examine the pairs() plot to diagnose sampling problems
 - 
INFO [2020-12-08 18:48:08] Completed estimates for: Wake
WARN [2020-12-08 18:55:51] Mecklenburg (chain: 1): There were 7 divergent transitions after warmup. See
http://mc-stan.org/misc/warnings.html#divergent-transitions-after-warmup
to find out why this is a problem and how to eliminate them. - 
WARN [2020-12-08 18:55:51] Mecklenburg (chain: 1): Examine the pairs() plot to diagnose sampling problems
 - 
INFO [2020-12-08 18:56:26] Completed estimates for: Mecklenburg
WARN [2020-12-08 19:24:24] Cone Health (chain: 1): There were 34 divergent transitions after warmup. See
http://mc-stan.org/misc/warnings.html#divergent-transitions-after-warmup
to find out why this is a problem and how to eliminate them. - 
WARN [2020-12-08 19:24:24] Cone Health (chain: 1): Examine the pairs() plot to diagnose sampling problems
 - 
WARN [2020-12-08 19:24:30] Cone Health (chain: 1): Bulk Effective Samples Size (ESS) is too low, indicating posterior means and medians may be unreliable.
Running the chains for more iterations may help. See
http://mc-stan.org/misc/warnings.html#bulk-ess - 
WARN [2020-12-08 19:24:33] Cone Health (chain: 1): Tail Effective Samples Size (ESS) is too low, indicating posterior variances and tail quantiles may be unreliable.
Running the chains for more iterations may help. See
http://mc-stan.org/misc/warnings.html#tail-ess - 
INFO [2020-12-08 19:24:54] Completed estimates for: Cone Health
WARN [2020-12-08 19:51:51] North Carolina (chain: 1): There were 5 divergent transitions after warmup. See
http://mc-stan.org/misc/warnings.html#divergent-transitions-after-warmup
to find out why this is a problem and how to eliminate them. - 
WARN [2020-12-08 19:51:51] North Carolina (chain: 1): Examine the pairs() plot to diagnose sampling problems
 - 
INFO [2020-12-08 19:52:18] Completed estimates for: North Carolina
INFO [2020-12-08 19:53:13] Initialising estimates for: Alleghany
INFO [2020-12-08 19:53:14] Initialising estimates for: Ashe
INFO [2020-12-08 19:53:15] Initialising estimates for: Camden
INFO [2020-12-08 19:53:16] Initialising estimates for: Chowan
WARN [2020-12-08 19:56:30] Ashe: There were 50 transitions after warmup that exceeded the maximum treedepth. Increase max_treedepth above 13. See
http://mc-stan.org/misc/warnings.html#maximum-treedepth-exceeded - 
WARN [2020-12-08 19:56:30] Ashe: Examine the pairs() plot to diagnose sampling problems
 - 
WARN [2020-12-08 19:56:30] Ashe: The largest R-hat is 1.66, indicating chains have not mixed.
Running the chains for more iterations may help. See
http://mc-stan.org/misc/warnings.html#r-hat - 
WARN [2020-12-08 19:56:31] Ashe: Bulk Effective Samples Size (ESS) is too low, indicating posterior means and medians may be unreliable.
Running the chains for more iterations may help. See
http://mc-stan.org/misc/warnings.html#bulk-ess - 
WARN [2020-12-08 19:56:31] Ashe: Tail Effective Samples Size (ESS) is too low, indicating posterior variances and tail quantiles may be unreliable.
Running the chains for more iterations may help. See
http://mc-stan.org/misc/warnings.html#tail-ess - 
WARN [2020-12-08 19:56:36] Chowan: There were 50 transitions after warmup that exceeded the maximum treedepth. Increase max_treedepth above 13. See
http://mc-stan.org/misc/warnings.html#maximum-treedepth-exceeded - 
WARN [2020-12-08 19:56:36] Chowan: Examine the pairs() plot to diagnose sampling problems
 - 
WARN [2020-12-08 19:56:36] Chowan: The largest R-hat is 1.89, indicating chains have not mixed.
Running the chains for more iterations may help. See
http://mc-stan.org/misc/warnings.html#r-hat - 
WARN [2020-12-08 19:56:37] Chowan: Bulk Effective Samples Size (ESS) is too low, indicating posterior means and medians may be unreliable.
Running the chains for more iterations may help. See
http://mc-stan.org/misc/warnings.html#bulk-ess - 
WARN [2020-12-08 19:56:37] Chowan: Tail Effective Samples Size (ESS) is too low, indicating posterior variances and tail quantiles may be unreliable.
Running the chains for more iterations may help. See
http://mc-stan.org/misc/warnings.html#tail-ess - 
WARN [2020-12-08 19:56:56] Alleghany: There were 50 transitions after warmup that exceeded the maximum treedepth. Increase max_treedepth above 13. See
http://mc-stan.org/misc/warnings.html#maximum-treedepth-exceeded - 
WARN [2020-12-08 19:56:56] Alleghany: Examine the pairs() plot to diagnose sampling problems
 - 
WARN [2020-12-08 19:56:57] Alleghany: The largest R-hat is 1.43, indicating chains have not mixed.
Running the chains for more iterations may help. See
http://mc-stan.org/misc/warnings.html#r-hat - 
WARN [2020-12-08 19:56:57] Alleghany: Bulk Effective Samples Size (ESS) is too low, indicating posterior means and medians may be unreliable.
Running the chains for more iterations may help. See
http://mc-stan.org/misc/warnings.html#bulk-ess - 
WARN [2020-12-08 19:56:58] Alleghany: Tail Effective Samples Size (ESS) is too low, indicating posterior variances and tail quantiles may be unreliable.
Running the chains for more iterations may help. See
http://mc-stan.org/misc/warnings.html#tail-ess - 
WARN [2020-12-08 19:57:08] Camden: There were 50 transitions after warmup that exceeded the maximum treedepth. Increase max_treedepth above 13. See
http://mc-stan.org/misc/warnings.html#maximum-treedepth-exceeded - 
WARN [2020-12-08 19:57:08] Camden: Examine the pairs() plot to diagnose sampling problems
 - 
WARN [2020-12-08 19:57:09] Camden: The largest R-hat is 1.44, indicating chains have not mixed.
Running the chains for more iterations may help. See
http://mc-stan.org/misc/warnings.html#r-hat - 
WARN [2020-12-08 19:57:09] Camden: Bulk Effective Samples Size (ESS) is too low, indicating posterior means and medians may be unreliable.
Running the chains for more iterations may help. See
http://mc-stan.org/misc/warnings.html#bulk-ess - 
WARN [2020-12-08 19:57:10] Camden: Tail Effective Samples Size (ESS) is too low, indicating posterior variances and tail quantiles may be unreliable.
Running the chains for more iterations may help. See
http://mc-stan.org/misc/warnings.html#tail-ess - 
WARN [2020-12-08 20:05:51] Camden (chain: 1): There were 54 divergent transitions after warmup. See
http://mc-stan.org/misc/warnings.html#divergent-transitions-after-warmup
to find out why this is a problem and how to eliminate them. - 
WARN [2020-12-08 20:05:51] Camden (chain: 1): Examine the pairs() plot to diagnose sampling problems
 - 
WARN [2020-12-08 20:06:05] Camden (chain: 1): Tail Effective Samples Size (ESS) is too low, indicating posterior variances and tail quantiles may be unreliable.
Running the chains for more iterations may help. See
http://mc-stan.org/misc/warnings.html#tail-ess - 
INFO [2020-12-08 20:06:32] Completed estimates for: Camden
INFO [2020-12-08 20:06:39] Initialising estimates for: Dare
WARN [2020-12-08 20:08:15] Ashe (chain: 1): There were 119 divergent transitions after warmup. See
http://mc-stan.org/misc/warnings.html#divergent-transitions-after-warmup
to find out why this is a problem and how to eliminate them. - 
WARN [2020-12-08 20:08:15] Ashe (chain: 1): Examine the pairs() plot to diagnose sampling problems
 - 
INFO [2020-12-08 20:08:42] Completed estimates for: Ashe
INFO [2020-12-08 20:08:47] Initialising estimates for: Gates
WARN [2020-12-08 20:08:48] Alleghany (chain: 1): There were 21 divergent transitions after warmup. See
http://mc-stan.org/misc/warnings.html#divergent-transitions-after-warmup
to find out why this is a problem and how to eliminate them. - 
WARN [2020-12-08 20:08:48] Alleghany (chain: 1): Examine the pairs() plot to diagnose sampling problems
 - 
INFO [2020-12-08 20:09:17] Completed estimates for: Alleghany
INFO [2020-12-08 20:09:23] Initialising estimates for: Martin
WARN [2020-12-08 20:10:17] Chowan (chain: 1): There were 11 divergent transitions after warmup. See
http://mc-stan.org/misc/warnings.html#divergent-transitions-after-warmup
to find out why this is a problem and how to eliminate them. - 
WARN [2020-12-08 20:10:17] Chowan (chain: 1): Examine the pairs() plot to diagnose sampling problems
 - 
WARN [2020-12-08 20:10:35] Dare: There were 50 transitions after warmup that exceeded the maximum treedepth. Increase max_treedepth above 13. See
http://mc-stan.org/misc/warnings.html#maximum-treedepth-exceeded - 
WARN [2020-12-08 20:10:35] Dare: Examine the pairs() plot to diagnose sampling problems
 - 
WARN [2020-12-08 20:10:36] Dare: The largest R-hat is 2.11, indicating chains have not mixed.
Running the chains for more iterations may help. See
http://mc-stan.org/misc/warnings.html#r-hat - 
WARN [2020-12-08 20:10:36] Dare: Bulk Effective Samples Size (ESS) is too low, indicating posterior means and medians may be unreliable.
Running the chains for more iterations may help. See
http://mc-stan.org/misc/warnings.html#bulk-ess - 
WARN [2020-12-08 20:10:37] Dare: Tail Effective Samples Size (ESS) is too low, indicating posterior variances and tail quantiles may be unreliable.
Running the chains for more iterations may help. See
http://mc-stan.org/misc/warnings.html#tail-ess - 
INFO [2020-12-08 20:10:44] Completed estimates for: Chowan
INFO [2020-12-08 20:10:49] Initialising estimates for: Swain
WARN [2020-12-08 20:12:27] Gates: There were 50 transitions after warmup that exceeded the maximum treedepth. Increase max_treedepth above 13. See
http://mc-stan.org/misc/warnings.html#maximum-treedepth-exceeded - 
WARN [2020-12-08 20:12:27] Gates: Examine the pairs() plot to diagnose sampling problems
 - 
WARN [2020-12-08 20:12:28] Gates: The largest R-hat is 1.29, indicating chains have not mixed.
Running the chains for more iterations may help. See
http://mc-stan.org/misc/warnings.html#r-hat - 
WARN [2020-12-08 20:12:28] Gates: Bulk Effective Samples Size (ESS) is too low, indicating posterior means and medians may be unreliable.
Running the chains for more iterations may help. See
http://mc-stan.org/misc/warnings.html#bulk-ess - 
WARN [2020-12-08 20:12:29] Gates: Tail Effective Samples Size (ESS) is too low, indicating posterior variances and tail quantiles may be unreliable.
Running the chains for more iterations may help. See
http://mc-stan.org/misc/warnings.html#tail-ess - 
WARN [2020-12-08 20:12:58] Martin: There were 50 transitions after warmup that exceeded the maximum treedepth. Increase max_treedepth above 13. See
http://mc-stan.org/misc/warnings.html#maximum-treedepth-exceeded - 
WARN [2020-12-08 20:12:59] Martin: Examine the pairs() plot to diagnose sampling problems
 - 
WARN [2020-12-08 20:12:59] Martin: The largest R-hat is 1.59, indicating chains have not mixed.
Running the chains for more iterations may help. See
http://mc-stan.org/misc/warnings.html#r-hat - 
WARN [2020-12-08 20:13:00] Martin: Bulk Effective Samples Size (ESS) is too low, indicating posterior means and medians may be unreliable.
Running the chains for more iterations may help. See
http://mc-stan.org/misc/warnings.html#bulk-ess - 
WARN [2020-12-08 20:13:01] Martin: Tail Effective Samples Size (ESS) is too low, indicating posterior variances and tail quantiles may be unreliable.
Running the chains for more iterations may help. See
http://mc-stan.org/misc/warnings.html#tail-ess - 
WARN [2020-12-08 20:15:46] Swain: There were 50 transitions after warmup that exceeded the maximum treedepth. Increase max_treedepth above 13. See
http://mc-stan.org/misc/warnings.html#maximum-treedepth-exceeded - 
WARN [2020-12-08 20:15:46] Swain: Examine the pairs() plot to diagnose sampling problems
 - 
WARN [2020-12-08 20:15:46] Swain: The largest R-hat is 1.36, indicating chains have not mixed.
Running the chains for more iterations may help. See
http://mc-stan.org/misc/warnings.html#r-hat - 
WARN [2020-12-08 20:15:47] Swain: Bulk Effective Samples Size (ESS) is too low, indicating posterior means and medians may be unreliable.
Running the chains for more iterations may help. See
http://mc-stan.org/misc/warnings.html#bulk-ess - 
WARN [2020-12-08 20:15:48] Swain: Tail Effective Samples Size (ESS) is too low, indicating posterior variances and tail quantiles may be unreliable.
Running the chains for more iterations may help. See
http://mc-stan.org/misc/warnings.html#tail-ess - 
WARN [2020-12-08 20:20:29] Gates (chain: 1): There were 31 divergent transitions after warmup. See
http://mc-stan.org/misc/warnings.html#divergent-transitions-after-warmup
to find out why this is a problem and how to eliminate them. - 
WARN [2020-12-08 20:20:29] Gates (chain: 1): Examine the pairs() plot to diagnose sampling problems
 - 
INFO [2020-12-08 20:21:04] Completed estimates for: Gates
INFO [2020-12-08 20:21:08] Initialising estimates for: Avery
WARN [2020-12-08 20:23:33] Dare (chain: 1): There were 16 divergent transitions after warmup. See
http://mc-stan.org/misc/warnings.html#divergent-transitions-after-warmup
to find out why this is a problem and how to eliminate them. - 
WARN [2020-12-08 20:23:33] Dare (chain: 1): Examine the pairs() plot to diagnose sampling problems
 - 
INFO [2020-12-08 20:24:05] Completed estimates for: Dare
INFO [2020-12-08 20:24:11] Initialising estimates for: Beaufort
WARN [2020-12-08 20:25:51] Avery: There were 50 transitions after warmup that exceeded the maximum treedepth. Increase max_treedepth above 13. See
http://mc-stan.org/misc/warnings.html#maximum-treedepth-exceeded - 
WARN [2020-12-08 20:25:51] Avery: Examine the pairs() plot to diagnose sampling problems
 - 
WARN [2020-12-08 20:25:52] Avery: The largest R-hat is 1.77, indicating chains have not mixed.
Running the chains for more iterations may help. See
http://mc-stan.org/misc/warnings.html#r-hat - 
WARN [2020-12-08 20:25:52] Avery: Bulk Effective Samples Size (ESS) is too low, indicating posterior means and medians may be unreliable.
Running the chains for more iterations may help. See
http://mc-stan.org/misc/warnings.html#bulk-ess - 
WARN [2020-12-08 20:25:53] Avery: Tail Effective Samples Size (ESS) is too low, indicating posterior variances and tail quantiles may be unreliable.
Running the chains for more iterations may help. See
http://mc-stan.org/misc/warnings.html#tail-ess - 
WARN [2020-12-08 20:26:19] Martin (chain: 1): There were 3 divergent transitions after warmup. See
http://mc-stan.org/misc/warnings.html#divergent-transitions-after-warmup
to find out why this is a problem and how to eliminate them. - 
WARN [2020-12-08 20:26:19] Martin (chain: 1): Examine the pairs() plot to diagnose sampling problems
 - 
INFO [2020-12-08 20:26:59] Completed estimates for: Martin
INFO [2020-12-08 20:27:05] Initialising estimates for: Currituck
WARN [2020-12-08 20:27:08] Swain (chain: 1): There were 30 divergent transitions after warmup. See
http://mc-stan.org/misc/warnings.html#divergent-transitions-after-warmup
to find out why this is a problem and how to eliminate them. - 
WARN [2020-12-08 20:27:08] Swain (chain: 1): Examine the pairs() plot to diagnose sampling problems
 - 
INFO [2020-12-08 20:27:48] Completed estimates for: Swain
INFO [2020-12-08 20:27:52] Initialising estimates for: Franklin
WARN [2020-12-08 20:28:10] Beaufort: There were 50 transitions after warmup that exceeded the maximum treedepth. Increase max_treedepth above 13. See
http://mc-stan.org/misc/warnings.html#maximum-treedepth-exceeded - 
WARN [2020-12-08 20:28:10] Beaufort: Examine the pairs() plot to diagnose sampling problems
 - 
WARN [2020-12-08 20:28:11] Beaufort: The largest R-hat is 2.02, indicating chains have not mixed.
Running the chains for more iterations may help. See
http://mc-stan.org/misc/warnings.html#r-hat - 
WARN [2020-12-08 20:28:11] Beaufort: Bulk Effective Samples Size (ESS) is too low, indicating posterior means and medians may be unreliable.
Running the chains for more iterations may help. See
http://mc-stan.org/misc/warnings.html#bulk-ess - 
WARN [2020-12-08 20:28:12] Beaufort: Tail Effective Samples Size (ESS) is too low, indicating posterior variances and tail quantiles may be unreliable.
Running the chains for more iterations may help. See
http://mc-stan.org/misc/warnings.html#tail-ess - 
WARN [2020-12-08 20:30:43] Currituck: There were 5 divergent transitions after warmup. See
http://mc-stan.org/misc/warnings.html#divergent-transitions-after-warmup
to find out why this is a problem and how to eliminate them. - 
WARN [2020-12-08 20:30:43] Currituck: There were 30 transitions after warmup that exceeded the maximum treedepth. Increase max_treedepth above 13. See
http://mc-stan.org/misc/warnings.html#maximum-treedepth-exceeded - 
WARN [2020-12-08 20:30:43] Currituck: Examine the pairs() plot to diagnose sampling problems
 - 
WARN [2020-12-08 20:30:43] Currituck: The largest R-hat is 1.6, indicating chains have not mixed.
Running the chains for more iterations may help. See
http://mc-stan.org/misc/warnings.html#r-hat - 
WARN [2020-12-08 20:30:44] Currituck: Bulk Effective Samples Size (ESS) is too low, indicating posterior means and medians may be unreliable.
Running the chains for more iterations may help. See
http://mc-stan.org/misc/warnings.html#bulk-ess - 
WARN [2020-12-08 20:30:46] Currituck: Tail Effective Samples Size (ESS) is too low, indicating posterior variances and tail quantiles may be unreliable.
Running the chains for more iterations may help. See
http://mc-stan.org/misc/warnings.html#tail-ess - 
WARN [2020-12-08 20:33:02] Franklin: There were 50 transitions after warmup that exceeded the maximum treedepth. Increase max_treedepth above 13. See
http://mc-stan.org/misc/warnings.html#maximum-treedepth-exceeded - 
WARN [2020-12-08 20:33:02] Franklin: Examine the pairs() plot to diagnose sampling problems
 - 
WARN [2020-12-08 20:33:02] Franklin: The largest R-hat is 2.11, indicating chains have not mixed.
Running the chains for more iterations may help. See
http://mc-stan.org/misc/warnings.html#r-hat - 
WARN [2020-12-08 20:33:03] Franklin: Bulk Effective Samples Size (ESS) is too low, indicating posterior means and medians may be unreliable.
Running the chains for more iterations may help. See
http://mc-stan.org/misc/warnings.html#bulk-ess - 
WARN [2020-12-08 20:33:04] Franklin: Tail Effective Samples Size (ESS) is too low, indicating posterior variances and tail quantiles may be unreliable.
Running the chains for more iterations may help. See
http://mc-stan.org/misc/warnings.html#tail-ess - 
WARN [2020-12-08 20:35:49] Avery (chain: 1): There were 145 divergent transitions after warmup. See
http://mc-stan.org/misc/warnings.html#divergent-transitions-after-warmup
to find out why this is a problem and how to eliminate them. - 
WARN [2020-12-08 20:35:49] Avery (chain: 1): Examine the pairs() plot to diagnose sampling problems
 - 
WARN [2020-12-08 20:36:02] Avery (chain: 1): Tail Effective Samples Size (ESS) is too low, indicating posterior variances and tail quantiles may be unreliable.
Running the chains for more iterations may help. See
http://mc-stan.org/misc/warnings.html#tail-ess - 
INFO [2020-12-08 20:36:35] Completed estimates for: Avery
INFO [2020-12-08 20:36:57] Initialising estimates for: Northampton
WARN [2020-12-08 20:38:22] Currituck (chain: 1): There were 75 divergent transitions after warmup. See
http://mc-stan.org/misc/warnings.html#divergent-transitions-after-warmup
to find out why this is a problem and how to eliminate them. - 
WARN [2020-12-08 20:38:22] Currituck (chain: 1): Examine the pairs() plot to diagnose sampling problems
 - 
INFO [2020-12-08 20:39:00] Completed estimates for: Currituck
INFO [2020-12-08 20:39:05] Initialising estimates for: Pasquotank
WARN [2020-12-08 20:41:41] Beaufort (chain: 1): There were 6 divergent transitions after warmup. See
http://mc-stan.org/misc/warnings.html#divergent-transitions-after-warmup
to find out why this is a problem and how to eliminate them. - 
WARN [2020-12-08 20:41:41] Beaufort (chain: 1): Examine the pairs() plot to diagnose sampling problems
 - 
WARN [2020-12-08 20:41:56] Northampton: There were 50 transitions after warmup that exceeded the maximum treedepth. Increase max_treedepth above 13. See
http://mc-stan.org/misc/warnings.html#maximum-treedepth-exceeded - 
WARN [2020-12-08 20:41:56] Northampton: Examine the pairs() plot to diagnose sampling problems
 - 
WARN [2020-12-08 20:41:56] Northampton: The largest R-hat is 1.7, indicating chains have not mixed.
Running the chains for more iterations may help. See
http://mc-stan.org/misc/warnings.html#r-hat - 
WARN [2020-12-08 20:41:56] Northampton: Bulk Effective Samples Size (ESS) is too low, indicating posterior means and medians may be unreliable.
Running the chains for more iterations may help. See
http://mc-stan.org/misc/warnings.html#bulk-ess - 
WARN [2020-12-08 20:41:58] Northampton: Tail Effective Samples Size (ESS) is too low, indicating posterior variances and tail quantiles may be unreliable.
Running the chains for more iterations may help. See
http://mc-stan.org/misc/warnings.html#tail-ess - 
ERROR [2020-12-08 20:42:14] Northampton (chain: 1): unable to fork, possible reason: Cannot allocate memory - mcfork, detached
ERROR [2020-12-08 20:42:14] Northampton: model fitting was timed out or failed - 
INFO [2020-12-08 20:42:19] Initialising estimates for: Polk
INFO [2020-12-08 20:42:26] Completed estimates for: Beaufort
INFO [2020-12-08 20:42:48] Initialising estimates for: Stokes
WARN [2020-12-08 20:43:03] Franklin (chain: 1): There were 45 divergent transitions after warmup. See
http://mc-stan.org/misc/warnings.html#divergent-transitions-after-warmup
to find out why this is a problem and how to eliminate them. - 
WARN [2020-12-08 20:43:03] Franklin (chain: 1): Examine the pairs() plot to diagnose sampling problems
 - 
WARN [2020-12-08 20:43:10] Pasquotank: There were 50 transitions after warmup that exceeded the maximum treedepth. Increase max_treedepth above 13. See
http://mc-stan.org/misc/warnings.html#maximum-treedepth-exceeded - 
WARN [2020-12-08 20:43:10] Pasquotank: Examine the pairs() plot to diagnose sampling problems
 - 
WARN [2020-12-08 20:43:10] Pasquotank: The largest R-hat is 2.09, indicating chains have not mixed.
Running the chains for more iterations may help. See
http://mc-stan.org/misc/warnings.html#r-hat - 
WARN [2020-12-08 20:43:10] Pasquotank: Bulk Effective Samples Size (ESS) is too low, indicating posterior means and medians may be unreliable.
Running the chains for more iterations may help. See
http://mc-stan.org/misc/warnings.html#bulk-ess - 
WARN [2020-12-08 20:43:12] Pasquotank: Tail Effective Samples Size (ESS) is too low, indicating posterior variances and tail quantiles may be unreliable.
Running the chains for more iterations may help. See
http://mc-stan.org/misc/warnings.html#tail-ess - 
INFO [2020-12-08 20:43:31] Completed estimates for: Franklin
INFO [2020-12-08 20:43:37] Initialising estimates for: Surry
WARN [2020-12-08 20:46:48] Stokes: There were 50 transitions after warmup that exceeded the maximum treedepth. Increase max_treedepth above 13. See
http://mc-stan.org/misc/warnings.html#maximum-treedepth-exceeded - 
WARN [2020-12-08 20:46:48] Stokes: Examine the pairs() plot to diagnose sampling problems
 - 
WARN [2020-12-08 20:46:48] Stokes: The largest R-hat is 1.94, indicating chains have not mixed.
Running the chains for more iterations may help. See
http://mc-stan.org/misc/warnings.html#r-hat - 
WARN [2020-12-08 20:46:49] Stokes: Bulk Effective Samples Size (ESS) is too low, indicating posterior means and medians may be unreliable.
Running the chains for more iterations may help. See
http://mc-stan.org/misc/warnings.html#bulk-ess - 
WARN [2020-12-08 20:46:49] Stokes: Tail Effective Samples Size (ESS) is too low, indicating posterior variances and tail quantiles may be unreliable.
Running the chains for more iterations may help. See
http://mc-stan.org/misc/warnings.html#tail-ess - 
WARN [2020-12-08 20:47:09] Polk: There were 50 transitions after warmup that exceeded the maximum treedepth. Increase max_treedepth above 13. See
http://mc-stan.org/misc/warnings.html#maximum-treedepth-exceeded - 
WARN [2020-12-08 20:47:09] Polk: Examine the pairs() plot to diagnose sampling problems
 - 
WARN [2020-12-08 20:47:09] Polk: The largest R-hat is 1.98, indicating chains have not mixed.
Running the chains for more iterations may help. See
http://mc-stan.org/misc/warnings.html#r-hat - 
WARN [2020-12-08 20:47:10] Polk: Bulk Effective Samples Size (ESS) is too low, indicating posterior means and medians may be unreliable.
Running the chains for more iterations may help. See
http://mc-stan.org/misc/warnings.html#bulk-ess - 
WARN [2020-12-08 20:47:12] Polk: Tail Effective Samples Size (ESS) is too low, indicating posterior variances and tail quantiles may be unreliable.
Running the chains for more iterations may help. See
http://mc-stan.org/misc/warnings.html#tail-ess - 
WARN [2020-12-08 20:48:04] Surry: There were 50 transitions after warmup that exceeded the maximum treedepth. Increase max_treedepth above 13. See
http://mc-stan.org/misc/warnings.html#maximum-treedepth-exceeded - 
WARN [2020-12-08 20:48:04] Surry: Examine the pairs() plot to diagnose sampling problems
 - 
WARN [2020-12-08 20:48:05] Surry: The largest R-hat is 2, indicating chains have not mixed.
Running the chains for more iterations may help. See
http://mc-stan.org/misc/warnings.html#r-hat - 
WARN [2020-12-08 20:48:06] Surry: Bulk Effective Samples Size (ESS) is too low, indicating posterior means and medians may be unreliable.
Running the chains for more iterations may help. See
http://mc-stan.org/misc/warnings.html#bulk-ess - 
WARN [2020-12-08 20:48:08] Surry: Tail Effective Samples Size (ESS) is too low, indicating posterior variances and tail quantiles may be unreliable.
Running the chains for more iterations may help. See
http://mc-stan.org/misc/warnings.html#tail-ess - 
WARN [2020-12-08 20:50:28] Pasquotank (chain: 1): There were 10 divergent transitions after warmup. See
http://mc-stan.org/misc/warnings.html#divergent-transitions-after-warmup
to find out why this is a problem and how to eliminate them. - 
WARN [2020-12-08 20:50:28] Pasquotank (chain: 1): Examine the pairs() plot to diagnose sampling problems
 - 
INFO [2020-12-08 20:51:30] Completed estimates for: Pasquotank
INFO [2020-12-08 20:51:35] Initialising estimates for: Vance
WARN [2020-12-08 20:56:20] Vance: There were 5 divergent transitions after warmup. See
http://mc-stan.org/misc/warnings.html#divergent-transitions-after-warmup
to find out why this is a problem and how to eliminate them. - 
WARN [2020-12-08 20:56:20] Vance: There were 45 transitions after warmup that exceeded the maximum treedepth. Increase max_treedepth above 13. See
http://mc-stan.org/misc/warnings.html#maximum-treedepth-exceeded - 
WARN [2020-12-08 20:56:20] Vance: Examine the pairs() plot to diagnose sampling problems
 - 
WARN [2020-12-08 20:56:21] Vance: The largest R-hat is 1.97, indicating chains have not mixed.
Running the chains for more iterations may help. See
http://mc-stan.org/misc/warnings.html#r-hat - 
WARN [2020-12-08 20:56:21] Vance: Bulk Effective Samples Size (ESS) is too low, indicating posterior means and medians may be unreliable.
Running the chains for more iterations may help. See
http://mc-stan.org/misc/warnings.html#bulk-ess - 
WARN [2020-12-08 20:56:23] Vance: Tail Effective Samples Size (ESS) is too low, indicating posterior variances and tail quantiles may be unreliable.
Running the chains for more iterations may help. See
http://mc-stan.org/misc/warnings.html#tail-ess - 
WARN [2020-12-08 20:58:36] Stokes (chain: 1): There were 62 divergent transitions after warmup. See
http://mc-stan.org/misc/warnings.html#divergent-transitions-after-warmup
to find out why this is a problem and how to eliminate them. - 
WARN [2020-12-08 20:58:36] Stokes (chain: 1): Examine the pairs() plot to diagnose sampling problems
 - 
WARN [2020-12-08 20:58:49] Stokes (chain: 1): Tail Effective Samples Size (ESS) is too low, indicating posterior variances and tail quantiles may be unreliable.
Running the chains for more iterations may help. See
http://mc-stan.org/misc/warnings.html#tail-ess - 
INFO [2020-12-08 20:59:12] Completed estimates for: Stokes
WARN [2020-12-08 20:59:14] Polk (chain: 1): There were 54 divergent transitions after warmup. See
http://mc-stan.org/misc/warnings.html#divergent-transitions-after-warmup
to find out why this is a problem and how to eliminate them. - 
WARN [2020-12-08 20:59:14] Polk (chain: 1): Examine the pairs() plot to diagnose sampling problems
 - 
INFO [2020-12-08 20:59:18] Initialising estimates for: Warren
INFO [2020-12-08 20:59:52] Completed estimates for: Polk
INFO [2020-12-08 20:59:57] Initialising estimates for: Washington
WARN [2020-12-08 21:04:29] Warren: There were 50 transitions after warmup that exceeded the maximum treedepth. Increase max_treedepth above 13. See
http://mc-stan.org/misc/warnings.html#maximum-treedepth-exceeded - 
WARN [2020-12-08 21:04:29] Warren: Examine the pairs() plot to diagnose sampling problems
 - 
WARN [2020-12-08 21:04:29] Warren: The largest R-hat is 1.35, indicating chains have not mixed.
Running the chains for more iterations may help. See
http://mc-stan.org/misc/warnings.html#r-hat - 
WARN [2020-12-08 21:04:30] Warren: Bulk Effective Samples Size (ESS) is too low, indicating posterior means and medians may be unreliable.
Running the chains for more iterations may help. See
http://mc-stan.org/misc/warnings.html#bulk-ess - 
WARN [2020-12-08 21:04:31] Warren: Tail Effective Samples Size (ESS) is too low, indicating posterior variances and tail quantiles may be unreliable.
Running the chains for more iterations may help. See
http://mc-stan.org/misc/warnings.html#tail-ess - 
WARN [2020-12-08 21:05:03] Washington: There were 50 transitions after warmup that exceeded the maximum treedepth. Increase max_treedepth above 13. See
http://mc-stan.org/misc/warnings.html#maximum-treedepth-exceeded - 
WARN [2020-12-08 21:05:03] Washington: Examine the pairs() plot to diagnose sampling problems
 - 
WARN [2020-12-08 21:05:05] Washington: The largest R-hat is 1.33, indicating chains have not mixed.
Running the chains for more iterations may help. See
http://mc-stan.org/misc/warnings.html#r-hat - 
WARN [2020-12-08 21:05:05] Washington: Bulk Effective Samples Size (ESS) is too low, indicating posterior means and medians may be unreliable.
Running the chains for more iterations may help. See
http://mc-stan.org/misc/warnings.html#bulk-ess - 
WARN [2020-12-08 21:05:07] Washington: Tail Effective Samples Size (ESS) is too low, indicating posterior variances and tail quantiles may be unreliable.
Running the chains for more iterations may help. See
http://mc-stan.org/misc/warnings.html#tail-ess - 
WARN [2020-12-08 21:06:38] Vance (chain: 1): There were 10 divergent transitions after warmup. See
http://mc-stan.org/misc/warnings.html#divergent-transitions-after-warmup
to find out why this is a problem and how to eliminate them. - 
WARN [2020-12-08 21:06:38] Vance (chain: 1): Examine the pairs() plot to diagnose sampling problems
 - 
INFO [2020-12-08 21:07:14] Completed estimates for: Vance
INFO [2020-12-08 21:07:20] Initialising estimates for: Bertie
WARN [2020-12-08 21:09:44] Surry (chain: 1): There were 6 divergent transitions after warmup. See
http://mc-stan.org/misc/warnings.html#divergent-transitions-after-warmup
to find out why this is a problem and how to eliminate them. - 
WARN [2020-12-08 21:09:44] Surry (chain: 1): Examine the pairs() plot to diagnose sampling problems
 - 
INFO [2020-12-08 21:10:23] Completed estimates for: Surry
INFO [2020-12-08 21:10:27] Initialising estimates for: Duplin
WARN [2020-12-08 21:11:46] Washington (chain: 1): There were 33 divergent transitions after warmup. See
http://mc-stan.org/misc/warnings.html#divergent-transitions-after-warmup
to find out why this is a problem and how to eliminate them. - 
WARN [2020-12-08 21:11:46] Washington (chain: 1): Examine the pairs() plot to diagnose sampling problems
 - 
WARN [2020-12-08 21:11:56] Washington (chain: 1): Tail Effective Samples Size (ESS) is too low, indicating posterior variances and tail quantiles may be unreliable.
Running the chains for more iterations may help. See
http://mc-stan.org/misc/warnings.html#tail-ess - 
WARN [2020-12-08 21:12:10] Bertie: There were 50 transitions after warmup that exceeded the maximum treedepth. Increase max_treedepth above 13. See
http://mc-stan.org/misc/warnings.html#maximum-treedepth-exceeded - 
WARN [2020-12-08 21:12:10] Bertie: Examine the pairs() plot to diagnose sampling problems
 - 
WARN [2020-12-08 21:12:10] Bertie: The largest R-hat is 2.07, indicating chains have not mixed.
Running the chains for more iterations may help. See
http://mc-stan.org/misc/warnings.html#r-hat - 
WARN [2020-12-08 21:12:10] Bertie: Bulk Effective Samples Size (ESS) is too low, indicating posterior means and medians may be unreliable.
Running the chains for more iterations may help. See
http://mc-stan.org/misc/warnings.html#bulk-ess - 
WARN [2020-12-08 21:12:11] Bertie: Tail Effective Samples Size (ESS) is too low, indicating posterior variances and tail quantiles may be unreliable.
Running the chains for more iterations may help. See
http://mc-stan.org/misc/warnings.html#tail-ess - 
INFO [2020-12-08 21:12:16] Completed estimates for: Washington
INFO [2020-12-08 21:12:21] Initialising estimates for: Greene
WARN [2020-12-08 21:13:58] Warren (chain: 1): There were 125 divergent transitions after warmup. See
http://mc-stan.org/misc/warnings.html#divergent-transitions-after-warmup
to find out why this is a problem and how to eliminate them. - 
WARN [2020-12-08 21:13:58] Warren (chain: 1): Examine the pairs() plot to diagnose sampling problems
 - 
INFO [2020-12-08 21:14:35] Completed estimates for: Warren
INFO [2020-12-08 21:14:40] Initialising estimates for: Lee
WARN [2020-12-08 21:14:55] Duplin: There were 50 transitions after warmup that exceeded the maximum treedepth. Increase max_treedepth above 13. See
http://mc-stan.org/misc/warnings.html#maximum-treedepth-exceeded - 
WARN [2020-12-08 21:14:55] Duplin: Examine the pairs() plot to diagnose sampling problems
 - 
WARN [2020-12-08 21:14:55] Duplin: The largest R-hat is 2.07, indicating chains have not mixed.
Running the chains for more iterations may help. See
http://mc-stan.org/misc/warnings.html#r-hat - 
WARN [2020-12-08 21:14:56] Duplin: Bulk Effective Samples Size (ESS) is too low, indicating posterior means and medians may be unreliable.
Running the chains for more iterations may help. See
http://mc-stan.org/misc/warnings.html#bulk-ess - 
WARN [2020-12-08 21:14:57] Duplin: Tail Effective Samples Size (ESS) is too low, indicating posterior variances and tail quantiles may be unreliable.
Running the chains for more iterations may help. See
http://mc-stan.org/misc/warnings.html#tail-ess - 
WARN [2020-12-08 21:18:07] Greene: There were 50 transitions after warmup that exceeded the maximum treedepth. Increase max_treedepth above 13. See
http://mc-stan.org/misc/warnings.html#maximum-treedepth-exceeded - 
WARN [2020-12-08 21:18:07] Greene: Examine the pairs() plot to diagnose sampling problems
 - 
WARN [2020-12-08 21:18:07] Greene: The largest R-hat is 1.9, indicating chains have not mixed.
Running the chains for more iterations may help. See
http://mc-stan.org/misc/warnings.html#r-hat - 
WARN [2020-12-08 21:18:08] Greene: Bulk Effective Samples Size (ESS) is too low, indicating posterior means and medians may be unreliable.
Running the chains for more iterations may help. See
http://mc-stan.org/misc/warnings.html#bulk-ess - 
WARN [2020-12-08 21:18:09] Greene: Tail Effective Samples Size (ESS) is too low, indicating posterior variances and tail quantiles may be unreliable.
Running the chains for more iterations may help. See
http://mc-stan.org/misc/warnings.html#tail-ess - 
WARN [2020-12-08 21:19:59] Lee: There were 50 transitions after warmup that exceeded the maximum treedepth. Increase max_treedepth above 13. See
http://mc-stan.org/misc/warnings.html#maximum-treedepth-exceeded - 
WARN [2020-12-08 21:19:59] Lee: Examine the pairs() plot to diagnose sampling problems
 - 
WARN [2020-12-08 21:20:00] Lee: The largest R-hat is 1.96, indicating chains have not mixed.
Running the chains for more iterations may help. See
http://mc-stan.org/misc/warnings.html#r-hat - 
WARN [2020-12-08 21:20:00] Lee: Bulk Effective Samples Size (ESS) is too low, indicating posterior means and medians may be unreliable.
Running the chains for more iterations may help. See
http://mc-stan.org/misc/warnings.html#bulk-ess - 
WARN [2020-12-08 21:20:03] Lee: Tail Effective Samples Size (ESS) is too low, indicating posterior variances and tail quantiles may be unreliable.
Running the chains for more iterations may help. See
http://mc-stan.org/misc/warnings.html#tail-ess - 
WARN [2020-12-08 21:25:07] Bertie (chain: 1): There were 34 divergent transitions after warmup. See
http://mc-stan.org/misc/warnings.html#divergent-transitions-after-warmup
to find out why this is a problem and how to eliminate them. - 
WARN [2020-12-08 21:25:07] Bertie (chain: 1): Examine the pairs() plot to diagnose sampling problems
 - 
INFO [2020-12-08 21:25:50] Completed estimates for: Bertie
INFO [2020-12-08 21:25:55] Initialising estimates for: Lenoir
WARN [2020-12-08 21:30:12] Greene (chain: 1): There were 36 divergent transitions after warmup. See
http://mc-stan.org/misc/warnings.html#divergent-transitions-after-warmup
to find out why this is a problem and how to eliminate them. - 
WARN [2020-12-08 21:30:12] Greene (chain: 1): Examine the pairs() plot to diagnose sampling problems
 - 
INFO [2020-12-08 21:30:40] Completed estimates for: Greene
INFO [2020-12-08 21:30:46] Initialising estimates for: Moore
WARN [2020-12-08 21:31:03] Lenoir: There were 50 transitions after warmup that exceeded the maximum treedepth. Increase max_treedepth above 13. See
http://mc-stan.org/misc/warnings.html#maximum-treedepth-exceeded - 
WARN [2020-12-08 21:31:03] Lenoir: Examine the pairs() plot to diagnose sampling problems
 - 
WARN [2020-12-08 21:31:03] Lenoir: The largest R-hat is 2.04, indicating chains have not mixed.
Running the chains for more iterations may help. See
http://mc-stan.org/misc/warnings.html#r-hat - 
WARN [2020-12-08 21:31:03] Lenoir: Bulk Effective Samples Size (ESS) is too low, indicating posterior means and medians may be unreliable.
Running the chains for more iterations may help. See
http://mc-stan.org/misc/warnings.html#bulk-ess - 
WARN [2020-12-08 21:31:05] Lenoir: Tail Effective Samples Size (ESS) is too low, indicating posterior variances and tail quantiles may be unreliable.
Running the chains for more iterations may help. See
http://mc-stan.org/misc/warnings.html#tail-ess - 
WARN [2020-12-08 21:32:39] Duplin (chain: 1): There were 8 divergent transitions after warmup. See
http://mc-stan.org/misc/warnings.html#divergent-transitions-after-warmup
to find out why this is a problem and how to eliminate them. - 
WARN [2020-12-08 21:32:39] Duplin (chain: 1): Examine the pairs() plot to diagnose sampling problems
 - 
WARN [2020-12-08 21:32:58] Lee (chain: 1): There were 37 divergent transitions after warmup. See
http://mc-stan.org/misc/warnings.html#divergent-transitions-after-warmup
to find out why this is a problem and how to eliminate them. - 
WARN [2020-12-08 21:32:58] Lee (chain: 1): Examine the pairs() plot to diagnose sampling problems
 - 
INFO [2020-12-08 21:33:09] Completed estimates for: Duplin
INFO [2020-12-08 21:33:13] Initialising estimates for: Person
INFO [2020-12-08 21:33:31] Completed estimates for: Lee
INFO [2020-12-08 21:33:36] Initialising estimates for: Transylvania
WARN [2020-12-08 21:34:48] Moore: There were 50 transitions after warmup that exceeded the maximum treedepth. Increase max_treedepth above 13. See
http://mc-stan.org/misc/warnings.html#maximum-treedepth-exceeded - 
WARN [2020-12-08 21:34:48] Moore: Examine the pairs() plot to diagnose sampling problems
 - 
WARN [2020-12-08 21:34:48] Moore: The largest R-hat is 2.11, indicating chains have not mixed.
Running the chains for more iterations may help. See
http://mc-stan.org/misc/warnings.html#r-hat - 
WARN [2020-12-08 21:34:50] Moore: Bulk Effective Samples Size (ESS) is too low, indicating posterior means and medians may be unreliable.
Running the chains for more iterations may help. See
http://mc-stan.org/misc/warnings.html#bulk-ess - 
WARN [2020-12-08 21:34:50] Moore: Tail Effective Samples Size (ESS) is too low, indicating posterior variances and tail quantiles may be unreliable.
Running the chains for more iterations may help. See
http://mc-stan.org/misc/warnings.html#tail-ess - 
WARN [2020-12-08 21:37:57] Person: There were 50 transitions after warmup that exceeded the maximum treedepth. Increase max_treedepth above 13. See
http://mc-stan.org/misc/warnings.html#maximum-treedepth-exceeded - 
WARN [2020-12-08 21:37:57] Person: Examine the pairs() plot to diagnose sampling problems
 - 
WARN [2020-12-08 21:37:58] Person: The largest R-hat is 2.03, indicating chains have not mixed.
Running the chains for more iterations may help. See
http://mc-stan.org/misc/warnings.html#r-hat - 
WARN [2020-12-08 21:37:59] Person: Bulk Effective Samples Size (ESS) is too low, indicating posterior means and medians may be unreliable.
Running the chains for more iterations may help. See
http://mc-stan.org/misc/warnings.html#bulk-ess - 
WARN [2020-12-08 21:38:01] Person: Tail Effective Samples Size (ESS) is too low, indicating posterior variances and tail quantiles may be unreliable.
Running the chains for more iterations may help. See
http://mc-stan.org/misc/warnings.html#tail-ess - 
WARN [2020-12-08 21:38:01] Transylvania: There were 50 transitions after warmup that exceeded the maximum treedepth. Increase max_treedepth above 13. See
http://mc-stan.org/misc/warnings.html#maximum-treedepth-exceeded - 
WARN [2020-12-08 21:38:01] Transylvania: Examine the pairs() plot to diagnose sampling problems
 - 
WARN [2020-12-08 21:38:02] Transylvania: The largest R-hat is 1.79, indicating chains have not mixed.
Running the chains for more iterations may help. See
http://mc-stan.org/misc/warnings.html#r-hat - 
WARN [2020-12-08 21:38:02] Transylvania: Bulk Effective Samples Size (ESS) is too low, indicating posterior means and medians may be unreliable.
Running the chains for more iterations may help. See
http://mc-stan.org/misc/warnings.html#bulk-ess - 
WARN [2020-12-08 21:38:05] Transylvania: Tail Effective Samples Size (ESS) is too low, indicating posterior variances and tail quantiles may be unreliable.
Running the chains for more iterations may help. See
http://mc-stan.org/misc/warnings.html#tail-ess - 
WARN [2020-12-08 21:46:51] Transylvania (chain: 1): There were 16 divergent transitions after warmup. See
http://mc-stan.org/misc/warnings.html#divergent-transitions-after-warmup
to find out why this is a problem and how to eliminate them. - 
WARN [2020-12-08 21:46:51] Transylvania (chain: 1): Examine the pairs() plot to diagnose sampling problems
 - 
INFO [2020-12-08 21:47:30] Completed estimates for: Transylvania
INFO [2020-12-08 21:47:39] Initialising estimates for: Alexander
WARN [2020-12-08 21:47:49] Lenoir (chain: 1): There were 18 divergent transitions after warmup. See
http://mc-stan.org/misc/warnings.html#divergent-transitions-after-warmup
to find out why this is a problem and how to eliminate them. - 
WARN [2020-12-08 21:47:49] Lenoir (chain: 1): Examine the pairs() plot to diagnose sampling problems
 - 
INFO [2020-12-08 21:48:26] Completed estimates for: Lenoir
INFO [2020-12-08 21:48:31] Initialising estimates for: Anson
WARN [2020-12-08 21:50:58] Moore (chain: 1): There were 24 divergent transitions after warmup. See
http://mc-stan.org/misc/warnings.html#divergent-transitions-after-warmup
to find out why this is a problem and how to eliminate them. - 
WARN [2020-12-08 21:50:58] Moore (chain: 1): Examine the pairs() plot to diagnose sampling problems
 - 
INFO [2020-12-08 21:51:26] Completed estimates for: Moore
INFO [2020-12-08 21:51:31] Initialising estimates for: Burke
WARN [2020-12-08 21:51:52] Alexander: There were 50 transitions after warmup that exceeded the maximum treedepth. Increase max_treedepth above 13. See
http://mc-stan.org/misc/warnings.html#maximum-treedepth-exceeded - 
WARN [2020-12-08 21:51:52] Alexander: Examine the pairs() plot to diagnose sampling problems
 - 
WARN [2020-12-08 21:51:53] Alexander: The largest R-hat is 1.6, indicating chains have not mixed.
Running the chains for more iterations may help. See
http://mc-stan.org/misc/warnings.html#r-hat - 
WARN [2020-12-08 21:51:53] Alexander: Bulk Effective Samples Size (ESS) is too low, indicating posterior means and medians may be unreliable.
Running the chains for more iterations may help. See
http://mc-stan.org/misc/warnings.html#bulk-ess - 
WARN [2020-12-08 21:51:55] Alexander: Tail Effective Samples Size (ESS) is too low, indicating posterior variances and tail quantiles may be unreliable.
Running the chains for more iterations may help. See
http://mc-stan.org/misc/warnings.html#tail-ess - 
WARN [2020-12-08 21:52:18] Anson: There were 50 transitions after warmup that exceeded the maximum treedepth. Increase max_treedepth above 13. See
http://mc-stan.org/misc/warnings.html#maximum-treedepth-exceeded - 
WARN [2020-12-08 21:52:18] Anson: Examine the pairs() plot to diagnose sampling problems
 - 
WARN [2020-12-08 21:52:18] Anson: The largest R-hat is 2.11, indicating chains have not mixed.
Running the chains for more iterations may help. See
http://mc-stan.org/misc/warnings.html#r-hat - 
WARN [2020-12-08 21:52:20] Anson: Bulk Effective Samples Size (ESS) is too low, indicating posterior means and medians may be unreliable.
Running the chains for more iterations may help. See
http://mc-stan.org/misc/warnings.html#bulk-ess - 
WARN [2020-12-08 21:52:21] Anson: Tail Effective Samples Size (ESS) is too low, indicating posterior variances and tail quantiles may be unreliable.
Running the chains for more iterations may help. See
http://mc-stan.org/misc/warnings.html#tail-ess - 
WARN [2020-12-08 21:53:09] Person (chain: 1): There were 16 divergent transitions after warmup. See
http://mc-stan.org/misc/warnings.html#divergent-transitions-after-warmup
to find out why this is a problem and how to eliminate them. - 
WARN [2020-12-08 21:53:09] Person (chain: 1): Examine the pairs() plot to diagnose sampling problems
 - 
INFO [2020-12-08 21:53:51] Completed estimates for: Person
INFO [2020-12-08 21:53:56] Initialising estimates for: Carteret
WARN [2020-12-08 21:56:16] Burke: There were 39 transitions after warmup that exceeded the maximum treedepth. Increase max_treedepth above 13. See
http://mc-stan.org/misc/warnings.html#maximum-treedepth-exceeded - 
WARN [2020-12-08 21:56:16] Burke: Examine the pairs() plot to diagnose sampling problems
 - 
WARN [2020-12-08 21:56:18] Burke: The largest R-hat is 1.98, indicating chains have not mixed.
Running the chains for more iterations may help. See
http://mc-stan.org/misc/warnings.html#r-hat - 
WARN [2020-12-08 21:56:19] Burke: Bulk Effective Samples Size (ESS) is too low, indicating posterior means and medians may be unreliable.
Running the chains for more iterations may help. See
http://mc-stan.org/misc/warnings.html#bulk-ess - 
WARN [2020-12-08 21:56:19] Burke: Tail Effective Samples Size (ESS) is too low, indicating posterior variances and tail quantiles may be unreliable.
Running the chains for more iterations may help. See
http://mc-stan.org/misc/warnings.html#tail-ess - 
WARN [2020-12-08 21:59:17] Carteret: There were 50 transitions after warmup that exceeded the maximum treedepth. Increase max_treedepth above 13. See
http://mc-stan.org/misc/warnings.html#maximum-treedepth-exceeded - 
WARN [2020-12-08 21:59:17] Carteret: Examine the pairs() plot to diagnose sampling problems
 - 
WARN [2020-12-08 21:59:17] Carteret: The largest R-hat is 1.79, indicating chains have not mixed.
Running the chains for more iterations may help. See
http://mc-stan.org/misc/warnings.html#r-hat - 
WARN [2020-12-08 21:59:18] Carteret: Bulk Effective Samples Size (ESS) is too low, indicating posterior means and medians may be unreliable.
Running the chains for more iterations may help. See
http://mc-stan.org/misc/warnings.html#bulk-ess - 
WARN [2020-12-08 21:59:19] Carteret: Tail Effective Samples Size (ESS) is too low, indicating posterior variances and tail quantiles may be unreliable.
Running the chains for more iterations may help. See
http://mc-stan.org/misc/warnings.html#tail-ess - 
WARN [2020-12-08 22:03:12] Anson (chain: 1): There were 15 divergent transitions after warmup. See
http://mc-stan.org/misc/warnings.html#divergent-transitions-after-warmup
to find out why this is a problem and how to eliminate them. - 
WARN [2020-12-08 22:03:12] Anson (chain: 1): Examine the pairs() plot to diagnose sampling problems
 - 
INFO [2020-12-08 22:03:56] Completed estimates for: Anson
INFO [2020-12-08 22:04:03] Initialising estimates for: Davie
WARN [2020-12-08 22:07:08] Burke (chain: 1): There were 17 divergent transitions after warmup. See
http://mc-stan.org/misc/warnings.html#divergent-transitions-after-warmup
to find out why this is a problem and how to eliminate them. - 
WARN [2020-12-08 22:07:08] Burke (chain: 1): Examine the pairs() plot to diagnose sampling problems
 - 
INFO [2020-12-08 22:07:50] Completed estimates for: Burke
INFO [2020-12-08 22:07:54] Initialising estimates for: Granville
WARN [2020-12-08 22:08:57] Davie: There were 50 transitions after warmup that exceeded the maximum treedepth. Increase max_treedepth above 13. See
http://mc-stan.org/misc/warnings.html#maximum-treedepth-exceeded - 
WARN [2020-12-08 22:08:57] Davie: Examine the pairs() plot to diagnose sampling problems
 - 
WARN [2020-12-08 22:08:58] Davie: The largest R-hat is 1.78, indicating chains have not mixed.
Running the chains for more iterations may help. See
http://mc-stan.org/misc/warnings.html#r-hat - 
WARN [2020-12-08 22:08:58] Davie: Bulk Effective Samples Size (ESS) is too low, indicating posterior means and medians may be unreliable.
Running the chains for more iterations may help. See
http://mc-stan.org/misc/warnings.html#bulk-ess - 
WARN [2020-12-08 22:08:59] Davie: Tail Effective Samples Size (ESS) is too low, indicating posterior variances and tail quantiles may be unreliable.
Running the chains for more iterations may help. See
http://mc-stan.org/misc/warnings.html#tail-ess - 
WARN [2020-12-08 22:10:31] Alexander (chain: 1): There were 12 divergent transitions after warmup. See
http://mc-stan.org/misc/warnings.html#divergent-transitions-after-warmup
to find out why this is a problem and how to eliminate them. - 
WARN [2020-12-08 22:10:31] Alexander (chain: 1): Examine the pairs() plot to diagnose sampling problems
 - 
INFO [2020-12-08 22:11:14] Completed estimates for: Alexander
INFO [2020-12-08 22:11:19] Initialising estimates for: Haywood
WARN [2020-12-08 22:12:57] Granville: There were 50 transitions after warmup that exceeded the maximum treedepth. Increase max_treedepth above 13. See
http://mc-stan.org/misc/warnings.html#maximum-treedepth-exceeded - 
WARN [2020-12-08 22:12:57] Granville: Examine the pairs() plot to diagnose sampling problems
 - 
WARN [2020-12-08 22:12:57] Granville: The largest R-hat is 2.11, indicating chains have not mixed.
Running the chains for more iterations may help. See
http://mc-stan.org/misc/warnings.html#r-hat - 
WARN [2020-12-08 22:12:58] Granville: Bulk Effective Samples Size (ESS) is too low, indicating posterior means and medians may be unreliable.
Running the chains for more iterations may help. See
http://mc-stan.org/misc/warnings.html#bulk-ess - 
WARN [2020-12-08 22:12:59] Granville: Tail Effective Samples Size (ESS) is too low, indicating posterior variances and tail quantiles may be unreliable.
Running the chains for more iterations may help. See
http://mc-stan.org/misc/warnings.html#tail-ess - 
WARN [2020-12-08 22:13:54] Carteret (chain: 1): There were 9 divergent transitions after warmup. See
http://mc-stan.org/misc/warnings.html#divergent-transitions-after-warmup
to find out why this is a problem and how to eliminate them. - 
WARN [2020-12-08 22:13:54] Carteret (chain: 1): Examine the pairs() plot to diagnose sampling problems
 - 
INFO [2020-12-08 22:14:38] Completed estimates for: Carteret
INFO [2020-12-08 22:14:44] Initialising estimates for: Hyde
WARN [2020-12-08 22:16:41] Haywood: There were 50 transitions after warmup that exceeded the maximum treedepth. Increase max_treedepth above 13. See
http://mc-stan.org/misc/warnings.html#maximum-treedepth-exceeded - 
WARN [2020-12-08 22:16:41] Haywood: Examine the pairs() plot to diagnose sampling problems
 - 
WARN [2020-12-08 22:16:41] Haywood: The largest R-hat is 1.66, indicating chains have not mixed.
Running the chains for more iterations may help. See
http://mc-stan.org/misc/warnings.html#r-hat - 
WARN [2020-12-08 22:16:41] Haywood: Bulk Effective Samples Size (ESS) is too low, indicating posterior means and medians may be unreliable.
Running the chains for more iterations may help. See
http://mc-stan.org/misc/warnings.html#bulk-ess - 
WARN [2020-12-08 22:16:42] Haywood: Tail Effective Samples Size (ESS) is too low, indicating posterior variances and tail quantiles may be unreliable.
Running the chains for more iterations may help. See
http://mc-stan.org/misc/warnings.html#tail-ess - 
WARN [2020-12-08 22:20:37] Hyde: There were 50 transitions after warmup that exceeded the maximum treedepth. Increase max_treedepth above 13. See
http://mc-stan.org/misc/warnings.html#maximum-treedepth-exceeded - 
WARN [2020-12-08 22:20:37] Hyde: Examine the pairs() plot to diagnose sampling problems
 - 
WARN [2020-12-08 22:20:38] Hyde: The largest R-hat is 1.55, indicating chains have not mixed.
Running the chains for more iterations may help. See
http://mc-stan.org/misc/warnings.html#r-hat - 
WARN [2020-12-08 22:20:38] Hyde: Bulk Effective Samples Size (ESS) is too low, indicating posterior means and medians may be unreliable.
Running the chains for more iterations may help. See
http://mc-stan.org/misc/warnings.html#bulk-ess - 
WARN [2020-12-08 22:20:40] Hyde: Tail Effective Samples Size (ESS) is too low, indicating posterior variances and tail quantiles may be unreliable.
Running the chains for more iterations may help. See
http://mc-stan.org/misc/warnings.html#tail-ess - 
WARN [2020-12-08 22:21:50] Granville (chain: 1): There were 23 divergent transitions after warmup. See
http://mc-stan.org/misc/warnings.html#divergent-transitions-after-warmup
to find out why this is a problem and how to eliminate them. - 
WARN [2020-12-08 22:21:50] Granville (chain: 1): Examine the pairs() plot to diagnose sampling problems
 - 
INFO [2020-12-08 22:22:32] Completed estimates for: Granville
INFO [2020-12-09 07:52:00] Initialising estimates for: Alamance
WARN [2020-12-09 08:00:10] Alamance (chain: 1): There were 108 divergent transitions after warmup. See
http://mc-stan.org/misc/warnings.html#divergent-transitions-after-warmup
to find out why this is a problem and how to eliminate them. - 
WARN [2020-12-09 08:00:10] Alamance (chain: 1): Examine the pairs() plot to diagnose sampling problems
 - 
