INFO [2020-12-13 18:05:10] Initialising estimates for: New Hanover
INFO [2020-12-13 18:05:11] Initialising estimates for: Durham
INFO [2020-12-13 18:05:12] Initialising estimates for: Buncombe
INFO [2020-12-13 18:05:13] Initialising estimates for: Gaston
WARN [2020-12-13 18:14:30] Buncombe (chain: 1): There were 35 divergent transitions after warmup. See
http://mc-stan.org/misc/warnings.html#divergent-transitions-after-warmup
to find out why this is a problem and how to eliminate them. - 
WARN [2020-12-13 18:14:30] Buncombe (chain: 1): Examine the pairs() plot to diagnose sampling problems
 - 
WARN [2020-12-13 18:14:50] Durham (chain: 1): There were 67 divergent transitions after warmup. See
http://mc-stan.org/misc/warnings.html#divergent-transitions-after-warmup
to find out why this is a problem and how to eliminate them. - 
WARN [2020-12-13 18:14:50] Durham (chain: 1): Examine the pairs() plot to diagnose sampling problems
 - 
INFO [2020-12-13 18:15:09] Completed estimates for: Buncombe
INFO [2020-12-13 18:15:16] Initialising estimates for: Union
INFO [2020-12-13 18:15:32] Completed estimates for: Durham
WARN [2020-12-13 18:15:37] Gaston (chain: 1): There were 51 divergent transitions after warmup. See
http://mc-stan.org/misc/warnings.html#divergent-transitions-after-warmup
to find out why this is a problem and how to eliminate them. - 
WARN [2020-12-13 18:15:37] Gaston (chain: 1): Examine the pairs() plot to diagnose sampling problems
 - 
INFO [2020-12-13 18:15:37] Initialising estimates for: Forsyth
INFO [2020-12-13 18:16:20] Completed estimates for: Gaston
INFO [2020-12-13 18:16:27] Initialising estimates for: Cumberland
WARN [2020-12-13 18:23:03] Cumberland (chain: 1): There were 109 divergent transitions after warmup. See
http://mc-stan.org/misc/warnings.html#divergent-transitions-after-warmup
to find out why this is a problem and how to eliminate them. - 
WARN [2020-12-13 18:23:03] Cumberland (chain: 1): Examine the pairs() plot to diagnose sampling problems
 - 
WARN [2020-12-13 18:23:12] Cumberland (chain: 1): Tail Effective Samples Size (ESS) is too low, indicating posterior variances and tail quantiles may be unreliable.
Running the chains for more iterations may help. See
http://mc-stan.org/misc/warnings.html#tail-ess - 
INFO [2020-12-13 18:23:36] Completed estimates for: Cumberland
INFO [2020-12-13 18:23:41] Initialising estimates for: Guilford
WARN [2020-12-13 18:23:42] Union (chain: 1): There were 53 divergent transitions after warmup. See
http://mc-stan.org/misc/warnings.html#divergent-transitions-after-warmup
to find out why this is a problem and how to eliminate them. - 
WARN [2020-12-13 18:23:42] Union (chain: 1): Examine the pairs() plot to diagnose sampling problems
 - 
INFO [2020-12-13 18:24:25] Completed estimates for: Union
INFO [2020-12-13 18:24:31] Initialising estimates for: Mecklenburg
WARN [2020-12-13 18:25:19] Forsyth (chain: 1): There were 62 divergent transitions after warmup. See
http://mc-stan.org/misc/warnings.html#divergent-transitions-after-warmup
to find out why this is a problem and how to eliminate them. - 
WARN [2020-12-13 18:25:19] Forsyth (chain: 1): Examine the pairs() plot to diagnose sampling problems
 - 
WARN [2020-12-13 18:25:31] Forsyth (chain: 1): Tail Effective Samples Size (ESS) is too low, indicating posterior variances and tail quantiles may be unreliable.
Running the chains for more iterations may help. See
http://mc-stan.org/misc/warnings.html#tail-ess - 
INFO [2020-12-13 18:26:03] Completed estimates for: Forsyth
INFO [2020-12-13 18:26:09] Initialising estimates for: Wake
WARN [2020-12-13 18:26:55] New Hanover (chain: 1): There were 235 divergent transitions after warmup. See
http://mc-stan.org/misc/warnings.html#divergent-transitions-after-warmup
to find out why this is a problem and how to eliminate them. - 
WARN [2020-12-13 18:26:55] New Hanover (chain: 1): Examine the pairs() plot to diagnose sampling problems
 - 
WARN [2020-12-13 18:27:04] New Hanover (chain: 1): Bulk Effective Samples Size (ESS) is too low, indicating posterior means and medians may be unreliable.
Running the chains for more iterations may help. See
http://mc-stan.org/misc/warnings.html#bulk-ess - 
WARN [2020-12-13 18:27:09] New Hanover (chain: 1): Tail Effective Samples Size (ESS) is too low, indicating posterior variances and tail quantiles may be unreliable.
Running the chains for more iterations may help. See
http://mc-stan.org/misc/warnings.html#tail-ess - 
INFO [2020-12-13 18:27:43] Completed estimates for: New Hanover
INFO [2020-12-13 18:27:51] Initialising estimates for: Cone Health
WARN [2020-12-13 18:30:39] Guilford (chain: 1): There were 22 divergent transitions after warmup. See
http://mc-stan.org/misc/warnings.html#divergent-transitions-after-warmup
to find out why this is a problem and how to eliminate them. - 
WARN [2020-12-13 18:30:39] Guilford (chain: 1): Examine the pairs() plot to diagnose sampling problems
 - 
INFO [2020-12-13 18:31:22] Completed estimates for: Guilford
INFO [2020-12-13 18:31:29] Initialising estimates for: North Carolina
WARN [2020-12-13 18:35:44] Wake (chain: 1): There were 54 divergent transitions after warmup. See
http://mc-stan.org/misc/warnings.html#divergent-transitions-after-warmup
to find out why this is a problem and how to eliminate them. - 
WARN [2020-12-13 18:35:44] Wake (chain: 1): Examine the pairs() plot to diagnose sampling problems
 - 
INFO [2020-12-13 18:36:30] Completed estimates for: Wake
WARN [2020-12-13 18:40:30] Mecklenburg (chain: 1): There were 5 divergent transitions after warmup. See
http://mc-stan.org/misc/warnings.html#divergent-transitions-after-warmup
to find out why this is a problem and how to eliminate them. - 
WARN [2020-12-13 18:40:30] Mecklenburg (chain: 1): Examine the pairs() plot to diagnose sampling problems
 - 
INFO [2020-12-13 18:41:11] Completed estimates for: Mecklenburg
WARN [2020-12-13 18:48:48] Cone Health (chain: 1): There were 29 divergent transitions after warmup. See
http://mc-stan.org/misc/warnings.html#divergent-transitions-after-warmup
to find out why this is a problem and how to eliminate them. - 
WARN [2020-12-13 18:48:48] Cone Health (chain: 1): Examine the pairs() plot to diagnose sampling problems
 - 
INFO [2020-12-13 18:49:17] Completed estimates for: Cone Health
WARN [2020-12-13 19:08:07] North Carolina (chain: 1): There were 119 divergent transitions after warmup. See
http://mc-stan.org/misc/warnings.html#divergent-transitions-after-warmup
to find out why this is a problem and how to eliminate them. - 
WARN [2020-12-13 19:08:07] North Carolina (chain: 1): Examine the pairs() plot to diagnose sampling problems
 - 
WARN [2020-12-13 19:08:12] North Carolina (chain: 1): Bulk Effective Samples Size (ESS) is too low, indicating posterior means and medians may be unreliable.
Running the chains for more iterations may help. See
http://mc-stan.org/misc/warnings.html#bulk-ess - 
INFO [2020-12-13 19:08:34] Completed estimates for: North Carolina
INFO [2020-12-13 19:09:14] Initialising estimates for: Avery
INFO [2020-12-13 19:09:14] Initialising estimates for: Camden
INFO [2020-12-13 19:09:15] Initialising estimates for: Gates
INFO [2020-12-13 19:09:17] Initialising estimates for: Martin
WARN [2020-12-13 19:12:26] Martin: There were 2 divergent transitions after warmup. See
http://mc-stan.org/misc/warnings.html#divergent-transitions-after-warmup
to find out why this is a problem and how to eliminate them. - 
WARN [2020-12-13 19:12:26] Martin: There were 48 transitions after warmup that exceeded the maximum treedepth. Increase max_treedepth above 13. See
http://mc-stan.org/misc/warnings.html#maximum-treedepth-exceeded - 
WARN [2020-12-13 19:12:26] Martin: Examine the pairs() plot to diagnose sampling problems
 - 
WARN [2020-12-13 19:12:27] Martin: The largest R-hat is 1.54, indicating chains have not mixed.
Running the chains for more iterations may help. See
http://mc-stan.org/misc/warnings.html#r-hat - 
WARN [2020-12-13 19:12:27] Martin: Bulk Effective Samples Size (ESS) is too low, indicating posterior means and medians may be unreliable.
Running the chains for more iterations may help. See
http://mc-stan.org/misc/warnings.html#bulk-ess - 
WARN [2020-12-13 19:12:27] Martin: Tail Effective Samples Size (ESS) is too low, indicating posterior variances and tail quantiles may be unreliable.
Running the chains for more iterations may help. See
http://mc-stan.org/misc/warnings.html#tail-ess - 
WARN [2020-12-13 19:12:59] Avery: There were 1 divergent transitions after warmup. See
http://mc-stan.org/misc/warnings.html#divergent-transitions-after-warmup
to find out why this is a problem and how to eliminate them. - 
WARN [2020-12-13 19:12:59] Avery: There were 49 transitions after warmup that exceeded the maximum treedepth. Increase max_treedepth above 13. See
http://mc-stan.org/misc/warnings.html#maximum-treedepth-exceeded - 
WARN [2020-12-13 19:12:59] Avery: Examine the pairs() plot to diagnose sampling problems
 - 
WARN [2020-12-13 19:12:59] Avery: The largest R-hat is 1.49, indicating chains have not mixed.
Running the chains for more iterations may help. See
http://mc-stan.org/misc/warnings.html#r-hat - 
WARN [2020-12-13 19:12:59] Avery: Bulk Effective Samples Size (ESS) is too low, indicating posterior means and medians may be unreliable.
Running the chains for more iterations may help. See
http://mc-stan.org/misc/warnings.html#bulk-ess - 
WARN [2020-12-13 19:13:00] Avery: Tail Effective Samples Size (ESS) is too low, indicating posterior variances and tail quantiles may be unreliable.
Running the chains for more iterations may help. See
http://mc-stan.org/misc/warnings.html#tail-ess - 
WARN [2020-12-13 19:13:12] Gates: There were 50 transitions after warmup that exceeded the maximum treedepth. Increase max_treedepth above 13. See
http://mc-stan.org/misc/warnings.html#maximum-treedepth-exceeded - 
WARN [2020-12-13 19:13:12] Gates: Examine the pairs() plot to diagnose sampling problems
 - 
WARN [2020-12-13 19:13:12] Gates: The largest R-hat is 1.43, indicating chains have not mixed.
Running the chains for more iterations may help. See
http://mc-stan.org/misc/warnings.html#r-hat - 
WARN [2020-12-13 19:13:13] Gates: Bulk Effective Samples Size (ESS) is too low, indicating posterior means and medians may be unreliable.
Running the chains for more iterations may help. See
http://mc-stan.org/misc/warnings.html#bulk-ess - 
WARN [2020-12-13 19:13:14] Gates: Tail Effective Samples Size (ESS) is too low, indicating posterior variances and tail quantiles may be unreliable.
Running the chains for more iterations may help. See
http://mc-stan.org/misc/warnings.html#tail-ess - 
WARN [2020-12-13 19:13:40] Camden: There were 50 transitions after warmup that exceeded the maximum treedepth. Increase max_treedepth above 13. See
http://mc-stan.org/misc/warnings.html#maximum-treedepth-exceeded - 
WARN [2020-12-13 19:13:40] Camden: Examine the pairs() plot to diagnose sampling problems
 - 
WARN [2020-12-13 19:13:41] Camden: The largest R-hat is 1.51, indicating chains have not mixed.
Running the chains for more iterations may help. See
http://mc-stan.org/misc/warnings.html#r-hat - 
WARN [2020-12-13 19:13:41] Camden: Bulk Effective Samples Size (ESS) is too low, indicating posterior means and medians may be unreliable.
Running the chains for more iterations may help. See
http://mc-stan.org/misc/warnings.html#bulk-ess - 
WARN [2020-12-13 19:13:42] Camden: Tail Effective Samples Size (ESS) is too low, indicating posterior variances and tail quantiles may be unreliable.
Running the chains for more iterations may help. See
http://mc-stan.org/misc/warnings.html#tail-ess - 
WARN [2020-12-13 19:16:43] Avery (chain: 1): There were 426 divergent transitions after warmup. See
http://mc-stan.org/misc/warnings.html#divergent-transitions-after-warmup
to find out why this is a problem and how to eliminate them. - 
WARN [2020-12-13 19:16:43] Avery (chain: 1): Examine the pairs() plot to diagnose sampling problems
 - 
WARN [2020-12-13 19:16:49] Avery (chain: 1): The largest R-hat is 1.14, indicating chains have not mixed.
Running the chains for more iterations may help. See
http://mc-stan.org/misc/warnings.html#r-hat - 
WARN [2020-12-13 19:16:54] Avery (chain: 1): Bulk Effective Samples Size (ESS) is too low, indicating posterior means and medians may be unreliable.
Running the chains for more iterations may help. See
http://mc-stan.org/misc/warnings.html#bulk-ess - 
WARN [2020-12-13 19:16:59] Avery (chain: 1): Tail Effective Samples Size (ESS) is too low, indicating posterior variances and tail quantiles may be unreliable.
Running the chains for more iterations may help. See
http://mc-stan.org/misc/warnings.html#tail-ess - 
INFO [2020-12-13 19:17:26] Completed estimates for: Avery
INFO [2020-12-13 19:17:32] Initialising estimates for: McDowell
WARN [2020-12-13 19:18:29] Camden (chain: 1): There were 42 divergent transitions after warmup. See
http://mc-stan.org/misc/warnings.html#divergent-transitions-after-warmup
to find out why this is a problem and how to eliminate them. - 
WARN [2020-12-13 19:18:29] Camden (chain: 1): Examine the pairs() plot to diagnose sampling problems
 - 
WARN [2020-12-13 19:18:52] Martin (chain: 1): There were 54 divergent transitions after warmup. See
http://mc-stan.org/misc/warnings.html#divergent-transitions-after-warmup
to find out why this is a problem and how to eliminate them. - 
WARN [2020-12-13 19:18:52] Martin (chain: 1): Examine the pairs() plot to diagnose sampling problems
 - 
WARN [2020-12-13 19:18:53] Gates (chain: 1): There were 62 divergent transitions after warmup. See
http://mc-stan.org/misc/warnings.html#divergent-transitions-after-warmup
to find out why this is a problem and how to eliminate them. - 
WARN [2020-12-13 19:18:53] Gates (chain: 1): Examine the pairs() plot to diagnose sampling problems
 - 
INFO [2020-12-13 19:18:58] Completed estimates for: Camden
INFO [2020-12-13 19:19:04] Initialising estimates for: Perquimans
INFO [2020-12-13 19:19:21] Completed estimates for: Martin
INFO [2020-12-13 19:19:22] Completed estimates for: Gates
INFO [2020-12-13 19:19:26] Initialising estimates for: Stokes
INFO [2020-12-13 19:19:27] Initialising estimates for: Transylvania
WARN [2020-12-13 19:21:17] McDowell: There were 50 transitions after warmup that exceeded the maximum treedepth. Increase max_treedepth above 13. See
http://mc-stan.org/misc/warnings.html#maximum-treedepth-exceeded - 
WARN [2020-12-13 19:21:17] McDowell: Examine the pairs() plot to diagnose sampling problems
 - 
WARN [2020-12-13 19:21:18] McDowell: The largest R-hat is 1.86, indicating chains have not mixed.
Running the chains for more iterations may help. See
http://mc-stan.org/misc/warnings.html#r-hat - 
WARN [2020-12-13 19:21:18] McDowell: Bulk Effective Samples Size (ESS) is too low, indicating posterior means and medians may be unreliable.
Running the chains for more iterations may help. See
http://mc-stan.org/misc/warnings.html#bulk-ess - 
WARN [2020-12-13 19:21:19] McDowell: Tail Effective Samples Size (ESS) is too low, indicating posterior variances and tail quantiles may be unreliable.
Running the chains for more iterations may help. See
http://mc-stan.org/misc/warnings.html#tail-ess - 
WARN [2020-12-13 19:22:54] Stokes: There were 50 transitions after warmup that exceeded the maximum treedepth. Increase max_treedepth above 13. See
http://mc-stan.org/misc/warnings.html#maximum-treedepth-exceeded - 
WARN [2020-12-13 19:22:54] Stokes: Examine the pairs() plot to diagnose sampling problems
 - 
WARN [2020-12-13 19:22:54] Stokes: The largest R-hat is 2.03, indicating chains have not mixed.
Running the chains for more iterations may help. See
http://mc-stan.org/misc/warnings.html#r-hat - 
WARN [2020-12-13 19:22:55] Stokes: Bulk Effective Samples Size (ESS) is too low, indicating posterior means and medians may be unreliable.
Running the chains for more iterations may help. See
http://mc-stan.org/misc/warnings.html#bulk-ess - 
WARN [2020-12-13 19:22:56] Stokes: Tail Effective Samples Size (ESS) is too low, indicating posterior variances and tail quantiles may be unreliable.
Running the chains for more iterations may help. See
http://mc-stan.org/misc/warnings.html#tail-ess - 
WARN [2020-12-13 19:23:26] Perquimans: There were 50 transitions after warmup that exceeded the maximum treedepth. Increase max_treedepth above 13. See
http://mc-stan.org/misc/warnings.html#maximum-treedepth-exceeded - 
WARN [2020-12-13 19:23:26] Perquimans: Examine the pairs() plot to diagnose sampling problems
 - 
WARN [2020-12-13 19:23:27] Perquimans: The largest R-hat is 1.6, indicating chains have not mixed.
Running the chains for more iterations may help. See
http://mc-stan.org/misc/warnings.html#r-hat - 
WARN [2020-12-13 19:23:27] Perquimans: Bulk Effective Samples Size (ESS) is too low, indicating posterior means and medians may be unreliable.
Running the chains for more iterations may help. See
http://mc-stan.org/misc/warnings.html#bulk-ess - 
WARN [2020-12-13 19:23:28] Perquimans: Tail Effective Samples Size (ESS) is too low, indicating posterior variances and tail quantiles may be unreliable.
Running the chains for more iterations may help. See
http://mc-stan.org/misc/warnings.html#tail-ess - 
WARN [2020-12-13 19:23:50] Transylvania: There were 50 transitions after warmup that exceeded the maximum treedepth. Increase max_treedepth above 13. See
http://mc-stan.org/misc/warnings.html#maximum-treedepth-exceeded - 
WARN [2020-12-13 19:23:50] Transylvania: Examine the pairs() plot to diagnose sampling problems
 - 
WARN [2020-12-13 19:23:50] Transylvania: The largest R-hat is 2.06, indicating chains have not mixed.
Running the chains for more iterations may help. See
http://mc-stan.org/misc/warnings.html#r-hat - 
WARN [2020-12-13 19:23:51] Transylvania: Bulk Effective Samples Size (ESS) is too low, indicating posterior means and medians may be unreliable.
Running the chains for more iterations may help. See
http://mc-stan.org/misc/warnings.html#bulk-ess - 
WARN [2020-12-13 19:23:52] Transylvania: Tail Effective Samples Size (ESS) is too low, indicating posterior variances and tail quantiles may be unreliable.
Running the chains for more iterations may help. See
http://mc-stan.org/misc/warnings.html#tail-ess - 
WARN [2020-12-13 19:26:35] McDowell (chain: 1): There were 75 divergent transitions after warmup. See
http://mc-stan.org/misc/warnings.html#divergent-transitions-after-warmup
to find out why this is a problem and how to eliminate them. - 
WARN [2020-12-13 19:26:35] McDowell (chain: 1): Examine the pairs() plot to diagnose sampling problems
 - 
INFO [2020-12-13 19:27:21] Completed estimates for: McDowell
INFO [2020-12-13 19:27:28] Initialising estimates for: Washington
WARN [2020-12-13 19:27:41] Perquimans (chain: 1): There were 54 divergent transitions after warmup. See
http://mc-stan.org/misc/warnings.html#divergent-transitions-after-warmup
to find out why this is a problem and how to eliminate them. - 
WARN [2020-12-13 19:27:41] Perquimans (chain: 1): Examine the pairs() plot to diagnose sampling problems
 - 
INFO [2020-12-13 19:28:19] Completed estimates for: Perquimans
INFO [2020-12-13 19:28:26] Initialising estimates for: Ashe
WARN [2020-12-13 19:29:03] Transylvania (chain: 1): There were 75 divergent transitions after warmup. See
http://mc-stan.org/misc/warnings.html#divergent-transitions-after-warmup
to find out why this is a problem and how to eliminate them. - 
WARN [2020-12-13 19:29:03] Transylvania (chain: 1): Examine the pairs() plot to diagnose sampling problems
 - 
WARN [2020-12-13 19:29:29] Stokes (chain: 1): There were 93 divergent transitions after warmup. See
http://mc-stan.org/misc/warnings.html#divergent-transitions-after-warmup
to find out why this is a problem and how to eliminate them. - 
WARN [2020-12-13 19:29:29] Stokes (chain: 1): Examine the pairs() plot to diagnose sampling problems
 - 
INFO [2020-12-13 19:29:31] Completed estimates for: Transylvania
INFO [2020-12-13 19:29:37] Initialising estimates for: Caswell
INFO [2020-12-13 19:29:57] Completed estimates for: Stokes
INFO [2020-12-13 19:30:03] Initialising estimates for: Haywood
WARN [2020-12-13 19:31:14] Washington: There were 50 transitions after warmup that exceeded the maximum treedepth. Increase max_treedepth above 13. See
http://mc-stan.org/misc/warnings.html#maximum-treedepth-exceeded - 
WARN [2020-12-13 19:31:14] Washington: Examine the pairs() plot to diagnose sampling problems
 - 
WARN [2020-12-13 19:31:15] Washington: The largest R-hat is 1.46, indicating chains have not mixed.
Running the chains for more iterations may help. See
http://mc-stan.org/misc/warnings.html#r-hat - 
WARN [2020-12-13 19:31:15] Washington: Bulk Effective Samples Size (ESS) is too low, indicating posterior means and medians may be unreliable.
Running the chains for more iterations may help. See
http://mc-stan.org/misc/warnings.html#bulk-ess - 
WARN [2020-12-13 19:31:15] Washington: Tail Effective Samples Size (ESS) is too low, indicating posterior variances and tail quantiles may be unreliable.
Running the chains for more iterations may help. See
http://mc-stan.org/misc/warnings.html#tail-ess - 
WARN [2020-12-13 19:32:34] Ashe: There were 50 transitions after warmup that exceeded the maximum treedepth. Increase max_treedepth above 13. See
http://mc-stan.org/misc/warnings.html#maximum-treedepth-exceeded - 
WARN [2020-12-13 19:32:34] Ashe: Examine the pairs() plot to diagnose sampling problems
 - 
WARN [2020-12-13 19:32:34] Ashe: The largest R-hat is 1.53, indicating chains have not mixed.
Running the chains for more iterations may help. See
http://mc-stan.org/misc/warnings.html#r-hat - 
WARN [2020-12-13 19:32:35] Ashe: Bulk Effective Samples Size (ESS) is too low, indicating posterior means and medians may be unreliable.
Running the chains for more iterations may help. See
http://mc-stan.org/misc/warnings.html#bulk-ess - 
WARN [2020-12-13 19:32:36] Ashe: Tail Effective Samples Size (ESS) is too low, indicating posterior variances and tail quantiles may be unreliable.
Running the chains for more iterations may help. See
http://mc-stan.org/misc/warnings.html#tail-ess - 
WARN [2020-12-13 19:33:25] Caswell: There were 50 transitions after warmup that exceeded the maximum treedepth. Increase max_treedepth above 13. See
http://mc-stan.org/misc/warnings.html#maximum-treedepth-exceeded - 
WARN [2020-12-13 19:33:25] Caswell: Examine the pairs() plot to diagnose sampling problems
 - 
WARN [2020-12-13 19:33:25] Caswell: The largest R-hat is 1.93, indicating chains have not mixed.
Running the chains for more iterations may help. See
http://mc-stan.org/misc/warnings.html#r-hat - 
WARN [2020-12-13 19:33:25] Caswell: Bulk Effective Samples Size (ESS) is too low, indicating posterior means and medians may be unreliable.
Running the chains for more iterations may help. See
http://mc-stan.org/misc/warnings.html#bulk-ess - 
WARN [2020-12-13 19:33:26] Caswell: Tail Effective Samples Size (ESS) is too low, indicating posterior variances and tail quantiles may be unreliable.
Running the chains for more iterations may help. See
http://mc-stan.org/misc/warnings.html#tail-ess - 
WARN [2020-12-13 19:34:33] Haywood: There were 50 transitions after warmup that exceeded the maximum treedepth. Increase max_treedepth above 13. See
http://mc-stan.org/misc/warnings.html#maximum-treedepth-exceeded - 
WARN [2020-12-13 19:34:33] Haywood: Examine the pairs() plot to diagnose sampling problems
 - 
WARN [2020-12-13 19:34:34] Haywood: The largest R-hat is 1.78, indicating chains have not mixed.
Running the chains for more iterations may help. See
http://mc-stan.org/misc/warnings.html#r-hat - 
WARN [2020-12-13 19:34:34] Haywood: Bulk Effective Samples Size (ESS) is too low, indicating posterior means and medians may be unreliable.
Running the chains for more iterations may help. See
http://mc-stan.org/misc/warnings.html#bulk-ess - 
WARN [2020-12-13 19:34:35] Haywood: Tail Effective Samples Size (ESS) is too low, indicating posterior variances and tail quantiles may be unreliable.
Running the chains for more iterations may help. See
http://mc-stan.org/misc/warnings.html#tail-ess - 
WARN [2020-12-13 19:35:51] Washington (chain: 1): There were 38 divergent transitions after warmup. See
http://mc-stan.org/misc/warnings.html#divergent-transitions-after-warmup
to find out why this is a problem and how to eliminate them. - 
WARN [2020-12-13 19:35:51] Washington (chain: 1): Examine the pairs() plot to diagnose sampling problems
 - 
INFO [2020-12-13 19:36:36] Completed estimates for: Washington
INFO [2020-12-13 19:36:40] Initialising estimates for: Richmond
WARN [2020-12-13 19:40:09] Caswell (chain: 1): There were 58 divergent transitions after warmup. See
http://mc-stan.org/misc/warnings.html#divergent-transitions-after-warmup
to find out why this is a problem and how to eliminate them. - 
WARN [2020-12-13 19:40:09] Caswell (chain: 1): Examine the pairs() plot to diagnose sampling problems
 - 
INFO [2020-12-13 19:40:37] Completed estimates for: Caswell
INFO [2020-12-13 19:40:42] Initialising estimates for: Vance
WARN [2020-12-13 19:41:06] Richmond: There were 50 transitions after warmup that exceeded the maximum treedepth. Increase max_treedepth above 13. See
http://mc-stan.org/misc/warnings.html#maximum-treedepth-exceeded - 
WARN [2020-12-13 19:41:06] Richmond: Examine the pairs() plot to diagnose sampling problems
 - 
WARN [2020-12-13 19:41:06] Richmond: The largest R-hat is 2.11, indicating chains have not mixed.
Running the chains for more iterations may help. See
http://mc-stan.org/misc/warnings.html#r-hat - 
WARN [2020-12-13 19:41:06] Richmond: Bulk Effective Samples Size (ESS) is too low, indicating posterior means and medians may be unreliable.
Running the chains for more iterations may help. See
http://mc-stan.org/misc/warnings.html#bulk-ess - 
WARN [2020-12-13 19:41:07] Richmond: Tail Effective Samples Size (ESS) is too low, indicating posterior variances and tail quantiles may be unreliable.
Running the chains for more iterations may help. See
http://mc-stan.org/misc/warnings.html#tail-ess - 
WARN [2020-12-13 19:41:38] Haywood (chain: 1): There were 63 divergent transitions after warmup. See
http://mc-stan.org/misc/warnings.html#divergent-transitions-after-warmup
to find out why this is a problem and how to eliminate them. - 
WARN [2020-12-13 19:41:38] Haywood (chain: 1): Examine the pairs() plot to diagnose sampling problems
 - 
INFO [2020-12-13 19:42:14] Completed estimates for: Haywood
INFO [2020-12-13 19:42:20] Initialising estimates for: Alleghany
WARN [2020-12-13 19:43:43] Ashe (chain: 1): There were 148 divergent transitions after warmup. See
http://mc-stan.org/misc/warnings.html#divergent-transitions-after-warmup
to find out why this is a problem and how to eliminate them. - 
WARN [2020-12-13 19:43:43] Ashe (chain: 1): Examine the pairs() plot to diagnose sampling problems
 - 
INFO [2020-12-13 19:44:17] Completed estimates for: Ashe
INFO [2020-12-13 19:44:22] Initialising estimates for: Anson
WARN [2020-12-13 19:44:37] Vance: There were 50 transitions after warmup that exceeded the maximum treedepth. Increase max_treedepth above 13. See
http://mc-stan.org/misc/warnings.html#maximum-treedepth-exceeded - 
WARN [2020-12-13 19:44:37] Vance: Examine the pairs() plot to diagnose sampling problems
 - 
WARN [2020-12-13 19:44:38] Vance: The largest R-hat is 2.11, indicating chains have not mixed.
Running the chains for more iterations may help. See
http://mc-stan.org/misc/warnings.html#r-hat - 
WARN [2020-12-13 19:44:38] Vance: Bulk Effective Samples Size (ESS) is too low, indicating posterior means and medians may be unreliable.
Running the chains for more iterations may help. See
http://mc-stan.org/misc/warnings.html#bulk-ess - 
WARN [2020-12-13 19:44:38] Vance: Tail Effective Samples Size (ESS) is too low, indicating posterior variances and tail quantiles may be unreliable.
Running the chains for more iterations may help. See
http://mc-stan.org/misc/warnings.html#tail-ess - 
WARN [2020-12-13 19:45:42] Richmond (chain: 1): There were 185 divergent transitions after warmup. See
http://mc-stan.org/misc/warnings.html#divergent-transitions-after-warmup
to find out why this is a problem and how to eliminate them. - 
WARN [2020-12-13 19:45:42] Richmond (chain: 1): Examine the pairs() plot to diagnose sampling problems
 - 
WARN [2020-12-13 19:45:49] Richmond (chain: 1): Bulk Effective Samples Size (ESS) is too low, indicating posterior means and medians may be unreliable.
Running the chains for more iterations may help. See
http://mc-stan.org/misc/warnings.html#bulk-ess - 
WARN [2020-12-13 19:45:53] Richmond (chain: 1): Tail Effective Samples Size (ESS) is too low, indicating posterior variances and tail quantiles may be unreliable.
Running the chains for more iterations may help. See
http://mc-stan.org/misc/warnings.html#tail-ess - 
INFO [2020-12-13 19:46:11] Completed estimates for: Richmond
INFO [2020-12-13 19:46:16] Initialising estimates for: Cherokee
WARN [2020-12-13 19:46:57] Alleghany: There were 50 transitions after warmup that exceeded the maximum treedepth. Increase max_treedepth above 13. See
http://mc-stan.org/misc/warnings.html#maximum-treedepth-exceeded - 
WARN [2020-12-13 19:46:57] Alleghany: Examine the pairs() plot to diagnose sampling problems
 - 
WARN [2020-12-13 19:46:57] Alleghany: The largest R-hat is 1.82, indicating chains have not mixed.
Running the chains for more iterations may help. See
http://mc-stan.org/misc/warnings.html#r-hat - 
WARN [2020-12-13 19:46:58] Alleghany: Bulk Effective Samples Size (ESS) is too low, indicating posterior means and medians may be unreliable.
Running the chains for more iterations may help. See
http://mc-stan.org/misc/warnings.html#bulk-ess - 
WARN [2020-12-13 19:46:58] Alleghany: Tail Effective Samples Size (ESS) is too low, indicating posterior variances and tail quantiles may be unreliable.
Running the chains for more iterations may help. See
http://mc-stan.org/misc/warnings.html#tail-ess - 
WARN [2020-12-13 19:49:21] Anson: There were 50 transitions after warmup that exceeded the maximum treedepth. Increase max_treedepth above 13. See
http://mc-stan.org/misc/warnings.html#maximum-treedepth-exceeded - 
WARN [2020-12-13 19:49:21] Anson: Examine the pairs() plot to diagnose sampling problems
 - 
WARN [2020-12-13 19:49:21] Anson: The largest R-hat is 2.11, indicating chains have not mixed.
Running the chains for more iterations may help. See
http://mc-stan.org/misc/warnings.html#r-hat - 
WARN [2020-12-13 19:49:22] Anson: Bulk Effective Samples Size (ESS) is too low, indicating posterior means and medians may be unreliable.
Running the chains for more iterations may help. See
http://mc-stan.org/misc/warnings.html#bulk-ess - 
WARN [2020-12-13 19:49:22] Anson: Tail Effective Samples Size (ESS) is too low, indicating posterior variances and tail quantiles may be unreliable.
Running the chains for more iterations may help. See
http://mc-stan.org/misc/warnings.html#tail-ess - 
WARN [2020-12-13 19:51:25] Cherokee: There were 1 divergent transitions after warmup. See
http://mc-stan.org/misc/warnings.html#divergent-transitions-after-warmup
to find out why this is a problem and how to eliminate them. - 
WARN [2020-12-13 19:51:25] Cherokee: There were 49 transitions after warmup that exceeded the maximum treedepth. Increase max_treedepth above 13. See
http://mc-stan.org/misc/warnings.html#maximum-treedepth-exceeded - 
WARN [2020-12-13 19:51:25] Cherokee: Examine the pairs() plot to diagnose sampling problems
 - 
WARN [2020-12-13 19:51:26] Cherokee: The largest R-hat is 1.89, indicating chains have not mixed.
Running the chains for more iterations may help. See
http://mc-stan.org/misc/warnings.html#r-hat - 
WARN [2020-12-13 19:51:26] Cherokee: Bulk Effective Samples Size (ESS) is too low, indicating posterior means and medians may be unreliable.
Running the chains for more iterations may help. See
http://mc-stan.org/misc/warnings.html#bulk-ess - 
WARN [2020-12-13 19:51:28] Cherokee: Tail Effective Samples Size (ESS) is too low, indicating posterior variances and tail quantiles may be unreliable.
Running the chains for more iterations may help. See
http://mc-stan.org/misc/warnings.html#tail-ess - 
WARN [2020-12-13 19:51:46] Vance (chain: 1): There were 11 divergent transitions after warmup. See
http://mc-stan.org/misc/warnings.html#divergent-transitions-after-warmup
to find out why this is a problem and how to eliminate them. - 
WARN [2020-12-13 19:51:46] Vance (chain: 1): Examine the pairs() plot to diagnose sampling problems
 - 
INFO [2020-12-13 19:52:29] Completed estimates for: Vance
INFO [2020-12-13 19:52:34] Initialising estimates for: Pasquotank
WARN [2020-12-13 19:54:27] Anson (chain: 1): There were 56 divergent transitions after warmup. See
http://mc-stan.org/misc/warnings.html#divergent-transitions-after-warmup
to find out why this is a problem and how to eliminate them. - 
WARN [2020-12-13 19:54:27] Anson (chain: 1): Examine the pairs() plot to diagnose sampling problems
 - 
WARN [2020-12-13 19:54:38] Alleghany (chain: 1): There were 64 divergent transitions after warmup. See
http://mc-stan.org/misc/warnings.html#divergent-transitions-after-warmup
to find out why this is a problem and how to eliminate them. - 
WARN [2020-12-13 19:54:38] Alleghany (chain: 1): Examine the pairs() plot to diagnose sampling problems
 - 
INFO [2020-12-13 19:55:03] Completed estimates for: Anson
INFO [2020-12-13 19:55:07] Initialising estimates for: Yadkin
INFO [2020-12-13 19:55:14] Completed estimates for: Alleghany
INFO [2020-12-13 19:55:20] Initialising estimates for: Alexander
WARN [2020-12-13 19:55:59] Cherokee (chain: 1): There were 33 divergent transitions after warmup. See
http://mc-stan.org/misc/warnings.html#divergent-transitions-after-warmup
to find out why this is a problem and how to eliminate them. - 
WARN [2020-12-13 19:55:59] Cherokee (chain: 1): Examine the pairs() plot to diagnose sampling problems
 - 
INFO [2020-12-13 19:56:27] Completed estimates for: Cherokee
INFO [2020-12-13 19:56:33] Initialising estimates for: Columbus
WARN [2020-12-13 19:56:44] Pasquotank: There were 50 transitions after warmup that exceeded the maximum treedepth. Increase max_treedepth above 13. See
http://mc-stan.org/misc/warnings.html#maximum-treedepth-exceeded - 
WARN [2020-12-13 19:56:44] Pasquotank: Examine the pairs() plot to diagnose sampling problems
 - 
WARN [2020-12-13 19:56:44] Pasquotank: The largest R-hat is 2.1, indicating chains have not mixed.
Running the chains for more iterations may help. See
http://mc-stan.org/misc/warnings.html#r-hat - 
WARN [2020-12-13 19:56:44] Pasquotank: Bulk Effective Samples Size (ESS) is too low, indicating posterior means and medians may be unreliable.
Running the chains for more iterations may help. See
http://mc-stan.org/misc/warnings.html#bulk-ess - 
WARN [2020-12-13 19:56:46] Pasquotank: Tail Effective Samples Size (ESS) is too low, indicating posterior variances and tail quantiles may be unreliable.
Running the chains for more iterations may help. See
http://mc-stan.org/misc/warnings.html#tail-ess - 
WARN [2020-12-13 19:58:24] Yadkin: There were 11 divergent transitions after warmup. See
http://mc-stan.org/misc/warnings.html#divergent-transitions-after-warmup
to find out why this is a problem and how to eliminate them. - 
WARN [2020-12-13 19:58:24] Yadkin: There were 26 transitions after warmup that exceeded the maximum treedepth. Increase max_treedepth above 13. See
http://mc-stan.org/misc/warnings.html#maximum-treedepth-exceeded - 
WARN [2020-12-13 19:58:24] Yadkin: Examine the pairs() plot to diagnose sampling problems
 - 
WARN [2020-12-13 19:58:25] Yadkin: The largest R-hat is 1.9, indicating chains have not mixed.
Running the chains for more iterations may help. See
http://mc-stan.org/misc/warnings.html#r-hat - 
WARN [2020-12-13 19:58:25] Yadkin: Bulk Effective Samples Size (ESS) is too low, indicating posterior means and medians may be unreliable.
Running the chains for more iterations may help. See
http://mc-stan.org/misc/warnings.html#bulk-ess - 
WARN [2020-12-13 19:58:26] Yadkin: Tail Effective Samples Size (ESS) is too low, indicating posterior variances and tail quantiles may be unreliable.
Running the chains for more iterations may help. See
http://mc-stan.org/misc/warnings.html#tail-ess - 
WARN [2020-12-13 19:59:27] Alexander: There were 50 transitions after warmup that exceeded the maximum treedepth. Increase max_treedepth above 13. See
http://mc-stan.org/misc/warnings.html#maximum-treedepth-exceeded - 
WARN [2020-12-13 19:59:27] Alexander: Examine the pairs() plot to diagnose sampling problems
 - 
WARN [2020-12-13 19:59:28] Alexander: The largest R-hat is 2.1, indicating chains have not mixed.
Running the chains for more iterations may help. See
http://mc-stan.org/misc/warnings.html#r-hat - 
WARN [2020-12-13 19:59:29] Alexander: Bulk Effective Samples Size (ESS) is too low, indicating posterior means and medians may be unreliable.
Running the chains for more iterations may help. See
http://mc-stan.org/misc/warnings.html#bulk-ess - 
WARN [2020-12-13 19:59:29] Alexander: Tail Effective Samples Size (ESS) is too low, indicating posterior variances and tail quantiles may be unreliable.
Running the chains for more iterations may help. See
http://mc-stan.org/misc/warnings.html#tail-ess - 
WARN [2020-12-13 20:01:23] Pasquotank (chain: 1): There were 45 divergent transitions after warmup. See
http://mc-stan.org/misc/warnings.html#divergent-transitions-after-warmup
to find out why this is a problem and how to eliminate them. - 
WARN [2020-12-13 20:01:23] Pasquotank (chain: 1): Examine the pairs() plot to diagnose sampling problems
 - 
WARN [2020-12-13 20:01:58] Columbus: There were 50 transitions after warmup that exceeded the maximum treedepth. Increase max_treedepth above 13. See
http://mc-stan.org/misc/warnings.html#maximum-treedepth-exceeded - 
WARN [2020-12-13 20:01:58] Columbus: Examine the pairs() plot to diagnose sampling problems
 - 
WARN [2020-12-13 20:01:59] Columbus: The largest R-hat is 2.09, indicating chains have not mixed.
Running the chains for more iterations may help. See
http://mc-stan.org/misc/warnings.html#r-hat - 
WARN [2020-12-13 20:01:59] Columbus: Bulk Effective Samples Size (ESS) is too low, indicating posterior means and medians may be unreliable.
Running the chains for more iterations may help. See
http://mc-stan.org/misc/warnings.html#bulk-ess - 
WARN [2020-12-13 20:02:01] Columbus: Tail Effective Samples Size (ESS) is too low, indicating posterior variances and tail quantiles may be unreliable.
Running the chains for more iterations may help. See
http://mc-stan.org/misc/warnings.html#tail-ess - 
INFO [2020-12-13 20:02:05] Completed estimates for: Pasquotank
INFO [2020-12-13 20:02:10] Initialising estimates for: Davie
WARN [2020-12-13 20:06:00] Yadkin (chain: 1): There were 41 divergent transitions after warmup. See
http://mc-stan.org/misc/warnings.html#divergent-transitions-after-warmup
to find out why this is a problem and how to eliminate them. - 
WARN [2020-12-13 20:06:00] Yadkin (chain: 1): Examine the pairs() plot to diagnose sampling problems
 - 
INFO [2020-12-13 20:06:44] Completed estimates for: Yadkin
INFO [2020-12-13 20:06:50] Initialising estimates for: Duplin
WARN [2020-12-13 20:07:08] Davie: There were 50 transitions after warmup that exceeded the maximum treedepth. Increase max_treedepth above 13. See
http://mc-stan.org/misc/warnings.html#maximum-treedepth-exceeded - 
WARN [2020-12-13 20:07:08] Davie: Examine the pairs() plot to diagnose sampling problems
 - 
WARN [2020-12-13 20:07:08] Davie: The largest R-hat is 1.95, indicating chains have not mixed.
Running the chains for more iterations may help. See
http://mc-stan.org/misc/warnings.html#r-hat - 
WARN [2020-12-13 20:07:09] Davie: Bulk Effective Samples Size (ESS) is too low, indicating posterior means and medians may be unreliable.
Running the chains for more iterations may help. See
http://mc-stan.org/misc/warnings.html#bulk-ess - 
WARN [2020-12-13 20:07:10] Davie: Tail Effective Samples Size (ESS) is too low, indicating posterior variances and tail quantiles may be unreliable.
Running the chains for more iterations may help. See
http://mc-stan.org/misc/warnings.html#tail-ess - 
WARN [2020-12-13 20:07:21] Alexander (chain: 1): There were 53 divergent transitions after warmup. See
http://mc-stan.org/misc/warnings.html#divergent-transitions-after-warmup
to find out why this is a problem and how to eliminate them. - 
WARN [2020-12-13 20:07:21] Alexander (chain: 1): Examine the pairs() plot to diagnose sampling problems
 - 
INFO [2020-12-13 20:07:54] Completed estimates for: Alexander
INFO [2020-12-13 20:08:17] Initialising estimates for: Jones
WARN [2020-12-13 20:08:53] Columbus (chain: 1): There were 88 divergent transitions after warmup. See
http://mc-stan.org/misc/warnings.html#divergent-transitions-after-warmup
to find out why this is a problem and how to eliminate them. - 
WARN [2020-12-13 20:08:53] Columbus (chain: 1): Examine the pairs() plot to diagnose sampling problems
 - 
INFO [2020-12-13 20:09:32] Completed estimates for: Columbus
INFO [2020-12-13 20:09:38] Initialising estimates for: Mitchell
WARN [2020-12-13 20:10:32] Duplin: There were 9 divergent transitions after warmup. See
http://mc-stan.org/misc/warnings.html#divergent-transitions-after-warmup
to find out why this is a problem and how to eliminate them. - 
WARN [2020-12-13 20:10:32] Duplin: There were 41 transitions after warmup that exceeded the maximum treedepth. Increase max_treedepth above 13. See
http://mc-stan.org/misc/warnings.html#maximum-treedepth-exceeded - 
WARN [2020-12-13 20:10:32] Duplin: Examine the pairs() plot to diagnose sampling problems
 - 
WARN [2020-12-13 20:10:32] Duplin: The largest R-hat is 2.07, indicating chains have not mixed.
Running the chains for more iterations may help. See
http://mc-stan.org/misc/warnings.html#r-hat - 
WARN [2020-12-13 20:10:33] Duplin: Bulk Effective Samples Size (ESS) is too low, indicating posterior means and medians may be unreliable.
Running the chains for more iterations may help. See
http://mc-stan.org/misc/warnings.html#bulk-ess - 
WARN [2020-12-13 20:10:34] Duplin: Tail Effective Samples Size (ESS) is too low, indicating posterior variances and tail quantiles may be unreliable.
Running the chains for more iterations may help. See
http://mc-stan.org/misc/warnings.html#tail-ess - 
WARN [2020-12-13 20:13:42] Jones: There were 50 transitions after warmup that exceeded the maximum treedepth. Increase max_treedepth above 13. See
http://mc-stan.org/misc/warnings.html#maximum-treedepth-exceeded - 
WARN [2020-12-13 20:13:42] Jones: Examine the pairs() plot to diagnose sampling problems
 - 
WARN [2020-12-13 20:13:42] Jones: The largest R-hat is 1.49, indicating chains have not mixed.
Running the chains for more iterations may help. See
http://mc-stan.org/misc/warnings.html#r-hat - 
WARN [2020-12-13 20:13:43] Jones: Bulk Effective Samples Size (ESS) is too low, indicating posterior means and medians may be unreliable.
Running the chains for more iterations may help. See
http://mc-stan.org/misc/warnings.html#bulk-ess - 
WARN [2020-12-13 20:13:44] Jones: Tail Effective Samples Size (ESS) is too low, indicating posterior variances and tail quantiles may be unreliable.
Running the chains for more iterations may help. See
http://mc-stan.org/misc/warnings.html#tail-ess - 
WARN [2020-12-13 20:15:16] Mitchell: There were 50 transitions after warmup that exceeded the maximum treedepth. Increase max_treedepth above 13. See
http://mc-stan.org/misc/warnings.html#maximum-treedepth-exceeded - 
WARN [2020-12-13 20:15:16] Mitchell: Examine the pairs() plot to diagnose sampling problems
 - 
WARN [2020-12-13 20:15:17] Mitchell: The largest R-hat is 2.07, indicating chains have not mixed.
Running the chains for more iterations may help. See
http://mc-stan.org/misc/warnings.html#r-hat - 
WARN [2020-12-13 20:15:17] Mitchell: Bulk Effective Samples Size (ESS) is too low, indicating posterior means and medians may be unreliable.
Running the chains for more iterations may help. See
http://mc-stan.org/misc/warnings.html#bulk-ess - 
WARN [2020-12-13 20:15:19] Mitchell: Tail Effective Samples Size (ESS) is too low, indicating posterior variances and tail quantiles may be unreliable.
Running the chains for more iterations may help. See
http://mc-stan.org/misc/warnings.html#tail-ess - 
ERROR [2020-12-13 20:15:21] Mitchell (chain: 1): unable to fork, possible reason: Cannot allocate memory - mcfork, detached
ERROR [2020-12-13 20:15:21] Mitchell: model fitting was timed out or failed - 
INFO [2020-12-13 20:15:24] Initialising estimates for: Northampton
WARN [2020-12-13 20:18:08] Duplin (chain: 1): There were 83 divergent transitions after warmup. See
http://mc-stan.org/misc/warnings.html#divergent-transitions-after-warmup
to find out why this is a problem and how to eliminate them. - 
WARN [2020-12-13 20:18:08] Duplin (chain: 1): Examine the pairs() plot to diagnose sampling problems
 - 
WARN [2020-12-13 20:18:27] Jones (chain: 1): There were 50 divergent transitions after warmup. See
http://mc-stan.org/misc/warnings.html#divergent-transitions-after-warmup
to find out why this is a problem and how to eliminate them. - 
WARN [2020-12-13 20:18:27] Davie (chain: 1): There were 78 divergent transitions after warmup. See
http://mc-stan.org/misc/warnings.html#divergent-transitions-after-warmup
to find out why this is a problem and how to eliminate them. - 
WARN [2020-12-13 20:18:27] Jones (chain: 1): Examine the pairs() plot to diagnose sampling problems
 - 
WARN [2020-12-13 20:18:27] Davie (chain: 1): Examine the pairs() plot to diagnose sampling problems
 - 
INFO [2020-12-13 20:18:58] Initialising estimates for: Bertie
INFO [2020-12-13 20:18:58] Initialising estimates for: Person
INFO [2020-12-13 20:18:59] Initialising estimates for: Henderson
INFO [2020-12-13 20:19:00] Initialising estimates for: Pender
WARN [2020-12-13 20:26:17] Pender (chain: 1): There were 56 divergent transitions after warmup. See
http://mc-stan.org/misc/warnings.html#divergent-transitions-after-warmup
to find out why this is a problem and how to eliminate them. - 
WARN [2020-12-13 20:26:17] Pender (chain: 1): Examine the pairs() plot to diagnose sampling problems
 - 
INFO [2020-12-13 20:26:57] Completed estimates for: Pender
INFO [2020-12-13 20:27:03] Initialising estimates for: Watauga
WARN [2020-12-13 20:27:13] Henderson (chain: 1): There were 53 divergent transitions after warmup. See
http://mc-stan.org/misc/warnings.html#divergent-transitions-after-warmup
to find out why this is a problem and how to eliminate them. - 
WARN [2020-12-13 20:27:13] Henderson (chain: 1): Examine the pairs() plot to diagnose sampling problems
 - 
INFO [2020-12-13 20:27:57] Completed estimates for: Henderson
INFO [2020-12-13 20:28:02] Initialising estimates for: Caldwell
WARN [2020-12-13 20:30:35] Person (chain: 1): There were 46 divergent transitions after warmup. See
http://mc-stan.org/misc/warnings.html#divergent-transitions-after-warmup
to find out why this is a problem and how to eliminate them. - 
WARN [2020-12-13 20:30:35] Person (chain: 1): Examine the pairs() plot to diagnose sampling problems
 - 
WARN [2020-12-13 20:30:47] Bertie (chain: 1): There were 153 divergent transitions after warmup. See
http://mc-stan.org/misc/warnings.html#divergent-transitions-after-warmup
to find out why this is a problem and how to eliminate them. - 
WARN [2020-12-13 20:30:47] Bertie (chain: 1): Examine the pairs() plot to diagnose sampling problems
 - 
WARN [2020-12-13 20:30:53] Bertie (chain: 1): Bulk Effective Samples Size (ESS) is too low, indicating posterior means and medians may be unreliable.
Running the chains for more iterations may help. See
http://mc-stan.org/misc/warnings.html#bulk-ess - 
INFO [2020-12-13 20:31:19] Completed estimates for: Person
INFO [2020-12-13 20:31:25] Initialising estimates for: Montgomery
INFO [2020-12-13 20:31:30] Completed estimates for: Bertie
INFO [2020-12-13 20:31:35] Initialising estimates for: Rutherford
WARN [2020-12-13 20:35:05] Watauga (chain: 1): There were 114 divergent transitions after warmup. See
http://mc-stan.org/misc/warnings.html#divergent-transitions-after-warmup
to find out why this is a problem and how to eliminate them. - 
WARN [2020-12-13 20:35:05] Watauga (chain: 1): Examine the pairs() plot to diagnose sampling problems
 - 
INFO [2020-12-13 20:35:49] Completed estimates for: Watauga
INFO [2020-12-13 20:35:54] Initialising estimates for: Scotland
WARN [2020-12-13 20:37:03] Caldwell (chain: 1): There were 166 divergent transitions after warmup. See
http://mc-stan.org/misc/warnings.html#divergent-transitions-after-warmup
to find out why this is a problem and how to eliminate them. - 
WARN [2020-12-13 20:37:04] Caldwell (chain: 1): Examine the pairs() plot to diagnose sampling problems
 - 
INFO [2020-12-13 20:37:48] Completed estimates for: Caldwell
INFO [2020-12-13 20:37:53] Initialising estimates for: Robeson
WARN [2020-12-13 20:39:06] Montgomery (chain: 1): There were 308 divergent transitions after warmup. See
http://mc-stan.org/misc/warnings.html#divergent-transitions-after-warmup
to find out why this is a problem and how to eliminate them. - 
WARN [2020-12-13 20:39:06] Montgomery (chain: 1): Examine the pairs() plot to diagnose sampling problems
 - 
WARN [2020-12-13 20:39:11] Montgomery (chain: 1): The largest R-hat is 1.07, indicating chains have not mixed.
Running the chains for more iterations may help. See
http://mc-stan.org/misc/warnings.html#r-hat - 
WARN [2020-12-13 20:39:15] Montgomery (chain: 1): Bulk Effective Samples Size (ESS) is too low, indicating posterior means and medians may be unreliable.
Running the chains for more iterations may help. See
http://mc-stan.org/misc/warnings.html#bulk-ess - 
WARN [2020-12-13 20:39:20] Montgomery (chain: 1): Tail Effective Samples Size (ESS) is too low, indicating posterior variances and tail quantiles may be unreliable.
Running the chains for more iterations may help. See
http://mc-stan.org/misc/warnings.html#tail-ess - 
INFO [2020-12-13 20:39:45] Completed estimates for: Montgomery
INFO [2020-12-13 20:39:50] Initialising estimates for: Wilson
WARN [2020-12-13 20:40:56] Rutherford (chain: 1): There were 75 divergent transitions after warmup. See
http://mc-stan.org/misc/warnings.html#divergent-transitions-after-warmup
to find out why this is a problem and how to eliminate them. - 
WARN [2020-12-13 20:40:56] Rutherford (chain: 1): Examine the pairs() plot to diagnose sampling problems
 - 
INFO [2020-12-13 20:41:41] Completed estimates for: Rutherford
INFO [2020-12-13 20:41:47] Initialising estimates for: Cleveland
WARN [2020-12-13 20:42:17] Scotland (chain: 1): There were 106 divergent transitions after warmup. See
http://mc-stan.org/misc/warnings.html#divergent-transitions-after-warmup
to find out why this is a problem and how to eliminate them. - 
WARN [2020-12-13 20:42:17] Scotland (chain: 1): Examine the pairs() plot to diagnose sampling problems
 - 
INFO [2020-12-13 20:42:59] Completed estimates for: Scotland
INFO [2020-12-13 20:43:04] Initialising estimates for: Wayne
WARN [2020-12-13 20:48:21] Wilson (chain: 1): There were 546 divergent transitions after warmup. See
http://mc-stan.org/misc/warnings.html#divergent-transitions-after-warmup
to find out why this is a problem and how to eliminate them. - 
WARN [2020-12-13 20:48:21] Wilson (chain: 1): Examine the pairs() plot to diagnose sampling problems
 - 
WARN [2020-12-13 20:48:25] Wilson (chain: 1): The largest R-hat is 1.09, indicating chains have not mixed.
Running the chains for more iterations may help. See
http://mc-stan.org/misc/warnings.html#r-hat - 
WARN [2020-12-13 20:48:30] Wilson (chain: 1): Bulk Effective Samples Size (ESS) is too low, indicating posterior means and medians may be unreliable.
Running the chains for more iterations may help. See
http://mc-stan.org/misc/warnings.html#bulk-ess - 
WARN [2020-12-13 20:48:35] Wilson (chain: 1): Tail Effective Samples Size (ESS) is too low, indicating posterior variances and tail quantiles may be unreliable.
Running the chains for more iterations may help. See
http://mc-stan.org/misc/warnings.html#tail-ess - 
INFO [2020-12-13 20:49:07] Completed estimates for: Wilson
INFO [2020-12-13 20:49:11] Initialising estimates for: Davidson
WARN [2020-12-13 20:49:33] Cleveland (chain: 1): There were 218 divergent transitions after warmup. See
http://mc-stan.org/misc/warnings.html#divergent-transitions-after-warmup
to find out why this is a problem and how to eliminate them. - 
WARN [2020-12-13 20:49:33] Cleveland (chain: 1): Examine the pairs() plot to diagnose sampling problems
 - 
WARN [2020-12-13 20:49:38] Cleveland (chain: 1): The largest R-hat is 1.05, indicating chains have not mixed.
Running the chains for more iterations may help. See
http://mc-stan.org/misc/warnings.html#r-hat - 
WARN [2020-12-13 20:49:43] Cleveland (chain: 1): Bulk Effective Samples Size (ESS) is too low, indicating posterior means and medians may be unreliable.
Running the chains for more iterations may help. See
http://mc-stan.org/misc/warnings.html#bulk-ess - 
WARN [2020-12-13 20:49:49] Cleveland (chain: 1): Tail Effective Samples Size (ESS) is too low, indicating posterior variances and tail quantiles may be unreliable.
Running the chains for more iterations may help. See
http://mc-stan.org/misc/warnings.html#tail-ess - 
INFO [2020-12-13 20:50:19] Completed estimates for: Cleveland
INFO [2020-12-13 20:50:25] Initialising estimates for: Cabarrus
WARN [2020-12-13 20:53:12] Wayne (chain: 1): There were 52 divergent transitions after warmup. See
http://mc-stan.org/misc/warnings.html#divergent-transitions-after-warmup
to find out why this is a problem and how to eliminate them. - 
WARN [2020-12-13 20:53:12] Wayne (chain: 1): Examine the pairs() plot to diagnose sampling problems
 - 
INFO [2020-12-13 20:53:44] Completed estimates for: Wayne
INFO [2020-12-13 20:53:48] Initialising estimates for: Rowan
WARN [2020-12-13 20:54:02] Robeson (chain: 1): There were 17 divergent transitions after warmup. See
http://mc-stan.org/misc/warnings.html#divergent-transitions-after-warmup
to find out why this is a problem and how to eliminate them. - 
WARN [2020-12-13 20:54:02] Robeson (chain: 1): Examine the pairs() plot to diagnose sampling problems
 - 
INFO [2020-12-13 20:54:46] Completed estimates for: Robeson
INFO [2020-12-13 20:54:51] Initialising estimates for: Orange
WARN [2020-12-13 20:56:21] Davidson (chain: 1): There were 31 divergent transitions after warmup. See
http://mc-stan.org/misc/warnings.html#divergent-transitions-after-warmup
to find out why this is a problem and how to eliminate them. - 
WARN [2020-12-13 20:56:21] Davidson (chain: 1): Examine the pairs() plot to diagnose sampling problems
 - 
INFO [2020-12-13 20:57:03] Completed estimates for: Davidson
INFO [2020-12-13 20:57:07] Initialising estimates for: Pitt
WARN [2020-12-13 20:58:52] Cabarrus (chain: 1): There were 44 divergent transitions after warmup. See
http://mc-stan.org/misc/warnings.html#divergent-transitions-after-warmup
to find out why this is a problem and how to eliminate them. - 
WARN [2020-12-13 20:58:52] Cabarrus (chain: 1): Examine the pairs() plot to diagnose sampling problems
 - 
INFO [2020-12-13 20:59:32] Completed estimates for: Cabarrus
INFO [2020-12-13 20:59:38] Initialising estimates for: Swain
WARN [2020-12-13 21:03:01] Rowan (chain: 1): There were 449 divergent transitions after warmup. See
http://mc-stan.org/misc/warnings.html#divergent-transitions-after-warmup
to find out why this is a problem and how to eliminate them. - 
WARN [2020-12-13 21:03:01] Rowan (chain: 1): Examine the pairs() plot to diagnose sampling problems
 - 
WARN [2020-12-13 21:03:07] Rowan (chain: 1): The largest R-hat is 1.17, indicating chains have not mixed.
Running the chains for more iterations may help. See
http://mc-stan.org/misc/warnings.html#r-hat - 
WARN [2020-12-13 21:03:11] Rowan (chain: 1): Bulk Effective Samples Size (ESS) is too low, indicating posterior means and medians may be unreliable.
Running the chains for more iterations may help. See
http://mc-stan.org/misc/warnings.html#bulk-ess - 
WARN [2020-12-13 21:03:17] Rowan (chain: 1): Tail Effective Samples Size (ESS) is too low, indicating posterior variances and tail quantiles may be unreliable.
Running the chains for more iterations may help. See
http://mc-stan.org/misc/warnings.html#tail-ess - 
INFO [2020-12-13 21:03:49] Completed estimates for: Rowan
WARN [2020-12-13 21:08:04] Swain (chain: 1): There were 158 divergent transitions after warmup. See
http://mc-stan.org/misc/warnings.html#divergent-transitions-after-warmup
to find out why this is a problem and how to eliminate them. - 
WARN [2020-12-13 21:08:04] Swain (chain: 1): Examine the pairs() plot to diagnose sampling problems
 - 
INFO [2020-12-13 21:08:32] Completed estimates for: Swain
WARN [2020-12-13 21:09:36] Pitt (chain: 1): There were 153 divergent transitions after warmup. See
http://mc-stan.org/misc/warnings.html#divergent-transitions-after-warmup
to find out why this is a problem and how to eliminate them. - 
WARN [2020-12-13 21:09:36] Pitt (chain: 1): Examine the pairs() plot to diagnose sampling problems
 - 
INFO [2020-12-13 21:10:03] Completed estimates for: Pitt
WARN [2020-12-13 21:12:06] Orange (chain: 1): There were 64 divergent transitions after warmup. See
http://mc-stan.org/misc/warnings.html#divergent-transitions-after-warmup
to find out why this is a problem and how to eliminate them. - 
WARN [2020-12-13 21:12:06] Orange (chain: 1): Examine the pairs() plot to diagnose sampling problems
 - 
INFO [2020-12-13 21:12:33] Completed estimates for: Orange
