INFO [2021-07-28 10:32:53] Initialising estimates for: Buncombe
INFO [2021-07-28 10:32:54] Initialising estimates for: Cumberland
WARN [2021-07-28 10:40:14] Cumberland (chain: 1): There were 18 divergent transitions after warmup. See
http://mc-stan.org/misc/warnings.html#divergent-transitions-after-warmup
to find out why this is a problem and how to eliminate them. - 
WARN [2021-07-28 10:40:14] Cumberland (chain: 1): Examine the pairs() plot to diagnose sampling problems
 - 
INFO [2021-07-28 10:40:32] Initialising estimates for: Durham
WARN [2021-07-28 10:41:43] Buncombe (chain: 1): There were 8 divergent transitions after warmup. See
http://mc-stan.org/misc/warnings.html#divergent-transitions-after-warmup
to find out why this is a problem and how to eliminate them. - 
WARN [2021-07-28 10:41:43] Buncombe (chain: 1): Examine the pairs() plot to diagnose sampling problems
 - 
INFO [2021-07-28 10:42:04] Initialising estimates for: Forsyth
WARN [2021-07-28 10:46:52] Forsyth (chain: 1): There were 42 divergent transitions after warmup. See
http://mc-stan.org/misc/warnings.html#divergent-transitions-after-warmup
to find out why this is a problem and how to eliminate them. - 
WARN [2021-07-28 10:46:52] Forsyth (chain: 1): Examine the pairs() plot to diagnose sampling problems
 - 
INFO [2021-07-28 10:47:10] Initialising estimates for: Gaston
WARN [2021-07-28 10:48:06] Durham (chain: 1): There were 6 divergent transitions after warmup. See
http://mc-stan.org/misc/warnings.html#divergent-transitions-after-warmup
to find out why this is a problem and how to eliminate them. - 
WARN [2021-07-28 10:48:06] Durham (chain: 1): Examine the pairs() plot to diagnose sampling problems
 - 
INFO [2021-07-28 10:48:25] Initialising estimates for: Guilford
WARN [2021-07-28 10:53:44] Gaston (chain: 1): There were 4 divergent transitions after warmup. See
http://mc-stan.org/misc/warnings.html#divergent-transitions-after-warmup
to find out why this is a problem and how to eliminate them. - 
WARN [2021-07-28 10:53:44] Gaston (chain: 1): Examine the pairs() plot to diagnose sampling problems
 - 
INFO [2021-07-28 10:54:02] Initialising estimates for: Mecklenburg
WARN [2021-07-28 10:56:34] Guilford (chain: 1): There were 42 divergent transitions after warmup. See
http://mc-stan.org/misc/warnings.html#divergent-transitions-after-warmup
to find out why this is a problem and how to eliminate them. - 
WARN [2021-07-28 10:56:34] Guilford (chain: 1): Examine the pairs() plot to diagnose sampling problems
 - 
INFO [2021-07-28 10:56:52] Initialising estimates for: New Hanover
WARN [2021-07-28 11:02:22] Mecklenburg (chain: 1): There were 17 divergent transitions after warmup. See
http://mc-stan.org/misc/warnings.html#divergent-transitions-after-warmup
to find out why this is a problem and how to eliminate them. - 
WARN [2021-07-28 11:02:22] Mecklenburg (chain: 1): Examine the pairs() plot to diagnose sampling problems
 - 
INFO [2021-07-28 11:02:39] Initialising estimates for: Union
WARN [2021-07-28 11:03:15] New Hanover (chain: 1): There were 28 divergent transitions after warmup. See
http://mc-stan.org/misc/warnings.html#divergent-transitions-after-warmup
to find out why this is a problem and how to eliminate them. - 
WARN [2021-07-28 11:03:15] New Hanover (chain: 1): Examine the pairs() plot to diagnose sampling problems
 - 
INFO [2021-07-28 11:03:32] Initialising estimates for: Wake
WARN [2021-07-28 11:09:41] Union (chain: 1): There were 3 divergent transitions after warmup. See
http://mc-stan.org/misc/warnings.html#divergent-transitions-after-warmup
to find out why this is a problem and how to eliminate them. - 
WARN [2021-07-28 11:09:41] Union (chain: 1): Examine the pairs() plot to diagnose sampling problems
 - 
WARN [2021-07-28 11:10:20] Wake (chain: 1): There were 16 divergent transitions after warmup. See
http://mc-stan.org/misc/warnings.html#divergent-transitions-after-warmup
to find out why this is a problem and how to eliminate them. - 
WARN [2021-07-28 11:10:21] Wake (chain: 1): Examine the pairs() plot to diagnose sampling problems
 - 
