INFO [2021-01-04 18:05:08] Initialising estimates for: Buncombe
INFO [2021-01-04 18:05:08] Initialising estimates for: Cumberland
INFO [2021-01-04 18:05:09] Initialising estimates for: Durham
INFO [2021-01-04 18:05:10] Initialising estimates for: Forsyth
WARN [2021-01-04 18:10:46] Durham (chain: 1): There were 76 divergent transitions after warmup. See
http://mc-stan.org/misc/warnings.html#divergent-transitions-after-warmup
to find out why this is a problem and how to eliminate them. - 
WARN [2021-01-04 18:10:46] Durham (chain: 1): Examine the pairs() plot to diagnose sampling problems
 - 
WARN [2021-01-04 18:10:52] Durham (chain: 1): Bulk Effective Samples Size (ESS) is too low, indicating posterior means and medians may be unreliable.
Running the chains for more iterations may help. See
http://mc-stan.org/misc/warnings.html#bulk-ess - 
WARN [2021-01-04 18:10:57] Durham (chain: 1): Tail Effective Samples Size (ESS) is too low, indicating posterior variances and tail quantiles may be unreliable.
Running the chains for more iterations may help. See
http://mc-stan.org/misc/warnings.html#tail-ess - 
INFO [2021-01-04 18:11:27] Initialising estimates for: Gaston
WARN [2021-01-04 18:13:00] Buncombe (chain: 1): There were 25 divergent transitions after warmup. See
http://mc-stan.org/misc/warnings.html#divergent-transitions-after-warmup
to find out why this is a problem and how to eliminate them. - 
WARN [2021-01-04 18:13:00] Buncombe (chain: 1): Examine the pairs() plot to diagnose sampling problems
 - 
WARN [2021-01-04 18:13:02] Cumberland (chain: 1): There were 24 divergent transitions after warmup. See
http://mc-stan.org/misc/warnings.html#divergent-transitions-after-warmup
to find out why this is a problem and how to eliminate them. - 
WARN [2021-01-04 18:13:02] Cumberland (chain: 1): Examine the pairs() plot to diagnose sampling problems
 - 
INFO [2021-01-04 18:13:52] Initialising estimates for: Guilford
INFO [2021-01-04 18:13:53] Initialising estimates for: Mecklenburg
WARN [2021-01-04 18:15:06] Forsyth (chain: 1): There were 39 divergent transitions after warmup. See
http://mc-stan.org/misc/warnings.html#divergent-transitions-after-warmup
to find out why this is a problem and how to eliminate them. - 
WARN [2021-01-04 18:15:06] Forsyth (chain: 1): Examine the pairs() plot to diagnose sampling problems
 - 
INFO [2021-01-04 18:15:45] Initialising estimates for: New Hanover
WARN [2021-01-04 18:19:46] Gaston (chain: 1): There were 28 divergent transitions after warmup. See
http://mc-stan.org/misc/warnings.html#divergent-transitions-after-warmup
to find out why this is a problem and how to eliminate them. - 
WARN [2021-01-04 18:19:46] Gaston (chain: 1): Examine the pairs() plot to diagnose sampling problems
 - 
INFO [2021-01-04 18:20:37] Initialising estimates for: Union
WARN [2021-01-04 18:20:49] Guilford (chain: 1): There were 15 divergent transitions after warmup. See
http://mc-stan.org/misc/warnings.html#divergent-transitions-after-warmup
to find out why this is a problem and how to eliminate them. - 
WARN [2021-01-04 18:20:49] Guilford (chain: 1): Examine the pairs() plot to diagnose sampling problems
 - 
INFO [2021-01-04 18:22:29] Initialising estimates for: Wake
WARN [2021-01-04 18:25:36] Mecklenburg (chain: 1): There were 88 divergent transitions after warmup. See
http://mc-stan.org/misc/warnings.html#divergent-transitions-after-warmup
to find out why this is a problem and how to eliminate them. - 
WARN [2021-01-04 18:25:36] Mecklenburg (chain: 1): Examine the pairs() plot to diagnose sampling problems
 - 
WARN [2021-01-04 18:25:46] Mecklenburg (chain: 1): Tail Effective Samples Size (ESS) is too low, indicating posterior variances and tail quantiles may be unreliable.
Running the chains for more iterations may help. See
http://mc-stan.org/misc/warnings.html#tail-ess - 
WARN [2021-01-04 18:25:48] New Hanover (chain: 1): There were 33 divergent transitions after warmup. See
http://mc-stan.org/misc/warnings.html#divergent-transitions-after-warmup
to find out why this is a problem and how to eliminate them. - 
WARN [2021-01-04 18:25:48] New Hanover (chain: 1): Examine the pairs() plot to diagnose sampling problems
 - 
WARN [2021-01-04 18:29:21] Wake (chain: 1): There were 191 divergent transitions after warmup. See
http://mc-stan.org/misc/warnings.html#divergent-transitions-after-warmup
to find out why this is a problem and how to eliminate them. - 
WARN [2021-01-04 18:29:21] Wake (chain: 1): Examine the pairs() plot to diagnose sampling problems
 - 
WARN [2021-01-04 18:29:34] Wake (chain: 1): The largest R-hat is 1.05, indicating chains have not mixed.
Running the chains for more iterations may help. See
http://mc-stan.org/misc/warnings.html#r-hat - 
WARN [2021-01-04 18:29:50] Wake (chain: 1): Bulk Effective Samples Size (ESS) is too low, indicating posterior means and medians may be unreliable.
Running the chains for more iterations may help. See
http://mc-stan.org/misc/warnings.html#bulk-ess - 
WARN [2021-01-04 18:29:54] Wake (chain: 1): Tail Effective Samples Size (ESS) is too low, indicating posterior variances and tail quantiles may be unreliable.
Running the chains for more iterations may help. See
http://mc-stan.org/misc/warnings.html#tail-ess - 
WARN [2021-01-04 18:30:35] Union (chain: 1): There were 51 divergent transitions after warmup. See
http://mc-stan.org/misc/warnings.html#divergent-transitions-after-warmup
to find out why this is a problem and how to eliminate them. - 
WARN [2021-01-04 18:30:35] Union (chain: 1): Examine the pairs() plot to diagnose sampling problems
 - 
INFO [2021-01-04 18:31:05] Initialising estimates for: Surry
INFO [2021-01-04 18:31:05] Initialising estimates for: Caldwell
INFO [2021-01-04 18:31:06] Initialising estimates for: Brunswick
INFO [2021-01-04 18:31:07] Initialising estimates for: Carteret
WARN [2021-01-04 18:34:25] Surry: There were 50 transitions after warmup that exceeded the maximum treedepth. Increase max_treedepth above 13. See
http://mc-stan.org/misc/warnings.html#maximum-treedepth-exceeded - 
WARN [2021-01-04 18:34:25] Surry: Examine the pairs() plot to diagnose sampling problems
 - 
WARN [2021-01-04 18:34:25] Surry: The largest R-hat is 2.1, indicating chains have not mixed.
Running the chains for more iterations may help. See
http://mc-stan.org/misc/warnings.html#r-hat - 
WARN [2021-01-04 18:34:25] Surry: Bulk Effective Samples Size (ESS) is too low, indicating posterior means and medians may be unreliable.
Running the chains for more iterations may help. See
http://mc-stan.org/misc/warnings.html#bulk-ess - 
WARN [2021-01-04 18:34:26] Surry: Tail Effective Samples Size (ESS) is too low, indicating posterior variances and tail quantiles may be unreliable.
Running the chains for more iterations may help. See
http://mc-stan.org/misc/warnings.html#tail-ess - 
WARN [2021-01-04 18:34:29] Caldwell: There were 50 transitions after warmup that exceeded the maximum treedepth. Increase max_treedepth above 13. See
http://mc-stan.org/misc/warnings.html#maximum-treedepth-exceeded - 
WARN [2021-01-04 18:34:29] Caldwell: Examine the pairs() plot to diagnose sampling problems
 - 
WARN [2021-01-04 18:34:29] Caldwell: The largest R-hat is 2.11, indicating chains have not mixed.
Running the chains for more iterations may help. See
http://mc-stan.org/misc/warnings.html#r-hat - 
WARN [2021-01-04 18:34:30] Caldwell: Bulk Effective Samples Size (ESS) is too low, indicating posterior means and medians may be unreliable.
Running the chains for more iterations may help. See
http://mc-stan.org/misc/warnings.html#bulk-ess - 
WARN [2021-01-04 18:34:30] Caldwell: Tail Effective Samples Size (ESS) is too low, indicating posterior variances and tail quantiles may be unreliable.
Running the chains for more iterations may help. See
http://mc-stan.org/misc/warnings.html#tail-ess - 
WARN [2021-01-04 18:34:36] Brunswick: There were 50 transitions after warmup that exceeded the maximum treedepth. Increase max_treedepth above 13. See
http://mc-stan.org/misc/warnings.html#maximum-treedepth-exceeded - 
WARN [2021-01-04 18:34:36] Brunswick: Examine the pairs() plot to diagnose sampling problems
 - 
WARN [2021-01-04 18:34:37] Brunswick: The largest R-hat is 2.1, indicating chains have not mixed.
Running the chains for more iterations may help. See
http://mc-stan.org/misc/warnings.html#r-hat - 
WARN [2021-01-04 18:34:37] Brunswick: Bulk Effective Samples Size (ESS) is too low, indicating posterior means and medians may be unreliable.
Running the chains for more iterations may help. See
http://mc-stan.org/misc/warnings.html#bulk-ess - 
WARN [2021-01-04 18:34:38] Brunswick: Tail Effective Samples Size (ESS) is too low, indicating posterior variances and tail quantiles may be unreliable.
Running the chains for more iterations may help. See
http://mc-stan.org/misc/warnings.html#tail-ess - 
WARN [2021-01-04 18:34:41] Carteret: There were 50 transitions after warmup that exceeded the maximum treedepth. Increase max_treedepth above 13. See
http://mc-stan.org/misc/warnings.html#maximum-treedepth-exceeded - 
WARN [2021-01-04 18:34:41] Carteret: Examine the pairs() plot to diagnose sampling problems
 - 
WARN [2021-01-04 18:34:42] Carteret: The largest R-hat is 2.11, indicating chains have not mixed.
Running the chains for more iterations may help. See
http://mc-stan.org/misc/warnings.html#r-hat - 
WARN [2021-01-04 18:34:42] Carteret: Bulk Effective Samples Size (ESS) is too low, indicating posterior means and medians may be unreliable.
Running the chains for more iterations may help. See
http://mc-stan.org/misc/warnings.html#bulk-ess - 
WARN [2021-01-04 18:34:43] Carteret: Tail Effective Samples Size (ESS) is too low, indicating posterior variances and tail quantiles may be unreliable.
Running the chains for more iterations may help. See
http://mc-stan.org/misc/warnings.html#tail-ess - 
WARN [2021-01-04 18:46:31] Surry (chain: 1): There were 31 divergent transitions after warmup. See
http://mc-stan.org/misc/warnings.html#divergent-transitions-after-warmup
to find out why this is a problem and how to eliminate them. - 
WARN [2021-01-04 18:46:31] Surry (chain: 1): Examine the pairs() plot to diagnose sampling problems
 - 
INFO [2021-01-04 18:47:20] Completed estimates for: Surry
WARN [2021-01-04 18:47:25] Carteret (chain: 1): There were 65 divergent transitions after warmup. See
http://mc-stan.org/misc/warnings.html#divergent-transitions-after-warmup
to find out why this is a problem and how to eliminate them. - 
WARN [2021-01-04 18:47:25] Carteret (chain: 1): Examine the pairs() plot to diagnose sampling problems
 - 
INFO [2021-01-04 18:47:26] Initialising estimates for: Chatham
WARN [2021-01-04 18:47:31] Caldwell (chain: 1): There were 30 divergent transitions after warmup. See
http://mc-stan.org/misc/warnings.html#divergent-transitions-after-warmup
to find out why this is a problem and how to eliminate them. - 
WARN [2021-01-04 18:47:31] Caldwell (chain: 1): Examine the pairs() plot to diagnose sampling problems
 - 
WARN [2021-01-04 18:47:35] Brunswick (chain: 1): There were 142 divergent transitions after warmup. See
http://mc-stan.org/misc/warnings.html#divergent-transitions-after-warmup
to find out why this is a problem and how to eliminate them. - 
WARN [2021-01-04 18:47:35] Brunswick (chain: 1): Examine the pairs() plot to diagnose sampling problems
 - 
WARN [2021-01-04 18:47:41] Brunswick (chain: 1): Bulk Effective Samples Size (ESS) is too low, indicating posterior means and medians may be unreliable.
Running the chains for more iterations may help. See
http://mc-stan.org/misc/warnings.html#bulk-ess - 
WARN [2021-01-04 18:48:02] Brunswick (chain: 1): Tail Effective Samples Size (ESS) is too low, indicating posterior variances and tail quantiles may be unreliable.
Running the chains for more iterations may help. See
http://mc-stan.org/misc/warnings.html#tail-ess - 
INFO [2021-01-04 18:48:30] Completed estimates for: Carteret
INFO [2021-01-04 18:48:52] Completed estimates for: Caldwell
INFO [2021-01-04 18:48:53] Initialising estimates for: Burke
INFO [2021-01-04 18:48:57] Initialising estimates for: Lincoln
INFO [2021-01-04 18:48:58] Completed estimates for: Brunswick
INFO [2021-01-04 18:49:05] Initialising estimates for: Wilkes
WARN [2021-01-04 18:51:43] Chatham: There were 50 transitions after warmup that exceeded the maximum treedepth. Increase max_treedepth above 13. See
http://mc-stan.org/misc/warnings.html#maximum-treedepth-exceeded - 
WARN [2021-01-04 18:51:43] Chatham: Examine the pairs() plot to diagnose sampling problems
 - 
WARN [2021-01-04 18:51:44] Chatham: The largest R-hat is 1.75, indicating chains have not mixed.
Running the chains for more iterations may help. See
http://mc-stan.org/misc/warnings.html#r-hat - 
WARN [2021-01-04 18:51:44] Chatham: Bulk Effective Samples Size (ESS) is too low, indicating posterior means and medians may be unreliable.
Running the chains for more iterations may help. See
http://mc-stan.org/misc/warnings.html#bulk-ess - 
WARN [2021-01-04 18:51:45] Chatham: Tail Effective Samples Size (ESS) is too low, indicating posterior variances and tail quantiles may be unreliable.
Running the chains for more iterations may help. See
http://mc-stan.org/misc/warnings.html#tail-ess - 
WARN [2021-01-04 18:52:42] Lincoln: There were 50 transitions after warmup that exceeded the maximum treedepth. Increase max_treedepth above 13. See
http://mc-stan.org/misc/warnings.html#maximum-treedepth-exceeded - 
WARN [2021-01-04 18:52:42] Lincoln: Examine the pairs() plot to diagnose sampling problems
 - 
WARN [2021-01-04 18:52:43] Lincoln: The largest R-hat is 2.11, indicating chains have not mixed.
Running the chains for more iterations may help. See
http://mc-stan.org/misc/warnings.html#r-hat - 
WARN [2021-01-04 18:52:43] Lincoln: Bulk Effective Samples Size (ESS) is too low, indicating posterior means and medians may be unreliable.
Running the chains for more iterations may help. See
http://mc-stan.org/misc/warnings.html#bulk-ess - 
WARN [2021-01-04 18:52:44] Lincoln: Tail Effective Samples Size (ESS) is too low, indicating posterior variances and tail quantiles may be unreliable.
Running the chains for more iterations may help. See
http://mc-stan.org/misc/warnings.html#tail-ess - 
WARN [2021-01-04 18:52:50] Burke: There were 50 transitions after warmup that exceeded the maximum treedepth. Increase max_treedepth above 13. See
http://mc-stan.org/misc/warnings.html#maximum-treedepth-exceeded - 
WARN [2021-01-04 18:52:50] Burke: Examine the pairs() plot to diagnose sampling problems
 - 
WARN [2021-01-04 18:52:50] Burke: The largest R-hat is 2.09, indicating chains have not mixed.
Running the chains for more iterations may help. See
http://mc-stan.org/misc/warnings.html#r-hat - 
WARN [2021-01-04 18:52:51] Burke: Bulk Effective Samples Size (ESS) is too low, indicating posterior means and medians may be unreliable.
Running the chains for more iterations may help. See
http://mc-stan.org/misc/warnings.html#bulk-ess - 
WARN [2021-01-04 18:52:52] Burke: Tail Effective Samples Size (ESS) is too low, indicating posterior variances and tail quantiles may be unreliable.
Running the chains for more iterations may help. See
http://mc-stan.org/misc/warnings.html#tail-ess - 
WARN [2021-01-04 18:52:55] Wilkes: There were 2 divergent transitions after warmup. See
http://mc-stan.org/misc/warnings.html#divergent-transitions-after-warmup
to find out why this is a problem and how to eliminate them. - 
WARN [2021-01-04 18:52:55] Wilkes: There were 47 transitions after warmup that exceeded the maximum treedepth. Increase max_treedepth above 13. See
http://mc-stan.org/misc/warnings.html#maximum-treedepth-exceeded - 
WARN [2021-01-04 18:52:55] Wilkes: There were 1 chains where the estimated Bayesian Fraction of Missing Information was low. See
http://mc-stan.org/misc/warnings.html#bfmi-low - 
WARN [2021-01-04 18:52:55] Wilkes: Examine the pairs() plot to diagnose sampling problems
 - 
WARN [2021-01-04 18:52:55] Wilkes: The largest R-hat is 1.87, indicating chains have not mixed.
Running the chains for more iterations may help. See
http://mc-stan.org/misc/warnings.html#r-hat - 
WARN [2021-01-04 18:53:14] Wilkes: Bulk Effective Samples Size (ESS) is too low, indicating posterior means and medians may be unreliable.
Running the chains for more iterations may help. See
http://mc-stan.org/misc/warnings.html#bulk-ess - 
WARN [2021-01-04 18:53:15] Wilkes: Tail Effective Samples Size (ESS) is too low, indicating posterior variances and tail quantiles may be unreliable.
Running the chains for more iterations may help. See
http://mc-stan.org/misc/warnings.html#tail-ess - 
WARN [2021-01-04 19:07:29] Lincoln (chain: 1): There were 126 divergent transitions after warmup. See
http://mc-stan.org/misc/warnings.html#divergent-transitions-after-warmup
to find out why this is a problem and how to eliminate them. - 
WARN [2021-01-04 19:07:29] Lincoln (chain: 1): Examine the pairs() plot to diagnose sampling problems
 - 
WARN [2021-01-04 19:07:51] Chatham (chain: 1): There were 94 divergent transitions after warmup. See
http://mc-stan.org/misc/warnings.html#divergent-transitions-after-warmup
to find out why this is a problem and how to eliminate them. - 
WARN [2021-01-04 19:07:51] Chatham (chain: 1): Examine the pairs() plot to diagnose sampling problems
 - 
INFO [2021-01-04 19:08:04] Completed estimates for: Lincoln
INFO [2021-01-04 19:08:10] Initialising estimates for: Craven
WARN [2021-01-04 19:09:51] Burke (chain: 1): There were 202 divergent transitions after warmup. See
http://mc-stan.org/misc/warnings.html#divergent-transitions-after-warmup
to find out why this is a problem and how to eliminate them. - 
WARN [2021-01-04 19:09:51] Burke (chain: 1): Examine the pairs() plot to diagnose sampling problems
 - 
INFO [2021-01-04 19:09:54] Completed estimates for: Chatham
INFO [2021-01-04 19:10:21] Initialising estimates for: Randolph
WARN [2021-01-04 19:10:22] Burke (chain: 1): Tail Effective Samples Size (ESS) is too low, indicating posterior variances and tail quantiles may be unreliable.
Running the chains for more iterations may help. See
http://mc-stan.org/misc/warnings.html#tail-ess - 
INFO [2021-01-04 19:10:43] Completed estimates for: Burke
INFO [2021-01-04 19:11:08] Initialising estimates for: Wayne
WARN [2021-01-04 19:13:12] Randolph: There were 34 divergent transitions after warmup. See
http://mc-stan.org/misc/warnings.html#divergent-transitions-after-warmup
to find out why this is a problem and how to eliminate them. - 
WARN [2021-01-04 19:13:12] Randolph: There were 14 transitions after warmup that exceeded the maximum treedepth. Increase max_treedepth above 13. See
http://mc-stan.org/misc/warnings.html#maximum-treedepth-exceeded - 
WARN [2021-01-04 19:13:12] Randolph: Examine the pairs() plot to diagnose sampling problems
 - 
WARN [2021-01-04 19:13:13] Randolph: The largest R-hat is 2.11, indicating chains have not mixed.
Running the chains for more iterations may help. See
http://mc-stan.org/misc/warnings.html#r-hat - 
WARN [2021-01-04 19:13:13] Randolph: Bulk Effective Samples Size (ESS) is too low, indicating posterior means and medians may be unreliable.
Running the chains for more iterations may help. See
http://mc-stan.org/misc/warnings.html#bulk-ess - 
WARN [2021-01-04 19:13:14] Randolph: Tail Effective Samples Size (ESS) is too low, indicating posterior variances and tail quantiles may be unreliable.
Running the chains for more iterations may help. See
http://mc-stan.org/misc/warnings.html#tail-ess - 
WARN [2021-01-04 19:13:59] Wayne: There were 36 divergent transitions after warmup. See
http://mc-stan.org/misc/warnings.html#divergent-transitions-after-warmup
to find out why this is a problem and how to eliminate them. - 
WARN [2021-01-04 19:13:59] Wayne: There were 10 transitions after warmup that exceeded the maximum treedepth. Increase max_treedepth above 13. See
http://mc-stan.org/misc/warnings.html#maximum-treedepth-exceeded - 
WARN [2021-01-04 19:13:59] Wayne: Examine the pairs() plot to diagnose sampling problems
 - 
WARN [2021-01-04 19:14:00] Wayne: The largest R-hat is 2.11, indicating chains have not mixed.
Running the chains for more iterations may help. See
http://mc-stan.org/misc/warnings.html#r-hat - 
WARN [2021-01-04 19:14:00] Wayne: Bulk Effective Samples Size (ESS) is too low, indicating posterior means and medians may be unreliable.
Running the chains for more iterations may help. See
http://mc-stan.org/misc/warnings.html#bulk-ess - 
WARN [2021-01-04 19:14:01] Wayne: Tail Effective Samples Size (ESS) is too low, indicating posterior variances and tail quantiles may be unreliable.
Running the chains for more iterations may help. See
http://mc-stan.org/misc/warnings.html#tail-ess - 
WARN [2021-01-04 19:14:02] Craven: There were 50 transitions after warmup that exceeded the maximum treedepth. Increase max_treedepth above 13. See
http://mc-stan.org/misc/warnings.html#maximum-treedepth-exceeded - 
WARN [2021-01-04 19:14:02] Craven: Examine the pairs() plot to diagnose sampling problems
 - 
ERROR [2021-01-04 19:14:02] Wayne (chain: 1): unable to fork, possible reason: Cannot allocate memory - mcfork, detached
ERROR [2021-01-04 19:14:02] Wayne: model fitting was timed out or failed - 
WARN [2021-01-04 19:14:02] Craven: The largest R-hat is 2.04, indicating chains have not mixed.
Running the chains for more iterations may help. See
http://mc-stan.org/misc/warnings.html#r-hat - 
WARN [2021-01-04 19:14:02] Craven: Bulk Effective Samples Size (ESS) is too low, indicating posterior means and medians may be unreliable.
Running the chains for more iterations may help. See
http://mc-stan.org/misc/warnings.html#bulk-ess - 
WARN [2021-01-04 19:14:03] Craven: Tail Effective Samples Size (ESS) is too low, indicating posterior variances and tail quantiles may be unreliable.
Running the chains for more iterations may help. See
http://mc-stan.org/misc/warnings.html#tail-ess - 
INFO [2021-01-04 19:14:14] Initialising estimates for: Brunswick
INFO [2021-01-04 19:14:14] Initialising estimates for: Craven
INFO [2021-01-04 19:14:15] Initialising estimates for: Randolph
INFO [2021-01-04 19:14:16] Initialising estimates for: Wayne
WARN [2021-01-04 19:15:39] Brunswick: There were 45 divergent transitions after warmup. See
http://mc-stan.org/misc/warnings.html#divergent-transitions-after-warmup
to find out why this is a problem and how to eliminate them. - 
WARN [2021-01-04 19:15:39] Brunswick: Examine the pairs() plot to diagnose sampling problems
 - 
WARN [2021-01-04 19:15:40] Brunswick: The largest R-hat is 2.14, indicating chains have not mixed.
Running the chains for more iterations may help. See
http://mc-stan.org/misc/warnings.html#r-hat - 
WARN [2021-01-04 19:15:40] Brunswick: Bulk Effective Samples Size (ESS) is too low, indicating posterior means and medians may be unreliable.
Running the chains for more iterations may help. See
http://mc-stan.org/misc/warnings.html#bulk-ess - 
WARN [2021-01-04 19:15:41] Brunswick: Tail Effective Samples Size (ESS) is too low, indicating posterior variances and tail quantiles may be unreliable.
Running the chains for more iterations may help. See
http://mc-stan.org/misc/warnings.html#tail-ess - 
WARN [2021-01-04 19:17:38] Randolph: There were 41 divergent transitions after warmup. See
http://mc-stan.org/misc/warnings.html#divergent-transitions-after-warmup
to find out why this is a problem and how to eliminate them. - 
WARN [2021-01-04 19:17:38] Randolph: There were 9 transitions after warmup that exceeded the maximum treedepth. Increase max_treedepth above 13. See
http://mc-stan.org/misc/warnings.html#maximum-treedepth-exceeded - 
WARN [2021-01-04 19:17:38] Randolph: Examine the pairs() plot to diagnose sampling problems
 - 
WARN [2021-01-04 19:17:39] Randolph: The largest R-hat is 2.11, indicating chains have not mixed.
Running the chains for more iterations may help. See
http://mc-stan.org/misc/warnings.html#r-hat - 
WARN [2021-01-04 19:17:40] Randolph: Bulk Effective Samples Size (ESS) is too low, indicating posterior means and medians may be unreliable.
Running the chains for more iterations may help. See
http://mc-stan.org/misc/warnings.html#bulk-ess - 
WARN [2021-01-04 19:17:41] Randolph: Tail Effective Samples Size (ESS) is too low, indicating posterior variances and tail quantiles may be unreliable.
Running the chains for more iterations may help. See
http://mc-stan.org/misc/warnings.html#tail-ess - 
WARN [2021-01-04 19:18:09] Wayne: There were 41 divergent transitions after warmup. See
http://mc-stan.org/misc/warnings.html#divergent-transitions-after-warmup
to find out why this is a problem and how to eliminate them. - 
WARN [2021-01-04 19:18:09] Wayne: There were 5 transitions after warmup that exceeded the maximum treedepth. Increase max_treedepth above 13. See
http://mc-stan.org/misc/warnings.html#maximum-treedepth-exceeded - 
WARN [2021-01-04 19:18:09] Wayne: Examine the pairs() plot to diagnose sampling problems
 - 
WARN [2021-01-04 19:18:10] Wayne: The largest R-hat is 1.93, indicating chains have not mixed.
Running the chains for more iterations may help. See
http://mc-stan.org/misc/warnings.html#r-hat - 
WARN [2021-01-04 19:18:10] Wayne: Bulk Effective Samples Size (ESS) is too low, indicating posterior means and medians may be unreliable.
Running the chains for more iterations may help. See
http://mc-stan.org/misc/warnings.html#bulk-ess - 
WARN [2021-01-04 19:18:12] Wayne: Tail Effective Samples Size (ESS) is too low, indicating posterior variances and tail quantiles may be unreliable.
Running the chains for more iterations may help. See
http://mc-stan.org/misc/warnings.html#tail-ess - 
WARN [2021-01-04 19:21:05] Craven: There were 23 divergent transitions after warmup. See
http://mc-stan.org/misc/warnings.html#divergent-transitions-after-warmup
to find out why this is a problem and how to eliminate them. - 
WARN [2021-01-04 19:21:05] Craven: There were 27 transitions after warmup that exceeded the maximum treedepth. Increase max_treedepth above 13. See
http://mc-stan.org/misc/warnings.html#maximum-treedepth-exceeded - 
WARN [2021-01-04 19:21:05] Craven: Examine the pairs() plot to diagnose sampling problems
 - 
WARN [2021-01-04 19:21:06] Craven: The largest R-hat is 2.09, indicating chains have not mixed.
Running the chains for more iterations may help. See
http://mc-stan.org/misc/warnings.html#r-hat - 
WARN [2021-01-04 19:21:06] Craven: Bulk Effective Samples Size (ESS) is too low, indicating posterior means and medians may be unreliable.
Running the chains for more iterations may help. See
http://mc-stan.org/misc/warnings.html#bulk-ess - 
WARN [2021-01-04 19:21:08] Craven: Tail Effective Samples Size (ESS) is too low, indicating posterior variances and tail quantiles may be unreliable.
Running the chains for more iterations may help. See
http://mc-stan.org/misc/warnings.html#tail-ess - 
WARN [2021-01-04 19:39:05] Craven (chain: 1): There were 50 divergent transitions after warmup. See
http://mc-stan.org/misc/warnings.html#divergent-transitions-after-warmup
to find out why this is a problem and how to eliminate them. - 
WARN [2021-01-04 19:39:05] Craven (chain: 1): Examine the pairs() plot to diagnose sampling problems
 - 
INFO [2021-01-04 19:41:28] Completed estimates for: Craven
INFO [2021-01-04 19:42:07] Initialising estimates for: Orange
WARN [2021-01-04 19:42:36] Brunswick (chain: 1): There were 8 divergent transitions after warmup. See
http://mc-stan.org/misc/warnings.html#divergent-transitions-after-warmup
to find out why this is a problem and how to eliminate them. - 
WARN [2021-01-04 19:42:36] Brunswick (chain: 1): Examine the pairs() plot to diagnose sampling problems
 - 
INFO [2021-01-04 19:44:04] Completed estimates for: Brunswick
INFO [2021-01-04 19:44:26] Initialising estimates for: Henderson
WARN [2021-01-04 19:46:29] Randolph (chain: 1): There were 16 divergent transitions after warmup. See
http://mc-stan.org/misc/warnings.html#divergent-transitions-after-warmup
to find out why this is a problem and how to eliminate them. - 
WARN [2021-01-04 19:46:29] Randolph (chain: 1): Examine the pairs() plot to diagnose sampling problems
 - 
INFO [2021-01-04 19:51:55] Completed estimates for: Randolph
INFO [2021-01-04 19:52:00] Initialising estimates for: Iredell
WARN [2021-01-04 19:53:04] Wayne (chain: 1): There were 35 divergent transitions after warmup. See
http://mc-stan.org/misc/warnings.html#divergent-transitions-after-warmup
to find out why this is a problem and how to eliminate them. - 
WARN [2021-01-04 19:53:04] Wayne (chain: 1): Examine the pairs() plot to diagnose sampling problems
 - 
INFO [2021-01-04 19:53:53] Completed estimates for: Wayne
INFO [2021-01-04 19:54:15] Initialising estimates for: Robeson
WARN [2021-01-04 19:54:53] Orange: There were 50 transitions after warmup that exceeded the maximum treedepth. Increase max_treedepth above 13. See
http://mc-stan.org/misc/warnings.html#maximum-treedepth-exceeded - 
WARN [2021-01-04 19:54:53] Orange: Examine the pairs() plot to diagnose sampling problems
 - 
WARN [2021-01-04 19:54:53] Orange: The largest R-hat is 2.11, indicating chains have not mixed.
Running the chains for more iterations may help. See
http://mc-stan.org/misc/warnings.html#r-hat - 
WARN [2021-01-04 19:54:54] Orange: Bulk Effective Samples Size (ESS) is too low, indicating posterior means and medians may be unreliable.
Running the chains for more iterations may help. See
http://mc-stan.org/misc/warnings.html#bulk-ess - 
WARN [2021-01-04 19:54:54] Orange: Tail Effective Samples Size (ESS) is too low, indicating posterior variances and tail quantiles may be unreliable.
Running the chains for more iterations may help. See
http://mc-stan.org/misc/warnings.html#tail-ess - 
WARN [2021-01-04 19:55:16] Henderson: There were 2 divergent transitions after warmup. See
http://mc-stan.org/misc/warnings.html#divergent-transitions-after-warmup
to find out why this is a problem and how to eliminate them. - 
WARN [2021-01-04 19:55:16] Henderson: There were 46 transitions after warmup that exceeded the maximum treedepth. Increase max_treedepth above 13. See
http://mc-stan.org/misc/warnings.html#maximum-treedepth-exceeded - 
WARN [2021-01-04 19:55:16] Henderson: Examine the pairs() plot to diagnose sampling problems
 - 
WARN [2021-01-04 19:55:16] Henderson: The largest R-hat is 1.78, indicating chains have not mixed.
Running the chains for more iterations may help. See
http://mc-stan.org/misc/warnings.html#r-hat - 
WARN [2021-01-04 19:55:17] Henderson: Bulk Effective Samples Size (ESS) is too low, indicating posterior means and medians may be unreliable.
Running the chains for more iterations may help. See
http://mc-stan.org/misc/warnings.html#bulk-ess - 
WARN [2021-01-04 19:55:17] Iredell: There were 40 divergent transitions after warmup. See
http://mc-stan.org/misc/warnings.html#divergent-transitions-after-warmup
to find out why this is a problem and how to eliminate them. - 
WARN [2021-01-04 19:55:17] Iredell: Examine the pairs() plot to diagnose sampling problems
 - 
WARN [2021-01-04 19:55:17] Iredell: The largest R-hat is 2.26, indicating chains have not mixed.
Running the chains for more iterations may help. See
http://mc-stan.org/misc/warnings.html#r-hat - 
WARN [2021-01-04 19:55:17] Henderson: Tail Effective Samples Size (ESS) is too low, indicating posterior variances and tail quantiles may be unreliable.
Running the chains for more iterations may help. See
http://mc-stan.org/misc/warnings.html#tail-ess - 
WARN [2021-01-04 19:55:17] Iredell: Bulk Effective Samples Size (ESS) is too low, indicating posterior means and medians may be unreliable.
Running the chains for more iterations may help. See
http://mc-stan.org/misc/warnings.html#bulk-ess - 
WARN [2021-01-04 19:55:18] Iredell: Tail Effective Samples Size (ESS) is too low, indicating posterior variances and tail quantiles may be unreliable.
Running the chains for more iterations may help. See
http://mc-stan.org/misc/warnings.html#tail-ess - 
WARN [2021-01-04 20:01:51] Orange (chain: 1): There were 38 divergent transitions after warmup. See
http://mc-stan.org/misc/warnings.html#divergent-transitions-after-warmup
to find out why this is a problem and how to eliminate them. - 
WARN [2021-01-04 20:01:51] Orange (chain: 1): Examine the pairs() plot to diagnose sampling problems
 - 
WARN [2021-01-04 20:01:59] Orange (chain: 1): Tail Effective Samples Size (ESS) is too low, indicating posterior variances and tail quantiles may be unreliable.
Running the chains for more iterations may help. See
http://mc-stan.org/misc/warnings.html#tail-ess - 
WARN [2021-01-04 20:02:04] Robeson: There were 49 transitions after warmup that exceeded the maximum treedepth. Increase max_treedepth above 13. See
http://mc-stan.org/misc/warnings.html#maximum-treedepth-exceeded - 
WARN [2021-01-04 20:02:04] Robeson: Examine the pairs() plot to diagnose sampling problems
 - 
WARN [2021-01-04 20:02:05] Robeson: The largest R-hat is 1.23, indicating chains have not mixed.
Running the chains for more iterations may help. See
http://mc-stan.org/misc/warnings.html#r-hat - 
WARN [2021-01-04 20:02:06] Robeson: Bulk Effective Samples Size (ESS) is too low, indicating posterior means and medians may be unreliable.
Running the chains for more iterations may help. See
http://mc-stan.org/misc/warnings.html#bulk-ess - 
WARN [2021-01-04 20:02:07] Robeson: Tail Effective Samples Size (ESS) is too low, indicating posterior variances and tail quantiles may be unreliable.
Running the chains for more iterations may help. See
http://mc-stan.org/misc/warnings.html#tail-ess - 
INFO [2021-01-04 20:02:24] Completed estimates for: Orange
INFO [2021-01-04 20:02:49] Initialising estimates for: Davidson
WARN [2021-01-04 20:06:19] Iredell (chain: 1): There were 27 divergent transitions after warmup. See
http://mc-stan.org/misc/warnings.html#divergent-transitions-after-warmup
to find out why this is a problem and how to eliminate them. - 
WARN [2021-01-04 20:06:19] Iredell (chain: 1): Examine the pairs() plot to diagnose sampling problems
 - 
WARN [2021-01-04 20:06:20] Henderson (chain: 1): There were 56 divergent transitions after warmup. See
http://mc-stan.org/misc/warnings.html#divergent-transitions-after-warmup
to find out why this is a problem and how to eliminate them. - 
WARN [2021-01-04 20:06:20] Henderson (chain: 1): Examine the pairs() plot to diagnose sampling problems
 - 
INFO [2021-01-04 20:08:18] Completed estimates for: Iredell
INFO [2021-01-04 20:08:18] Completed estimates for: Henderson
INFO [2021-01-04 20:08:58] Initialising estimates for: Onslow
INFO [2021-01-04 20:08:59] Initialising estimates for: Rowan
WARN [2021-01-04 20:15:02] Davidson: There were 49 transitions after warmup that exceeded the maximum treedepth. Increase max_treedepth above 13. See
http://mc-stan.org/misc/warnings.html#maximum-treedepth-exceeded - 
WARN [2021-01-04 20:15:03] Davidson: Examine the pairs() plot to diagnose sampling problems
 - 
WARN [2021-01-04 20:15:21] Davidson: The largest R-hat is 2.08, indicating chains have not mixed.
Running the chains for more iterations may help. See
http://mc-stan.org/misc/warnings.html#r-hat - 
WARN [2021-01-04 20:15:21] Davidson: Bulk Effective Samples Size (ESS) is too low, indicating posterior means and medians may be unreliable.
Running the chains for more iterations may help. See
http://mc-stan.org/misc/warnings.html#bulk-ess - 
WARN [2021-01-04 20:15:22] Davidson: Tail Effective Samples Size (ESS) is too low, indicating posterior variances and tail quantiles may be unreliable.
Running the chains for more iterations may help. See
http://mc-stan.org/misc/warnings.html#tail-ess - 
WARN [2021-01-04 20:19:20] Onslow: There were 35 divergent transitions after warmup. See
http://mc-stan.org/misc/warnings.html#divergent-transitions-after-warmup
to find out why this is a problem and how to eliminate them. - 
WARN [2021-01-04 20:19:20] Onslow: There were 13 transitions after warmup that exceeded the maximum treedepth. Increase max_treedepth above 13. See
http://mc-stan.org/misc/warnings.html#maximum-treedepth-exceeded - 
WARN [2021-01-04 20:19:20] Onslow: Examine the pairs() plot to diagnose sampling problems
 - 
WARN [2021-01-04 20:19:21] Onslow: The largest R-hat is 1.93, indicating chains have not mixed.
Running the chains for more iterations may help. See
http://mc-stan.org/misc/warnings.html#r-hat - 
WARN [2021-01-04 20:19:22] Onslow: Bulk Effective Samples Size (ESS) is too low, indicating posterior means and medians may be unreliable.
Running the chains for more iterations may help. See
http://mc-stan.org/misc/warnings.html#bulk-ess - 
WARN [2021-01-04 20:19:22] Onslow: Tail Effective Samples Size (ESS) is too low, indicating posterior variances and tail quantiles may be unreliable.
Running the chains for more iterations may help. See
http://mc-stan.org/misc/warnings.html#tail-ess - 
ERROR [2021-01-04 20:19:24] Onslow (chain: 1): unable to fork, possible reason: Cannot allocate memory - mcfork, detached
ERROR [2021-01-04 20:19:24] Onslow: model fitting was timed out or failed - 
INFO [2021-01-04 20:19:45] Initialising estimates for: Harnett
WARN [2021-01-04 20:19:50] Rowan: There were 13 divergent transitions after warmup. See
http://mc-stan.org/misc/warnings.html#divergent-transitions-after-warmup
to find out why this is a problem and how to eliminate them. - 
WARN [2021-01-04 20:19:50] Rowan: There were 37 transitions after warmup that exceeded the maximum treedepth. Increase max_treedepth above 13. See
http://mc-stan.org/misc/warnings.html#maximum-treedepth-exceeded - 
WARN [2021-01-04 20:19:50] Rowan: Examine the pairs() plot to diagnose sampling problems
 - 
WARN [2021-01-04 20:19:51] Rowan: The largest R-hat is 2.08, indicating chains have not mixed.
Running the chains for more iterations may help. See
http://mc-stan.org/misc/warnings.html#r-hat - 
WARN [2021-01-04 20:19:51] Rowan: Bulk Effective Samples Size (ESS) is too low, indicating posterior means and medians may be unreliable.
Running the chains for more iterations may help. See
http://mc-stan.org/misc/warnings.html#bulk-ess - 
WARN [2021-01-04 20:19:52] Rowan: Tail Effective Samples Size (ESS) is too low, indicating posterior variances and tail quantiles may be unreliable.
Running the chains for more iterations may help. See
http://mc-stan.org/misc/warnings.html#tail-ess - 
WARN [2021-01-04 20:24:20] Robeson (chain: 1): There were 29 divergent transitions after warmup. See
http://mc-stan.org/misc/warnings.html#divergent-transitions-after-warmup
to find out why this is a problem and how to eliminate them. - 
WARN [2021-01-04 20:24:20] Robeson (chain: 1): Examine the pairs() plot to diagnose sampling problems
 - 
INFO [2021-01-04 20:25:34] Completed estimates for: Robeson
INFO [2021-01-04 20:25:39] Initialising estimates for: Alamance
WARN [2021-01-04 20:34:44] Harnett: There were 8 divergent transitions after warmup. See
http://mc-stan.org/misc/warnings.html#divergent-transitions-after-warmup
to find out why this is a problem and how to eliminate them. - 
WARN [2021-01-04 20:34:44] Alamance: There were 38 divergent transitions after warmup. See
http://mc-stan.org/misc/warnings.html#divergent-transitions-after-warmup
to find out why this is a problem and how to eliminate them. - 
WARN [2021-01-04 20:34:44] Harnett: There were 39 transitions after warmup that exceeded the maximum treedepth. Increase max_treedepth above 13. See
http://mc-stan.org/misc/warnings.html#maximum-treedepth-exceeded - 
WARN [2021-01-04 20:34:44] Alamance: There were 12 transitions after warmup that exceeded the maximum treedepth. Increase max_treedepth above 13. See
http://mc-stan.org/misc/warnings.html#maximum-treedepth-exceeded - 
WARN [2021-01-04 20:34:44] Harnett: Examine the pairs() plot to diagnose sampling problems
 - 
WARN [2021-01-04 20:34:44] Alamance: Examine the pairs() plot to diagnose sampling problems
 - 
WARN [2021-01-04 20:35:03] Alamance: The largest R-hat is 2.1, indicating chains have not mixed.
Running the chains for more iterations may help. See
http://mc-stan.org/misc/warnings.html#r-hat - 
WARN [2021-01-04 20:35:03] Harnett: The largest R-hat is 1.51, indicating chains have not mixed.
Running the chains for more iterations may help. See
http://mc-stan.org/misc/warnings.html#r-hat - 
WARN [2021-01-04 20:35:03] Harnett: Bulk Effective Samples Size (ESS) is too low, indicating posterior means and medians may be unreliable.
Running the chains for more iterations may help. See
http://mc-stan.org/misc/warnings.html#bulk-ess - 
WARN [2021-01-04 20:35:04] Alamance: Bulk Effective Samples Size (ESS) is too low, indicating posterior means and medians may be unreliable.
Running the chains for more iterations may help. See
http://mc-stan.org/misc/warnings.html#bulk-ess - 
WARN [2021-01-04 20:35:04] Harnett: Tail Effective Samples Size (ESS) is too low, indicating posterior variances and tail quantiles may be unreliable.
Running the chains for more iterations may help. See
http://mc-stan.org/misc/warnings.html#tail-ess - 
WARN [2021-01-04 20:35:05] Alamance: Tail Effective Samples Size (ESS) is too low, indicating posterior variances and tail quantiles may be unreliable.
Running the chains for more iterations may help. See
http://mc-stan.org/misc/warnings.html#tail-ess - 
ERROR [2021-01-04 20:35:06] Harnett (chain: 1): unable to fork, possible reason: Cannot allocate memory - mcfork, detached
ERROR [2021-01-04 20:35:06] Harnett: model fitting was timed out or failed - 
ERROR [2021-01-04 20:35:07] Alamance (chain: 1): unable to fork, possible reason: Cannot allocate memory - mcfork, detached
ERROR [2021-01-04 20:35:07] Alamance: model fitting was timed out or failed - 
INFO [2021-01-04 20:35:10] Initialising estimates for: Cabarrus
WARN [2021-01-04 20:35:57] Davidson (chain: 1): There were 34 divergent transitions after warmup. See
http://mc-stan.org/misc/warnings.html#divergent-transitions-after-warmup
to find out why this is a problem and how to eliminate them. - 
WARN [2021-01-04 20:35:57] Davidson (chain: 1): Examine the pairs() plot to diagnose sampling problems
 - 
INFO [2021-01-04 20:37:47] Completed estimates for: Davidson
INFO [2021-01-04 20:38:11] Initialising estimates for: Haywood
WARN [2021-01-04 20:39:03] Rowan (chain: 1): There were 77 divergent transitions after warmup. See
http://mc-stan.org/misc/warnings.html#divergent-transitions-after-warmup
to find out why this is a problem and how to eliminate them. - 
WARN [2021-01-04 20:39:03] Rowan (chain: 1): Examine the pairs() plot to diagnose sampling problems
 - 
INFO [2021-01-04 20:39:58] Initialising estimates for: Cone Health
WARN [2021-01-04 20:44:04] Cone Health (chain: 1): There were 42 divergent transitions after warmup. See
http://mc-stan.org/misc/warnings.html#divergent-transitions-after-warmup
to find out why this is a problem and how to eliminate them. - 
WARN [2021-01-04 20:44:04] Cone Health (chain: 1): Examine the pairs() plot to diagnose sampling problems
 - 
INFO [2021-01-04 20:44:27] Initialising estimates for: North Carolina
WARN [2021-01-04 20:50:34] North Carolina (chain: 1): There were 76 divergent transitions after warmup. See
http://mc-stan.org/misc/warnings.html#divergent-transitions-after-warmup
to find out why this is a problem and how to eliminate them. - 
WARN [2021-01-04 20:50:34] North Carolina (chain: 1): Examine the pairs() plot to diagnose sampling problems
 - 
WARN [2021-01-04 20:50:38] North Carolina (chain: 1): Bulk Effective Samples Size (ESS) is too low, indicating posterior means and medians may be unreliable.
Running the chains for more iterations may help. See
http://mc-stan.org/misc/warnings.html#bulk-ess - 
WARN [2021-01-04 20:50:41] North Carolina (chain: 1): Tail Effective Samples Size (ESS) is too low, indicating posterior variances and tail quantiles may be unreliable.
Running the chains for more iterations may help. See
http://mc-stan.org/misc/warnings.html#tail-ess - 
