INFO [2021-04-13 20:05:10] Initialising estimates for: Buncombe
INFO [2021-04-13 20:05:10] Initialising estimates for: Cumberland
INFO [2021-04-13 20:05:11] Initialising estimates for: Durham
INFO [2021-04-13 20:05:12] Initialising estimates for: Forsyth
WARN [2021-04-13 20:15:59] Buncombe (chain: 1): There were 20 divergent transitions after warmup. See
http://mc-stan.org/misc/warnings.html#divergent-transitions-after-warmup
to find out why this is a problem and how to eliminate them. - 
WARN [2021-04-13 20:15:59] Buncombe (chain: 1): Examine the pairs() plot to diagnose sampling problems
 - 
WARN [2021-04-13 20:16:09] Cumberland (chain: 1): There were 28 divergent transitions after warmup. See
http://mc-stan.org/misc/warnings.html#divergent-transitions-after-warmup
to find out why this is a problem and how to eliminate them. - 
WARN [2021-04-13 20:16:09] Cumberland (chain: 1): Examine the pairs() plot to diagnose sampling problems
 - 
INFO [2021-04-13 20:16:36] Initialising estimates for: Gaston
INFO [2021-04-13 20:16:41] Initialising estimates for: Guilford
WARN [2021-04-13 20:19:12] Forsyth (chain: 1): There were 24 divergent transitions after warmup. See
http://mc-stan.org/misc/warnings.html#divergent-transitions-after-warmup
to find out why this is a problem and how to eliminate them. - 
WARN [2021-04-13 20:19:12] Forsyth (chain: 1): Examine the pairs() plot to diagnose sampling problems
 - 
WARN [2021-04-13 20:19:14] Durham (chain: 1): There were 19 divergent transitions after warmup. See
http://mc-stan.org/misc/warnings.html#divergent-transitions-after-warmup
to find out why this is a problem and how to eliminate them. - 
WARN [2021-04-13 20:19:14] Durham (chain: 1): Examine the pairs() plot to diagnose sampling problems
 - 
INFO [2021-04-13 20:19:55] Initialising estimates for: Mecklenburg
INFO [2021-04-13 20:19:57] Initialising estimates for: New Hanover
WARN [2021-04-13 20:28:26] New Hanover (chain: 1): There were 25 divergent transitions after warmup. See
http://mc-stan.org/misc/warnings.html#divergent-transitions-after-warmup
to find out why this is a problem and how to eliminate them. - 
WARN [2021-04-13 20:28:26] New Hanover (chain: 1): Examine the pairs() plot to diagnose sampling problems
 - 
INFO [2021-04-13 20:29:04] Initialising estimates for: Union
WARN [2021-04-13 20:31:03] Gaston (chain: 1): There were 21 divergent transitions after warmup. See
http://mc-stan.org/misc/warnings.html#divergent-transitions-after-warmup
to find out why this is a problem and how to eliminate them. - 
WARN [2021-04-13 20:31:03] Gaston (chain: 1): Examine the pairs() plot to diagnose sampling problems
 - 
INFO [2021-04-13 20:31:40] Initialising estimates for: Wake
WARN [2021-04-13 20:32:01] Guilford (chain: 1): There were 33 divergent transitions after warmup. See
http://mc-stan.org/misc/warnings.html#divergent-transitions-after-warmup
to find out why this is a problem and how to eliminate them. - 
WARN [2021-04-13 20:32:01] Guilford (chain: 1): Examine the pairs() plot to diagnose sampling problems
 - 
WARN [2021-04-13 20:35:20] Mecklenburg (chain: 1): There were 12 divergent transitions after warmup. See
http://mc-stan.org/misc/warnings.html#divergent-transitions-after-warmup
to find out why this is a problem and how to eliminate them. - 
WARN [2021-04-13 20:35:20] Mecklenburg (chain: 1): Examine the pairs() plot to diagnose sampling problems
 - 
WARN [2021-04-13 20:40:34] Wake (chain: 1): There were 13 divergent transitions after warmup. See
http://mc-stan.org/misc/warnings.html#divergent-transitions-after-warmup
to find out why this is a problem and how to eliminate them. - 
WARN [2021-04-13 20:40:34] Wake (chain: 1): Examine the pairs() plot to diagnose sampling problems
 - 
WARN [2021-04-13 20:40:49] Union (chain: 1): There were 38 divergent transitions after warmup. See
http://mc-stan.org/misc/warnings.html#divergent-transitions-after-warmup
to find out why this is a problem and how to eliminate them. - 
WARN [2021-04-13 20:40:49] Union (chain: 1): Examine the pairs() plot to diagnose sampling problems
 - 
INFO [2021-04-13 20:41:21] Initialising estimates for: Franklin
INFO [2021-04-13 20:41:21] Initialising estimates for: Chatham
INFO [2021-04-13 20:41:22] Initialising estimates for: Orange
INFO [2021-04-13 20:41:23] Initialising estimates for: Wilson
WARN [2021-04-13 20:42:47] Orange: There were 50 divergent transitions after warmup. See
http://mc-stan.org/misc/warnings.html#divergent-transitions-after-warmup
to find out why this is a problem and how to eliminate them. - 
WARN [2021-04-13 20:42:47] Orange: Examine the pairs() plot to diagnose sampling problems
 - 
WARN [2021-04-13 20:42:47] Orange: The largest R-hat is 2.22, indicating chains have not mixed.
Running the chains for more iterations may help. See
http://mc-stan.org/misc/warnings.html#r-hat - 
WARN [2021-04-13 20:42:47] Orange: Bulk Effective Samples Size (ESS) is too low, indicating posterior means and medians may be unreliable.
Running the chains for more iterations may help. See
http://mc-stan.org/misc/warnings.html#bulk-ess - 
WARN [2021-04-13 20:42:48] Orange: Tail Effective Samples Size (ESS) is too low, indicating posterior variances and tail quantiles may be unreliable.
Running the chains for more iterations may help. See
http://mc-stan.org/misc/warnings.html#tail-ess - 
WARN [2021-04-13 20:45:01] Franklin: There were 30 divergent transitions after warmup. See
http://mc-stan.org/misc/warnings.html#divergent-transitions-after-warmup
to find out why this is a problem and how to eliminate them. - 
WARN [2021-04-13 20:45:01] Franklin: There were 20 transitions after warmup that exceeded the maximum treedepth. Increase max_treedepth above 13. See
http://mc-stan.org/misc/warnings.html#maximum-treedepth-exceeded - 
WARN [2021-04-13 20:45:01] Franklin: Examine the pairs() plot to diagnose sampling problems
 - 
WARN [2021-04-13 20:45:02] Franklin: The largest R-hat is 2.1, indicating chains have not mixed.
Running the chains for more iterations may help. See
http://mc-stan.org/misc/warnings.html#r-hat - 
WARN [2021-04-13 20:45:02] Franklin: Bulk Effective Samples Size (ESS) is too low, indicating posterior means and medians may be unreliable.
Running the chains for more iterations may help. See
http://mc-stan.org/misc/warnings.html#bulk-ess - 
WARN [2021-04-13 20:45:03] Franklin: Tail Effective Samples Size (ESS) is too low, indicating posterior variances and tail quantiles may be unreliable.
Running the chains for more iterations may help. See
http://mc-stan.org/misc/warnings.html#tail-ess - 
WARN [2021-04-13 20:45:47] Chatham: There were 48 transitions after warmup that exceeded the maximum treedepth. Increase max_treedepth above 13. See
http://mc-stan.org/misc/warnings.html#maximum-treedepth-exceeded - 
WARN [2021-04-13 20:45:47] Chatham: Examine the pairs() plot to diagnose sampling problems
 - 
WARN [2021-04-13 20:45:47] Chatham: The largest R-hat is 2.07, indicating chains have not mixed.
Running the chains for more iterations may help. See
http://mc-stan.org/misc/warnings.html#r-hat - 
WARN [2021-04-13 20:45:48] Chatham: Bulk Effective Samples Size (ESS) is too low, indicating posterior means and medians may be unreliable.
Running the chains for more iterations may help. See
http://mc-stan.org/misc/warnings.html#bulk-ess - 
WARN [2021-04-13 20:45:49] Chatham: Tail Effective Samples Size (ESS) is too low, indicating posterior variances and tail quantiles may be unreliable.
Running the chains for more iterations may help. See
http://mc-stan.org/misc/warnings.html#tail-ess - 
WARN [2021-04-13 20:46:07] Wilson: There were 1 divergent transitions after warmup. See
http://mc-stan.org/misc/warnings.html#divergent-transitions-after-warmup
to find out why this is a problem and how to eliminate them. - 
WARN [2021-04-13 20:46:07] Wilson: There were 49 transitions after warmup that exceeded the maximum treedepth. Increase max_treedepth above 13. See
http://mc-stan.org/misc/warnings.html#maximum-treedepth-exceeded - 
WARN [2021-04-13 20:46:07] Wilson: Examine the pairs() plot to diagnose sampling problems
 - 
WARN [2021-04-13 20:46:07] Wilson: The largest R-hat is 1.3, indicating chains have not mixed.
Running the chains for more iterations may help. See
http://mc-stan.org/misc/warnings.html#r-hat - 
WARN [2021-04-13 20:46:08] Wilson: Bulk Effective Samples Size (ESS) is too low, indicating posterior means and medians may be unreliable.
Running the chains for more iterations may help. See
http://mc-stan.org/misc/warnings.html#bulk-ess - 
WARN [2021-04-13 20:46:09] Wilson: Tail Effective Samples Size (ESS) is too low, indicating posterior variances and tail quantiles may be unreliable.
Running the chains for more iterations may help. See
http://mc-stan.org/misc/warnings.html#tail-ess - 
WARN [2021-04-13 20:55:46] Chatham (chain: 1): There were 9 divergent transitions after warmup. See
http://mc-stan.org/misc/warnings.html#divergent-transitions-after-warmup
to find out why this is a problem and how to eliminate them. - 
WARN [2021-04-13 20:55:46] Chatham (chain: 1): Examine the pairs() plot to diagnose sampling problems
 - 
WARN [2021-04-13 20:55:47] Franklin (chain: 1): There were 42 divergent transitions after warmup. See
http://mc-stan.org/misc/warnings.html#divergent-transitions-after-warmup
to find out why this is a problem and how to eliminate them. - 
WARN [2021-04-13 20:55:47] Franklin (chain: 1): Examine the pairs() plot to diagnose sampling problems
 - 
WARN [2021-04-13 20:56:24] Orange (chain: 1): There were 44 divergent transitions after warmup. See
http://mc-stan.org/misc/warnings.html#divergent-transitions-after-warmup
to find out why this is a problem and how to eliminate them. - 
WARN [2021-04-13 20:56:24] Orange (chain: 1): Examine the pairs() plot to diagnose sampling problems
 - 
INFO [2021-04-13 20:56:25] Completed estimates for: Chatham
INFO [2021-04-13 20:56:27] Completed estimates for: Franklin
INFO [2021-04-13 20:56:32] Initialising estimates for: Wilkes
INFO [2021-04-13 20:56:33] Initialising estimates for: Wayne
INFO [2021-04-13 20:57:01] Completed estimates for: Orange
INFO [2021-04-13 20:57:08] Initialising estimates for: Carteret
WARN [2021-04-13 20:57:57] Carteret: There were 46 divergent transitions after warmup. See
http://mc-stan.org/misc/warnings.html#divergent-transitions-after-warmup
to find out why this is a problem and how to eliminate them. - 
WARN [2021-04-13 20:57:57] Carteret: Examine the pairs() plot to diagnose sampling problems
 - 
WARN [2021-04-13 20:57:58] Carteret: The largest R-hat is 2.13, indicating chains have not mixed.
Running the chains for more iterations may help. See
http://mc-stan.org/misc/warnings.html#r-hat - 
WARN [2021-04-13 20:57:58] Carteret: Bulk Effective Samples Size (ESS) is too low, indicating posterior means and medians may be unreliable.
Running the chains for more iterations may help. See
http://mc-stan.org/misc/warnings.html#bulk-ess - 
WARN [2021-04-13 20:57:59] Carteret: Tail Effective Samples Size (ESS) is too low, indicating posterior variances and tail quantiles may be unreliable.
Running the chains for more iterations may help. See
http://mc-stan.org/misc/warnings.html#tail-ess - 
WARN [2021-04-13 21:00:36] Wilson (chain: 1): There were 8 divergent transitions after warmup. See
http://mc-stan.org/misc/warnings.html#divergent-transitions-after-warmup
to find out why this is a problem and how to eliminate them. - 
WARN [2021-04-13 21:00:36] Wilson (chain: 1): Examine the pairs() plot to diagnose sampling problems
 - 
WARN [2021-04-13 21:00:37] Wayne: There were 18 divergent transitions after warmup. See
http://mc-stan.org/misc/warnings.html#divergent-transitions-after-warmup
to find out why this is a problem and how to eliminate them. - 
WARN [2021-04-13 21:00:37] Wayne: There were 30 transitions after warmup that exceeded the maximum treedepth. Increase max_treedepth above 13. See
http://mc-stan.org/misc/warnings.html#maximum-treedepth-exceeded - 
WARN [2021-04-13 21:00:37] Wayne: Examine the pairs() plot to diagnose sampling problems
 - 
WARN [2021-04-13 21:00:37] Wayne: The largest R-hat is 1.91, indicating chains have not mixed.
Running the chains for more iterations may help. See
http://mc-stan.org/misc/warnings.html#r-hat - 
WARN [2021-04-13 21:00:38] Wayne: Bulk Effective Samples Size (ESS) is too low, indicating posterior means and medians may be unreliable.
Running the chains for more iterations may help. See
http://mc-stan.org/misc/warnings.html#bulk-ess - 
WARN [2021-04-13 21:00:39] Wayne: Tail Effective Samples Size (ESS) is too low, indicating posterior variances and tail quantiles may be unreliable.
Running the chains for more iterations may help. See
http://mc-stan.org/misc/warnings.html#tail-ess - 
WARN [2021-04-13 21:01:05] Wilkes: There were 50 transitions after warmup that exceeded the maximum treedepth. Increase max_treedepth above 13. See
http://mc-stan.org/misc/warnings.html#maximum-treedepth-exceeded - 
WARN [2021-04-13 21:01:05] Wilkes: Examine the pairs() plot to diagnose sampling problems
 - 
WARN [2021-04-13 21:01:05] Wilkes: The largest R-hat is 2.06, indicating chains have not mixed.
Running the chains for more iterations may help. See
http://mc-stan.org/misc/warnings.html#r-hat - 
WARN [2021-04-13 21:01:06] Wilkes: Bulk Effective Samples Size (ESS) is too low, indicating posterior means and medians may be unreliable.
Running the chains for more iterations may help. See
http://mc-stan.org/misc/warnings.html#bulk-ess - 
WARN [2021-04-13 21:01:07] Wilkes: Tail Effective Samples Size (ESS) is too low, indicating posterior variances and tail quantiles may be unreliable.
Running the chains for more iterations may help. See
http://mc-stan.org/misc/warnings.html#tail-ess - 
INFO [2021-04-13 21:01:25] Completed estimates for: Wilson
INFO [2021-04-13 21:01:31] Initialising estimates for: Brunswick
WARN [2021-04-13 21:04:24] Carteret (chain: 1): There were 57 divergent transitions after warmup. See
http://mc-stan.org/misc/warnings.html#divergent-transitions-after-warmup
to find out why this is a problem and how to eliminate them. - 
WARN [2021-04-13 21:04:24] Carteret (chain: 1): Examine the pairs() plot to diagnose sampling problems
 - 
INFO [2021-04-13 21:05:06] Completed estimates for: Carteret
INFO [2021-04-13 21:05:11] Initialising estimates for: Burke
WARN [2021-04-13 21:06:20] Brunswick: There were 38 divergent transitions after warmup. See
http://mc-stan.org/misc/warnings.html#divergent-transitions-after-warmup
to find out why this is a problem and how to eliminate them. - 
WARN [2021-04-13 21:06:20] Brunswick: There were 10 transitions after warmup that exceeded the maximum treedepth. Increase max_treedepth above 13. See
http://mc-stan.org/misc/warnings.html#maximum-treedepth-exceeded - 
WARN [2021-04-13 21:06:20] Brunswick: Examine the pairs() plot to diagnose sampling problems
 - 
WARN [2021-04-13 21:06:21] Brunswick: The largest R-hat is 2.11, indicating chains have not mixed.
Running the chains for more iterations may help. See
http://mc-stan.org/misc/warnings.html#r-hat - 
WARN [2021-04-13 21:06:22] Brunswick: Bulk Effective Samples Size (ESS) is too low, indicating posterior means and medians may be unreliable.
Running the chains for more iterations may help. See
http://mc-stan.org/misc/warnings.html#bulk-ess - 
WARN [2021-04-13 21:06:23] Brunswick: Tail Effective Samples Size (ESS) is too low, indicating posterior variances and tail quantiles may be unreliable.
Running the chains for more iterations may help. See
http://mc-stan.org/misc/warnings.html#tail-ess - 
WARN [2021-04-13 21:11:22] Burke: There were 50 transitions after warmup that exceeded the maximum treedepth. Increase max_treedepth above 13. See
http://mc-stan.org/misc/warnings.html#maximum-treedepth-exceeded - 
WARN [2021-04-13 21:11:22] Burke: Examine the pairs() plot to diagnose sampling problems
 - 
WARN [2021-04-13 21:11:23] Burke: The largest R-hat is 1.25, indicating chains have not mixed.
Running the chains for more iterations may help. See
http://mc-stan.org/misc/warnings.html#r-hat - 
WARN [2021-04-13 21:11:23] Burke: Bulk Effective Samples Size (ESS) is too low, indicating posterior means and medians may be unreliable.
Running the chains for more iterations may help. See
http://mc-stan.org/misc/warnings.html#bulk-ess - 
WARN [2021-04-13 21:11:24] Burke: Tail Effective Samples Size (ESS) is too low, indicating posterior variances and tail quantiles may be unreliable.
Running the chains for more iterations may help. See
http://mc-stan.org/misc/warnings.html#tail-ess - 
WARN [2021-04-13 21:11:57] Wayne (chain: 1): There were 9 divergent transitions after warmup. See
http://mc-stan.org/misc/warnings.html#divergent-transitions-after-warmup
to find out why this is a problem and how to eliminate them. - 
WARN [2021-04-13 21:11:57] Wayne (chain: 1): Examine the pairs() plot to diagnose sampling problems
 - 
INFO [2021-04-13 21:12:42] Completed estimates for: Wayne
INFO [2021-04-13 21:12:49] Initialising estimates for: Nash
WARN [2021-04-13 21:18:23] Nash: There were 7 divergent transitions after warmup. See
http://mc-stan.org/misc/warnings.html#divergent-transitions-after-warmup
to find out why this is a problem and how to eliminate them. - 
WARN [2021-04-13 21:18:23] Nash: There were 43 transitions after warmup that exceeded the maximum treedepth. Increase max_treedepth above 13. See
http://mc-stan.org/misc/warnings.html#maximum-treedepth-exceeded - 
WARN [2021-04-13 21:18:23] Nash: Examine the pairs() plot to diagnose sampling problems
 - 
WARN [2021-04-13 21:18:24] Nash: The largest R-hat is 2.09, indicating chains have not mixed.
Running the chains for more iterations may help. See
http://mc-stan.org/misc/warnings.html#r-hat - 
WARN [2021-04-13 21:18:24] Nash: Bulk Effective Samples Size (ESS) is too low, indicating posterior means and medians may be unreliable.
Running the chains for more iterations may help. See
http://mc-stan.org/misc/warnings.html#bulk-ess - 
WARN [2021-04-13 21:18:25] Nash: Tail Effective Samples Size (ESS) is too low, indicating posterior variances and tail quantiles may be unreliable.
Running the chains for more iterations may help. See
http://mc-stan.org/misc/warnings.html#tail-ess - 
WARN [2021-04-13 21:18:38] Wilkes (chain: 1): There were 10 divergent transitions after warmup. See
http://mc-stan.org/misc/warnings.html#divergent-transitions-after-warmup
to find out why this is a problem and how to eliminate them. - 
WARN [2021-04-13 21:18:38] Wilkes (chain: 1): Examine the pairs() plot to diagnose sampling problems
 - 
INFO [2021-04-13 21:19:19] Completed estimates for: Wilkes
INFO [2021-04-13 21:19:26] Initialising estimates for: Moore
WARN [2021-04-13 21:19:40] Burke (chain: 1): There were 23 divergent transitions after warmup. See
http://mc-stan.org/misc/warnings.html#divergent-transitions-after-warmup
to find out why this is a problem and how to eliminate them. - 
WARN [2021-04-13 21:19:40] Burke (chain: 1): Examine the pairs() plot to diagnose sampling problems
 - 
INFO [2021-04-13 21:20:18] Completed estimates for: Burke
INFO [2021-04-13 21:20:24] Initialising estimates for: Rockingham
WARN [2021-04-13 21:21:11] Moore: There were 48 divergent transitions after warmup. See
http://mc-stan.org/misc/warnings.html#divergent-transitions-after-warmup
to find out why this is a problem and how to eliminate them. - 
WARN [2021-04-13 21:21:11] Moore: Examine the pairs() plot to diagnose sampling problems
 - 
WARN [2021-04-13 21:21:11] Moore: The largest R-hat is 2.24, indicating chains have not mixed.
Running the chains for more iterations may help. See
http://mc-stan.org/misc/warnings.html#r-hat - 
WARN [2021-04-13 21:21:11] Moore: Bulk Effective Samples Size (ESS) is too low, indicating posterior means and medians may be unreliable.
Running the chains for more iterations may help. See
http://mc-stan.org/misc/warnings.html#bulk-ess - 
WARN [2021-04-13 21:21:12] Moore: Tail Effective Samples Size (ESS) is too low, indicating posterior variances and tail quantiles may be unreliable.
Running the chains for more iterations may help. See
http://mc-stan.org/misc/warnings.html#tail-ess - 
WARN [2021-04-13 21:22:07] Rockingham: There were 50 divergent transitions after warmup. See
http://mc-stan.org/misc/warnings.html#divergent-transitions-after-warmup
to find out why this is a problem and how to eliminate them. - 
WARN [2021-04-13 21:22:07] Rockingham: Examine the pairs() plot to diagnose sampling problems
 - 
WARN [2021-04-13 21:22:08] Rockingham: The largest R-hat is 2.23, indicating chains have not mixed.
Running the chains for more iterations may help. See
http://mc-stan.org/misc/warnings.html#r-hat - 
WARN [2021-04-13 21:22:08] Rockingham: Bulk Effective Samples Size (ESS) is too low, indicating posterior means and medians may be unreliable.
Running the chains for more iterations may help. See
http://mc-stan.org/misc/warnings.html#bulk-ess - 
WARN [2021-04-13 21:22:09] Rockingham: Tail Effective Samples Size (ESS) is too low, indicating posterior variances and tail quantiles may be unreliable.
Running the chains for more iterations may help. See
http://mc-stan.org/misc/warnings.html#tail-ess - 
WARN [2021-04-13 21:24:08] Brunswick (chain: 1): There were 8 divergent transitions after warmup. See
http://mc-stan.org/misc/warnings.html#divergent-transitions-after-warmup
to find out why this is a problem and how to eliminate them. - 
WARN [2021-04-13 21:24:08] Brunswick (chain: 1): Examine the pairs() plot to diagnose sampling problems
 - 
INFO [2021-04-13 21:24:56] Completed estimates for: Brunswick
INFO [2021-04-13 21:25:03] Initialising estimates for: Harnett
WARN [2021-04-13 21:27:52] Harnett: There were 42 divergent transitions after warmup. See
http://mc-stan.org/misc/warnings.html#divergent-transitions-after-warmup
to find out why this is a problem and how to eliminate them. - 
WARN [2021-04-13 21:27:52] Harnett: There were 6 transitions after warmup that exceeded the maximum treedepth. Increase max_treedepth above 13. See
http://mc-stan.org/misc/warnings.html#maximum-treedepth-exceeded - 
WARN [2021-04-13 21:27:52] Harnett: Examine the pairs() plot to diagnose sampling problems
 - 
WARN [2021-04-13 21:27:53] Harnett: The largest R-hat is 1.98, indicating chains have not mixed.
Running the chains for more iterations may help. See
http://mc-stan.org/misc/warnings.html#r-hat - 
WARN [2021-04-13 21:27:53] Harnett: Bulk Effective Samples Size (ESS) is too low, indicating posterior means and medians may be unreliable.
Running the chains for more iterations may help. See
http://mc-stan.org/misc/warnings.html#bulk-ess - 
WARN [2021-04-13 21:27:55] Harnett: Tail Effective Samples Size (ESS) is too low, indicating posterior variances and tail quantiles may be unreliable.
Running the chains for more iterations may help. See
http://mc-stan.org/misc/warnings.html#tail-ess - 
WARN [2021-04-13 21:30:22] Rockingham (chain: 1): There were 18 divergent transitions after warmup. See
http://mc-stan.org/misc/warnings.html#divergent-transitions-after-warmup
to find out why this is a problem and how to eliminate them. - 
WARN [2021-04-13 21:30:22] Rockingham (chain: 1): Examine the pairs() plot to diagnose sampling problems
 - 
INFO [2021-04-13 21:30:58] Completed estimates for: Rockingham
INFO [2021-04-13 21:31:03] Initialising estimates for: Pitt
WARN [2021-04-13 21:32:00] Nash (chain: 1): There were 130 divergent transitions after warmup. See
http://mc-stan.org/misc/warnings.html#divergent-transitions-after-warmup
to find out why this is a problem and how to eliminate them. - 
WARN [2021-04-13 21:32:00] Nash (chain: 1): Examine the pairs() plot to diagnose sampling problems
 - 
WARN [2021-04-13 21:32:07] Nash (chain: 1): Bulk Effective Samples Size (ESS) is too low, indicating posterior means and medians may be unreliable.
Running the chains for more iterations may help. See
http://mc-stan.org/misc/warnings.html#bulk-ess - 
WARN [2021-04-13 21:32:11] Nash (chain: 1): Tail Effective Samples Size (ESS) is too low, indicating posterior variances and tail quantiles may be unreliable.
Running the chains for more iterations may help. See
http://mc-stan.org/misc/warnings.html#tail-ess - 
WARN [2021-04-13 21:32:23] Moore (chain: 1): There were 9 divergent transitions after warmup. See
http://mc-stan.org/misc/warnings.html#divergent-transitions-after-warmup
to find out why this is a problem and how to eliminate them. - 
WARN [2021-04-13 21:32:23] Moore (chain: 1): Examine the pairs() plot to diagnose sampling problems
 - 
INFO [2021-04-13 21:32:35] Completed estimates for: Nash
INFO [2021-04-13 21:32:40] Initialising estimates for: Surry
INFO [2021-04-13 21:32:59] Completed estimates for: Moore
INFO [2021-04-13 21:33:04] Initialising estimates for: Randolph
WARN [2021-04-13 21:35:31] Pitt: There were 1 divergent transitions after warmup. See
http://mc-stan.org/misc/warnings.html#divergent-transitions-after-warmup
to find out why this is a problem and how to eliminate them. - 
WARN [2021-04-13 21:35:31] Pitt: There were 46 transitions after warmup that exceeded the maximum treedepth. Increase max_treedepth above 13. See
http://mc-stan.org/misc/warnings.html#maximum-treedepth-exceeded - 
WARN [2021-04-13 21:35:31] Pitt: Examine the pairs() plot to diagnose sampling problems
 - 
WARN [2021-04-13 21:35:31] Pitt: The largest R-hat is 1.22, indicating chains have not mixed.
Running the chains for more iterations may help. See
http://mc-stan.org/misc/warnings.html#r-hat - 
WARN [2021-04-13 21:35:32] Pitt: Bulk Effective Samples Size (ESS) is too low, indicating posterior means and medians may be unreliable.
Running the chains for more iterations may help. See
http://mc-stan.org/misc/warnings.html#bulk-ess - 
WARN [2021-04-13 21:35:33] Pitt: Tail Effective Samples Size (ESS) is too low, indicating posterior variances and tail quantiles may be unreliable.
Running the chains for more iterations may help. See
http://mc-stan.org/misc/warnings.html#tail-ess - 
WARN [2021-04-13 21:35:58] Surry: There were 39 divergent transitions after warmup. See
http://mc-stan.org/misc/warnings.html#divergent-transitions-after-warmup
to find out why this is a problem and how to eliminate them. - 
WARN [2021-04-13 21:35:58] Surry: There were 4 transitions after warmup that exceeded the maximum treedepth. Increase max_treedepth above 13. See
http://mc-stan.org/misc/warnings.html#maximum-treedepth-exceeded - 
WARN [2021-04-13 21:35:58] Surry: Examine the pairs() plot to diagnose sampling problems
 - 
WARN [2021-04-13 21:35:59] Surry: The largest R-hat is 1.89, indicating chains have not mixed.
Running the chains for more iterations may help. See
http://mc-stan.org/misc/warnings.html#r-hat - 
WARN [2021-04-13 21:36:00] Surry: Bulk Effective Samples Size (ESS) is too low, indicating posterior means and medians may be unreliable.
Running the chains for more iterations may help. See
http://mc-stan.org/misc/warnings.html#bulk-ess - 
WARN [2021-04-13 21:36:01] Surry: Tail Effective Samples Size (ESS) is too low, indicating posterior variances and tail quantiles may be unreliable.
Running the chains for more iterations may help. See
http://mc-stan.org/misc/warnings.html#tail-ess - 
WARN [2021-04-13 21:36:45] Harnett (chain: 1): There were 18 divergent transitions after warmup. See
http://mc-stan.org/misc/warnings.html#divergent-transitions-after-warmup
to find out why this is a problem and how to eliminate them. - 
WARN [2021-04-13 21:36:45] Harnett (chain: 1): Examine the pairs() plot to diagnose sampling problems
 - 
INFO [2021-04-13 21:37:26] Completed estimates for: Harnett
INFO [2021-04-13 21:37:33] Initialising estimates for: Robeson
WARN [2021-04-13 21:37:58] Randolph: There were 50 transitions after warmup that exceeded the maximum treedepth. Increase max_treedepth above 13. See
http://mc-stan.org/misc/warnings.html#maximum-treedepth-exceeded - 
WARN [2021-04-13 21:37:58] Randolph: Examine the pairs() plot to diagnose sampling problems
 - 
WARN [2021-04-13 21:37:59] Randolph: The largest R-hat is 1.39, indicating chains have not mixed.
Running the chains for more iterations may help. See
http://mc-stan.org/misc/warnings.html#r-hat - 
WARN [2021-04-13 21:38:00] Randolph: Bulk Effective Samples Size (ESS) is too low, indicating posterior means and medians may be unreliable.
Running the chains for more iterations may help. See
http://mc-stan.org/misc/warnings.html#bulk-ess - 
WARN [2021-04-13 21:38:02] Randolph: Tail Effective Samples Size (ESS) is too low, indicating posterior variances and tail quantiles may be unreliable.
Running the chains for more iterations may help. See
http://mc-stan.org/misc/warnings.html#tail-ess - 
WARN [2021-04-13 21:44:42] Robeson: There were 50 transitions after warmup that exceeded the maximum treedepth. Increase max_treedepth above 13. See
http://mc-stan.org/misc/warnings.html#maximum-treedepth-exceeded - 
WARN [2021-04-13 21:44:42] Robeson: Examine the pairs() plot to diagnose sampling problems
 - 
WARN [2021-04-13 21:44:43] Robeson: The largest R-hat is 1.43, indicating chains have not mixed.
Running the chains for more iterations may help. See
http://mc-stan.org/misc/warnings.html#r-hat - 
WARN [2021-04-13 21:44:43] Robeson: Bulk Effective Samples Size (ESS) is too low, indicating posterior means and medians may be unreliable.
Running the chains for more iterations may help. See
http://mc-stan.org/misc/warnings.html#bulk-ess - 
WARN [2021-04-13 21:44:45] Robeson: Tail Effective Samples Size (ESS) is too low, indicating posterior variances and tail quantiles may be unreliable.
Running the chains for more iterations may help. See
http://mc-stan.org/misc/warnings.html#tail-ess - 
WARN [2021-04-13 21:52:23] Randolph (chain: 1): There were 16 divergent transitions after warmup. See
http://mc-stan.org/misc/warnings.html#divergent-transitions-after-warmup
to find out why this is a problem and how to eliminate them. - 
WARN [2021-04-13 21:52:23] Randolph (chain: 1): Examine the pairs() plot to diagnose sampling problems
 - 
WARN [2021-04-13 21:52:47] Surry (chain: 1): There were 8 divergent transitions after warmup. See
http://mc-stan.org/misc/warnings.html#divergent-transitions-after-warmup
to find out why this is a problem and how to eliminate them. - 
WARN [2021-04-13 21:52:47] Surry (chain: 1): Examine the pairs() plot to diagnose sampling problems
 - 
WARN [2021-04-13 21:53:02] Pitt (chain: 1): There were 15 divergent transitions after warmup. See
http://mc-stan.org/misc/warnings.html#divergent-transitions-after-warmup
to find out why this is a problem and how to eliminate them. - 
WARN [2021-04-13 21:53:02] Pitt (chain: 1): Examine the pairs() plot to diagnose sampling problems
 - 
INFO [2021-04-13 21:53:11] Completed estimates for: Randolph
WARN [2021-04-13 21:53:12] Robeson (chain: 1): There were 81 divergent transitions after warmup. See
http://mc-stan.org/misc/warnings.html#divergent-transitions-after-warmup
to find out why this is a problem and how to eliminate them. - 
WARN [2021-04-13 21:53:12] Robeson (chain: 1): Examine the pairs() plot to diagnose sampling problems
 - 
INFO [2021-04-13 21:53:18] Completed estimates for: Surry
INFO [2021-04-13 21:53:20] Initialising estimates for: Iredell
INFO [2021-04-13 21:53:22] Initialising estimates for: Onslow
INFO [2021-04-13 21:53:31] Completed estimates for: Pitt
INFO [2021-04-13 21:53:38] Initialising estimates for: Lincoln
INFO [2021-04-13 21:53:42] Completed estimates for: Robeson
INFO [2021-04-13 21:53:46] Initialising estimates for: Henderson
WARN [2021-04-13 21:56:30] Onslow: There were 50 transitions after warmup that exceeded the maximum treedepth. Increase max_treedepth above 13. See
http://mc-stan.org/misc/warnings.html#maximum-treedepth-exceeded - 
WARN [2021-04-13 21:56:30] Onslow: Examine the pairs() plot to diagnose sampling problems
 - 
WARN [2021-04-13 21:56:30] Onslow: The largest R-hat is 1.26, indicating chains have not mixed.
Running the chains for more iterations may help. See
http://mc-stan.org/misc/warnings.html#r-hat - 
WARN [2021-04-13 21:56:30] Onslow: Bulk Effective Samples Size (ESS) is too low, indicating posterior means and medians may be unreliable.
Running the chains for more iterations may help. See
http://mc-stan.org/misc/warnings.html#bulk-ess - 
WARN [2021-04-13 21:56:32] Onslow: Tail Effective Samples Size (ESS) is too low, indicating posterior variances and tail quantiles may be unreliable.
Running the chains for more iterations may help. See
http://mc-stan.org/misc/warnings.html#tail-ess - 
WARN [2021-04-13 21:57:19] Lincoln: There were 50 transitions after warmup that exceeded the maximum treedepth. Increase max_treedepth above 13. See
http://mc-stan.org/misc/warnings.html#maximum-treedepth-exceeded - 
WARN [2021-04-13 21:57:19] Lincoln: Examine the pairs() plot to diagnose sampling problems
 - 
WARN [2021-04-13 21:57:20] Lincoln: The largest R-hat is 2.11, indicating chains have not mixed.
Running the chains for more iterations may help. See
http://mc-stan.org/misc/warnings.html#r-hat - 
WARN [2021-04-13 21:57:20] Lincoln: Bulk Effective Samples Size (ESS) is too low, indicating posterior means and medians may be unreliable.
Running the chains for more iterations may help. See
http://mc-stan.org/misc/warnings.html#bulk-ess - 
WARN [2021-04-13 21:57:21] Iredell: There were 50 transitions after warmup that exceeded the maximum treedepth. Increase max_treedepth above 13. See
http://mc-stan.org/misc/warnings.html#maximum-treedepth-exceeded - 
WARN [2021-04-13 21:57:21] Iredell: Examine the pairs() plot to diagnose sampling problems
 - 
WARN [2021-04-13 21:57:21] Lincoln: Tail Effective Samples Size (ESS) is too low, indicating posterior variances and tail quantiles may be unreliable.
Running the chains for more iterations may help. See
http://mc-stan.org/misc/warnings.html#tail-ess - 
WARN [2021-04-13 21:57:21] Iredell: The largest R-hat is 1.34, indicating chains have not mixed.
Running the chains for more iterations may help. See
http://mc-stan.org/misc/warnings.html#r-hat - 
WARN [2021-04-13 21:57:22] Iredell: Bulk Effective Samples Size (ESS) is too low, indicating posterior means and medians may be unreliable.
Running the chains for more iterations may help. See
http://mc-stan.org/misc/warnings.html#bulk-ess - 
WARN [2021-04-13 21:57:23] Iredell: Tail Effective Samples Size (ESS) is too low, indicating posterior variances and tail quantiles may be unreliable.
Running the chains for more iterations may help. See
http://mc-stan.org/misc/warnings.html#tail-ess - 
WARN [2021-04-13 21:57:36] Henderson: There were 3 divergent transitions after warmup. See
http://mc-stan.org/misc/warnings.html#divergent-transitions-after-warmup
to find out why this is a problem and how to eliminate them. - 
WARN [2021-04-13 21:57:36] Henderson: There were 44 transitions after warmup that exceeded the maximum treedepth. Increase max_treedepth above 13. See
http://mc-stan.org/misc/warnings.html#maximum-treedepth-exceeded - 
WARN [2021-04-13 21:57:36] Henderson: Examine the pairs() plot to diagnose sampling problems
 - 
WARN [2021-04-13 21:57:37] Henderson: The largest R-hat is 1.29, indicating chains have not mixed.
Running the chains for more iterations may help. See
http://mc-stan.org/misc/warnings.html#r-hat - 
WARN [2021-04-13 21:57:37] Henderson: Bulk Effective Samples Size (ESS) is too low, indicating posterior means and medians may be unreliable.
Running the chains for more iterations may help. See
http://mc-stan.org/misc/warnings.html#bulk-ess - 
WARN [2021-04-13 21:57:40] Henderson: Tail Effective Samples Size (ESS) is too low, indicating posterior variances and tail quantiles may be unreliable.
Running the chains for more iterations may help. See
http://mc-stan.org/misc/warnings.html#tail-ess - 
WARN [2021-04-13 22:09:42] Lincoln (chain: 1): There were 4 divergent transitions after warmup. See
http://mc-stan.org/misc/warnings.html#divergent-transitions-after-warmup
to find out why this is a problem and how to eliminate them. - 
WARN [2021-04-13 22:09:42] Lincoln (chain: 1): Examine the pairs() plot to diagnose sampling problems
 - 
WARN [2021-04-13 22:09:53] Iredell (chain: 1): There were 34 divergent transitions after warmup. See
http://mc-stan.org/misc/warnings.html#divergent-transitions-after-warmup
to find out why this is a problem and how to eliminate them. - 
WARN [2021-04-13 22:09:53] Iredell (chain: 1): Examine the pairs() plot to diagnose sampling problems
 - 
INFO [2021-04-13 22:10:19] Completed estimates for: Lincoln
INFO [2021-04-13 22:10:23] Initialising estimates for: Craven
INFO [2021-04-13 22:10:30] Completed estimates for: Iredell
INFO [2021-04-13 22:10:36] Initialising estimates for: Caldwell
WARN [2021-04-13 22:11:51] Craven: There were 46 divergent transitions after warmup. See
http://mc-stan.org/misc/warnings.html#divergent-transitions-after-warmup
to find out why this is a problem and how to eliminate them. - 
WARN [2021-04-13 22:11:51] Craven: Examine the pairs() plot to diagnose sampling problems
 - 
WARN [2021-04-13 22:11:51] Craven: The largest R-hat is 2.21, indicating chains have not mixed.
Running the chains for more iterations may help. See
http://mc-stan.org/misc/warnings.html#r-hat - 
WARN [2021-04-13 22:11:52] Craven: Bulk Effective Samples Size (ESS) is too low, indicating posterior means and medians may be unreliable.
Running the chains for more iterations may help. See
http://mc-stan.org/misc/warnings.html#bulk-ess - 
WARN [2021-04-13 22:11:54] Craven: Tail Effective Samples Size (ESS) is too low, indicating posterior variances and tail quantiles may be unreliable.
Running the chains for more iterations may help. See
http://mc-stan.org/misc/warnings.html#tail-ess - 
WARN [2021-04-13 22:14:07] Henderson (chain: 1): There were 12 divergent transitions after warmup. See
http://mc-stan.org/misc/warnings.html#divergent-transitions-after-warmup
to find out why this is a problem and how to eliminate them. - 
WARN [2021-04-13 22:14:07] Henderson (chain: 1): Examine the pairs() plot to diagnose sampling problems
 - 
WARN [2021-04-13 22:14:32] Onslow (chain: 1): There were 14 divergent transitions after warmup. See
http://mc-stan.org/misc/warnings.html#divergent-transitions-after-warmup
to find out why this is a problem and how to eliminate them. - 
WARN [2021-04-13 22:14:32] Onslow (chain: 1): Examine the pairs() plot to diagnose sampling problems
 - 
INFO [2021-04-13 22:14:42] Completed estimates for: Henderson
INFO [2021-04-13 22:14:48] Initialising estimates for: New Hanover
INFO [2021-04-13 22:15:08] Completed estimates for: Onslow
INFO [2021-04-13 22:15:14] Initialising estimates for: Cumberland
WARN [2021-04-13 22:15:58] Caldwell: There were 50 transitions after warmup that exceeded the maximum treedepth. Increase max_treedepth above 13. See
http://mc-stan.org/misc/warnings.html#maximum-treedepth-exceeded - 
WARN [2021-04-13 22:15:58] Caldwell: Examine the pairs() plot to diagnose sampling problems
 - 
WARN [2021-04-13 22:15:59] Caldwell: The largest R-hat is 1.35, indicating chains have not mixed.
Running the chains for more iterations may help. See
http://mc-stan.org/misc/warnings.html#r-hat - 
WARN [2021-04-13 22:15:59] Caldwell: Bulk Effective Samples Size (ESS) is too low, indicating posterior means and medians may be unreliable.
Running the chains for more iterations may help. See
http://mc-stan.org/misc/warnings.html#bulk-ess - 
WARN [2021-04-13 22:16:01] Caldwell: Tail Effective Samples Size (ESS) is too low, indicating posterior variances and tail quantiles may be unreliable.
Running the chains for more iterations may help. See
http://mc-stan.org/misc/warnings.html#tail-ess - 
WARN [2021-04-13 22:17:43] Craven (chain: 1): There were 165 divergent transitions after warmup. See
http://mc-stan.org/misc/warnings.html#divergent-transitions-after-warmup
to find out why this is a problem and how to eliminate them. - 
WARN [2021-04-13 22:17:43] Craven (chain: 1): Examine the pairs() plot to diagnose sampling problems
 - 
INFO [2021-04-13 22:18:19] Completed estimates for: Craven
INFO [2021-04-13 22:18:24] Initialising estimates for: Alamance
WARN [2021-04-13 22:19:52] New Hanover: There were 49 transitions after warmup that exceeded the maximum treedepth. Increase max_treedepth above 13. See
http://mc-stan.org/misc/warnings.html#maximum-treedepth-exceeded - 
WARN [2021-04-13 22:19:52] New Hanover: Examine the pairs() plot to diagnose sampling problems
 - 
WARN [2021-04-13 22:19:52] New Hanover: The largest R-hat is 1.57, indicating chains have not mixed.
Running the chains for more iterations may help. See
http://mc-stan.org/misc/warnings.html#r-hat - 
WARN [2021-04-13 22:19:52] New Hanover: Bulk Effective Samples Size (ESS) is too low, indicating posterior means and medians may be unreliable.
Running the chains for more iterations may help. See
http://mc-stan.org/misc/warnings.html#bulk-ess - 
WARN [2021-04-13 22:19:53] New Hanover: Tail Effective Samples Size (ESS) is too low, indicating posterior variances and tail quantiles may be unreliable.
Running the chains for more iterations may help. See
http://mc-stan.org/misc/warnings.html#tail-ess - 
WARN [2021-04-13 22:20:38] Cumberland: There were 50 transitions after warmup that exceeded the maximum treedepth. Increase max_treedepth above 13. See
http://mc-stan.org/misc/warnings.html#maximum-treedepth-exceeded - 
WARN [2021-04-13 22:20:38] Cumberland: Examine the pairs() plot to diagnose sampling problems
 - 
WARN [2021-04-13 22:20:39] Cumberland: The largest R-hat is 1.22, indicating chains have not mixed.
Running the chains for more iterations may help. See
http://mc-stan.org/misc/warnings.html#r-hat - 
WARN [2021-04-13 22:20:39] Cumberland: Bulk Effective Samples Size (ESS) is too low, indicating posterior means and medians may be unreliable.
Running the chains for more iterations may help. See
http://mc-stan.org/misc/warnings.html#bulk-ess - 
WARN [2021-04-13 22:20:41] Cumberland: Tail Effective Samples Size (ESS) is too low, indicating posterior variances and tail quantiles may be unreliable.
Running the chains for more iterations may help. See
http://mc-stan.org/misc/warnings.html#tail-ess - 
WARN [2021-04-13 22:20:52] Caldwell (chain: 1): There were 620 divergent transitions after warmup. See
http://mc-stan.org/misc/warnings.html#divergent-transitions-after-warmup
to find out why this is a problem and how to eliminate them. - 
WARN [2021-04-13 22:20:52] Caldwell (chain: 1): Examine the pairs() plot to diagnose sampling problems
 - 
WARN [2021-04-13 22:20:57] Caldwell (chain: 1): The largest R-hat is 1.21, indicating chains have not mixed.
Running the chains for more iterations may help. See
http://mc-stan.org/misc/warnings.html#r-hat - 
WARN [2021-04-13 22:21:03] Caldwell (chain: 1): Bulk Effective Samples Size (ESS) is too low, indicating posterior means and medians may be unreliable.
Running the chains for more iterations may help. See
http://mc-stan.org/misc/warnings.html#bulk-ess - 
WARN [2021-04-13 22:21:08] Caldwell (chain: 1): Tail Effective Samples Size (ESS) is too low, indicating posterior variances and tail quantiles may be unreliable.
Running the chains for more iterations may help. See
http://mc-stan.org/misc/warnings.html#tail-ess - 
INFO [2021-04-13 22:21:38] Completed estimates for: Caldwell
INFO [2021-04-13 22:21:44] Initialising estimates for: Cleveland
WARN [2021-04-13 22:23:48] Alamance: There were 50 transitions after warmup that exceeded the maximum treedepth. Increase max_treedepth above 13. See
http://mc-stan.org/misc/warnings.html#maximum-treedepth-exceeded - 
WARN [2021-04-13 22:23:48] Alamance: Examine the pairs() plot to diagnose sampling problems
 - 
WARN [2021-04-13 22:23:49] Alamance: The largest R-hat is 1.27, indicating chains have not mixed.
Running the chains for more iterations may help. See
http://mc-stan.org/misc/warnings.html#r-hat - 
WARN [2021-04-13 22:23:50] Alamance: Bulk Effective Samples Size (ESS) is too low, indicating posterior means and medians may be unreliable.
Running the chains for more iterations may help. See
http://mc-stan.org/misc/warnings.html#bulk-ess - 
WARN [2021-04-13 22:23:52] Alamance: Tail Effective Samples Size (ESS) is too low, indicating posterior variances and tail quantiles may be unreliable.
Running the chains for more iterations may help. See
http://mc-stan.org/misc/warnings.html#tail-ess - 
WARN [2021-04-13 22:25:07] Cleveland: There were 47 divergent transitions after warmup. See
http://mc-stan.org/misc/warnings.html#divergent-transitions-after-warmup
to find out why this is a problem and how to eliminate them. - 
WARN [2021-04-13 22:25:07] Cleveland: There were 3 transitions after warmup that exceeded the maximum treedepth. Increase max_treedepth above 13. See
http://mc-stan.org/misc/warnings.html#maximum-treedepth-exceeded - 
WARN [2021-04-13 22:25:07] Cleveland: Examine the pairs() plot to diagnose sampling problems
 - 
WARN [2021-04-13 22:25:08] Cleveland: The largest R-hat is 2.09, indicating chains have not mixed.
Running the chains for more iterations may help. See
http://mc-stan.org/misc/warnings.html#r-hat - 
WARN [2021-04-13 22:25:09] Cleveland: Bulk Effective Samples Size (ESS) is too low, indicating posterior means and medians may be unreliable.
Running the chains for more iterations may help. See
http://mc-stan.org/misc/warnings.html#bulk-ess - 
WARN [2021-04-13 22:25:11] Cleveland: Tail Effective Samples Size (ESS) is too low, indicating posterior variances and tail quantiles may be unreliable.
Running the chains for more iterations may help. See
http://mc-stan.org/misc/warnings.html#tail-ess - 
WARN [2021-04-13 22:31:09] New Hanover (chain: 1): There were 19 divergent transitions after warmup. See
http://mc-stan.org/misc/warnings.html#divergent-transitions-after-warmup
to find out why this is a problem and how to eliminate them. - 
WARN [2021-04-13 22:31:09] New Hanover (chain: 1): Examine the pairs() plot to diagnose sampling problems
 - 
INFO [2021-04-13 22:31:52] Completed estimates for: New Hanover
INFO [2021-04-13 22:31:57] Initialising estimates for: Davidson
WARN [2021-04-13 22:34:35] Cumberland (chain: 1): There were 32 divergent transitions after warmup. See
http://mc-stan.org/misc/warnings.html#divergent-transitions-after-warmup
to find out why this is a problem and how to eliminate them. - 
WARN [2021-04-13 22:34:35] Cumberland (chain: 1): Examine the pairs() plot to diagnose sampling problems
 - 
INFO [2021-04-13 22:35:12] Completed estimates for: Cumberland
INFO [2021-04-13 22:35:19] Initialising estimates for: Johnston
WARN [2021-04-13 22:36:06] Davidson: There were 9 divergent transitions after warmup. See
http://mc-stan.org/misc/warnings.html#divergent-transitions-after-warmup
to find out why this is a problem and how to eliminate them. - 
WARN [2021-04-13 22:36:06] Davidson: There were 26 transitions after warmup that exceeded the maximum treedepth. Increase max_treedepth above 13. See
http://mc-stan.org/misc/warnings.html#maximum-treedepth-exceeded - 
WARN [2021-04-13 22:36:06] Davidson: Examine the pairs() plot to diagnose sampling problems
 - 
WARN [2021-04-13 22:36:07] Davidson: The largest R-hat is 1.34, indicating chains have not mixed.
Running the chains for more iterations may help. See
http://mc-stan.org/misc/warnings.html#r-hat - 
WARN [2021-04-13 22:36:08] Davidson: Bulk Effective Samples Size (ESS) is too low, indicating posterior means and medians may be unreliable.
Running the chains for more iterations may help. See
http://mc-stan.org/misc/warnings.html#bulk-ess - 
WARN [2021-04-13 22:36:08] Davidson: Tail Effective Samples Size (ESS) is too low, indicating posterior variances and tail quantiles may be unreliable.
Running the chains for more iterations may help. See
http://mc-stan.org/misc/warnings.html#tail-ess - 
WARN [2021-04-13 22:39:48] Alamance (chain: 1): There were 650 divergent transitions after warmup. See
http://mc-stan.org/misc/warnings.html#divergent-transitions-after-warmup
to find out why this is a problem and how to eliminate them. - 
WARN [2021-04-13 22:39:48] Alamance (chain: 1): Examine the pairs() plot to diagnose sampling problems
 - 
WARN [2021-04-13 22:39:52] Alamance (chain: 1): The largest R-hat is 1.35, indicating chains have not mixed.
Running the chains for more iterations may help. See
http://mc-stan.org/misc/warnings.html#r-hat - 
WARN [2021-04-13 22:39:57] Alamance (chain: 1): Bulk Effective Samples Size (ESS) is too low, indicating posterior means and medians may be unreliable.
Running the chains for more iterations may help. See
http://mc-stan.org/misc/warnings.html#bulk-ess - 
WARN [2021-04-13 22:40:03] Alamance (chain: 1): Tail Effective Samples Size (ESS) is too low, indicating posterior variances and tail quantiles may be unreliable.
Running the chains for more iterations may help. See
http://mc-stan.org/misc/warnings.html#tail-ess - 
WARN [2021-04-13 22:40:30] Johnston: There were 50 transitions after warmup that exceeded the maximum treedepth. Increase max_treedepth above 13. See
http://mc-stan.org/misc/warnings.html#maximum-treedepth-exceeded - 
WARN [2021-04-13 22:40:30] Johnston: Examine the pairs() plot to diagnose sampling problems
 - 
WARN [2021-04-13 22:40:30] Johnston: The largest R-hat is 1.17, indicating chains have not mixed.
Running the chains for more iterations may help. See
http://mc-stan.org/misc/warnings.html#r-hat - 
WARN [2021-04-13 22:40:30] Johnston: Bulk Effective Samples Size (ESS) is too low, indicating posterior means and medians may be unreliable.
Running the chains for more iterations may help. See
http://mc-stan.org/misc/warnings.html#bulk-ess - 
INFO [2021-04-13 22:40:31] Completed estimates for: Alamance
WARN [2021-04-13 22:40:32] Johnston: Tail Effective Samples Size (ESS) is too low, indicating posterior variances and tail quantiles may be unreliable.
Running the chains for more iterations may help. See
http://mc-stan.org/misc/warnings.html#tail-ess - 
INFO [2021-04-13 22:40:38] Initialising estimates for: Catawba
WARN [2021-04-13 22:41:21] Cleveland (chain: 1): There were 24 divergent transitions after warmup. See
http://mc-stan.org/misc/warnings.html#divergent-transitions-after-warmup
to find out why this is a problem and how to eliminate them. - 
WARN [2021-04-13 22:41:21] Cleveland (chain: 1): Examine the pairs() plot to diagnose sampling problems
 - 
INFO [2021-04-13 22:42:06] Initialising estimates for: Orange
INFO [2021-04-13 22:42:06] Initialising estimates for: Wayne
INFO [2021-04-13 22:42:07] Initialising estimates for: Brunswick
INFO [2021-04-13 22:42:08] Initialising estimates for: Moore
WARN [2021-04-13 22:44:11] Moore: There were 43 divergent transitions after warmup. See
http://mc-stan.org/misc/warnings.html#divergent-transitions-after-warmup
to find out why this is a problem and how to eliminate them. - 
WARN [2021-04-13 22:44:11] Moore: Examine the pairs() plot to diagnose sampling problems
 - 
WARN [2021-04-13 22:44:12] Moore: The largest R-hat is 2.18, indicating chains have not mixed.
Running the chains for more iterations may help. See
http://mc-stan.org/misc/warnings.html#r-hat - 
WARN [2021-04-13 22:44:13] Moore: Bulk Effective Samples Size (ESS) is too low, indicating posterior means and medians may be unreliable.
Running the chains for more iterations may help. See
http://mc-stan.org/misc/warnings.html#bulk-ess - 
WARN [2021-04-13 22:44:14] Moore: Tail Effective Samples Size (ESS) is too low, indicating posterior variances and tail quantiles may be unreliable.
Running the chains for more iterations may help. See
http://mc-stan.org/misc/warnings.html#tail-ess - 
WARN [2021-04-13 22:46:30] Orange: There were 34 divergent transitions after warmup. See
http://mc-stan.org/misc/warnings.html#divergent-transitions-after-warmup
to find out why this is a problem and how to eliminate them. - 
WARN [2021-04-13 22:46:30] Orange: There were 12 transitions after warmup that exceeded the maximum treedepth. Increase max_treedepth above 13. See
http://mc-stan.org/misc/warnings.html#maximum-treedepth-exceeded - 
WARN [2021-04-13 22:46:30] Orange: Examine the pairs() plot to diagnose sampling problems
 - 
WARN [2021-04-13 22:46:31] Orange: The largest R-hat is 1.67, indicating chains have not mixed.
Running the chains for more iterations may help. See
http://mc-stan.org/misc/warnings.html#r-hat - 
WARN [2021-04-13 22:46:31] Orange: Bulk Effective Samples Size (ESS) is too low, indicating posterior means and medians may be unreliable.
Running the chains for more iterations may help. See
http://mc-stan.org/misc/warnings.html#bulk-ess - 
WARN [2021-04-13 22:46:33] Orange: Tail Effective Samples Size (ESS) is too low, indicating posterior variances and tail quantiles may be unreliable.
Running the chains for more iterations may help. See
http://mc-stan.org/misc/warnings.html#tail-ess - 
WARN [2021-04-13 22:46:52] Wayne: There were 35 divergent transitions after warmup. See
http://mc-stan.org/misc/warnings.html#divergent-transitions-after-warmup
to find out why this is a problem and how to eliminate them. - 
WARN [2021-04-13 22:46:52] Wayne: There were 13 transitions after warmup that exceeded the maximum treedepth. Increase max_treedepth above 13. See
http://mc-stan.org/misc/warnings.html#maximum-treedepth-exceeded - 
WARN [2021-04-13 22:46:52] Wayne: Examine the pairs() plot to diagnose sampling problems
 - 
WARN [2021-04-13 22:46:53] Wayne: The largest R-hat is 1.74, indicating chains have not mixed.
Running the chains for more iterations may help. See
http://mc-stan.org/misc/warnings.html#r-hat - 
WARN [2021-04-13 22:46:53] Wayne: Bulk Effective Samples Size (ESS) is too low, indicating posterior means and medians may be unreliable.
Running the chains for more iterations may help. See
http://mc-stan.org/misc/warnings.html#bulk-ess - 
WARN [2021-04-13 22:46:55] Wayne: Tail Effective Samples Size (ESS) is too low, indicating posterior variances and tail quantiles may be unreliable.
Running the chains for more iterations may help. See
http://mc-stan.org/misc/warnings.html#tail-ess - 
WARN [2021-04-13 22:48:48] Brunswick: There were 2 divergent transitions after warmup. See
http://mc-stan.org/misc/warnings.html#divergent-transitions-after-warmup
to find out why this is a problem and how to eliminate them. - 
WARN [2021-04-13 22:48:48] Brunswick: There were 48 transitions after warmup that exceeded the maximum treedepth. Increase max_treedepth above 13. See
http://mc-stan.org/misc/warnings.html#maximum-treedepth-exceeded - 
WARN [2021-04-13 22:48:48] Brunswick: Examine the pairs() plot to diagnose sampling problems
 - 
WARN [2021-04-13 22:48:49] Brunswick: The largest R-hat is 2.11, indicating chains have not mixed.
Running the chains for more iterations may help. See
http://mc-stan.org/misc/warnings.html#r-hat - 
WARN [2021-04-13 22:48:50] Brunswick: Bulk Effective Samples Size (ESS) is too low, indicating posterior means and medians may be unreliable.
Running the chains for more iterations may help. See
http://mc-stan.org/misc/warnings.html#bulk-ess - 
WARN [2021-04-13 22:48:51] Brunswick: Tail Effective Samples Size (ESS) is too low, indicating posterior variances and tail quantiles may be unreliable.
Running the chains for more iterations may help. See
http://mc-stan.org/misc/warnings.html#tail-ess - 
WARN [2021-04-13 22:54:20] Moore (chain: 1): There were 13 divergent transitions after warmup. See
http://mc-stan.org/misc/warnings.html#divergent-transitions-after-warmup
to find out why this is a problem and how to eliminate them. - 
WARN [2021-04-13 22:54:20] Moore (chain: 1): Examine the pairs() plot to diagnose sampling problems
 - 
INFO [2021-04-13 22:54:58] Completed estimates for: Moore
INFO [2021-04-13 22:55:06] Initialising estimates for: Harnett
WARN [2021-04-13 22:56:58] Wayne (chain: 1): There were 10 divergent transitions after warmup. See
http://mc-stan.org/misc/warnings.html#divergent-transitions-after-warmup
to find out why this is a problem and how to eliminate them. - 
WARN [2021-04-13 22:56:58] Wayne (chain: 1): Examine the pairs() plot to diagnose sampling problems
 - 
INFO [2021-04-13 22:57:29] Completed estimates for: Wayne
INFO [2021-04-13 22:57:34] Initialising estimates for: Pitt
WARN [2021-04-13 22:57:35] Orange (chain: 1): There were 33 divergent transitions after warmup. See
http://mc-stan.org/misc/warnings.html#divergent-transitions-after-warmup
to find out why this is a problem and how to eliminate them. - 
WARN [2021-04-13 22:57:35] Orange (chain: 1): Examine the pairs() plot to diagnose sampling problems
 - 
WARN [2021-04-13 22:58:05] Harnett: There were 43 divergent transitions after warmup. See
http://mc-stan.org/misc/warnings.html#divergent-transitions-after-warmup
to find out why this is a problem and how to eliminate them. - 
WARN [2021-04-13 22:58:05] Harnett: There were 7 transitions after warmup that exceeded the maximum treedepth. Increase max_treedepth above 13. See
http://mc-stan.org/misc/warnings.html#maximum-treedepth-exceeded - 
WARN [2021-04-13 22:58:05] Harnett: Examine the pairs() plot to diagnose sampling problems
 - 
INFO [2021-04-13 22:58:05] Completed estimates for: Orange
WARN [2021-04-13 22:58:06] Harnett: The largest R-hat is 2.11, indicating chains have not mixed.
Running the chains for more iterations may help. See
http://mc-stan.org/misc/warnings.html#r-hat - 
WARN [2021-04-13 22:58:06] Harnett: Bulk Effective Samples Size (ESS) is too low, indicating posterior means and medians may be unreliable.
Running the chains for more iterations may help. See
http://mc-stan.org/misc/warnings.html#bulk-ess - 
WARN [2021-04-13 22:58:07] Harnett: Tail Effective Samples Size (ESS) is too low, indicating posterior variances and tail quantiles may be unreliable.
Running the chains for more iterations may help. See
http://mc-stan.org/misc/warnings.html#tail-ess - 
INFO [2021-04-13 22:58:10] Initialising estimates for: Randolph
WARN [2021-04-13 23:02:08] Brunswick (chain: 1): There were 3 divergent transitions after warmup. See
http://mc-stan.org/misc/warnings.html#divergent-transitions-after-warmup
to find out why this is a problem and how to eliminate them. - 
WARN [2021-04-13 23:02:08] Brunswick (chain: 1): Examine the pairs() plot to diagnose sampling problems
 - 
INFO [2021-04-13 23:02:39] Completed estimates for: Brunswick
WARN [2021-04-13 23:02:42] Pitt: There were 50 transitions after warmup that exceeded the maximum treedepth. Increase max_treedepth above 13. See
http://mc-stan.org/misc/warnings.html#maximum-treedepth-exceeded - 
WARN [2021-04-13 23:02:42] Pitt: Examine the pairs() plot to diagnose sampling problems
 - 
WARN [2021-04-13 23:02:42] Pitt: The largest R-hat is 1.22, indicating chains have not mixed.
Running the chains for more iterations may help. See
http://mc-stan.org/misc/warnings.html#r-hat - 
WARN [2021-04-13 23:02:42] Pitt: Bulk Effective Samples Size (ESS) is too low, indicating posterior means and medians may be unreliable.
Running the chains for more iterations may help. See
http://mc-stan.org/misc/warnings.html#bulk-ess - 
WARN [2021-04-13 23:02:44] Pitt: Tail Effective Samples Size (ESS) is too low, indicating posterior variances and tail quantiles may be unreliable.
Running the chains for more iterations may help. See
http://mc-stan.org/misc/warnings.html#tail-ess - 
INFO [2021-04-13 23:02:44] Initialising estimates for: Robeson
WARN [2021-04-13 23:03:32] Randolph: There were 1 divergent transitions after warmup. See
http://mc-stan.org/misc/warnings.html#divergent-transitions-after-warmup
to find out why this is a problem and how to eliminate them. - 
WARN [2021-04-13 23:03:32] Randolph: There were 48 transitions after warmup that exceeded the maximum treedepth. Increase max_treedepth above 13. See
http://mc-stan.org/misc/warnings.html#maximum-treedepth-exceeded - 
WARN [2021-04-13 23:03:32] Randolph: Examine the pairs() plot to diagnose sampling problems
 - 
WARN [2021-04-13 23:03:33] Randolph: The largest R-hat is 1.23, indicating chains have not mixed.
Running the chains for more iterations may help. See
http://mc-stan.org/misc/warnings.html#r-hat - 
WARN [2021-04-13 23:03:33] Randolph: Bulk Effective Samples Size (ESS) is too low, indicating posterior means and medians may be unreliable.
Running the chains for more iterations may help. See
http://mc-stan.org/misc/warnings.html#bulk-ess - 
WARN [2021-04-13 23:03:34] Randolph: Tail Effective Samples Size (ESS) is too low, indicating posterior variances and tail quantiles may be unreliable.
Running the chains for more iterations may help. See
http://mc-stan.org/misc/warnings.html#tail-ess - 
WARN [2021-04-13 23:06:28] Harnett (chain: 1): There were 22 divergent transitions after warmup. See
http://mc-stan.org/misc/warnings.html#divergent-transitions-after-warmup
to find out why this is a problem and how to eliminate them. - 
WARN [2021-04-13 23:06:28] Harnett (chain: 1): Examine the pairs() plot to diagnose sampling problems
 - 
INFO [2021-04-13 23:07:01] Completed estimates for: Harnett
INFO [2021-04-13 23:07:07] Initialising estimates for: Iredell
WARN [2021-04-13 23:08:27] Robeson: There were 48 transitions after warmup that exceeded the maximum treedepth. Increase max_treedepth above 13. See
http://mc-stan.org/misc/warnings.html#maximum-treedepth-exceeded - 
WARN [2021-04-13 23:08:27] Robeson: Examine the pairs() plot to diagnose sampling problems
 - 
WARN [2021-04-13 23:08:28] Robeson: The largest R-hat is 1.23, indicating chains have not mixed.
Running the chains for more iterations may help. See
http://mc-stan.org/misc/warnings.html#r-hat - 
WARN [2021-04-13 23:08:29] Robeson: Bulk Effective Samples Size (ESS) is too low, indicating posterior means and medians may be unreliable.
Running the chains for more iterations may help. See
http://mc-stan.org/misc/warnings.html#bulk-ess - 
WARN [2021-04-13 23:08:30] Robeson: Tail Effective Samples Size (ESS) is too low, indicating posterior variances and tail quantiles may be unreliable.
Running the chains for more iterations may help. See
http://mc-stan.org/misc/warnings.html#tail-ess - 
WARN [2021-04-13 23:13:02] Pitt (chain: 1): There were 8 divergent transitions after warmup. See
http://mc-stan.org/misc/warnings.html#divergent-transitions-after-warmup
to find out why this is a problem and how to eliminate them. - 
WARN [2021-04-13 23:13:02] Pitt (chain: 1): Examine the pairs() plot to diagnose sampling problems
 - 
WARN [2021-04-13 23:13:10] Iredell: There were 50 transitions after warmup that exceeded the maximum treedepth. Increase max_treedepth above 13. See
http://mc-stan.org/misc/warnings.html#maximum-treedepth-exceeded - 
WARN [2021-04-13 23:13:10] Iredell: Examine the pairs() plot to diagnose sampling problems
 - 
WARN [2021-04-13 23:13:11] Iredell: The largest R-hat is 1.28, indicating chains have not mixed.
Running the chains for more iterations may help. See
http://mc-stan.org/misc/warnings.html#r-hat - 
WARN [2021-04-13 23:13:11] Iredell: Bulk Effective Samples Size (ESS) is too low, indicating posterior means and medians may be unreliable.
Running the chains for more iterations may help. See
http://mc-stan.org/misc/warnings.html#bulk-ess - 
WARN [2021-04-13 23:13:12] Iredell: Tail Effective Samples Size (ESS) is too low, indicating posterior variances and tail quantiles may be unreliable.
Running the chains for more iterations may help. See
http://mc-stan.org/misc/warnings.html#tail-ess - 
INFO [2021-04-13 23:13:37] Completed estimates for: Pitt
INFO [2021-04-13 23:13:42] Initialising estimates for: Onslow
WARN [2021-04-13 23:15:00] Randolph (chain: 1): There were 129 divergent transitions after warmup. See
http://mc-stan.org/misc/warnings.html#divergent-transitions-after-warmup
to find out why this is a problem and how to eliminate them. - 
WARN [2021-04-13 23:15:00] Randolph (chain: 1): Examine the pairs() plot to diagnose sampling problems
 - 
WARN [2021-04-13 23:15:07] Randolph (chain: 1): Bulk Effective Samples Size (ESS) is too low, indicating posterior means and medians may be unreliable.
Running the chains for more iterations may help. See
http://mc-stan.org/misc/warnings.html#bulk-ess - 
WARN [2021-04-13 23:15:11] Randolph (chain: 1): Tail Effective Samples Size (ESS) is too low, indicating posterior variances and tail quantiles may be unreliable.
Running the chains for more iterations may help. See
http://mc-stan.org/misc/warnings.html#tail-ess - 
INFO [2021-04-13 23:15:32] Completed estimates for: Randolph
INFO [2021-04-13 23:15:37] Initialising estimates for: Henderson
WARN [2021-04-13 23:15:41] Robeson (chain: 1): There were 14 divergent transitions after warmup. See
http://mc-stan.org/misc/warnings.html#divergent-transitions-after-warmup
to find out why this is a problem and how to eliminate them. - 
WARN [2021-04-13 23:15:41] Robeson (chain: 1): Examine the pairs() plot to diagnose sampling problems
 - 
INFO [2021-04-13 23:16:11] Completed estimates for: Robeson
INFO [2021-04-13 23:16:15] Initialising estimates for: Craven
WARN [2021-04-13 23:17:20] Craven: There were 50 divergent transitions after warmup. See
http://mc-stan.org/misc/warnings.html#divergent-transitions-after-warmup
to find out why this is a problem and how to eliminate them. - 
WARN [2021-04-13 23:17:20] Craven: Examine the pairs() plot to diagnose sampling problems
 - 
WARN [2021-04-13 23:17:21] Craven: The largest R-hat is 2.15, indicating chains have not mixed.
Running the chains for more iterations may help. See
http://mc-stan.org/misc/warnings.html#r-hat - 
WARN [2021-04-13 23:17:21] Craven: Bulk Effective Samples Size (ESS) is too low, indicating posterior means and medians may be unreliable.
Running the chains for more iterations may help. See
http://mc-stan.org/misc/warnings.html#bulk-ess - 
WARN [2021-04-13 23:17:23] Craven: Tail Effective Samples Size (ESS) is too low, indicating posterior variances and tail quantiles may be unreliable.
Running the chains for more iterations may help. See
http://mc-stan.org/misc/warnings.html#tail-ess - 
WARN [2021-04-13 23:19:07] Onslow: There were 50 transitions after warmup that exceeded the maximum treedepth. Increase max_treedepth above 13. See
http://mc-stan.org/misc/warnings.html#maximum-treedepth-exceeded - 
WARN [2021-04-13 23:19:07] Onslow: Examine the pairs() plot to diagnose sampling problems
 - 
WARN [2021-04-13 23:19:07] Onslow: The largest R-hat is 1.29, indicating chains have not mixed.
Running the chains for more iterations may help. See
http://mc-stan.org/misc/warnings.html#r-hat - 
WARN [2021-04-13 23:19:07] Onslow: Bulk Effective Samples Size (ESS) is too low, indicating posterior means and medians may be unreliable.
Running the chains for more iterations may help. See
http://mc-stan.org/misc/warnings.html#bulk-ess - 
WARN [2021-04-13 23:19:09] Onslow: Tail Effective Samples Size (ESS) is too low, indicating posterior variances and tail quantiles may be unreliable.
Running the chains for more iterations may help. See
http://mc-stan.org/misc/warnings.html#tail-ess - 
WARN [2021-04-13 23:20:56] Henderson: There were 1 divergent transitions after warmup. See
http://mc-stan.org/misc/warnings.html#divergent-transitions-after-warmup
to find out why this is a problem and how to eliminate them. - 
WARN [2021-04-13 23:20:56] Henderson: There were 49 transitions after warmup that exceeded the maximum treedepth. Increase max_treedepth above 13. See
http://mc-stan.org/misc/warnings.html#maximum-treedepth-exceeded - 
WARN [2021-04-13 23:20:56] Henderson: Examine the pairs() plot to diagnose sampling problems
 - 
WARN [2021-04-13 23:20:56] Henderson: The largest R-hat is 1.2, indicating chains have not mixed.
Running the chains for more iterations may help. See
http://mc-stan.org/misc/warnings.html#r-hat - 
WARN [2021-04-13 23:20:57] Henderson: Bulk Effective Samples Size (ESS) is too low, indicating posterior means and medians may be unreliable.
Running the chains for more iterations may help. See
http://mc-stan.org/misc/warnings.html#bulk-ess - 
WARN [2021-04-13 23:20:58] Henderson: Tail Effective Samples Size (ESS) is too low, indicating posterior variances and tail quantiles may be unreliable.
Running the chains for more iterations may help. See
http://mc-stan.org/misc/warnings.html#tail-ess - 
WARN [2021-04-13 23:24:03] Craven (chain: 1): There were 186 divergent transitions after warmup. See
http://mc-stan.org/misc/warnings.html#divergent-transitions-after-warmup
to find out why this is a problem and how to eliminate them. - 
WARN [2021-04-13 23:24:03] Craven (chain: 1): Examine the pairs() plot to diagnose sampling problems
 - 
WARN [2021-04-13 23:24:09] Craven (chain: 1): Bulk Effective Samples Size (ESS) is too low, indicating posterior means and medians may be unreliable.
Running the chains for more iterations may help. See
http://mc-stan.org/misc/warnings.html#bulk-ess - 
WARN [2021-04-13 23:24:14] Craven (chain: 1): Tail Effective Samples Size (ESS) is too low, indicating posterior variances and tail quantiles may be unreliable.
Running the chains for more iterations may help. See
http://mc-stan.org/misc/warnings.html#tail-ess - 
INFO [2021-04-13 23:24:38] Completed estimates for: Craven
INFO [2021-04-13 23:24:44] Initialising estimates for: Alamance
WARN [2021-04-13 23:26:41] Iredell (chain: 1): There were 16 divergent transitions after warmup. See
http://mc-stan.org/misc/warnings.html#divergent-transitions-after-warmup
to find out why this is a problem and how to eliminate them. - 
WARN [2021-04-13 23:26:41] Iredell (chain: 1): Examine the pairs() plot to diagnose sampling problems
 - 
INFO [2021-04-13 23:27:14] Completed estimates for: Iredell
INFO [2021-04-13 23:27:19] Initialising estimates for: Davidson
WARN [2021-04-13 23:28:18] Onslow (chain: 1): There were 29 divergent transitions after warmup. See
http://mc-stan.org/misc/warnings.html#divergent-transitions-after-warmup
to find out why this is a problem and how to eliminate them. - 
WARN [2021-04-13 23:28:18] Onslow (chain: 1): Examine the pairs() plot to diagnose sampling problems
 - 
INFO [2021-04-13 23:28:47] Completed estimates for: Onslow
INFO [2021-04-13 23:28:52] Initialising estimates for: Johnston
WARN [2021-04-13 23:29:49] Alamance: There were 50 transitions after warmup that exceeded the maximum treedepth. Increase max_treedepth above 13. See
http://mc-stan.org/misc/warnings.html#maximum-treedepth-exceeded - 
WARN [2021-04-13 23:29:49] Alamance: Examine the pairs() plot to diagnose sampling problems
 - 
WARN [2021-04-13 23:29:49] Alamance: The largest R-hat is 1.24, indicating chains have not mixed.
Running the chains for more iterations may help. See
http://mc-stan.org/misc/warnings.html#r-hat - 
WARN [2021-04-13 23:29:49] Alamance: Bulk Effective Samples Size (ESS) is too low, indicating posterior means and medians may be unreliable.
Running the chains for more iterations may help. See
http://mc-stan.org/misc/warnings.html#bulk-ess - 
WARN [2021-04-13 23:29:50] Alamance: Tail Effective Samples Size (ESS) is too low, indicating posterior variances and tail quantiles may be unreliable.
Running the chains for more iterations may help. See
http://mc-stan.org/misc/warnings.html#tail-ess - 
WARN [2021-04-13 23:32:03] Davidson: There were 50 transitions after warmup that exceeded the maximum treedepth. Increase max_treedepth above 13. See
http://mc-stan.org/misc/warnings.html#maximum-treedepth-exceeded - 
WARN [2021-04-13 23:32:03] Davidson: Examine the pairs() plot to diagnose sampling problems
 - 
WARN [2021-04-13 23:32:04] Davidson: The largest R-hat is 1.44, indicating chains have not mixed.
Running the chains for more iterations may help. See
http://mc-stan.org/misc/warnings.html#r-hat - 
WARN [2021-04-13 23:32:05] Davidson: Bulk Effective Samples Size (ESS) is too low, indicating posterior means and medians may be unreliable.
Running the chains for more iterations may help. See
http://mc-stan.org/misc/warnings.html#bulk-ess - 
WARN [2021-04-13 23:32:06] Davidson: Tail Effective Samples Size (ESS) is too low, indicating posterior variances and tail quantiles may be unreliable.
Running the chains for more iterations may help. See
http://mc-stan.org/misc/warnings.html#tail-ess - 
WARN [2021-04-13 23:34:41] Johnston: There were 50 transitions after warmup that exceeded the maximum treedepth. Increase max_treedepth above 13. See
http://mc-stan.org/misc/warnings.html#maximum-treedepth-exceeded - 
WARN [2021-04-13 23:34:41] Johnston: Examine the pairs() plot to diagnose sampling problems
 - 
WARN [2021-04-13 23:34:41] Johnston: The largest R-hat is 1.25, indicating chains have not mixed.
Running the chains for more iterations may help. See
http://mc-stan.org/misc/warnings.html#r-hat - 
WARN [2021-04-13 23:34:42] Johnston: Bulk Effective Samples Size (ESS) is too low, indicating posterior means and medians may be unreliable.
Running the chains for more iterations may help. See
http://mc-stan.org/misc/warnings.html#bulk-ess - 
WARN [2021-04-13 23:34:43] Johnston: Tail Effective Samples Size (ESS) is too low, indicating posterior variances and tail quantiles may be unreliable.
Running the chains for more iterations may help. See
http://mc-stan.org/misc/warnings.html#tail-ess - 
WARN [2021-04-13 23:39:59] Alamance (chain: 1): There were 82 divergent transitions after warmup. See
http://mc-stan.org/misc/warnings.html#divergent-transitions-after-warmup
to find out why this is a problem and how to eliminate them. - 
WARN [2021-04-13 23:39:59] Alamance (chain: 1): Examine the pairs() plot to diagnose sampling problems
 - 
