INFO [2021-01-19 01:24:26] Initialising estimates for: Cone Health
WARN [2021-01-19 01:28:36] Cone Health (chain: 1): There were 164 divergent transitions after warmup. See
http://mc-stan.org/misc/warnings.html#divergent-transitions-after-warmup
to find out why this is a problem and how to eliminate them. - 
WARN [2021-01-19 01:28:36] Cone Health (chain: 1): Examine the pairs() plot to diagnose sampling problems
 - 
WARN [2021-01-19 01:28:41] Cone Health (chain: 1): Bulk Effective Samples Size (ESS) is too low, indicating posterior means and medians may be unreliable.
Running the chains for more iterations may help. See
http://mc-stan.org/misc/warnings.html#bulk-ess - 
WARN [2021-01-19 01:28:44] Cone Health (chain: 1): Tail Effective Samples Size (ESS) is too low, indicating posterior variances and tail quantiles may be unreliable.
Running the chains for more iterations may help. See
http://mc-stan.org/misc/warnings.html#tail-ess - 
INFO [2021-01-19 01:29:00] Initialising estimates for: North Carolina
WARN [2021-01-19 01:35:03] North Carolina (chain: 1): There were 146 divergent transitions after warmup. See
http://mc-stan.org/misc/warnings.html#divergent-transitions-after-warmup
to find out why this is a problem and how to eliminate them. - 
WARN [2021-01-19 01:35:03] North Carolina (chain: 1): Examine the pairs() plot to diagnose sampling problems
 - 
WARN [2021-01-19 01:35:07] North Carolina (chain: 1): Bulk Effective Samples Size (ESS) is too low, indicating posterior means and medians may be unreliable.
Running the chains for more iterations may help. See
http://mc-stan.org/misc/warnings.html#bulk-ess - 
WARN [2021-01-19 01:35:10] North Carolina (chain: 1): Tail Effective Samples Size (ESS) is too low, indicating posterior variances and tail quantiles may be unreliable.
Running the chains for more iterations may help. See
http://mc-stan.org/misc/warnings.html#tail-ess - 
