INFO [2021-03-05 20:05:08] Initialising estimates for: Buncombe
INFO [2021-03-05 20:05:09] Initialising estimates for: Cumberland
INFO [2021-03-05 20:05:09] Initialising estimates for: Durham
INFO [2021-03-05 20:05:11] Initialising estimates for: Forsyth
WARN [2021-03-05 20:13:35] Buncombe (chain: 1): There were 21 divergent transitions after warmup. See
http://mc-stan.org/misc/warnings.html#divergent-transitions-after-warmup
to find out why this is a problem and how to eliminate them. - 
WARN [2021-03-05 20:13:35] Buncombe (chain: 1): Examine the pairs() plot to diagnose sampling problems
 - 
INFO [2021-03-05 20:14:16] Initialising estimates for: Gaston
WARN [2021-03-05 20:15:16] Forsyth (chain: 1): There were 40 divergent transitions after warmup. See
http://mc-stan.org/misc/warnings.html#divergent-transitions-after-warmup
to find out why this is a problem and how to eliminate them. - 
WARN [2021-03-05 20:15:16] Forsyth (chain: 1): Examine the pairs() plot to diagnose sampling problems
 - 
WARN [2021-03-05 20:15:40] Durham (chain: 1): There were 24 divergent transitions after warmup. See
http://mc-stan.org/misc/warnings.html#divergent-transitions-after-warmup
to find out why this is a problem and how to eliminate them. - 
WARN [2021-03-05 20:15:40] Durham (chain: 1): Examine the pairs() plot to diagnose sampling problems
 - 
INFO [2021-03-05 20:15:54] Initialising estimates for: Guilford
INFO [2021-03-05 20:16:18] Initialising estimates for: Mecklenburg
WARN [2021-03-05 20:17:45] Cumberland (chain: 1): There were 31 divergent transitions after warmup. See
http://mc-stan.org/misc/warnings.html#divergent-transitions-after-warmup
to find out why this is a problem and how to eliminate them. - 
WARN [2021-03-05 20:17:45] Cumberland (chain: 1): Examine the pairs() plot to diagnose sampling problems
 - 
INFO [2021-03-05 20:18:24] Initialising estimates for: New Hanover
WARN [2021-03-05 20:26:39] Guilford (chain: 1): There were 48 divergent transitions after warmup. See
http://mc-stan.org/misc/warnings.html#divergent-transitions-after-warmup
to find out why this is a problem and how to eliminate them. - 
WARN [2021-03-05 20:26:39] Guilford (chain: 1): Examine the pairs() plot to diagnose sampling problems
 - 
WARN [2021-03-05 20:26:55] Gaston (chain: 1): There were 23 divergent transitions after warmup. See
http://mc-stan.org/misc/warnings.html#divergent-transitions-after-warmup
to find out why this is a problem and how to eliminate them. - 
WARN [2021-03-05 20:26:55] Gaston (chain: 1): Examine the pairs() plot to diagnose sampling problems
 - 
WARN [2021-03-05 20:27:07] New Hanover (chain: 1): There were 9 divergent transitions after warmup. See
http://mc-stan.org/misc/warnings.html#divergent-transitions-after-warmup
to find out why this is a problem and how to eliminate them. - 
WARN [2021-03-05 20:27:07] New Hanover (chain: 1): Examine the pairs() plot to diagnose sampling problems
 - 
INFO [2021-03-05 20:27:08] Initialising estimates for: Union
INFO [2021-03-05 20:27:23] Initialising estimates for: Wake
WARN [2021-03-05 20:29:17] Mecklenburg (chain: 1): There were 45 divergent transitions after warmup. See
http://mc-stan.org/misc/warnings.html#divergent-transitions-after-warmup
to find out why this is a problem and how to eliminate them. - 
WARN [2021-03-05 20:29:17] Mecklenburg (chain: 1): Examine the pairs() plot to diagnose sampling problems
 - 
WARN [2021-03-05 20:32:31] Wake (chain: 1): There were 62 divergent transitions after warmup. See
http://mc-stan.org/misc/warnings.html#divergent-transitions-after-warmup
to find out why this is a problem and how to eliminate them. - 
WARN [2021-03-05 20:32:31] Wake (chain: 1): Examine the pairs() plot to diagnose sampling problems
 - 
WARN [2021-03-05 20:34:12] Union (chain: 1): There were 11 divergent transitions after warmup. See
http://mc-stan.org/misc/warnings.html#divergent-transitions-after-warmup
to find out why this is a problem and how to eliminate them. - 
WARN [2021-03-05 20:34:12] Union (chain: 1): Examine the pairs() plot to diagnose sampling problems
 - 
INFO [2021-03-05 20:34:43] Initialising estimates for: Carteret
INFO [2021-03-05 20:34:43] Initialising estimates for: Chatham
INFO [2021-03-05 20:34:44] Initialising estimates for: Franklin
INFO [2021-03-05 20:34:45] Initialising estimates for: Henderson
WARN [2021-03-05 20:37:27] Henderson: There were 36 divergent transitions after warmup. See
http://mc-stan.org/misc/warnings.html#divergent-transitions-after-warmup
to find out why this is a problem and how to eliminate them. - 
WARN [2021-03-05 20:37:27] Henderson: There were 14 transitions after warmup that exceeded the maximum treedepth. Increase max_treedepth above 13. See
http://mc-stan.org/misc/warnings.html#maximum-treedepth-exceeded - 
WARN [2021-03-05 20:37:27] Henderson: Examine the pairs() plot to diagnose sampling problems
 - 
WARN [2021-03-05 20:37:28] Henderson: The largest R-hat is 2.11, indicating chains have not mixed.
Running the chains for more iterations may help. See
http://mc-stan.org/misc/warnings.html#r-hat - 
WARN [2021-03-05 20:37:28] Henderson: Bulk Effective Samples Size (ESS) is too low, indicating posterior means and medians may be unreliable.
Running the chains for more iterations may help. See
http://mc-stan.org/misc/warnings.html#bulk-ess - 
WARN [2021-03-05 20:37:28] Henderson: Tail Effective Samples Size (ESS) is too low, indicating posterior variances and tail quantiles may be unreliable.
Running the chains for more iterations may help. See
http://mc-stan.org/misc/warnings.html#tail-ess - 
WARN [2021-03-05 20:38:21] Carteret: There were 20 divergent transitions after warmup. See
http://mc-stan.org/misc/warnings.html#divergent-transitions-after-warmup
to find out why this is a problem and how to eliminate them. - 
WARN [2021-03-05 20:38:21] Carteret: There were 30 transitions after warmup that exceeded the maximum treedepth. Increase max_treedepth above 13. See
http://mc-stan.org/misc/warnings.html#maximum-treedepth-exceeded - 
WARN [2021-03-05 20:38:21] Carteret: Examine the pairs() plot to diagnose sampling problems
 - 
WARN [2021-03-05 20:38:21] Carteret: The largest R-hat is 2.01, indicating chains have not mixed.
Running the chains for more iterations may help. See
http://mc-stan.org/misc/warnings.html#r-hat - 
WARN [2021-03-05 20:38:21] Carteret: Bulk Effective Samples Size (ESS) is too low, indicating posterior means and medians may be unreliable.
Running the chains for more iterations may help. See
http://mc-stan.org/misc/warnings.html#bulk-ess - 
WARN [2021-03-05 20:38:22] Carteret: Tail Effective Samples Size (ESS) is too low, indicating posterior variances and tail quantiles may be unreliable.
Running the chains for more iterations may help. See
http://mc-stan.org/misc/warnings.html#tail-ess - 
WARN [2021-03-05 20:38:24] Chatham: There were 50 transitions after warmup that exceeded the maximum treedepth. Increase max_treedepth above 13. See
http://mc-stan.org/misc/warnings.html#maximum-treedepth-exceeded - 
WARN [2021-03-05 20:38:24] Chatham: Examine the pairs() plot to diagnose sampling problems
 - 
WARN [2021-03-05 20:38:25] Chatham: The largest R-hat is 2.11, indicating chains have not mixed.
Running the chains for more iterations may help. See
http://mc-stan.org/misc/warnings.html#r-hat - 
WARN [2021-03-05 20:38:25] Chatham: Bulk Effective Samples Size (ESS) is too low, indicating posterior means and medians may be unreliable.
Running the chains for more iterations may help. See
http://mc-stan.org/misc/warnings.html#bulk-ess - 
WARN [2021-03-05 20:38:26] Chatham: Tail Effective Samples Size (ESS) is too low, indicating posterior variances and tail quantiles may be unreliable.
Running the chains for more iterations may help. See
http://mc-stan.org/misc/warnings.html#tail-ess - 
WARN [2021-03-05 20:38:27] Franklin: There were 50 transitions after warmup that exceeded the maximum treedepth. Increase max_treedepth above 13. See
http://mc-stan.org/misc/warnings.html#maximum-treedepth-exceeded - 
WARN [2021-03-05 20:38:27] Franklin: Examine the pairs() plot to diagnose sampling problems
 - 
WARN [2021-03-05 20:38:28] Franklin: The largest R-hat is 2.07, indicating chains have not mixed.
Running the chains for more iterations may help. See
http://mc-stan.org/misc/warnings.html#r-hat - 
WARN [2021-03-05 20:38:28] Franklin: Bulk Effective Samples Size (ESS) is too low, indicating posterior means and medians may be unreliable.
Running the chains for more iterations may help. See
http://mc-stan.org/misc/warnings.html#bulk-ess - 
WARN [2021-03-05 20:38:29] Franklin: Tail Effective Samples Size (ESS) is too low, indicating posterior variances and tail quantiles may be unreliable.
Running the chains for more iterations may help. See
http://mc-stan.org/misc/warnings.html#tail-ess - 
WARN [2021-03-05 20:46:20] Carteret (chain: 1): There were 49 divergent transitions after warmup. See
http://mc-stan.org/misc/warnings.html#divergent-transitions-after-warmup
to find out why this is a problem and how to eliminate them. - 
WARN [2021-03-05 20:46:20] Carteret (chain: 1): Examine the pairs() plot to diagnose sampling problems
 - 
WARN [2021-03-05 20:46:37] Franklin (chain: 1): There were 43 divergent transitions after warmup. See
http://mc-stan.org/misc/warnings.html#divergent-transitions-after-warmup
to find out why this is a problem and how to eliminate them. - 
WARN [2021-03-05 20:46:37] Franklin (chain: 1): Examine the pairs() plot to diagnose sampling problems
 - 
INFO [2021-03-05 20:47:03] Completed estimates for: Carteret
INFO [2021-03-05 20:47:08] Completed estimates for: Franklin
INFO [2021-03-05 20:47:11] Initialising estimates for: Wilson
INFO [2021-03-05 20:47:13] Initialising estimates for: Harnett
WARN [2021-03-05 20:48:21] Henderson (chain: 1): There were 348 divergent transitions after warmup. See
http://mc-stan.org/misc/warnings.html#divergent-transitions-after-warmup
to find out why this is a problem and how to eliminate them. - 
WARN [2021-03-05 20:48:21] Henderson (chain: 1): Examine the pairs() plot to diagnose sampling problems
 - 
WARN [2021-03-05 20:48:24] Henderson (chain: 1): The largest R-hat is 1.05, indicating chains have not mixed.
Running the chains for more iterations may help. See
http://mc-stan.org/misc/warnings.html#r-hat - 
WARN [2021-03-05 20:48:27] Henderson (chain: 1): Bulk Effective Samples Size (ESS) is too low, indicating posterior means and medians may be unreliable.
Running the chains for more iterations may help. See
http://mc-stan.org/misc/warnings.html#bulk-ess - 
WARN [2021-03-05 20:48:31] Henderson (chain: 1): Tail Effective Samples Size (ESS) is too low, indicating posterior variances and tail quantiles may be unreliable.
Running the chains for more iterations may help. See
http://mc-stan.org/misc/warnings.html#tail-ess - 
WARN [2021-03-05 20:48:32] Wilson: There were 47 divergent transitions after warmup. See
http://mc-stan.org/misc/warnings.html#divergent-transitions-after-warmup
to find out why this is a problem and how to eliminate them. - 
WARN [2021-03-05 20:48:32] Wilson: Examine the pairs() plot to diagnose sampling problems
 - 
WARN [2021-03-05 20:48:33] Wilson: The largest R-hat is 2.17, indicating chains have not mixed.
Running the chains for more iterations may help. See
http://mc-stan.org/misc/warnings.html#r-hat - 
WARN [2021-03-05 20:48:33] Wilson: Bulk Effective Samples Size (ESS) is too low, indicating posterior means and medians may be unreliable.
Running the chains for more iterations may help. See
http://mc-stan.org/misc/warnings.html#bulk-ess - 
WARN [2021-03-05 20:48:34] Wilson: Tail Effective Samples Size (ESS) is too low, indicating posterior variances and tail quantiles may be unreliable.
Running the chains for more iterations may help. See
http://mc-stan.org/misc/warnings.html#tail-ess - 
INFO [2021-03-05 20:48:54] Completed estimates for: Henderson
INFO [2021-03-05 20:48:58] Initialising estimates for: Lincoln
WARN [2021-03-05 20:49:30] Chatham (chain: 1): There were 25 divergent transitions after warmup. See
http://mc-stan.org/misc/warnings.html#divergent-transitions-after-warmup
to find out why this is a problem and how to eliminate them. - 
WARN [2021-03-05 20:49:30] Chatham (chain: 1): Examine the pairs() plot to diagnose sampling problems
 - 
WARN [2021-03-05 20:49:44] Harnett: There were 46 divergent transitions after warmup. See
http://mc-stan.org/misc/warnings.html#divergent-transitions-after-warmup
to find out why this is a problem and how to eliminate them. - 
WARN [2021-03-05 20:49:44] Harnett: There were 4 transitions after warmup that exceeded the maximum treedepth. Increase max_treedepth above 13. See
http://mc-stan.org/misc/warnings.html#maximum-treedepth-exceeded - 
WARN [2021-03-05 20:49:44] Harnett: Examine the pairs() plot to diagnose sampling problems
 - 
WARN [2021-03-05 20:49:45] Harnett: The largest R-hat is 2, indicating chains have not mixed.
Running the chains for more iterations may help. See
http://mc-stan.org/misc/warnings.html#r-hat - 
WARN [2021-03-05 20:49:45] Harnett: Bulk Effective Samples Size (ESS) is too low, indicating posterior means and medians may be unreliable.
Running the chains for more iterations may help. See
http://mc-stan.org/misc/warnings.html#bulk-ess - 
WARN [2021-03-05 20:49:47] Harnett: Tail Effective Samples Size (ESS) is too low, indicating posterior variances and tail quantiles may be unreliable.
Running the chains for more iterations may help. See
http://mc-stan.org/misc/warnings.html#tail-ess - 
INFO [2021-03-05 20:50:07] Completed estimates for: Chatham
INFO [2021-03-05 20:50:13] Initialising estimates for: Rockingham
WARN [2021-03-05 20:51:04] Lincoln: There were 48 divergent transitions after warmup. See
http://mc-stan.org/misc/warnings.html#divergent-transitions-after-warmup
to find out why this is a problem and how to eliminate them. - 
WARN [2021-03-05 20:51:04] Lincoln: Examine the pairs() plot to diagnose sampling problems
 - 
WARN [2021-03-05 20:51:04] Lincoln: The largest R-hat is 2.26, indicating chains have not mixed.
Running the chains for more iterations may help. See
http://mc-stan.org/misc/warnings.html#r-hat - 
WARN [2021-03-05 20:51:04] Lincoln: Bulk Effective Samples Size (ESS) is too low, indicating posterior means and medians may be unreliable.
Running the chains for more iterations may help. See
http://mc-stan.org/misc/warnings.html#bulk-ess - 
WARN [2021-03-05 20:51:05] Lincoln: Tail Effective Samples Size (ESS) is too low, indicating posterior variances and tail quantiles may be unreliable.
Running the chains for more iterations may help. See
http://mc-stan.org/misc/warnings.html#tail-ess - 
WARN [2021-03-05 20:54:50] Rockingham: There were 38 divergent transitions after warmup. See
http://mc-stan.org/misc/warnings.html#divergent-transitions-after-warmup
to find out why this is a problem and how to eliminate them. - 
WARN [2021-03-05 20:54:50] Rockingham: There were 12 transitions after warmup that exceeded the maximum treedepth. Increase max_treedepth above 13. See
http://mc-stan.org/misc/warnings.html#maximum-treedepth-exceeded - 
WARN [2021-03-05 20:54:50] Rockingham: Examine the pairs() plot to diagnose sampling problems
 - 
WARN [2021-03-05 20:54:51] Rockingham: The largest R-hat is 2.11, indicating chains have not mixed.
Running the chains for more iterations may help. See
http://mc-stan.org/misc/warnings.html#r-hat - 
WARN [2021-03-05 20:54:52] Rockingham: Bulk Effective Samples Size (ESS) is too low, indicating posterior means and medians may be unreliable.
Running the chains for more iterations may help. See
http://mc-stan.org/misc/warnings.html#bulk-ess - 
WARN [2021-03-05 20:54:53] Rockingham: Tail Effective Samples Size (ESS) is too low, indicating posterior variances and tail quantiles may be unreliable.
Running the chains for more iterations may help. See
http://mc-stan.org/misc/warnings.html#tail-ess - 
WARN [2021-03-05 20:59:00] Harnett (chain: 1): There were 42 divergent transitions after warmup. See
http://mc-stan.org/misc/warnings.html#divergent-transitions-after-warmup
to find out why this is a problem and how to eliminate them. - 
WARN [2021-03-05 20:59:00] Harnett (chain: 1): Examine the pairs() plot to diagnose sampling problems
 - 
INFO [2021-03-05 20:59:41] Completed estimates for: Harnett
INFO [2021-03-05 20:59:46] Initialising estimates for: Caldwell
WARN [2021-03-05 21:00:56] Lincoln (chain: 1): There were 27 divergent transitions after warmup. See
http://mc-stan.org/misc/warnings.html#divergent-transitions-after-warmup
to find out why this is a problem and how to eliminate them. - 
WARN [2021-03-05 21:00:56] Lincoln (chain: 1): Examine the pairs() plot to diagnose sampling problems
 - 
INFO [2021-03-05 21:01:24] Completed estimates for: Lincoln
INFO [2021-03-05 21:01:29] Initialising estimates for: Surry
WARN [2021-03-05 21:02:14] Caldwell: There were 43 divergent transitions after warmup. See
http://mc-stan.org/misc/warnings.html#divergent-transitions-after-warmup
to find out why this is a problem and how to eliminate them. - 
WARN [2021-03-05 21:02:14] Caldwell: There were 2 transitions after warmup that exceeded the maximum treedepth. Increase max_treedepth above 13. See
http://mc-stan.org/misc/warnings.html#maximum-treedepth-exceeded - 
WARN [2021-03-05 21:02:14] Caldwell: Examine the pairs() plot to diagnose sampling problems
 - 
WARN [2021-03-05 21:02:14] Caldwell: The largest R-hat is 1.65, indicating chains have not mixed.
Running the chains for more iterations may help. See
http://mc-stan.org/misc/warnings.html#r-hat - 
WARN [2021-03-05 21:02:14] Caldwell: Bulk Effective Samples Size (ESS) is too low, indicating posterior means and medians may be unreliable.
Running the chains for more iterations may help. See
http://mc-stan.org/misc/warnings.html#bulk-ess - 
WARN [2021-03-05 21:02:15] Caldwell: Tail Effective Samples Size (ESS) is too low, indicating posterior variances and tail quantiles may be unreliable.
Running the chains for more iterations may help. See
http://mc-stan.org/misc/warnings.html#tail-ess - 
WARN [2021-03-05 21:02:53] Wilson (chain: 1): There were 45 divergent transitions after warmup. See
http://mc-stan.org/misc/warnings.html#divergent-transitions-after-warmup
to find out why this is a problem and how to eliminate them. - 
WARN [2021-03-05 21:02:53] Wilson (chain: 1): Examine the pairs() plot to diagnose sampling problems
 - 
INFO [2021-03-05 21:03:22] Completed estimates for: Wilson
WARN [2021-03-05 21:03:24] Rockingham (chain: 1): There were 205 divergent transitions after warmup. See
http://mc-stan.org/misc/warnings.html#divergent-transitions-after-warmup
to find out why this is a problem and how to eliminate them. - 
WARN [2021-03-05 21:03:24] Rockingham (chain: 1): Examine the pairs() plot to diagnose sampling problems
 - 
INFO [2021-03-05 21:03:26] Initialising estimates for: Wayne
WARN [2021-03-05 21:03:27] Rockingham (chain: 1): The largest R-hat is 1.05, indicating chains have not mixed.
Running the chains for more iterations may help. See
http://mc-stan.org/misc/warnings.html#r-hat - 
WARN [2021-03-05 21:03:30] Rockingham (chain: 1): Bulk Effective Samples Size (ESS) is too low, indicating posterior means and medians may be unreliable.
Running the chains for more iterations may help. See
http://mc-stan.org/misc/warnings.html#bulk-ess - 
WARN [2021-03-05 21:03:34] Rockingham (chain: 1): Tail Effective Samples Size (ESS) is too low, indicating posterior variances and tail quantiles may be unreliable.
Running the chains for more iterations may help. See
http://mc-stan.org/misc/warnings.html#tail-ess - 
INFO [2021-03-05 21:03:54] Completed estimates for: Rockingham
INFO [2021-03-05 21:04:01] Initialising estimates for: Orange
WARN [2021-03-05 21:04:04] Surry: There were 40 divergent transitions after warmup. See
http://mc-stan.org/misc/warnings.html#divergent-transitions-after-warmup
to find out why this is a problem and how to eliminate them. - 
WARN [2021-03-05 21:04:04] Surry: There were 10 transitions after warmup that exceeded the maximum treedepth. Increase max_treedepth above 13. See
http://mc-stan.org/misc/warnings.html#maximum-treedepth-exceeded - 
WARN [2021-03-05 21:04:04] Surry: Examine the pairs() plot to diagnose sampling problems
 - 
WARN [2021-03-05 21:04:04] Surry: The largest R-hat is 2.04, indicating chains have not mixed.
Running the chains for more iterations may help. See
http://mc-stan.org/misc/warnings.html#r-hat - 
WARN [2021-03-05 21:04:05] Surry: Bulk Effective Samples Size (ESS) is too low, indicating posterior means and medians may be unreliable.
Running the chains for more iterations may help. See
http://mc-stan.org/misc/warnings.html#bulk-ess - 
WARN [2021-03-05 21:04:06] Surry: Tail Effective Samples Size (ESS) is too low, indicating posterior variances and tail quantiles may be unreliable.
Running the chains for more iterations may help. See
http://mc-stan.org/misc/warnings.html#tail-ess - 
WARN [2021-03-05 21:05:47] Orange: There were 46 divergent transitions after warmup. See
http://mc-stan.org/misc/warnings.html#divergent-transitions-after-warmup
to find out why this is a problem and how to eliminate them. - 
WARN [2021-03-05 21:05:47] Orange: Examine the pairs() plot to diagnose sampling problems
 - 
WARN [2021-03-05 21:05:47] Orange: The largest R-hat is 2.13, indicating chains have not mixed.
Running the chains for more iterations may help. See
http://mc-stan.org/misc/warnings.html#r-hat - 
WARN [2021-03-05 21:05:48] Orange: Bulk Effective Samples Size (ESS) is too low, indicating posterior means and medians may be unreliable.
Running the chains for more iterations may help. See
http://mc-stan.org/misc/warnings.html#bulk-ess - 
WARN [2021-03-05 21:05:49] Orange: Tail Effective Samples Size (ESS) is too low, indicating posterior variances and tail quantiles may be unreliable.
Running the chains for more iterations may help. See
http://mc-stan.org/misc/warnings.html#tail-ess - 
WARN [2021-03-05 21:08:24] Wayne: There were 1 divergent transitions after warmup. See
http://mc-stan.org/misc/warnings.html#divergent-transitions-after-warmup
to find out why this is a problem and how to eliminate them. - 
WARN [2021-03-05 21:08:25] Wayne: There were 49 transitions after warmup that exceeded the maximum treedepth. Increase max_treedepth above 13. See
http://mc-stan.org/misc/warnings.html#maximum-treedepth-exceeded - 
WARN [2021-03-05 21:08:25] Wayne: Examine the pairs() plot to diagnose sampling problems
 - 
WARN [2021-03-05 21:08:25] Wayne: The largest R-hat is 2.11, indicating chains have not mixed.
Running the chains for more iterations may help. See
http://mc-stan.org/misc/warnings.html#r-hat - 
WARN [2021-03-05 21:08:26] Wayne: Bulk Effective Samples Size (ESS) is too low, indicating posterior means and medians may be unreliable.
Running the chains for more iterations may help. See
http://mc-stan.org/misc/warnings.html#bulk-ess - 
WARN [2021-03-05 21:08:26] Wayne: Tail Effective Samples Size (ESS) is too low, indicating posterior variances and tail quantiles may be unreliable.
Running the chains for more iterations may help. See
http://mc-stan.org/misc/warnings.html#tail-ess - 
WARN [2021-03-05 21:10:04] Caldwell (chain: 1): There were 11 divergent transitions after warmup. See
http://mc-stan.org/misc/warnings.html#divergent-transitions-after-warmup
to find out why this is a problem and how to eliminate them. - 
WARN [2021-03-05 21:10:04] Caldwell (chain: 1): Examine the pairs() plot to diagnose sampling problems
 - 
INFO [2021-03-05 21:10:46] Completed estimates for: Caldwell
INFO [2021-03-05 21:10:51] Initialising estimates for: Brunswick
WARN [2021-03-05 21:13:48] Brunswick: There were 44 divergent transitions after warmup. See
http://mc-stan.org/misc/warnings.html#divergent-transitions-after-warmup
to find out why this is a problem and how to eliminate them. - 
WARN [2021-03-05 21:13:48] Brunswick: There were 4 transitions after warmup that exceeded the maximum treedepth. Increase max_treedepth above 13. See
http://mc-stan.org/misc/warnings.html#maximum-treedepth-exceeded - 
WARN [2021-03-05 21:13:48] Brunswick: Examine the pairs() plot to diagnose sampling problems
 - 
WARN [2021-03-05 21:13:48] Brunswick: The largest R-hat is 1.95, indicating chains have not mixed.
Running the chains for more iterations may help. See
http://mc-stan.org/misc/warnings.html#r-hat - 
WARN [2021-03-05 21:13:48] Brunswick: Bulk Effective Samples Size (ESS) is too low, indicating posterior means and medians may be unreliable.
Running the chains for more iterations may help. See
http://mc-stan.org/misc/warnings.html#bulk-ess - 
WARN [2021-03-05 21:13:50] Brunswick: Tail Effective Samples Size (ESS) is too low, indicating posterior variances and tail quantiles may be unreliable.
Running the chains for more iterations may help. See
http://mc-stan.org/misc/warnings.html#tail-ess - 
WARN [2021-03-05 21:14:08] Orange (chain: 1): There were 43 divergent transitions after warmup. See
http://mc-stan.org/misc/warnings.html#divergent-transitions-after-warmup
to find out why this is a problem and how to eliminate them. - 
WARN [2021-03-05 21:14:08] Orange (chain: 1): Examine the pairs() plot to diagnose sampling problems
 - 
INFO [2021-03-05 21:15:03] Completed estimates for: Orange
INFO [2021-03-05 21:15:09] Initialising estimates for: Moore
WARN [2021-03-05 21:16:28] Wayne (chain: 1): There were 45 divergent transitions after warmup. See
http://mc-stan.org/misc/warnings.html#divergent-transitions-after-warmup
to find out why this is a problem and how to eliminate them. - 
WARN [2021-03-05 21:16:28] Wayne (chain: 1): Examine the pairs() plot to diagnose sampling problems
 - 
INFO [2021-03-05 21:16:57] Completed estimates for: Wayne
INFO [2021-03-05 21:17:03] Initialising estimates for: Craven
WARN [2021-03-05 21:17:24] Surry (chain: 1): There were 58 divergent transitions after warmup. See
http://mc-stan.org/misc/warnings.html#divergent-transitions-after-warmup
to find out why this is a problem and how to eliminate them. - 
WARN [2021-03-05 21:17:24] Surry (chain: 1): Examine the pairs() plot to diagnose sampling problems
 - 
INFO [2021-03-05 21:17:53] Completed estimates for: Surry
WARN [2021-03-05 21:17:58] Craven: There were 45 divergent transitions after warmup. See
http://mc-stan.org/misc/warnings.html#divergent-transitions-after-warmup
to find out why this is a problem and how to eliminate them. - 
WARN [2021-03-05 21:17:58] Craven: Examine the pairs() plot to diagnose sampling problems
 - 
WARN [2021-03-05 21:17:58] Craven: The largest R-hat is 2.32, indicating chains have not mixed.
Running the chains for more iterations may help. See
http://mc-stan.org/misc/warnings.html#r-hat - 
INFO [2021-03-05 21:17:59] Initialising estimates for: Buncombe
WARN [2021-03-05 21:17:59] Craven: Bulk Effective Samples Size (ESS) is too low, indicating posterior means and medians may be unreliable.
Running the chains for more iterations may help. See
http://mc-stan.org/misc/warnings.html#bulk-ess - 
WARN [2021-03-05 21:18:00] Craven: Tail Effective Samples Size (ESS) is too low, indicating posterior variances and tail quantiles may be unreliable.
Running the chains for more iterations may help. See
http://mc-stan.org/misc/warnings.html#tail-ess - 
WARN [2021-03-05 21:18:07] Moore: There were 32 divergent transitions after warmup. See
http://mc-stan.org/misc/warnings.html#divergent-transitions-after-warmup
to find out why this is a problem and how to eliminate them. - 
WARN [2021-03-05 21:18:07] Moore: There were 17 transitions after warmup that exceeded the maximum treedepth. Increase max_treedepth above 13. See
http://mc-stan.org/misc/warnings.html#maximum-treedepth-exceeded - 
WARN [2021-03-05 21:18:07] Moore: There were 1 chains where the estimated Bayesian Fraction of Missing Information was low. See
http://mc-stan.org/misc/warnings.html#bfmi-low - 
WARN [2021-03-05 21:18:07] Moore: Examine the pairs() plot to diagnose sampling problems
 - 
WARN [2021-03-05 21:18:08] Moore: The largest R-hat is 2.11, indicating chains have not mixed.
Running the chains for more iterations may help. See
http://mc-stan.org/misc/warnings.html#r-hat - 
WARN [2021-03-05 21:18:09] Moore: Bulk Effective Samples Size (ESS) is too low, indicating posterior means and medians may be unreliable.
Running the chains for more iterations may help. See
http://mc-stan.org/misc/warnings.html#bulk-ess - 
WARN [2021-03-05 21:18:10] Moore: Tail Effective Samples Size (ESS) is too low, indicating posterior variances and tail quantiles may be unreliable.
Running the chains for more iterations may help. See
http://mc-stan.org/misc/warnings.html#tail-ess - 
WARN [2021-03-05 21:24:05] Craven (chain: 1): There were 30 divergent transitions after warmup. See
http://mc-stan.org/misc/warnings.html#divergent-transitions-after-warmup
to find out why this is a problem and how to eliminate them. - 
WARN [2021-03-05 21:24:05] Craven (chain: 1): Examine the pairs() plot to diagnose sampling problems
 - 
WARN [2021-03-05 21:24:09] Buncombe: There were 50 transitions after warmup that exceeded the maximum treedepth. Increase max_treedepth above 13. See
http://mc-stan.org/misc/warnings.html#maximum-treedepth-exceeded - 
WARN [2021-03-05 21:24:09] Buncombe: Examine the pairs() plot to diagnose sampling problems
 - 
WARN [2021-03-05 21:24:09] Buncombe: The largest R-hat is 1.32, indicating chains have not mixed.
Running the chains for more iterations may help. See
http://mc-stan.org/misc/warnings.html#r-hat - 
WARN [2021-03-05 21:24:10] Buncombe: Bulk Effective Samples Size (ESS) is too low, indicating posterior means and medians may be unreliable.
Running the chains for more iterations may help. See
http://mc-stan.org/misc/warnings.html#bulk-ess - 
WARN [2021-03-05 21:24:11] Buncombe: Tail Effective Samples Size (ESS) is too low, indicating posterior variances and tail quantiles may be unreliable.
Running the chains for more iterations may help. See
http://mc-stan.org/misc/warnings.html#tail-ess - 
INFO [2021-03-05 21:24:43] Completed estimates for: Craven
INFO [2021-03-05 21:24:49] Initialising estimates for: Wilkes
WARN [2021-03-05 21:28:12] Brunswick (chain: 1): There were 26 divergent transitions after warmup. See
http://mc-stan.org/misc/warnings.html#divergent-transitions-after-warmup
to find out why this is a problem and how to eliminate them. - 
WARN [2021-03-05 21:28:12] Brunswick (chain: 1): Examine the pairs() plot to diagnose sampling problems
 - 
INFO [2021-03-05 21:28:43] Completed estimates for: Brunswick
INFO [2021-03-05 21:28:47] Initialising estimates for: Cleveland
WARN [2021-03-05 21:29:09] Wilkes: There were 1 divergent transitions after warmup. See
http://mc-stan.org/misc/warnings.html#divergent-transitions-after-warmup
to find out why this is a problem and how to eliminate them. - 
WARN [2021-03-05 21:29:09] Wilkes: There were 49 transitions after warmup that exceeded the maximum treedepth. Increase max_treedepth above 13. See
http://mc-stan.org/misc/warnings.html#maximum-treedepth-exceeded - 
WARN [2021-03-05 21:29:09] Wilkes: Examine the pairs() plot to diagnose sampling problems
 - 
WARN [2021-03-05 21:29:10] Wilkes: The largest R-hat is 2.1, indicating chains have not mixed.
Running the chains for more iterations may help. See
http://mc-stan.org/misc/warnings.html#r-hat - 
WARN [2021-03-05 21:29:10] Wilkes: Bulk Effective Samples Size (ESS) is too low, indicating posterior means and medians may be unreliable.
Running the chains for more iterations may help. See
http://mc-stan.org/misc/warnings.html#bulk-ess - 
WARN [2021-03-05 21:29:11] Wilkes: Tail Effective Samples Size (ESS) is too low, indicating posterior variances and tail quantiles may be unreliable.
Running the chains for more iterations may help. See
http://mc-stan.org/misc/warnings.html#tail-ess - 
WARN [2021-03-05 21:30:14] Moore (chain: 1): There were 39 divergent transitions after warmup. See
http://mc-stan.org/misc/warnings.html#divergent-transitions-after-warmup
to find out why this is a problem and how to eliminate them. - 
WARN [2021-03-05 21:30:14] Moore (chain: 1): Examine the pairs() plot to diagnose sampling problems
 - 
INFO [2021-03-05 21:30:52] Completed estimates for: Moore
INFO [2021-03-05 21:30:57] Initialising estimates for: Robeson
WARN [2021-03-05 21:32:38] Cleveland: There were 32 divergent transitions after warmup. See
http://mc-stan.org/misc/warnings.html#divergent-transitions-after-warmup
to find out why this is a problem and how to eliminate them. - 
WARN [2021-03-05 21:32:38] Cleveland: There were 16 transitions after warmup that exceeded the maximum treedepth. Increase max_treedepth above 13. See
http://mc-stan.org/misc/warnings.html#maximum-treedepth-exceeded - 
WARN [2021-03-05 21:32:38] Cleveland: Examine the pairs() plot to diagnose sampling problems
 - 
WARN [2021-03-05 21:32:38] Cleveland: The largest R-hat is 2.09, indicating chains have not mixed.
Running the chains for more iterations may help. See
http://mc-stan.org/misc/warnings.html#r-hat - 
WARN [2021-03-05 21:32:39] Cleveland: Bulk Effective Samples Size (ESS) is too low, indicating posterior means and medians may be unreliable.
Running the chains for more iterations may help. See
http://mc-stan.org/misc/warnings.html#bulk-ess - 
WARN [2021-03-05 21:32:41] Cleveland: Tail Effective Samples Size (ESS) is too low, indicating posterior variances and tail quantiles may be unreliable.
Running the chains for more iterations may help. See
http://mc-stan.org/misc/warnings.html#tail-ess - 
WARN [2021-03-05 21:32:51] Buncombe (chain: 1): There were 25 divergent transitions after warmup. See
http://mc-stan.org/misc/warnings.html#divergent-transitions-after-warmup
to find out why this is a problem and how to eliminate them. - 
WARN [2021-03-05 21:32:51] Buncombe (chain: 1): Examine the pairs() plot to diagnose sampling problems
 - 
INFO [2021-03-05 21:33:29] Completed estimates for: Buncombe
INFO [2021-03-05 21:33:36] Initialising estimates for: Burke
WARN [2021-03-05 21:34:14] Wilkes (chain: 1): There were 30 divergent transitions after warmup. See
http://mc-stan.org/misc/warnings.html#divergent-transitions-after-warmup
to find out why this is a problem and how to eliminate them. - 
WARN [2021-03-05 21:34:14] Wilkes (chain: 1): Examine the pairs() plot to diagnose sampling problems
 - 
WARN [2021-03-05 21:34:42] Robeson: There were 31 divergent transitions after warmup. See
http://mc-stan.org/misc/warnings.html#divergent-transitions-after-warmup
to find out why this is a problem and how to eliminate them. - 
WARN [2021-03-05 21:34:42] Robeson: There were 19 transitions after warmup that exceeded the maximum treedepth. Increase max_treedepth above 13. See
http://mc-stan.org/misc/warnings.html#maximum-treedepth-exceeded - 
WARN [2021-03-05 21:34:42] Robeson: Examine the pairs() plot to diagnose sampling problems
 - 
WARN [2021-03-05 21:34:43] Robeson: The largest R-hat is 2.03, indicating chains have not mixed.
Running the chains for more iterations may help. See
http://mc-stan.org/misc/warnings.html#r-hat - 
WARN [2021-03-05 21:34:43] Robeson: Bulk Effective Samples Size (ESS) is too low, indicating posterior means and medians may be unreliable.
Running the chains for more iterations may help. See
http://mc-stan.org/misc/warnings.html#bulk-ess - 
WARN [2021-03-05 21:34:45] Robeson: Tail Effective Samples Size (ESS) is too low, indicating posterior variances and tail quantiles may be unreliable.
Running the chains for more iterations may help. See
http://mc-stan.org/misc/warnings.html#tail-ess - 
INFO [2021-03-05 21:34:48] Completed estimates for: Wilkes
INFO [2021-03-05 21:34:53] Initialising estimates for: Nash
WARN [2021-03-05 21:38:37] Burke: There were 50 transitions after warmup that exceeded the maximum treedepth. Increase max_treedepth above 13. See
http://mc-stan.org/misc/warnings.html#maximum-treedepth-exceeded - 
WARN [2021-03-05 21:38:37] Burke: Examine the pairs() plot to diagnose sampling problems
 - 
WARN [2021-03-05 21:38:38] Burke: The largest R-hat is 1.97, indicating chains have not mixed.
Running the chains for more iterations may help. See
http://mc-stan.org/misc/warnings.html#r-hat - 
WARN [2021-03-05 21:38:38] Burke: Bulk Effective Samples Size (ESS) is too low, indicating posterior means and medians may be unreliable.
Running the chains for more iterations may help. See
http://mc-stan.org/misc/warnings.html#bulk-ess - 
WARN [2021-03-05 21:38:39] Burke: Tail Effective Samples Size (ESS) is too low, indicating posterior variances and tail quantiles may be unreliable.
Running the chains for more iterations may help. See
http://mc-stan.org/misc/warnings.html#tail-ess - 
WARN [2021-03-05 21:40:28] Nash: There were 2 divergent transitions after warmup. See
http://mc-stan.org/misc/warnings.html#divergent-transitions-after-warmup
to find out why this is a problem and how to eliminate them. - 
WARN [2021-03-05 21:40:28] Nash: There were 48 transitions after warmup that exceeded the maximum treedepth. Increase max_treedepth above 13. See
http://mc-stan.org/misc/warnings.html#maximum-treedepth-exceeded - 
WARN [2021-03-05 21:40:28] Nash: Examine the pairs() plot to diagnose sampling problems
 - 
WARN [2021-03-05 21:40:29] Nash: The largest R-hat is 2.11, indicating chains have not mixed.
Running the chains for more iterations may help. See
http://mc-stan.org/misc/warnings.html#r-hat - 
WARN [2021-03-05 21:40:30] Nash: Bulk Effective Samples Size (ESS) is too low, indicating posterior means and medians may be unreliable.
Running the chains for more iterations may help. See
http://mc-stan.org/misc/warnings.html#bulk-ess - 
WARN [2021-03-05 21:40:31] Nash: Tail Effective Samples Size (ESS) is too low, indicating posterior variances and tail quantiles may be unreliable.
Running the chains for more iterations may help. See
http://mc-stan.org/misc/warnings.html#tail-ess - 
WARN [2021-03-05 21:41:42] Robeson (chain: 1): There were 150 divergent transitions after warmup. See
http://mc-stan.org/misc/warnings.html#divergent-transitions-after-warmup
to find out why this is a problem and how to eliminate them. - 
WARN [2021-03-05 21:41:42] Robeson (chain: 1): Examine the pairs() plot to diagnose sampling problems
 - 
WARN [2021-03-05 21:41:55] Robeson (chain: 1): Tail Effective Samples Size (ESS) is too low, indicating posterior variances and tail quantiles may be unreliable.
Running the chains for more iterations may help. See
http://mc-stan.org/misc/warnings.html#tail-ess - 
INFO [2021-03-05 21:42:29] Completed estimates for: Robeson
INFO [2021-03-05 21:42:36] Initialising estimates for: Onslow
WARN [2021-03-05 21:43:45] Cleveland (chain: 1): There were 17 divergent transitions after warmup. See
http://mc-stan.org/misc/warnings.html#divergent-transitions-after-warmup
to find out why this is a problem and how to eliminate them. - 
WARN [2021-03-05 21:43:45] Cleveland (chain: 1): Examine the pairs() plot to diagnose sampling problems
 - 
INFO [2021-03-05 21:44:27] Completed estimates for: Cleveland
INFO [2021-03-05 21:44:32] Initialising estimates for: Davidson
WARN [2021-03-05 21:45:54] Onslow: There were 36 divergent transitions after warmup. See
http://mc-stan.org/misc/warnings.html#divergent-transitions-after-warmup
to find out why this is a problem and how to eliminate them. - 
WARN [2021-03-05 21:45:54] Onslow: There were 10 transitions after warmup that exceeded the maximum treedepth. Increase max_treedepth above 13. See
http://mc-stan.org/misc/warnings.html#maximum-treedepth-exceeded - 
WARN [2021-03-05 21:45:54] Onslow: Examine the pairs() plot to diagnose sampling problems
 - 
WARN [2021-03-05 21:45:55] Onslow: The largest R-hat is 1.7, indicating chains have not mixed.
Running the chains for more iterations may help. See
http://mc-stan.org/misc/warnings.html#r-hat - 
WARN [2021-03-05 21:45:55] Onslow: Bulk Effective Samples Size (ESS) is too low, indicating posterior means and medians may be unreliable.
Running the chains for more iterations may help. See
http://mc-stan.org/misc/warnings.html#bulk-ess - 
WARN [2021-03-05 21:45:57] Onslow: Tail Effective Samples Size (ESS) is too low, indicating posterior variances and tail quantiles may be unreliable.
Running the chains for more iterations may help. See
http://mc-stan.org/misc/warnings.html#tail-ess - 
WARN [2021-03-05 21:47:09] Burke (chain: 1): There were 108 divergent transitions after warmup. See
http://mc-stan.org/misc/warnings.html#divergent-transitions-after-warmup
to find out why this is a problem and how to eliminate them. - 
WARN [2021-03-05 21:47:09] Burke (chain: 1): Examine the pairs() plot to diagnose sampling problems
 - 
WARN [2021-03-05 21:47:18] Burke (chain: 1): Bulk Effective Samples Size (ESS) is too low, indicating posterior means and medians may be unreliable.
Running the chains for more iterations may help. See
http://mc-stan.org/misc/warnings.html#bulk-ess - 
WARN [2021-03-05 21:47:23] Burke (chain: 1): Tail Effective Samples Size (ESS) is too low, indicating posterior variances and tail quantiles may be unreliable.
Running the chains for more iterations may help. See
http://mc-stan.org/misc/warnings.html#tail-ess - 
INFO [2021-03-05 21:47:46] Completed estimates for: Burke
INFO [2021-03-05 21:47:52] Initialising estimates for: Randolph
WARN [2021-03-05 21:47:55] Davidson: There were 40 divergent transitions after warmup. See
http://mc-stan.org/misc/warnings.html#divergent-transitions-after-warmup
to find out why this is a problem and how to eliminate them. - 
WARN [2021-03-05 21:47:55] Davidson: There were 10 transitions after warmup that exceeded the maximum treedepth. Increase max_treedepth above 13. See
http://mc-stan.org/misc/warnings.html#maximum-treedepth-exceeded - 
WARN [2021-03-05 21:47:55] Davidson: Examine the pairs() plot to diagnose sampling problems
 - 
WARN [2021-03-05 21:47:56] Davidson: The largest R-hat is 2.1, indicating chains have not mixed.
Running the chains for more iterations may help. See
http://mc-stan.org/misc/warnings.html#r-hat - 
WARN [2021-03-05 21:47:56] Davidson: Bulk Effective Samples Size (ESS) is too low, indicating posterior means and medians may be unreliable.
Running the chains for more iterations may help. See
http://mc-stan.org/misc/warnings.html#bulk-ess - 
WARN [2021-03-05 21:47:58] Davidson: Tail Effective Samples Size (ESS) is too low, indicating posterior variances and tail quantiles may be unreliable.
Running the chains for more iterations may help. See
http://mc-stan.org/misc/warnings.html#tail-ess - 
WARN [2021-03-05 21:48:30] Nash (chain: 1): There were 50 divergent transitions after warmup. See
http://mc-stan.org/misc/warnings.html#divergent-transitions-after-warmup
to find out why this is a problem and how to eliminate them. - 
WARN [2021-03-05 21:48:30] Nash (chain: 1): Examine the pairs() plot to diagnose sampling problems
 - 
INFO [2021-03-05 21:49:11] Completed estimates for: Nash
INFO [2021-03-05 21:49:16] Initialising estimates for: Alamance
WARN [2021-03-05 21:51:47] Randolph: There were 45 divergent transitions after warmup. See
http://mc-stan.org/misc/warnings.html#divergent-transitions-after-warmup
to find out why this is a problem and how to eliminate them. - 
WARN [2021-03-05 21:51:47] Randolph: There were 2 transitions after warmup that exceeded the maximum treedepth. Increase max_treedepth above 13. See
http://mc-stan.org/misc/warnings.html#maximum-treedepth-exceeded - 
WARN [2021-03-05 21:51:47] Randolph: Examine the pairs() plot to diagnose sampling problems
 - 
WARN [2021-03-05 21:51:47] Randolph: The largest R-hat is 2.11, indicating chains have not mixed.
Running the chains for more iterations may help. See
http://mc-stan.org/misc/warnings.html#r-hat - 
WARN [2021-03-05 21:51:48] Randolph: Bulk Effective Samples Size (ESS) is too low, indicating posterior means and medians may be unreliable.
Running the chains for more iterations may help. See
http://mc-stan.org/misc/warnings.html#bulk-ess - 
WARN [2021-03-05 21:51:49] Randolph: Tail Effective Samples Size (ESS) is too low, indicating posterior variances and tail quantiles may be unreliable.
Running the chains for more iterations may help. See
http://mc-stan.org/misc/warnings.html#tail-ess - 
WARN [2021-03-05 21:55:24] Alamance: There were 4 divergent transitions after warmup. See
http://mc-stan.org/misc/warnings.html#divergent-transitions-after-warmup
to find out why this is a problem and how to eliminate them. - 
WARN [2021-03-05 21:55:24] Alamance: There were 43 transitions after warmup that exceeded the maximum treedepth. Increase max_treedepth above 13. See
http://mc-stan.org/misc/warnings.html#maximum-treedepth-exceeded - 
WARN [2021-03-05 21:55:24] Alamance: Examine the pairs() plot to diagnose sampling problems
 - 
WARN [2021-03-05 21:55:25] Alamance: The largest R-hat is 1.42, indicating chains have not mixed.
Running the chains for more iterations may help. See
http://mc-stan.org/misc/warnings.html#r-hat - 
WARN [2021-03-05 21:55:25] Alamance: Bulk Effective Samples Size (ESS) is too low, indicating posterior means and medians may be unreliable.
Running the chains for more iterations may help. See
http://mc-stan.org/misc/warnings.html#bulk-ess - 
WARN [2021-03-05 21:55:27] Alamance: Tail Effective Samples Size (ESS) is too low, indicating posterior variances and tail quantiles may be unreliable.
Running the chains for more iterations may help. See
http://mc-stan.org/misc/warnings.html#tail-ess - 
WARN [2021-03-05 21:56:54] Davidson (chain: 1): There were 32 divergent transitions after warmup. See
http://mc-stan.org/misc/warnings.html#divergent-transitions-after-warmup
to find out why this is a problem and how to eliminate them. - 
WARN [2021-03-05 21:56:54] Davidson (chain: 1): Examine the pairs() plot to diagnose sampling problems
 - 
INFO [2021-03-05 21:57:39] Completed estimates for: Davidson
INFO [2021-03-05 21:57:43] Initialising estimates for: Rowan
WARN [2021-03-05 21:59:23] Onslow (chain: 1): There were 35 divergent transitions after warmup. See
http://mc-stan.org/misc/warnings.html#divergent-transitions-after-warmup
to find out why this is a problem and how to eliminate them. - 
WARN [2021-03-05 21:59:23] Onslow (chain: 1): Examine the pairs() plot to diagnose sampling problems
 - 
INFO [2021-03-05 22:00:03] Completed estimates for: Onslow
INFO [2021-03-05 22:00:07] Initialising estimates for: Iredell
WARN [2021-03-05 22:01:10] Alamance (chain: 1): There were 32 divergent transitions after warmup. See
http://mc-stan.org/misc/warnings.html#divergent-transitions-after-warmup
to find out why this is a problem and how to eliminate them. - 
WARN [2021-03-05 22:01:10] Alamance (chain: 1): Examine the pairs() plot to diagnose sampling problems
 - 
WARN [2021-03-05 22:01:26] Rowan: There were 40 divergent transitions after warmup. See
http://mc-stan.org/misc/warnings.html#divergent-transitions-after-warmup
to find out why this is a problem and how to eliminate them. - 
WARN [2021-03-05 22:01:26] Rowan: There were 9 transitions after warmup that exceeded the maximum treedepth. Increase max_treedepth above 13. See
http://mc-stan.org/misc/warnings.html#maximum-treedepth-exceeded - 
WARN [2021-03-05 22:01:26] Rowan: Examine the pairs() plot to diagnose sampling problems
 - 
WARN [2021-03-05 22:01:27] Rowan: The largest R-hat is 2.11, indicating chains have not mixed.
Running the chains for more iterations may help. See
http://mc-stan.org/misc/warnings.html#r-hat - 
WARN [2021-03-05 22:01:27] Rowan: Bulk Effective Samples Size (ESS) is too low, indicating posterior means and medians may be unreliable.
Running the chains for more iterations may help. See
http://mc-stan.org/misc/warnings.html#bulk-ess - 
WARN [2021-03-05 22:01:29] Rowan: Tail Effective Samples Size (ESS) is too low, indicating posterior variances and tail quantiles may be unreliable.
Running the chains for more iterations may help. See
http://mc-stan.org/misc/warnings.html#tail-ess - 
INFO [2021-03-05 22:01:39] Completed estimates for: Alamance
INFO [2021-03-05 22:01:43] Initialising estimates for: Cumberland
WARN [2021-03-05 22:01:56] Iredell: There were 44 divergent transitions after warmup. See
http://mc-stan.org/misc/warnings.html#divergent-transitions-after-warmup
to find out why this is a problem and how to eliminate them. - 
WARN [2021-03-05 22:01:56] Iredell: Examine the pairs() plot to diagnose sampling problems
 - 
WARN [2021-03-05 22:01:56] Iredell: The largest R-hat is 2.22, indicating chains have not mixed.
Running the chains for more iterations may help. See
http://mc-stan.org/misc/warnings.html#r-hat - 
WARN [2021-03-05 22:01:58] Iredell: Bulk Effective Samples Size (ESS) is too low, indicating posterior means and medians may be unreliable.
Running the chains for more iterations may help. See
http://mc-stan.org/misc/warnings.html#bulk-ess - 
WARN [2021-03-05 22:01:58] Iredell: Tail Effective Samples Size (ESS) is too low, indicating posterior variances and tail quantiles may be unreliable.
Running the chains for more iterations may help. See
http://mc-stan.org/misc/warnings.html#tail-ess - 
WARN [2021-03-05 22:02:21] Randolph (chain: 1): There were 23 divergent transitions after warmup. See
http://mc-stan.org/misc/warnings.html#divergent-transitions-after-warmup
to find out why this is a problem and how to eliminate them. - 
WARN [2021-03-05 22:02:21] Randolph (chain: 1): Examine the pairs() plot to diagnose sampling problems
 - 
INFO [2021-03-05 22:03:03] Completed estimates for: Randolph
INFO [2021-03-05 22:03:08] Initialising estimates for: Union
WARN [2021-03-05 22:05:37] Union: There were 45 divergent transitions after warmup. See
http://mc-stan.org/misc/warnings.html#divergent-transitions-after-warmup
to find out why this is a problem and how to eliminate them. - 
WARN [2021-03-05 22:05:37] Union: Examine the pairs() plot to diagnose sampling problems
 - 
WARN [2021-03-05 22:05:37] Union: The largest R-hat is 2.19, indicating chains have not mixed.
Running the chains for more iterations may help. See
http://mc-stan.org/misc/warnings.html#r-hat - 
WARN [2021-03-05 22:05:38] Union: Bulk Effective Samples Size (ESS) is too low, indicating posterior means and medians may be unreliable.
Running the chains for more iterations may help. See
http://mc-stan.org/misc/warnings.html#bulk-ess - 
WARN [2021-03-05 22:05:39] Union: Tail Effective Samples Size (ESS) is too low, indicating posterior variances and tail quantiles may be unreliable.
Running the chains for more iterations may help. See
http://mc-stan.org/misc/warnings.html#tail-ess - 
WARN [2021-03-05 22:07:39] Cumberland: There were 49 transitions after warmup that exceeded the maximum treedepth. Increase max_treedepth above 13. See
http://mc-stan.org/misc/warnings.html#maximum-treedepth-exceeded - 
WARN [2021-03-05 22:07:39] Cumberland: Examine the pairs() plot to diagnose sampling problems
 - 
WARN [2021-03-05 22:07:41] Cumberland: The largest R-hat is 1.21, indicating chains have not mixed.
Running the chains for more iterations may help. See
http://mc-stan.org/misc/warnings.html#r-hat - 
WARN [2021-03-05 22:07:41] Cumberland: Bulk Effective Samples Size (ESS) is too low, indicating posterior means and medians may be unreliable.
Running the chains for more iterations may help. See
http://mc-stan.org/misc/warnings.html#bulk-ess - 
WARN [2021-03-05 22:07:42] Cumberland: Tail Effective Samples Size (ESS) is too low, indicating posterior variances and tail quantiles may be unreliable.
Running the chains for more iterations may help. See
http://mc-stan.org/misc/warnings.html#tail-ess - 
WARN [2021-03-05 22:07:52] Rowan (chain: 1): There were 23 divergent transitions after warmup. See
http://mc-stan.org/misc/warnings.html#divergent-transitions-after-warmup
to find out why this is a problem and how to eliminate them. - 
WARN [2021-03-05 22:07:52] Rowan (chain: 1): Examine the pairs() plot to diagnose sampling problems
 - 
INFO [2021-03-05 22:08:40] Completed estimates for: Rowan
INFO [2021-03-05 22:08:45] Initialising estimates for: Durham
WARN [2021-03-05 22:14:30] Durham: There were 1 divergent transitions after warmup. See
http://mc-stan.org/misc/warnings.html#divergent-transitions-after-warmup
to find out why this is a problem and how to eliminate them. - 
WARN [2021-03-05 22:14:30] Durham: There were 48 transitions after warmup that exceeded the maximum treedepth. Increase max_treedepth above 13. See
http://mc-stan.org/misc/warnings.html#maximum-treedepth-exceeded - 
WARN [2021-03-05 22:14:30] Durham: Examine the pairs() plot to diagnose sampling problems
 - 
WARN [2021-03-05 22:14:30] Durham: The largest R-hat is 1.28, indicating chains have not mixed.
Running the chains for more iterations may help. See
http://mc-stan.org/misc/warnings.html#r-hat - 
WARN [2021-03-05 22:14:31] Durham: Bulk Effective Samples Size (ESS) is too low, indicating posterior means and medians may be unreliable.
Running the chains for more iterations may help. See
http://mc-stan.org/misc/warnings.html#bulk-ess - 
WARN [2021-03-05 22:14:32] Durham: Tail Effective Samples Size (ESS) is too low, indicating posterior variances and tail quantiles may be unreliable.
Running the chains for more iterations may help. See
http://mc-stan.org/misc/warnings.html#tail-ess - 
WARN [2021-03-05 22:18:27] Iredell (chain: 1): There were 63 divergent transitions after warmup. See
http://mc-stan.org/misc/warnings.html#divergent-transitions-after-warmup
to find out why this is a problem and how to eliminate them. - 
WARN [2021-03-05 22:18:27] Iredell (chain: 1): Examine the pairs() plot to diagnose sampling problems
 - 
INFO [2021-03-05 22:19:01] Completed estimates for: Iredell
INFO [2021-03-05 22:19:06] Initialising estimates for: Catawba
WARN [2021-03-05 22:20:17] Cumberland (chain: 1): There were 54 divergent transitions after warmup. See
http://mc-stan.org/misc/warnings.html#divergent-transitions-after-warmup
to find out why this is a problem and how to eliminate them. - 
WARN [2021-03-05 22:20:17] Cumberland (chain: 1): Examine the pairs() plot to diagnose sampling problems
 - 
INFO [2021-03-05 22:20:49] Completed estimates for: Cumberland
INFO [2021-03-05 22:20:55] Initialising estimates for: Johnston
WARN [2021-03-05 22:21:40] Union (chain: 1): There were 188 divergent transitions after warmup. See
http://mc-stan.org/misc/warnings.html#divergent-transitions-after-warmup
to find out why this is a problem and how to eliminate them. - 
WARN [2021-03-05 22:21:40] Union (chain: 1): Examine the pairs() plot to diagnose sampling problems
 - 
WARN [2021-03-05 22:21:43] Union (chain: 1): The largest R-hat is 1.06, indicating chains have not mixed.
Running the chains for more iterations may help. See
http://mc-stan.org/misc/warnings.html#r-hat - 
WARN [2021-03-05 22:21:46] Union (chain: 1): Bulk Effective Samples Size (ESS) is too low, indicating posterior means and medians may be unreliable.
Running the chains for more iterations may help. See
http://mc-stan.org/misc/warnings.html#bulk-ess - 
WARN [2021-03-05 22:21:50] Union (chain: 1): Tail Effective Samples Size (ESS) is too low, indicating posterior variances and tail quantiles may be unreliable.
Running the chains for more iterations may help. See
http://mc-stan.org/misc/warnings.html#tail-ess - 
WARN [2021-03-05 22:21:51] Durham (chain: 1): There were 96 divergent transitions after warmup. See
http://mc-stan.org/misc/warnings.html#divergent-transitions-after-warmup
to find out why this is a problem and how to eliminate them. - 
WARN [2021-03-05 22:21:51] Durham (chain: 1): Examine the pairs() plot to diagnose sampling problems
 - 
WARN [2021-03-05 22:21:56] Durham (chain: 1): Bulk Effective Samples Size (ESS) is too low, indicating posterior means and medians may be unreliable.
Running the chains for more iterations may help. See
http://mc-stan.org/misc/warnings.html#bulk-ess - 
WARN [2021-03-05 22:22:00] Durham (chain: 1): Tail Effective Samples Size (ESS) is too low, indicating posterior variances and tail quantiles may be unreliable.
Running the chains for more iterations may help. See
http://mc-stan.org/misc/warnings.html#tail-ess - 
INFO [2021-03-05 22:22:10] Completed estimates for: Union
INFO [2021-03-05 22:22:16] Initialising estimates for: Cabarrus
INFO [2021-03-05 22:22:20] Completed estimates for: Durham
INFO [2021-03-05 22:22:24] Initialising estimates for: Pitt
WARN [2021-03-05 22:22:57] Catawba: There were 50 transitions after warmup that exceeded the maximum treedepth. Increase max_treedepth above 13. See
http://mc-stan.org/misc/warnings.html#maximum-treedepth-exceeded - 
WARN [2021-03-05 22:22:57] Catawba: Examine the pairs() plot to diagnose sampling problems
 - 
WARN [2021-03-05 22:22:58] Catawba: The largest R-hat is 1.33, indicating chains have not mixed.
Running the chains for more iterations may help. See
http://mc-stan.org/misc/warnings.html#r-hat - 
WARN [2021-03-05 22:22:58] Catawba: Bulk Effective Samples Size (ESS) is too low, indicating posterior means and medians may be unreliable.
Running the chains for more iterations may help. See
http://mc-stan.org/misc/warnings.html#bulk-ess - 
WARN [2021-03-05 22:22:59] Catawba: Tail Effective Samples Size (ESS) is too low, indicating posterior variances and tail quantiles may be unreliable.
Running the chains for more iterations may help. See
http://mc-stan.org/misc/warnings.html#tail-ess - 
WARN [2021-03-05 22:23:21] Pitt: There were 50 divergent transitions after warmup. See
http://mc-stan.org/misc/warnings.html#divergent-transitions-after-warmup
to find out why this is a problem and how to eliminate them. - 
WARN [2021-03-05 22:23:21] Pitt: Examine the pairs() plot to diagnose sampling problems
 - 
WARN [2021-03-05 22:23:21] Pitt: The largest R-hat is 2.13, indicating chains have not mixed.
Running the chains for more iterations may help. See
http://mc-stan.org/misc/warnings.html#r-hat - 
WARN [2021-03-05 22:23:23] Pitt: Bulk Effective Samples Size (ESS) is too low, indicating posterior means and medians may be unreliable.
Running the chains for more iterations may help. See
http://mc-stan.org/misc/warnings.html#bulk-ess - 
WARN [2021-03-05 22:23:23] Pitt: Tail Effective Samples Size (ESS) is too low, indicating posterior variances and tail quantiles may be unreliable.
Running the chains for more iterations may help. See
http://mc-stan.org/misc/warnings.html#tail-ess - 
WARN [2021-03-05 22:23:40] Cabarrus: There were 48 divergent transitions after warmup. See
http://mc-stan.org/misc/warnings.html#divergent-transitions-after-warmup
to find out why this is a problem and how to eliminate them. - 
WARN [2021-03-05 22:23:40] Cabarrus: Examine the pairs() plot to diagnose sampling problems
 - 
WARN [2021-03-05 22:23:41] Cabarrus: The largest R-hat is 2.62, indicating chains have not mixed.
Running the chains for more iterations may help. See
http://mc-stan.org/misc/warnings.html#r-hat - 
WARN [2021-03-05 22:23:41] Cabarrus: Bulk Effective Samples Size (ESS) is too low, indicating posterior means and medians may be unreliable.
Running the chains for more iterations may help. See
http://mc-stan.org/misc/warnings.html#bulk-ess - 
WARN [2021-03-05 22:23:44] Cabarrus: Tail Effective Samples Size (ESS) is too low, indicating posterior variances and tail quantiles may be unreliable.
Running the chains for more iterations may help. See
http://mc-stan.org/misc/warnings.html#tail-ess - 
WARN [2021-03-05 22:23:51] Johnston: There were 40 divergent transitions after warmup. See
http://mc-stan.org/misc/warnings.html#divergent-transitions-after-warmup
to find out why this is a problem and how to eliminate them. - 
WARN [2021-03-05 22:23:51] Johnston: There were 10 transitions after warmup that exceeded the maximum treedepth. Increase max_treedepth above 13. See
http://mc-stan.org/misc/warnings.html#maximum-treedepth-exceeded - 
WARN [2021-03-05 22:23:51] Johnston: Examine the pairs() plot to diagnose sampling problems
 - 
WARN [2021-03-05 22:23:52] Johnston: The largest R-hat is 2.11, indicating chains have not mixed.
Running the chains for more iterations may help. See
http://mc-stan.org/misc/warnings.html#r-hat - 
WARN [2021-03-05 22:23:53] Johnston: Bulk Effective Samples Size (ESS) is too low, indicating posterior means and medians may be unreliable.
Running the chains for more iterations may help. See
http://mc-stan.org/misc/warnings.html#bulk-ess - 
WARN [2021-03-05 22:23:56] Johnston: Tail Effective Samples Size (ESS) is too low, indicating posterior variances and tail quantiles may be unreliable.
Running the chains for more iterations may help. See
http://mc-stan.org/misc/warnings.html#tail-ess - 
WARN [2021-03-05 22:32:29] Pitt (chain: 1): There were 73 divergent transitions after warmup. See
http://mc-stan.org/misc/warnings.html#divergent-transitions-after-warmup
to find out why this is a problem and how to eliminate them. - 
WARN [2021-03-05 22:32:29] Pitt (chain: 1): Examine the pairs() plot to diagnose sampling problems
 - 
INFO [2021-03-05 22:33:08] Completed estimates for: Pitt
WARN [2021-03-05 22:33:12] Cabarrus (chain: 1): There were 38 divergent transitions after warmup. See
http://mc-stan.org/misc/warnings.html#divergent-transitions-after-warmup
to find out why this is a problem and how to eliminate them. - 
WARN [2021-03-05 22:33:12] Cabarrus (chain: 1): Examine the pairs() plot to diagnose sampling problems
 - 
INFO [2021-03-05 22:33:13] Initialising estimates for: Gaston
INFO [2021-03-05 22:33:41] Completed estimates for: Cabarrus
INFO [2021-03-05 22:33:46] Initialising estimates for: New Hanover
WARN [2021-03-05 22:34:52] New Hanover: There were 46 divergent transitions after warmup. See
http://mc-stan.org/misc/warnings.html#divergent-transitions-after-warmup
to find out why this is a problem and how to eliminate them. - 
WARN [2021-03-05 22:34:52] New Hanover: Examine the pairs() plot to diagnose sampling problems
 - 
WARN [2021-03-05 22:34:52] New Hanover: The largest R-hat is 2.4, indicating chains have not mixed.
Running the chains for more iterations may help. See
http://mc-stan.org/misc/warnings.html#r-hat - 
WARN [2021-03-05 22:34:53] New Hanover: Bulk Effective Samples Size (ESS) is too low, indicating posterior means and medians may be unreliable.
Running the chains for more iterations may help. See
http://mc-stan.org/misc/warnings.html#bulk-ess - 
WARN [2021-03-05 22:34:53] New Hanover: Tail Effective Samples Size (ESS) is too low, indicating posterior variances and tail quantiles may be unreliable.
Running the chains for more iterations may help. See
http://mc-stan.org/misc/warnings.html#tail-ess - 
WARN [2021-03-05 22:35:10] Johnston (chain: 1): There were 14 divergent transitions after warmup. See
http://mc-stan.org/misc/warnings.html#divergent-transitions-after-warmup
to find out why this is a problem and how to eliminate them. - 
WARN [2021-03-05 22:35:10] Johnston (chain: 1): Examine the pairs() plot to diagnose sampling problems
 - 
INFO [2021-03-05 22:35:43] Completed estimates for: Johnston
INFO [2021-03-05 22:35:48] Initialising estimates for: Guilford
WARN [2021-03-05 22:37:02] Gaston: There were 50 transitions after warmup that exceeded the maximum treedepth. Increase max_treedepth above 13. See
http://mc-stan.org/misc/warnings.html#maximum-treedepth-exceeded - 
WARN [2021-03-05 22:37:02] Gaston: Examine the pairs() plot to diagnose sampling problems
 - 
WARN [2021-03-05 22:37:02] Gaston: The largest R-hat is 1.2, indicating chains have not mixed.
Running the chains for more iterations may help. See
http://mc-stan.org/misc/warnings.html#r-hat - 
WARN [2021-03-05 22:37:02] Gaston: Bulk Effective Samples Size (ESS) is too low, indicating posterior means and medians may be unreliable.
Running the chains for more iterations may help. See
http://mc-stan.org/misc/warnings.html#bulk-ess - 
WARN [2021-03-05 22:37:03] Gaston: Tail Effective Samples Size (ESS) is too low, indicating posterior variances and tail quantiles may be unreliable.
Running the chains for more iterations may help. See
http://mc-stan.org/misc/warnings.html#tail-ess - 
WARN [2021-03-05 22:37:25] Catawba (chain: 1): There were 475 divergent transitions after warmup. See
http://mc-stan.org/misc/warnings.html#divergent-transitions-after-warmup
to find out why this is a problem and how to eliminate them. - 
WARN [2021-03-05 22:37:25] Catawba (chain: 1): Examine the pairs() plot to diagnose sampling problems
 - 
WARN [2021-03-05 22:37:30] Catawba (chain: 1): The largest R-hat is 1.29, indicating chains have not mixed.
Running the chains for more iterations may help. See
http://mc-stan.org/misc/warnings.html#r-hat - 
WARN [2021-03-05 22:37:36] Catawba (chain: 1): Bulk Effective Samples Size (ESS) is too low, indicating posterior means and medians may be unreliable.
Running the chains for more iterations may help. See
http://mc-stan.org/misc/warnings.html#bulk-ess - 
WARN [2021-03-05 22:37:42] Catawba (chain: 1): Tail Effective Samples Size (ESS) is too low, indicating posterior variances and tail quantiles may be unreliable.
Running the chains for more iterations may help. See
http://mc-stan.org/misc/warnings.html#tail-ess - 
INFO [2021-03-05 22:38:11] Completed estimates for: Catawba
INFO [2021-03-05 22:38:17] Initialising estimates for: Forsyth
WARN [2021-03-05 22:40:16] Guilford: There were 49 transitions after warmup that exceeded the maximum treedepth. Increase max_treedepth above 13. See
http://mc-stan.org/misc/warnings.html#maximum-treedepth-exceeded - 
WARN [2021-03-05 22:40:16] Guilford: Examine the pairs() plot to diagnose sampling problems
 - 
WARN [2021-03-05 22:40:16] Guilford: The largest R-hat is 1.3, indicating chains have not mixed.
Running the chains for more iterations may help. See
http://mc-stan.org/misc/warnings.html#r-hat - 
WARN [2021-03-05 22:40:17] Guilford: Bulk Effective Samples Size (ESS) is too low, indicating posterior means and medians may be unreliable.
Running the chains for more iterations may help. See
http://mc-stan.org/misc/warnings.html#bulk-ess - 
WARN [2021-03-05 22:40:18] Guilford: Tail Effective Samples Size (ESS) is too low, indicating posterior variances and tail quantiles may be unreliable.
Running the chains for more iterations may help. See
http://mc-stan.org/misc/warnings.html#tail-ess - 
WARN [2021-03-05 22:41:59] New Hanover (chain: 1): There were 37 divergent transitions after warmup. See
http://mc-stan.org/misc/warnings.html#divergent-transitions-after-warmup
to find out why this is a problem and how to eliminate them. - 
WARN [2021-03-05 22:41:59] New Hanover (chain: 1): Examine the pairs() plot to diagnose sampling problems
 - 
INFO [2021-03-05 22:42:39] Completed estimates for: New Hanover
INFO [2021-03-05 22:42:45] Initialising estimates for: Wake
WARN [2021-03-05 22:43:12] Forsyth: There were 1 divergent transitions after warmup. See
http://mc-stan.org/misc/warnings.html#divergent-transitions-after-warmup
to find out why this is a problem and how to eliminate them. - 
WARN [2021-03-05 22:43:12] Forsyth: There were 45 transitions after warmup that exceeded the maximum treedepth. Increase max_treedepth above 13. See
http://mc-stan.org/misc/warnings.html#maximum-treedepth-exceeded - 
WARN [2021-03-05 22:43:12] Forsyth: Examine the pairs() plot to diagnose sampling problems
 - 
WARN [2021-03-05 22:43:13] Forsyth: The largest R-hat is 1.5, indicating chains have not mixed.
Running the chains for more iterations may help. See
http://mc-stan.org/misc/warnings.html#r-hat - 
WARN [2021-03-05 22:43:13] Forsyth: Bulk Effective Samples Size (ESS) is too low, indicating posterior means and medians may be unreliable.
Running the chains for more iterations may help. See
http://mc-stan.org/misc/warnings.html#bulk-ess - 
WARN [2021-03-05 22:43:16] Forsyth: Tail Effective Samples Size (ESS) is too low, indicating posterior variances and tail quantiles may be unreliable.
Running the chains for more iterations may help. See
http://mc-stan.org/misc/warnings.html#tail-ess - 
WARN [2021-03-05 22:48:54] Wake: There were 50 transitions after warmup that exceeded the maximum treedepth. Increase max_treedepth above 13. See
http://mc-stan.org/misc/warnings.html#maximum-treedepth-exceeded - 
WARN [2021-03-05 22:48:54] Wake: Examine the pairs() plot to diagnose sampling problems
 - 
WARN [2021-03-05 22:48:55] Wake: The largest R-hat is 1.21, indicating chains have not mixed.
Running the chains for more iterations may help. See
http://mc-stan.org/misc/warnings.html#r-hat - 
WARN [2021-03-05 22:48:55] Wake: Bulk Effective Samples Size (ESS) is too low, indicating posterior means and medians may be unreliable.
Running the chains for more iterations may help. See
http://mc-stan.org/misc/warnings.html#bulk-ess - 
WARN [2021-03-05 22:48:58] Wake: Tail Effective Samples Size (ESS) is too low, indicating posterior variances and tail quantiles may be unreliable.
Running the chains for more iterations may help. See
http://mc-stan.org/misc/warnings.html#tail-ess - 
WARN [2021-03-05 22:49:57] Gaston (chain: 1): There were 24 divergent transitions after warmup. See
http://mc-stan.org/misc/warnings.html#divergent-transitions-after-warmup
to find out why this is a problem and how to eliminate them. - 
WARN [2021-03-05 22:49:57] Gaston (chain: 1): Examine the pairs() plot to diagnose sampling problems
 - 
INFO [2021-03-05 22:50:41] Completed estimates for: Gaston
INFO [2021-03-05 22:50:45] Initialising estimates for: Mecklenburg
WARN [2021-03-05 22:51:50] Guilford (chain: 1): There were 59 divergent transitions after warmup. See
http://mc-stan.org/misc/warnings.html#divergent-transitions-after-warmup
to find out why this is a problem and how to eliminate them. - 
WARN [2021-03-05 22:51:50] Guilford (chain: 1): Examine the pairs() plot to diagnose sampling problems
 - 
INFO [2021-03-05 22:52:25] Completed estimates for: Guilford
WARN [2021-03-05 22:54:15] Forsyth (chain: 1): There were 44 divergent transitions after warmup. See
http://mc-stan.org/misc/warnings.html#divergent-transitions-after-warmup
to find out why this is a problem and how to eliminate them. - 
WARN [2021-03-05 22:54:15] Forsyth (chain: 1): Examine the pairs() plot to diagnose sampling problems
 - 
INFO [2021-03-05 22:54:44] Completed estimates for: Forsyth
WARN [2021-03-05 22:54:45] Mecklenburg: There were 50 transitions after warmup that exceeded the maximum treedepth. Increase max_treedepth above 13. See
http://mc-stan.org/misc/warnings.html#maximum-treedepth-exceeded - 
WARN [2021-03-05 22:54:45] Mecklenburg: Examine the pairs() plot to diagnose sampling problems
 - 
WARN [2021-03-05 22:54:46] Mecklenburg: The largest R-hat is 1.23, indicating chains have not mixed.
Running the chains for more iterations may help. See
http://mc-stan.org/misc/warnings.html#r-hat - 
WARN [2021-03-05 22:54:47] Mecklenburg: Bulk Effective Samples Size (ESS) is too low, indicating posterior means and medians may be unreliable.
Running the chains for more iterations may help. See
http://mc-stan.org/misc/warnings.html#bulk-ess - 
WARN [2021-03-05 22:54:48] Mecklenburg: Tail Effective Samples Size (ESS) is too low, indicating posterior variances and tail quantiles may be unreliable.
Running the chains for more iterations may help. See
http://mc-stan.org/misc/warnings.html#tail-ess - 
WARN [2021-03-05 22:56:22] Wake (chain: 1): There were 32 divergent transitions after warmup. See
http://mc-stan.org/misc/warnings.html#divergent-transitions-after-warmup
to find out why this is a problem and how to eliminate them. - 
WARN [2021-03-05 22:56:22] Wake (chain: 1): Examine the pairs() plot to diagnose sampling problems
 - 
INFO [2021-03-05 22:56:51] Completed estimates for: Wake
WARN [2021-03-05 23:05:10] Mecklenburg (chain: 1): There were 33 divergent transitions after warmup. See
http://mc-stan.org/misc/warnings.html#divergent-transitions-after-warmup
to find out why this is a problem and how to eliminate them. - 
WARN [2021-03-05 23:05:10] Mecklenburg (chain: 1): Examine the pairs() plot to diagnose sampling problems
 - 
INFO [2021-03-05 23:05:39] Completed estimates for: Mecklenburg
