INFO [2021-08-11 20:05:10] Initialising estimates for: Buncombe
INFO [2021-08-11 20:05:11] Initialising estimates for: Cumberland
WARN [2021-08-11 20:13:54] Cumberland (chain: 1): There were 11 divergent transitions after warmup. See
http://mc-stan.org/misc/warnings.html#divergent-transitions-after-warmup
to find out why this is a problem and how to eliminate them. - 
WARN [2021-08-11 20:13:54] Cumberland (chain: 1): Examine the pairs() plot to diagnose sampling problems
 - 
INFO [2021-08-11 20:14:11] Initialising estimates for: Durham
WARN [2021-08-11 20:14:14] Buncombe (chain: 1): There were 3 divergent transitions after warmup. See
http://mc-stan.org/misc/warnings.html#divergent-transitions-after-warmup
to find out why this is a problem and how to eliminate them. - 
WARN [2021-08-11 20:14:14] Buncombe (chain: 1): Examine the pairs() plot to diagnose sampling problems
 - 
INFO [2021-08-11 20:14:33] Initialising estimates for: Forsyth
WARN [2021-08-11 20:19:47] Forsyth (chain: 1): There were 72 divergent transitions after warmup. See
http://mc-stan.org/misc/warnings.html#divergent-transitions-after-warmup
to find out why this is a problem and how to eliminate them. - 
WARN [2021-08-11 20:19:47] Forsyth (chain: 1): Examine the pairs() plot to diagnose sampling problems
 - 
INFO [2021-08-11 20:20:03] Initialising estimates for: Gaston
WARN [2021-08-11 20:28:10] Gaston (chain: 1): There were 12 divergent transitions after warmup. See
http://mc-stan.org/misc/warnings.html#divergent-transitions-after-warmup
to find out why this is a problem and how to eliminate them. - 
WARN [2021-08-11 20:28:10] Gaston (chain: 1): Examine the pairs() plot to diagnose sampling problems
 - 
INFO [2021-08-11 20:28:25] Initialising estimates for: Guilford
WARN [2021-08-11 20:29:27] Durham (chain: 1): There were 61 divergent transitions after warmup. See
http://mc-stan.org/misc/warnings.html#divergent-transitions-after-warmup
to find out why this is a problem and how to eliminate them. - 
WARN [2021-08-11 20:29:27] Durham (chain: 1): Examine the pairs() plot to diagnose sampling problems
 - 
WARN [2021-08-11 20:29:31] Durham (chain: 1): Bulk Effective Samples Size (ESS) is too low, indicating posterior means and medians may be unreliable.
Running the chains for more iterations may help. See
http://mc-stan.org/misc/warnings.html#bulk-ess - 
WARN [2021-08-11 20:29:34] Durham (chain: 1): Tail Effective Samples Size (ESS) is too low, indicating posterior variances and tail quantiles may be unreliable.
Running the chains for more iterations may help. See
http://mc-stan.org/misc/warnings.html#tail-ess - 
INFO [2021-08-11 20:29:45] Initialising estimates for: Mecklenburg
WARN [2021-08-11 20:36:26] Guilford (chain: 1): There were 128 divergent transitions after warmup. See
http://mc-stan.org/misc/warnings.html#divergent-transitions-after-warmup
to find out why this is a problem and how to eliminate them. - 
WARN [2021-08-11 20:36:26] Guilford (chain: 1): Examine the pairs() plot to diagnose sampling problems
 - 
WARN [2021-08-11 20:36:29] Guilford (chain: 1): Bulk Effective Samples Size (ESS) is too low, indicating posterior means and medians may be unreliable.
Running the chains for more iterations may help. See
http://mc-stan.org/misc/warnings.html#bulk-ess - 
INFO [2021-08-11 20:36:41] Initialising estimates for: New Hanover
WARN [2021-08-11 20:39:20] Mecklenburg (chain: 1): There were 11 divergent transitions after warmup. See
http://mc-stan.org/misc/warnings.html#divergent-transitions-after-warmup
to find out why this is a problem and how to eliminate them. - 
WARN [2021-08-11 20:39:20] Mecklenburg (chain: 1): Examine the pairs() plot to diagnose sampling problems
 - 
INFO [2021-08-11 20:39:36] Initialising estimates for: Union
WARN [2021-08-11 20:45:06] New Hanover (chain: 1): There were 9 divergent transitions after warmup. See
http://mc-stan.org/misc/warnings.html#divergent-transitions-after-warmup
to find out why this is a problem and how to eliminate them. - 
WARN [2021-08-11 20:45:06] New Hanover (chain: 1): Examine the pairs() plot to diagnose sampling problems
 - 
INFO [2021-08-11 20:45:23] Initialising estimates for: Wake
WARN [2021-08-11 20:48:22] Union (chain: 1): There were 10 divergent transitions after warmup. See
http://mc-stan.org/misc/warnings.html#divergent-transitions-after-warmup
to find out why this is a problem and how to eliminate them. - 
WARN [2021-08-11 20:48:22] Union (chain: 1): Examine the pairs() plot to diagnose sampling problems
 - 
WARN [2021-08-11 20:52:34] Wake (chain: 1): There were 35 divergent transitions after warmup. See
http://mc-stan.org/misc/warnings.html#divergent-transitions-after-warmup
to find out why this is a problem and how to eliminate them. - 
WARN [2021-08-11 20:52:34] Wake (chain: 1): Examine the pairs() plot to diagnose sampling problems
 - 
INFO [2021-08-11 20:52:56] Initialising estimates for: Carteret
INFO [2021-08-11 20:52:56] Initialising estimates for: Henderson
WARN [2021-08-11 20:56:18] Carteret: There were 48 transitions after warmup that exceeded the maximum treedepth. Increase max_treedepth above 13. See
http://mc-stan.org/misc/warnings.html#maximum-treedepth-exceeded - 
WARN [2021-08-11 20:56:18] Carteret: Examine the pairs() plot to diagnose sampling problems
 - 
WARN [2021-08-11 20:56:18] Carteret: The largest R-hat is 1.23, indicating chains have not mixed.
Running the chains for more iterations may help. See
http://mc-stan.org/misc/warnings.html#r-hat - 
WARN [2021-08-11 20:56:18] Carteret: Bulk Effective Samples Size (ESS) is too low, indicating posterior means and medians may be unreliable.
Running the chains for more iterations may help. See
http://mc-stan.org/misc/warnings.html#bulk-ess - 
WARN [2021-08-11 20:56:19] Carteret: Tail Effective Samples Size (ESS) is too low, indicating posterior variances and tail quantiles may be unreliable.
Running the chains for more iterations may help. See
http://mc-stan.org/misc/warnings.html#tail-ess - 
WARN [2021-08-11 20:56:31] Henderson: There were 50 transitions after warmup that exceeded the maximum treedepth. Increase max_treedepth above 13. See
http://mc-stan.org/misc/warnings.html#maximum-treedepth-exceeded - 
WARN [2021-08-11 20:56:31] Henderson: Examine the pairs() plot to diagnose sampling problems
 - 
WARN [2021-08-11 20:56:31] Henderson: The largest R-hat is 1.21, indicating chains have not mixed.
Running the chains for more iterations may help. See
http://mc-stan.org/misc/warnings.html#r-hat - 
WARN [2021-08-11 20:56:31] Henderson: Bulk Effective Samples Size (ESS) is too low, indicating posterior means and medians may be unreliable.
Running the chains for more iterations may help. See
http://mc-stan.org/misc/warnings.html#bulk-ess - 
WARN [2021-08-11 20:56:32] Henderson: Tail Effective Samples Size (ESS) is too low, indicating posterior variances and tail quantiles may be unreliable.
Running the chains for more iterations may help. See
http://mc-stan.org/misc/warnings.html#tail-ess - 
WARN [2021-08-11 21:01:20] Carteret (chain: 1): There were 96 divergent transitions after warmup. See
http://mc-stan.org/misc/warnings.html#divergent-transitions-after-warmup
to find out why this is a problem and how to eliminate them. - 
WARN [2021-08-11 21:01:20] Carteret (chain: 1): Examine the pairs() plot to diagnose sampling problems
 - 
INFO [2021-08-11 21:01:38] Completed estimates for: Carteret
INFO [2021-08-11 21:01:43] Initialising estimates for: Orange
WARN [2021-08-11 21:05:23] Orange: There were 49 transitions after warmup that exceeded the maximum treedepth. Increase max_treedepth above 13. See
http://mc-stan.org/misc/warnings.html#maximum-treedepth-exceeded - 
WARN [2021-08-11 21:05:23] Orange: Examine the pairs() plot to diagnose sampling problems
 - 
WARN [2021-08-11 21:05:23] Orange: The largest R-hat is 1.38, indicating chains have not mixed.
Running the chains for more iterations may help. See
http://mc-stan.org/misc/warnings.html#r-hat - 
WARN [2021-08-11 21:05:23] Orange: Bulk Effective Samples Size (ESS) is too low, indicating posterior means and medians may be unreliable.
Running the chains for more iterations may help. See
http://mc-stan.org/misc/warnings.html#bulk-ess - 
WARN [2021-08-11 21:05:24] Orange: Tail Effective Samples Size (ESS) is too low, indicating posterior variances and tail quantiles may be unreliable.
Running the chains for more iterations may help. See
http://mc-stan.org/misc/warnings.html#tail-ess - 
WARN [2021-08-11 21:05:55] Henderson (chain: 1): There were 16 divergent transitions after warmup. See
http://mc-stan.org/misc/warnings.html#divergent-transitions-after-warmup
to find out why this is a problem and how to eliminate them. - 
WARN [2021-08-11 21:05:56] Henderson (chain: 1): Examine the pairs() plot to diagnose sampling problems
 - 
INFO [2021-08-11 21:06:14] Completed estimates for: Henderson
INFO [2021-08-11 21:06:17] Initialising estimates for: Wilson
WARN [2021-08-11 21:10:21] Wilson: There were 50 transitions after warmup that exceeded the maximum treedepth. Increase max_treedepth above 13. See
http://mc-stan.org/misc/warnings.html#maximum-treedepth-exceeded - 
WARN [2021-08-11 21:10:21] Wilson: Examine the pairs() plot to diagnose sampling problems
 - 
WARN [2021-08-11 21:10:22] Wilson: The largest R-hat is 1.28, indicating chains have not mixed.
Running the chains for more iterations may help. See
http://mc-stan.org/misc/warnings.html#r-hat - 
WARN [2021-08-11 21:10:22] Wilson: Bulk Effective Samples Size (ESS) is too low, indicating posterior means and medians may be unreliable.
Running the chains for more iterations may help. See
http://mc-stan.org/misc/warnings.html#bulk-ess - 
WARN [2021-08-11 21:10:22] Wilson: Tail Effective Samples Size (ESS) is too low, indicating posterior variances and tail quantiles may be unreliable.
Running the chains for more iterations may help. See
http://mc-stan.org/misc/warnings.html#tail-ess - 
WARN [2021-08-11 21:12:10] Orange (chain: 1): There were 23 divergent transitions after warmup. See
http://mc-stan.org/misc/warnings.html#divergent-transitions-after-warmup
to find out why this is a problem and how to eliminate them. - 
WARN [2021-08-11 21:12:10] Orange (chain: 1): Examine the pairs() plot to diagnose sampling problems
 - 
INFO [2021-08-11 21:12:27] Completed estimates for: Orange
INFO [2021-08-11 21:12:31] Initialising estimates for: Cleveland
WARN [2021-08-11 21:14:13] Wilson (chain: 1): There were 20 divergent transitions after warmup. See
http://mc-stan.org/misc/warnings.html#divergent-transitions-after-warmup
to find out why this is a problem and how to eliminate them. - 
WARN [2021-08-11 21:14:13] Wilson (chain: 1): Examine the pairs() plot to diagnose sampling problems
 - 
INFO [2021-08-11 21:14:29] Completed estimates for: Wilson
INFO [2021-08-11 21:14:31] Initialising estimates for: Moore
WARN [2021-08-11 21:15:59] Cleveland: There were 50 transitions after warmup that exceeded the maximum treedepth. Increase max_treedepth above 13. See
http://mc-stan.org/misc/warnings.html#maximum-treedepth-exceeded - 
WARN [2021-08-11 21:15:59] Cleveland: Examine the pairs() plot to diagnose sampling problems
 - 
WARN [2021-08-11 21:15:59] Cleveland: The largest R-hat is 1.54, indicating chains have not mixed.
Running the chains for more iterations may help. See
http://mc-stan.org/misc/warnings.html#r-hat - 
WARN [2021-08-11 21:15:59] Cleveland: Bulk Effective Samples Size (ESS) is too low, indicating posterior means and medians may be unreliable.
Running the chains for more iterations may help. See
http://mc-stan.org/misc/warnings.html#bulk-ess - 
WARN [2021-08-11 21:16:00] Cleveland: Tail Effective Samples Size (ESS) is too low, indicating posterior variances and tail quantiles may be unreliable.
Running the chains for more iterations may help. See
http://mc-stan.org/misc/warnings.html#tail-ess - 
WARN [2021-08-11 21:18:06] Moore: There were 50 transitions after warmup that exceeded the maximum treedepth. Increase max_treedepth above 13. See
http://mc-stan.org/misc/warnings.html#maximum-treedepth-exceeded - 
WARN [2021-08-11 21:18:06] Moore: Examine the pairs() plot to diagnose sampling problems
 - 
WARN [2021-08-11 21:18:06] Moore: The largest R-hat is 1.46, indicating chains have not mixed.
Running the chains for more iterations may help. See
http://mc-stan.org/misc/warnings.html#r-hat - 
WARN [2021-08-11 21:18:06] Moore: Bulk Effective Samples Size (ESS) is too low, indicating posterior means and medians may be unreliable.
Running the chains for more iterations may help. See
http://mc-stan.org/misc/warnings.html#bulk-ess - 
WARN [2021-08-11 21:18:07] Moore: Tail Effective Samples Size (ESS) is too low, indicating posterior variances and tail quantiles may be unreliable.
Running the chains for more iterations may help. See
http://mc-stan.org/misc/warnings.html#tail-ess - 
WARN [2021-08-11 21:24:12] Cleveland (chain: 1): There were 31 divergent transitions after warmup. See
http://mc-stan.org/misc/warnings.html#divergent-transitions-after-warmup
to find out why this is a problem and how to eliminate them. - 
WARN [2021-08-11 21:24:12] Cleveland (chain: 1): Examine the pairs() plot to diagnose sampling problems
 - 
INFO [2021-08-11 21:24:28] Completed estimates for: Cleveland
INFO [2021-08-11 21:24:31] Initialising estimates for: Brunswick
WARN [2021-08-11 21:26:51] Moore (chain: 1): There were 7 divergent transitions after warmup. See
http://mc-stan.org/misc/warnings.html#divergent-transitions-after-warmup
to find out why this is a problem and how to eliminate them. - 
WARN [2021-08-11 21:26:51] Moore (chain: 1): Examine the pairs() plot to diagnose sampling problems
 - 
INFO [2021-08-11 21:27:06] Completed estimates for: Moore
INFO [2021-08-11 21:27:10] Initialising estimates for: Chatham
WARN [2021-08-11 21:27:30] Brunswick: There were 50 transitions after warmup that exceeded the maximum treedepth. Increase max_treedepth above 13. See
http://mc-stan.org/misc/warnings.html#maximum-treedepth-exceeded - 
WARN [2021-08-11 21:27:30] Brunswick: Examine the pairs() plot to diagnose sampling problems
 - 
WARN [2021-08-11 21:27:30] Brunswick: The largest R-hat is 1.42, indicating chains have not mixed.
Running the chains for more iterations may help. See
http://mc-stan.org/misc/warnings.html#r-hat - 
WARN [2021-08-11 21:27:31] Brunswick: Bulk Effective Samples Size (ESS) is too low, indicating posterior means and medians may be unreliable.
Running the chains for more iterations may help. See
http://mc-stan.org/misc/warnings.html#bulk-ess - 
WARN [2021-08-11 21:27:31] Brunswick: Tail Effective Samples Size (ESS) is too low, indicating posterior variances and tail quantiles may be unreliable.
Running the chains for more iterations may help. See
http://mc-stan.org/misc/warnings.html#tail-ess - 
WARN [2021-08-11 21:30:44] Chatham: There were 50 transitions after warmup that exceeded the maximum treedepth. Increase max_treedepth above 13. See
http://mc-stan.org/misc/warnings.html#maximum-treedepth-exceeded - 
WARN [2021-08-11 21:30:44] Chatham: Examine the pairs() plot to diagnose sampling problems
 - 
WARN [2021-08-11 21:30:44] Chatham: The largest R-hat is 1.27, indicating chains have not mixed.
Running the chains for more iterations may help. See
http://mc-stan.org/misc/warnings.html#r-hat - 
WARN [2021-08-11 21:30:44] Chatham: Bulk Effective Samples Size (ESS) is too low, indicating posterior means and medians may be unreliable.
Running the chains for more iterations may help. See
http://mc-stan.org/misc/warnings.html#bulk-ess - 
WARN [2021-08-11 21:30:45] Chatham: Tail Effective Samples Size (ESS) is too low, indicating posterior variances and tail quantiles may be unreliable.
Running the chains for more iterations may help. See
http://mc-stan.org/misc/warnings.html#tail-ess - 
WARN [2021-08-11 21:43:00] Brunswick (chain: 1): There were 12 divergent transitions after warmup. See
http://mc-stan.org/misc/warnings.html#divergent-transitions-after-warmup
to find out why this is a problem and how to eliminate them. - 
WARN [2021-08-11 21:43:00] Brunswick (chain: 1): Examine the pairs() plot to diagnose sampling problems
 - 
INFO [2021-08-11 21:43:15] Completed estimates for: Brunswick
INFO [2021-08-11 21:43:23] Initialising estimates for: Davidson
WARN [2021-08-11 21:46:50] Davidson: There were 50 transitions after warmup that exceeded the maximum treedepth. Increase max_treedepth above 13. See
http://mc-stan.org/misc/warnings.html#maximum-treedepth-exceeded - 
WARN [2021-08-11 21:46:50] Davidson: Examine the pairs() plot to diagnose sampling problems
 - 
WARN [2021-08-11 21:46:51] Davidson: The largest R-hat is 1.88, indicating chains have not mixed.
Running the chains for more iterations may help. See
http://mc-stan.org/misc/warnings.html#r-hat - 
WARN [2021-08-11 21:46:51] Davidson: Bulk Effective Samples Size (ESS) is too low, indicating posterior means and medians may be unreliable.
Running the chains for more iterations may help. See
http://mc-stan.org/misc/warnings.html#bulk-ess - 
WARN [2021-08-11 21:46:51] Davidson: Tail Effective Samples Size (ESS) is too low, indicating posterior variances and tail quantiles may be unreliable.
Running the chains for more iterations may help. See
http://mc-stan.org/misc/warnings.html#tail-ess - 
WARN [2021-08-11 21:47:51] Chatham (chain: 1): There were 15 divergent transitions after warmup. See
http://mc-stan.org/misc/warnings.html#divergent-transitions-after-warmup
to find out why this is a problem and how to eliminate them. - 
WARN [2021-08-11 21:47:51] Chatham (chain: 1): Examine the pairs() plot to diagnose sampling problems
 - 
INFO [2021-08-11 21:48:08] Completed estimates for: Chatham
INFO [2021-08-11 21:48:13] Initialising estimates for: Burke
WARN [2021-08-11 21:51:56] Burke: There were 49 transitions after warmup that exceeded the maximum treedepth. Increase max_treedepth above 13. See
http://mc-stan.org/misc/warnings.html#maximum-treedepth-exceeded - 
WARN [2021-08-11 21:51:56] Burke: Examine the pairs() plot to diagnose sampling problems
 - 
WARN [2021-08-11 21:51:56] Burke: The largest R-hat is 1.26, indicating chains have not mixed.
Running the chains for more iterations may help. See
http://mc-stan.org/misc/warnings.html#r-hat - 
WARN [2021-08-11 21:51:57] Burke: Bulk Effective Samples Size (ESS) is too low, indicating posterior means and medians may be unreliable.
Running the chains for more iterations may help. See
http://mc-stan.org/misc/warnings.html#bulk-ess - 
WARN [2021-08-11 21:51:57] Burke: Tail Effective Samples Size (ESS) is too low, indicating posterior variances and tail quantiles may be unreliable.
Running the chains for more iterations may help. See
http://mc-stan.org/misc/warnings.html#tail-ess - 
WARN [2021-08-11 21:57:15] Davidson (chain: 1): There were 4 divergent transitions after warmup. See
http://mc-stan.org/misc/warnings.html#divergent-transitions-after-warmup
to find out why this is a problem and how to eliminate them. - 
WARN [2021-08-11 21:57:15] Davidson (chain: 1): Examine the pairs() plot to diagnose sampling problems
 - 
INFO [2021-08-11 21:57:31] Completed estimates for: Davidson
INFO [2021-08-11 21:57:36] Initialising estimates for: Randolph
WARN [2021-08-11 22:00:51] Randolph: There were 50 transitions after warmup that exceeded the maximum treedepth. Increase max_treedepth above 13. See
http://mc-stan.org/misc/warnings.html#maximum-treedepth-exceeded - 
WARN [2021-08-11 22:00:51] Randolph: Examine the pairs() plot to diagnose sampling problems
 - 
WARN [2021-08-11 22:00:52] Randolph: The largest R-hat is 1.64, indicating chains have not mixed.
Running the chains for more iterations may help. See
http://mc-stan.org/misc/warnings.html#r-hat - 
WARN [2021-08-11 22:00:52] Randolph: Bulk Effective Samples Size (ESS) is too low, indicating posterior means and medians may be unreliable.
Running the chains for more iterations may help. See
http://mc-stan.org/misc/warnings.html#bulk-ess - 
WARN [2021-08-11 22:00:53] Randolph: Tail Effective Samples Size (ESS) is too low, indicating posterior variances and tail quantiles may be unreliable.
Running the chains for more iterations may help. See
http://mc-stan.org/misc/warnings.html#tail-ess - 
WARN [2021-08-11 22:02:18] Burke (chain: 1): There were 433 divergent transitions after warmup. See
http://mc-stan.org/misc/warnings.html#divergent-transitions-after-warmup
to find out why this is a problem and how to eliminate them. - 
WARN [2021-08-11 22:02:18] Burke (chain: 1): Examine the pairs() plot to diagnose sampling problems
 - 
WARN [2021-08-11 22:02:21] Burke (chain: 1): The largest R-hat is 1.27, indicating chains have not mixed.
Running the chains for more iterations may help. See
http://mc-stan.org/misc/warnings.html#r-hat - 
WARN [2021-08-11 22:02:24] Burke (chain: 1): Bulk Effective Samples Size (ESS) is too low, indicating posterior means and medians may be unreliable.
Running the chains for more iterations may help. See
http://mc-stan.org/misc/warnings.html#bulk-ess - 
WARN [2021-08-11 22:02:27] Burke (chain: 1): Tail Effective Samples Size (ESS) is too low, indicating posterior variances and tail quantiles may be unreliable.
Running the chains for more iterations may help. See
http://mc-stan.org/misc/warnings.html#tail-ess - 
INFO [2021-08-11 22:02:37] Completed estimates for: Burke
INFO [2021-08-11 22:02:40] Initialising estimates for: Wilkes
WARN [2021-08-11 22:06:35] Wilkes: There were 50 transitions after warmup that exceeded the maximum treedepth. Increase max_treedepth above 13. See
http://mc-stan.org/misc/warnings.html#maximum-treedepth-exceeded - 
WARN [2021-08-11 22:06:35] Wilkes: Examine the pairs() plot to diagnose sampling problems
 - 
WARN [2021-08-11 22:06:36] Wilkes: The largest R-hat is 1.43, indicating chains have not mixed.
Running the chains for more iterations may help. See
http://mc-stan.org/misc/warnings.html#r-hat - 
WARN [2021-08-11 22:06:36] Wilkes: Bulk Effective Samples Size (ESS) is too low, indicating posterior means and medians may be unreliable.
Running the chains for more iterations may help. See
http://mc-stan.org/misc/warnings.html#bulk-ess - 
WARN [2021-08-11 22:06:37] Wilkes: Tail Effective Samples Size (ESS) is too low, indicating posterior variances and tail quantiles may be unreliable.
Running the chains for more iterations may help. See
http://mc-stan.org/misc/warnings.html#tail-ess - 
