INFO [2021-01-03 18:05:08] Initialising estimates for: Buncombe
INFO [2021-01-03 18:05:08] Initialising estimates for: Cabarrus
INFO [2021-01-03 18:05:09] Initialising estimates for: Cumberland
INFO [2021-01-03 18:05:10] Initialising estimates for: Durham
WARN [2021-01-03 18:12:24] Durham (chain: 1): There were 69 divergent transitions after warmup. See
http://mc-stan.org/misc/warnings.html#divergent-transitions-after-warmup
to find out why this is a problem and how to eliminate them. - 
WARN [2021-01-03 18:12:24] Durham (chain: 1): Examine the pairs() plot to diagnose sampling problems
 - 
INFO [2021-01-03 18:13:03] Completed estimates for: Durham
INFO [2021-01-03 18:13:42] Initialising estimates for: Forsyth
WARN [2021-01-03 18:14:15] Buncombe (chain: 1): There were 60 divergent transitions after warmup. See
http://mc-stan.org/misc/warnings.html#divergent-transitions-after-warmup
to find out why this is a problem and how to eliminate them. - 
WARN [2021-01-03 18:14:15] Buncombe (chain: 1): Examine the pairs() plot to diagnose sampling problems
 - 
INFO [2021-01-03 18:14:54] Completed estimates for: Buncombe
INFO [2021-01-03 18:15:01] Initialising estimates for: Gaston
WARN [2021-01-03 18:16:03] Cabarrus (chain: 1): There were 41 divergent transitions after warmup. See
http://mc-stan.org/misc/warnings.html#divergent-transitions-after-warmup
to find out why this is a problem and how to eliminate them. - 
WARN [2021-01-03 18:16:03] Cabarrus (chain: 1): Examine the pairs() plot to diagnose sampling problems
 - 
WARN [2021-01-03 18:16:37] Cumberland (chain: 1): There were 47 divergent transitions after warmup. See
http://mc-stan.org/misc/warnings.html#divergent-transitions-after-warmup
to find out why this is a problem and how to eliminate them. - 
WARN [2021-01-03 18:16:37] Cumberland (chain: 1): Examine the pairs() plot to diagnose sampling problems
 - 
INFO [2021-01-03 18:16:41] Completed estimates for: Cabarrus
INFO [2021-01-03 18:16:47] Initialising estimates for: Guilford
INFO [2021-01-03 18:17:21] Completed estimates for: Cumberland
INFO [2021-01-03 18:17:26] Initialising estimates for: Iredell
WARN [2021-01-03 18:21:12] Forsyth (chain: 1): There were 44 divergent transitions after warmup. See
http://mc-stan.org/misc/warnings.html#divergent-transitions-after-warmup
to find out why this is a problem and how to eliminate them. - 
WARN [2021-01-03 18:21:12] Forsyth (chain: 1): Examine the pairs() plot to diagnose sampling problems
 - 
INFO [2021-01-03 18:21:55] Completed estimates for: Forsyth
INFO [2021-01-03 18:22:01] Initialising estimates for: Johnston
WARN [2021-01-03 18:23:52] Guilford (chain: 1): There were 46 divergent transitions after warmup. See
http://mc-stan.org/misc/warnings.html#divergent-transitions-after-warmup
to find out why this is a problem and how to eliminate them. - 
WARN [2021-01-03 18:23:52] Guilford (chain: 1): Examine the pairs() plot to diagnose sampling problems
 - 
WARN [2021-01-03 18:24:04] Gaston (chain: 1): There were 22 divergent transitions after warmup. See
http://mc-stan.org/misc/warnings.html#divergent-transitions-after-warmup
to find out why this is a problem and how to eliminate them. - 
WARN [2021-01-03 18:24:04] Gaston (chain: 1): Examine the pairs() plot to diagnose sampling problems
 - 
INFO [2021-01-03 18:24:29] Completed estimates for: Guilford
INFO [2021-01-03 18:24:50] Initialising estimates for: Mecklenburg
INFO [2021-01-03 18:24:53] Completed estimates for: Gaston
INFO [2021-01-03 18:24:58] Initialising estimates for: New Hanover
WARN [2021-01-03 18:25:56] Iredell (chain: 1): There were 29 divergent transitions after warmup. See
http://mc-stan.org/misc/warnings.html#divergent-transitions-after-warmup
to find out why this is a problem and how to eliminate them. - 
WARN [2021-01-03 18:25:56] Iredell (chain: 1): Examine the pairs() plot to diagnose sampling problems
 - 
INFO [2021-01-03 18:26:39] Completed estimates for: Iredell
INFO [2021-01-03 18:26:44] Initialising estimates for: Onslow
WARN [2021-01-03 18:27:50] Johnston (chain: 1): There were 46 divergent transitions after warmup. See
http://mc-stan.org/misc/warnings.html#divergent-transitions-after-warmup
to find out why this is a problem and how to eliminate them. - 
WARN [2021-01-03 18:27:50] Johnston (chain: 1): Examine the pairs() plot to diagnose sampling problems
 - 
INFO [2021-01-03 18:28:33] Completed estimates for: Johnston
INFO [2021-01-03 18:28:38] Initialising estimates for: Pitt
WARN [2021-01-03 18:32:20] New Hanover (chain: 1): There were 31 divergent transitions after warmup. See
http://mc-stan.org/misc/warnings.html#divergent-transitions-after-warmup
to find out why this is a problem and how to eliminate them. - 
WARN [2021-01-03 18:32:20] New Hanover (chain: 1): Examine the pairs() plot to diagnose sampling problems
 - 
INFO [2021-01-03 18:33:05] Completed estimates for: New Hanover
INFO [2021-01-03 18:33:10] Initialising estimates for: Union
WARN [2021-01-03 18:35:01] Pitt (chain: 1): There were 39 divergent transitions after warmup. See
http://mc-stan.org/misc/warnings.html#divergent-transitions-after-warmup
to find out why this is a problem and how to eliminate them. - 
WARN [2021-01-03 18:35:01] Pitt (chain: 1): Examine the pairs() plot to diagnose sampling problems
 - 
INFO [2021-01-03 18:35:43] Initialising estimates for: Alexander
INFO [2021-01-03 18:35:43] Initialising estimates for: Bladen
INFO [2021-01-03 18:35:44] Initialising estimates for: Halifax
INFO [2021-01-03 18:35:45] Initialising estimates for: Macon
WARN [2021-01-03 18:39:30] Alexander: There were 16 divergent transitions after warmup. See
http://mc-stan.org/misc/warnings.html#divergent-transitions-after-warmup
to find out why this is a problem and how to eliminate them. - 
WARN [2021-01-03 18:39:30] Alexander: There were 34 transitions after warmup that exceeded the maximum treedepth. Increase max_treedepth above 13. See
http://mc-stan.org/misc/warnings.html#maximum-treedepth-exceeded - 
WARN [2021-01-03 18:39:30] Alexander: Examine the pairs() plot to diagnose sampling problems
 - 
WARN [2021-01-03 18:39:30] Alexander: The largest R-hat is 1.54, indicating chains have not mixed.
Running the chains for more iterations may help. See
http://mc-stan.org/misc/warnings.html#r-hat - 
WARN [2021-01-03 18:39:31] Alexander: Bulk Effective Samples Size (ESS) is too low, indicating posterior means and medians may be unreliable.
Running the chains for more iterations may help. See
http://mc-stan.org/misc/warnings.html#bulk-ess - 
WARN [2021-01-03 18:39:31] Alexander: Tail Effective Samples Size (ESS) is too low, indicating posterior variances and tail quantiles may be unreliable.
Running the chains for more iterations may help. See
http://mc-stan.org/misc/warnings.html#tail-ess - 
WARN [2021-01-03 18:39:34] Bladen: There were 49 transitions after warmup that exceeded the maximum treedepth. Increase max_treedepth above 13. See
http://mc-stan.org/misc/warnings.html#maximum-treedepth-exceeded - 
WARN [2021-01-03 18:39:34] Bladen: Examine the pairs() plot to diagnose sampling problems
 - 
WARN [2021-01-03 18:39:34] Bladen: The largest R-hat is 1.9, indicating chains have not mixed.
Running the chains for more iterations may help. See
http://mc-stan.org/misc/warnings.html#r-hat - 
WARN [2021-01-03 18:39:35] Bladen: Bulk Effective Samples Size (ESS) is too low, indicating posterior means and medians may be unreliable.
Running the chains for more iterations may help. See
http://mc-stan.org/misc/warnings.html#bulk-ess - 
WARN [2021-01-03 18:39:36] Bladen: Tail Effective Samples Size (ESS) is too low, indicating posterior variances and tail quantiles may be unreliable.
Running the chains for more iterations may help. See
http://mc-stan.org/misc/warnings.html#tail-ess - 
WARN [2021-01-03 18:40:29] Halifax: There were 50 transitions after warmup that exceeded the maximum treedepth. Increase max_treedepth above 13. See
http://mc-stan.org/misc/warnings.html#maximum-treedepth-exceeded - 
WARN [2021-01-03 18:40:29] Halifax: Examine the pairs() plot to diagnose sampling problems
 - 
WARN [2021-01-03 18:40:29] Macon: There were 50 transitions after warmup that exceeded the maximum treedepth. Increase max_treedepth above 13. See
http://mc-stan.org/misc/warnings.html#maximum-treedepth-exceeded - 
WARN [2021-01-03 18:40:29] Macon: Examine the pairs() plot to diagnose sampling problems
 - 
WARN [2021-01-03 18:40:30] Halifax: The largest R-hat is 2, indicating chains have not mixed.
Running the chains for more iterations may help. See
http://mc-stan.org/misc/warnings.html#r-hat - 
WARN [2021-01-03 18:40:30] Halifax: Bulk Effective Samples Size (ESS) is too low, indicating posterior means and medians may be unreliable.
Running the chains for more iterations may help. See
http://mc-stan.org/misc/warnings.html#bulk-ess - 
WARN [2021-01-03 18:40:30] Macon: The largest R-hat is 1.9, indicating chains have not mixed.
Running the chains for more iterations may help. See
http://mc-stan.org/misc/warnings.html#r-hat - 
WARN [2021-01-03 18:40:30] Macon: Bulk Effective Samples Size (ESS) is too low, indicating posterior means and medians may be unreliable.
Running the chains for more iterations may help. See
http://mc-stan.org/misc/warnings.html#bulk-ess - 
WARN [2021-01-03 18:40:31] Halifax: Tail Effective Samples Size (ESS) is too low, indicating posterior variances and tail quantiles may be unreliable.
Running the chains for more iterations may help. See
http://mc-stan.org/misc/warnings.html#tail-ess - 
WARN [2021-01-03 18:40:32] Macon: Tail Effective Samples Size (ESS) is too low, indicating posterior variances and tail quantiles may be unreliable.
Running the chains for more iterations may help. See
http://mc-stan.org/misc/warnings.html#tail-ess - 
WARN [2021-01-03 18:47:40] Alexander (chain: 1): There were 74 divergent transitions after warmup. See
http://mc-stan.org/misc/warnings.html#divergent-transitions-after-warmup
to find out why this is a problem and how to eliminate them. - 
WARN [2021-01-03 18:47:40] Alexander (chain: 1): Examine the pairs() plot to diagnose sampling problems
 - 
WARN [2021-01-03 18:47:56] Bladen (chain: 1): There were 479 divergent transitions after warmup. See
http://mc-stan.org/misc/warnings.html#divergent-transitions-after-warmup
to find out why this is a problem and how to eliminate them. - 
WARN [2021-01-03 18:47:56] Bladen (chain: 1): Examine the pairs() plot to diagnose sampling problems
 - 
WARN [2021-01-03 18:48:09] Bladen (chain: 1): Tail Effective Samples Size (ESS) is too low, indicating posterior variances and tail quantiles may be unreliable.
Running the chains for more iterations may help. See
http://mc-stan.org/misc/warnings.html#tail-ess - 
WARN [2021-01-03 18:49:33] Macon (chain: 1): There were 236 divergent transitions after warmup. See
http://mc-stan.org/misc/warnings.html#divergent-transitions-after-warmup
to find out why this is a problem and how to eliminate them. - 
WARN [2021-01-03 18:49:33] Macon (chain: 1): Examine the pairs() plot to diagnose sampling problems
 - 
INFO [2021-01-03 18:49:39] Completed estimates for: Alexander
INFO [2021-01-03 18:49:45] Initialising estimates for: McDowell
INFO [2021-01-03 18:49:59] Completed estimates for: Bladen
INFO [2021-01-03 18:50:06] Initialising estimates for: Onslow
INFO [2021-01-03 18:50:14] Completed estimates for: Macon
INFO [2021-01-03 18:50:20] Initialising estimates for: Sampson
WARN [2021-01-03 18:51:24] Halifax (chain: 1): There were 138 divergent transitions after warmup. See
http://mc-stan.org/misc/warnings.html#divergent-transitions-after-warmup
to find out why this is a problem and how to eliminate them. - 
WARN [2021-01-03 18:51:24] Halifax (chain: 1): Examine the pairs() plot to diagnose sampling problems
 - 
INFO [2021-01-03 18:52:05] Completed estimates for: Halifax
INFO [2021-01-03 18:52:12] Initialising estimates for: Yadkin
WARN [2021-01-03 18:53:15] Onslow: There were 26 transitions after warmup that exceeded the maximum treedepth. Increase max_treedepth above 13. See
http://mc-stan.org/misc/warnings.html#maximum-treedepth-exceeded - 
WARN [2021-01-03 18:53:15] Onslow: Examine the pairs() plot to diagnose sampling problems
 - 
WARN [2021-01-03 18:53:16] Onslow: The largest R-hat is 1.51, indicating chains have not mixed.
Running the chains for more iterations may help. See
http://mc-stan.org/misc/warnings.html#r-hat - 
WARN [2021-01-03 18:53:16] Onslow: Bulk Effective Samples Size (ESS) is too low, indicating posterior means and medians may be unreliable.
Running the chains for more iterations may help. See
http://mc-stan.org/misc/warnings.html#bulk-ess - 
WARN [2021-01-03 18:53:16] Onslow: Tail Effective Samples Size (ESS) is too low, indicating posterior variances and tail quantiles may be unreliable.
Running the chains for more iterations may help. See
http://mc-stan.org/misc/warnings.html#tail-ess - 
WARN [2021-01-03 18:53:18] McDowell: There were 50 transitions after warmup that exceeded the maximum treedepth. Increase max_treedepth above 13. See
http://mc-stan.org/misc/warnings.html#maximum-treedepth-exceeded - 
WARN [2021-01-03 18:53:18] McDowell: Examine the pairs() plot to diagnose sampling problems
 - 
WARN [2021-01-03 18:53:18] McDowell: The largest R-hat is 1.85, indicating chains have not mixed.
Running the chains for more iterations may help. See
http://mc-stan.org/misc/warnings.html#r-hat - 
WARN [2021-01-03 18:53:19] McDowell: Bulk Effective Samples Size (ESS) is too low, indicating posterior means and medians may be unreliable.
Running the chains for more iterations may help. See
http://mc-stan.org/misc/warnings.html#bulk-ess - 
WARN [2021-01-03 18:53:19] McDowell: Tail Effective Samples Size (ESS) is too low, indicating posterior variances and tail quantiles may be unreliable.
Running the chains for more iterations may help. See
http://mc-stan.org/misc/warnings.html#tail-ess - 
WARN [2021-01-03 18:53:47] Sampson: There were 50 transitions after warmup that exceeded the maximum treedepth. Increase max_treedepth above 13. See
http://mc-stan.org/misc/warnings.html#maximum-treedepth-exceeded - 
WARN [2021-01-03 18:53:47] Sampson: Examine the pairs() plot to diagnose sampling problems
 - 
WARN [2021-01-03 18:53:48] Sampson: The largest R-hat is 1.8, indicating chains have not mixed.
Running the chains for more iterations may help. See
http://mc-stan.org/misc/warnings.html#r-hat - 
WARN [2021-01-03 18:53:48] Sampson: Bulk Effective Samples Size (ESS) is too low, indicating posterior means and medians may be unreliable.
Running the chains for more iterations may help. See
http://mc-stan.org/misc/warnings.html#bulk-ess - 
WARN [2021-01-03 18:53:49] Sampson: Tail Effective Samples Size (ESS) is too low, indicating posterior variances and tail quantiles may be unreliable.
Running the chains for more iterations may help. See
http://mc-stan.org/misc/warnings.html#tail-ess - 
WARN [2021-01-03 18:56:32] Yadkin: There were 7 divergent transitions after warmup. See
http://mc-stan.org/misc/warnings.html#divergent-transitions-after-warmup
to find out why this is a problem and how to eliminate them. - 
WARN [2021-01-03 18:56:32] Yadkin: There were 43 transitions after warmup that exceeded the maximum treedepth. Increase max_treedepth above 13. See
http://mc-stan.org/misc/warnings.html#maximum-treedepth-exceeded - 
WARN [2021-01-03 18:56:32] Yadkin: Examine the pairs() plot to diagnose sampling problems
 - 
WARN [2021-01-03 18:56:33] Yadkin: The largest R-hat is 2.11, indicating chains have not mixed.
Running the chains for more iterations may help. See
http://mc-stan.org/misc/warnings.html#r-hat - 
WARN [2021-01-03 18:56:33] Yadkin: Bulk Effective Samples Size (ESS) is too low, indicating posterior means and medians may be unreliable.
Running the chains for more iterations may help. See
http://mc-stan.org/misc/warnings.html#bulk-ess - 
WARN [2021-01-03 18:56:34] Yadkin: Tail Effective Samples Size (ESS) is too low, indicating posterior variances and tail quantiles may be unreliable.
Running the chains for more iterations may help. See
http://mc-stan.org/misc/warnings.html#tail-ess - 
WARN [2021-01-03 19:02:04] Sampson (chain: 1): There were 55 divergent transitions after warmup. See
http://mc-stan.org/misc/warnings.html#divergent-transitions-after-warmup
to find out why this is a problem and how to eliminate them. - 
WARN [2021-01-03 19:02:04] Sampson (chain: 1): Examine the pairs() plot to diagnose sampling problems
 - 
INFO [2021-01-03 19:03:06] Completed estimates for: Sampson
INFO [2021-01-03 19:03:15] Initialising estimates for: Surry
WARN [2021-01-03 19:03:47] Onslow (chain: 1): There were 250 divergent transitions after warmup. See
http://mc-stan.org/misc/warnings.html#divergent-transitions-after-warmup
to find out why this is a problem and how to eliminate them. - 
WARN [2021-01-03 19:03:47] Onslow (chain: 1): Examine the pairs() plot to diagnose sampling problems
 - 
WARN [2021-01-03 19:03:54] Onslow (chain: 1): Bulk Effective Samples Size (ESS) is too low, indicating posterior means and medians may be unreliable.
Running the chains for more iterations may help. See
http://mc-stan.org/misc/warnings.html#bulk-ess - 
WARN [2021-01-03 19:03:59] Onslow (chain: 1): Tail Effective Samples Size (ESS) is too low, indicating posterior variances and tail quantiles may be unreliable.
Running the chains for more iterations may help. See
http://mc-stan.org/misc/warnings.html#tail-ess - 
INFO [2021-01-03 19:04:27] Completed estimates for: Onslow
INFO [2021-01-03 19:04:32] Initialising estimates for: Burke
WARN [2021-01-03 19:04:43] Yadkin (chain: 1): There were 321 divergent transitions after warmup. See
http://mc-stan.org/misc/warnings.html#divergent-transitions-after-warmup
to find out why this is a problem and how to eliminate them. - 
WARN [2021-01-03 19:04:43] Yadkin (chain: 1): Examine the pairs() plot to diagnose sampling problems
 - 
WARN [2021-01-03 19:04:51] Yadkin (chain: 1): Bulk Effective Samples Size (ESS) is too low, indicating posterior means and medians may be unreliable.
Running the chains for more iterations may help. See
http://mc-stan.org/misc/warnings.html#bulk-ess - 
WARN [2021-01-03 19:04:57] Yadkin (chain: 1): Tail Effective Samples Size (ESS) is too low, indicating posterior variances and tail quantiles may be unreliable.
Running the chains for more iterations may help. See
http://mc-stan.org/misc/warnings.html#tail-ess - 
INFO [2021-01-03 19:05:24] Completed estimates for: Yadkin
INFO [2021-01-03 19:05:30] Initialising estimates for: Caldwell
WARN [2021-01-03 19:06:15] McDowell (chain: 1): There were 94 divergent transitions after warmup. See
http://mc-stan.org/misc/warnings.html#divergent-transitions-after-warmup
to find out why this is a problem and how to eliminate them. - 
WARN [2021-01-03 19:06:15] McDowell (chain: 1): Examine the pairs() plot to diagnose sampling problems
 - 
WARN [2021-01-03 19:06:47] Surry: There were 50 transitions after warmup that exceeded the maximum treedepth. Increase max_treedepth above 13. See
http://mc-stan.org/misc/warnings.html#maximum-treedepth-exceeded - 
WARN [2021-01-03 19:06:47] Surry: Examine the pairs() plot to diagnose sampling problems
 - 
WARN [2021-01-03 19:06:48] Surry: The largest R-hat is 2.04, indicating chains have not mixed.
Running the chains for more iterations may help. See
http://mc-stan.org/misc/warnings.html#r-hat - 
WARN [2021-01-03 19:06:48] Surry: Bulk Effective Samples Size (ESS) is too low, indicating posterior means and medians may be unreliable.
Running the chains for more iterations may help. See
http://mc-stan.org/misc/warnings.html#bulk-ess - 
WARN [2021-01-03 19:06:49] Surry: Tail Effective Samples Size (ESS) is too low, indicating posterior variances and tail quantiles may be unreliable.
Running the chains for more iterations may help. See
http://mc-stan.org/misc/warnings.html#tail-ess - 
INFO [2021-01-03 19:06:56] Completed estimates for: McDowell
INFO [2021-01-03 19:07:09] Initialising estimates for: Bladen
INFO [2021-01-03 19:07:10] Initialising estimates for: Currituck
INFO [2021-01-03 19:07:11] Initialising estimates for: Madison
INFO [2021-01-03 19:07:12] Initialising estimates for: Polk
WARN [2021-01-03 19:10:58] Currituck: There were 8 divergent transitions after warmup. See
http://mc-stan.org/misc/warnings.html#divergent-transitions-after-warmup
to find out why this is a problem and how to eliminate them. - 
WARN [2021-01-03 19:10:58] Currituck: There were 40 transitions after warmup that exceeded the maximum treedepth. Increase max_treedepth above 13. See
http://mc-stan.org/misc/warnings.html#maximum-treedepth-exceeded - 
WARN [2021-01-03 19:10:58] Currituck: Examine the pairs() plot to diagnose sampling problems
 - 
WARN [2021-01-03 19:10:58] Currituck: The largest R-hat is 2, indicating chains have not mixed.
Running the chains for more iterations may help. See
http://mc-stan.org/misc/warnings.html#r-hat - 
WARN [2021-01-03 19:10:59] Currituck: Bulk Effective Samples Size (ESS) is too low, indicating posterior means and medians may be unreliable.
Running the chains for more iterations may help. See
http://mc-stan.org/misc/warnings.html#bulk-ess - 
WARN [2021-01-03 19:10:59] Currituck: Tail Effective Samples Size (ESS) is too low, indicating posterior variances and tail quantiles may be unreliable.
Running the chains for more iterations may help. See
http://mc-stan.org/misc/warnings.html#tail-ess - 
WARN [2021-01-03 19:11:09] Madison: There were 50 transitions after warmup that exceeded the maximum treedepth. Increase max_treedepth above 13. See
http://mc-stan.org/misc/warnings.html#maximum-treedepth-exceeded - 
WARN [2021-01-03 19:11:09] Madison: Examine the pairs() plot to diagnose sampling problems
 - 
WARN [2021-01-03 19:11:10] Madison: The largest R-hat is 1.8, indicating chains have not mixed.
Running the chains for more iterations may help. See
http://mc-stan.org/misc/warnings.html#r-hat - 
WARN [2021-01-03 19:11:10] Madison: Bulk Effective Samples Size (ESS) is too low, indicating posterior means and medians may be unreliable.
Running the chains for more iterations may help. See
http://mc-stan.org/misc/warnings.html#bulk-ess - 
WARN [2021-01-03 19:11:12] Madison: Tail Effective Samples Size (ESS) is too low, indicating posterior variances and tail quantiles may be unreliable.
Running the chains for more iterations may help. See
http://mc-stan.org/misc/warnings.html#tail-ess - 
WARN [2021-01-03 19:11:43] Polk: There were 50 transitions after warmup that exceeded the maximum treedepth. Increase max_treedepth above 13. See
http://mc-stan.org/misc/warnings.html#maximum-treedepth-exceeded - 
WARN [2021-01-03 19:11:43] Polk: Examine the pairs() plot to diagnose sampling problems
 - 
WARN [2021-01-03 19:11:44] Polk: The largest R-hat is 1.76, indicating chains have not mixed.
Running the chains for more iterations may help. See
http://mc-stan.org/misc/warnings.html#r-hat - 
WARN [2021-01-03 19:11:44] Polk: Bulk Effective Samples Size (ESS) is too low, indicating posterior means and medians may be unreliable.
Running the chains for more iterations may help. See
http://mc-stan.org/misc/warnings.html#bulk-ess - 
WARN [2021-01-03 19:11:45] Polk: Tail Effective Samples Size (ESS) is too low, indicating posterior variances and tail quantiles may be unreliable.
Running the chains for more iterations may help. See
http://mc-stan.org/misc/warnings.html#tail-ess - 
WARN [2021-01-03 19:12:12] Bladen: There were 50 transitions after warmup that exceeded the maximum treedepth. Increase max_treedepth above 13. See
http://mc-stan.org/misc/warnings.html#maximum-treedepth-exceeded - 
WARN [2021-01-03 19:12:12] Bladen: Examine the pairs() plot to diagnose sampling problems
 - 
WARN [2021-01-03 19:12:13] Bladen: The largest R-hat is 2.11, indicating chains have not mixed.
Running the chains for more iterations may help. See
http://mc-stan.org/misc/warnings.html#r-hat - 
WARN [2021-01-03 19:12:13] Bladen: Bulk Effective Samples Size (ESS) is too low, indicating posterior means and medians may be unreliable.
Running the chains for more iterations may help. See
http://mc-stan.org/misc/warnings.html#bulk-ess - 
WARN [2021-01-03 19:12:14] Bladen: Tail Effective Samples Size (ESS) is too low, indicating posterior variances and tail quantiles may be unreliable.
Running the chains for more iterations may help. See
http://mc-stan.org/misc/warnings.html#tail-ess - 
WARN [2021-01-03 19:17:22] Madison (chain: 1): There were 205 divergent transitions after warmup. See
http://mc-stan.org/misc/warnings.html#divergent-transitions-after-warmup
to find out why this is a problem and how to eliminate them. - 
WARN [2021-01-03 19:17:22] Madison (chain: 1): Examine the pairs() plot to diagnose sampling problems
 - 
WARN [2021-01-03 19:17:36] Madison (chain: 1): Tail Effective Samples Size (ESS) is too low, indicating posterior variances and tail quantiles may be unreliable.
Running the chains for more iterations may help. See
http://mc-stan.org/misc/warnings.html#tail-ess - 
INFO [2021-01-03 19:18:05] Completed estimates for: Madison
INFO [2021-01-03 19:19:09] Initialising estimates for: Washington
WARN [2021-01-03 19:19:24] Currituck (chain: 1): There were 180 divergent transitions after warmup. See
http://mc-stan.org/misc/warnings.html#divergent-transitions-after-warmup
to find out why this is a problem and how to eliminate them. - 
WARN [2021-01-03 19:19:24] Currituck (chain: 1): Examine the pairs() plot to diagnose sampling problems
 - 
INFO [2021-01-03 19:20:02] Completed estimates for: Currituck
INFO [2021-01-03 19:20:07] Initialising estimates for: Yadkin
WARN [2021-01-03 19:21:31] Polk (chain: 1): There were 70 divergent transitions after warmup. See
http://mc-stan.org/misc/warnings.html#divergent-transitions-after-warmup
to find out why this is a problem and how to eliminate them. - 
WARN [2021-01-03 19:21:31] Polk (chain: 1): Examine the pairs() plot to diagnose sampling problems
 - 
INFO [2021-01-03 19:22:00] Completed estimates for: Polk
INFO [2021-01-03 19:22:06] Initialising estimates for: Yancey
WARN [2021-01-03 19:22:55] Washington: There were 50 transitions after warmup that exceeded the maximum treedepth. Increase max_treedepth above 13. See
http://mc-stan.org/misc/warnings.html#maximum-treedepth-exceeded - 
WARN [2021-01-03 19:22:55] Washington: Examine the pairs() plot to diagnose sampling problems
 - 
WARN [2021-01-03 19:22:56] Washington: The largest R-hat is 1.7, indicating chains have not mixed.
Running the chains for more iterations may help. See
http://mc-stan.org/misc/warnings.html#r-hat - 
WARN [2021-01-03 19:22:56] Washington: Bulk Effective Samples Size (ESS) is too low, indicating posterior means and medians may be unreliable.
Running the chains for more iterations may help. See
http://mc-stan.org/misc/warnings.html#bulk-ess - 
WARN [2021-01-03 19:22:57] Washington: Tail Effective Samples Size (ESS) is too low, indicating posterior variances and tail quantiles may be unreliable.
Running the chains for more iterations may help. See
http://mc-stan.org/misc/warnings.html#tail-ess - 
WARN [2021-01-03 19:23:15] Bladen (chain: 1): There were 217 divergent transitions after warmup. See
http://mc-stan.org/misc/warnings.html#divergent-transitions-after-warmup
to find out why this is a problem and how to eliminate them. - 
WARN [2021-01-03 19:23:15] Bladen (chain: 1): Examine the pairs() plot to diagnose sampling problems
 - 
WARN [2021-01-03 19:23:28] Bladen (chain: 1): Tail Effective Samples Size (ESS) is too low, indicating posterior variances and tail quantiles may be unreliable.
Running the chains for more iterations may help. See
http://mc-stan.org/misc/warnings.html#tail-ess - 
INFO [2021-01-03 19:23:49] Completed estimates for: Bladen
INFO [2021-01-03 19:23:55] Initialising estimates for: Alleghany
WARN [2021-01-03 19:23:57] Yadkin: There were 50 transitions after warmup that exceeded the maximum treedepth. Increase max_treedepth above 13. See
http://mc-stan.org/misc/warnings.html#maximum-treedepth-exceeded - 
WARN [2021-01-03 19:23:57] Yadkin: Examine the pairs() plot to diagnose sampling problems
 - 
WARN [2021-01-03 19:23:57] Yadkin: The largest R-hat is 1.85, indicating chains have not mixed.
Running the chains for more iterations may help. See
http://mc-stan.org/misc/warnings.html#r-hat - 
WARN [2021-01-03 19:23:58] Yadkin: Bulk Effective Samples Size (ESS) is too low, indicating posterior means and medians may be unreliable.
Running the chains for more iterations may help. See
http://mc-stan.org/misc/warnings.html#bulk-ess - 
WARN [2021-01-03 19:23:58] Yadkin: Tail Effective Samples Size (ESS) is too low, indicating posterior variances and tail quantiles may be unreliable.
Running the chains for more iterations may help. See
http://mc-stan.org/misc/warnings.html#tail-ess - 
WARN [2021-01-03 19:26:35] Yancey: There were 50 transitions after warmup that exceeded the maximum treedepth. Increase max_treedepth above 13. See
http://mc-stan.org/misc/warnings.html#maximum-treedepth-exceeded - 
WARN [2021-01-03 19:26:35] Yancey: Examine the pairs() plot to diagnose sampling problems
 - 
WARN [2021-01-03 19:26:35] Yancey: The largest R-hat is 2.07, indicating chains have not mixed.
Running the chains for more iterations may help. See
http://mc-stan.org/misc/warnings.html#r-hat - 
WARN [2021-01-03 19:26:35] Yancey: Bulk Effective Samples Size (ESS) is too low, indicating posterior means and medians may be unreliable.
Running the chains for more iterations may help. See
http://mc-stan.org/misc/warnings.html#bulk-ess - 
WARN [2021-01-03 19:26:36] Yancey: Tail Effective Samples Size (ESS) is too low, indicating posterior variances and tail quantiles may be unreliable.
Running the chains for more iterations may help. See
http://mc-stan.org/misc/warnings.html#tail-ess - 
WARN [2021-01-03 19:27:06] Washington (chain: 1): There were 98 divergent transitions after warmup. See
http://mc-stan.org/misc/warnings.html#divergent-transitions-after-warmup
to find out why this is a problem and how to eliminate them. - 
WARN [2021-01-03 19:27:06] Washington (chain: 1): Examine the pairs() plot to diagnose sampling problems
 - 
INFO [2021-01-03 19:27:43] Completed estimates for: Washington
INFO [2021-01-03 19:27:48] Initialising estimates for: Chowan
WARN [2021-01-03 19:28:47] Alleghany: There were 50 transitions after warmup that exceeded the maximum treedepth. Increase max_treedepth above 13. See
http://mc-stan.org/misc/warnings.html#maximum-treedepth-exceeded - 
WARN [2021-01-03 19:28:47] Alleghany: Examine the pairs() plot to diagnose sampling problems
 - 
WARN [2021-01-03 19:28:47] Alleghany: The largest R-hat is 1.54, indicating chains have not mixed.
Running the chains for more iterations may help. See
http://mc-stan.org/misc/warnings.html#r-hat - 
WARN [2021-01-03 19:28:48] Alleghany: Bulk Effective Samples Size (ESS) is too low, indicating posterior means and medians may be unreliable.
Running the chains for more iterations may help. See
http://mc-stan.org/misc/warnings.html#bulk-ess - 
WARN [2021-01-03 19:28:49] Alleghany: Tail Effective Samples Size (ESS) is too low, indicating posterior variances and tail quantiles may be unreliable.
Running the chains for more iterations may help. See
http://mc-stan.org/misc/warnings.html#tail-ess - 
WARN [2021-01-03 19:29:46] Yadkin (chain: 1): There were 172 divergent transitions after warmup. See
http://mc-stan.org/misc/warnings.html#divergent-transitions-after-warmup
to find out why this is a problem and how to eliminate them. - 
WARN [2021-01-03 19:29:46] Yadkin (chain: 1): Examine the pairs() plot to diagnose sampling problems
 - 
INFO [2021-01-03 19:30:27] Completed estimates for: Yadkin
INFO [2021-01-03 19:30:33] Initialising estimates for: Hertford
WARN [2021-01-03 19:33:01] Chowan: There were 50 transitions after warmup that exceeded the maximum treedepth. Increase max_treedepth above 13. See
http://mc-stan.org/misc/warnings.html#maximum-treedepth-exceeded - 
WARN [2021-01-03 19:33:01] Chowan: Examine the pairs() plot to diagnose sampling problems
 - 
WARN [2021-01-03 19:33:01] Chowan: The largest R-hat is 2.08, indicating chains have not mixed.
Running the chains for more iterations may help. See
http://mc-stan.org/misc/warnings.html#r-hat - 
WARN [2021-01-03 19:33:02] Chowan: Bulk Effective Samples Size (ESS) is too low, indicating posterior means and medians may be unreliable.
Running the chains for more iterations may help. See
http://mc-stan.org/misc/warnings.html#bulk-ess - 
WARN [2021-01-03 19:33:02] Chowan: Tail Effective Samples Size (ESS) is too low, indicating posterior variances and tail quantiles may be unreliable.
Running the chains for more iterations may help. See
http://mc-stan.org/misc/warnings.html#tail-ess - 
WARN [2021-01-03 19:33:59] Yancey (chain: 1): There were 113 divergent transitions after warmup. See
http://mc-stan.org/misc/warnings.html#divergent-transitions-after-warmup
to find out why this is a problem and how to eliminate them. - 
WARN [2021-01-03 19:33:59] Yancey (chain: 1): Examine the pairs() plot to diagnose sampling problems
 - 
INFO [2021-01-03 19:34:37] Completed estimates for: Yancey
INFO [2021-01-03 19:34:49] Initialising estimates for: Anson
WARN [2021-01-03 19:35:30] Hertford: There were 50 transitions after warmup that exceeded the maximum treedepth. Increase max_treedepth above 13. See
http://mc-stan.org/misc/warnings.html#maximum-treedepth-exceeded - 
WARN [2021-01-03 19:35:30] Hertford: Examine the pairs() plot to diagnose sampling problems
 - 
WARN [2021-01-03 19:35:31] Hertford: The largest R-hat is 1.94, indicating chains have not mixed.
Running the chains for more iterations may help. See
http://mc-stan.org/misc/warnings.html#r-hat - 
WARN [2021-01-03 19:35:31] Hertford: Bulk Effective Samples Size (ESS) is too low, indicating posterior means and medians may be unreliable.
Running the chains for more iterations may help. See
http://mc-stan.org/misc/warnings.html#bulk-ess - 
WARN [2021-01-03 19:35:33] Hertford: Tail Effective Samples Size (ESS) is too low, indicating posterior variances and tail quantiles may be unreliable.
Running the chains for more iterations may help. See
http://mc-stan.org/misc/warnings.html#tail-ess - 
WARN [2021-01-03 19:37:08] Alleghany (chain: 1): There were 299 divergent transitions after warmup. See
http://mc-stan.org/misc/warnings.html#divergent-transitions-after-warmup
to find out why this is a problem and how to eliminate them. - 
WARN [2021-01-03 19:37:08] Alleghany (chain: 1): Examine the pairs() plot to diagnose sampling problems
 - 
WARN [2021-01-03 19:37:16] Alleghany (chain: 1): Bulk Effective Samples Size (ESS) is too low, indicating posterior means and medians may be unreliable.
Running the chains for more iterations may help. See
http://mc-stan.org/misc/warnings.html#bulk-ess - 
WARN [2021-01-03 19:37:20] Alleghany (chain: 1): Tail Effective Samples Size (ESS) is too low, indicating posterior variances and tail quantiles may be unreliable.
Running the chains for more iterations may help. See
http://mc-stan.org/misc/warnings.html#tail-ess - 
INFO [2021-01-03 19:37:49] Completed estimates for: Alleghany
INFO [2021-01-03 19:37:54] Initialising estimates for: Montgomery
WARN [2021-01-03 19:39:34] Anson: There were 50 transitions after warmup that exceeded the maximum treedepth. Increase max_treedepth above 13. See
http://mc-stan.org/misc/warnings.html#maximum-treedepth-exceeded - 
WARN [2021-01-03 19:39:34] Anson: Examine the pairs() plot to diagnose sampling problems
 - 
WARN [2021-01-03 19:39:35] Anson: The largest R-hat is 2.1, indicating chains have not mixed.
Running the chains for more iterations may help. See
http://mc-stan.org/misc/warnings.html#r-hat - 
WARN [2021-01-03 19:39:35] Anson: Bulk Effective Samples Size (ESS) is too low, indicating posterior means and medians may be unreliable.
Running the chains for more iterations may help. See
http://mc-stan.org/misc/warnings.html#bulk-ess - 
WARN [2021-01-03 19:39:35] Anson: Tail Effective Samples Size (ESS) is too low, indicating posterior variances and tail quantiles may be unreliable.
Running the chains for more iterations may help. See
http://mc-stan.org/misc/warnings.html#tail-ess - 
WARN [2021-01-03 19:39:55] Chowan (chain: 1): There were 90 divergent transitions after warmup. See
http://mc-stan.org/misc/warnings.html#divergent-transitions-after-warmup
to find out why this is a problem and how to eliminate them. - 
WARN [2021-01-03 19:39:55] Chowan (chain: 1): Examine the pairs() plot to diagnose sampling problems
 - 
INFO [2021-01-03 19:40:33] Completed estimates for: Chowan
INFO [2021-01-03 19:40:55] Initialising estimates for: Northampton
WARN [2021-01-03 19:42:19] Hertford (chain: 1): There were 97 divergent transitions after warmup. See
http://mc-stan.org/misc/warnings.html#divergent-transitions-after-warmup
to find out why this is a problem and how to eliminate them. - 
WARN [2021-01-03 19:42:19] Hertford (chain: 1): Examine the pairs() plot to diagnose sampling problems
 - 
WARN [2021-01-03 19:42:51] Montgomery: There were 50 transitions after warmup that exceeded the maximum treedepth. Increase max_treedepth above 13. See
http://mc-stan.org/misc/warnings.html#maximum-treedepth-exceeded - 
WARN [2021-01-03 19:42:51] Montgomery: Examine the pairs() plot to diagnose sampling problems
 - 
WARN [2021-01-03 19:42:51] Montgomery: The largest R-hat is 2.09, indicating chains have not mixed.
Running the chains for more iterations may help. See
http://mc-stan.org/misc/warnings.html#r-hat - 
WARN [2021-01-03 19:42:51] Montgomery: Bulk Effective Samples Size (ESS) is too low, indicating posterior means and medians may be unreliable.
Running the chains for more iterations may help. See
http://mc-stan.org/misc/warnings.html#bulk-ess - 
WARN [2021-01-03 19:42:52] Montgomery: Tail Effective Samples Size (ESS) is too low, indicating posterior variances and tail quantiles may be unreliable.
Running the chains for more iterations may help. See
http://mc-stan.org/misc/warnings.html#tail-ess - 
ERROR [2021-01-03 19:42:53] Montgomery (chain: 1): unable to fork, possible reason: Cannot allocate memory - mcfork, detached
ERROR [2021-01-03 19:42:53] Montgomery: model fitting was timed out or failed - 
INFO [2021-01-03 19:42:54] Completed estimates for: Hertford
INFO [2021-01-03 19:42:57] Initialising estimates for: Person
INFO [2021-01-03 19:42:59] Initialising estimates for: Caswell
WARN [2021-01-03 19:45:07] Northampton: There were 50 transitions after warmup that exceeded the maximum treedepth. Increase max_treedepth above 13. See
http://mc-stan.org/misc/warnings.html#maximum-treedepth-exceeded - 
WARN [2021-01-03 19:45:07] Northampton: Examine the pairs() plot to diagnose sampling problems
 - 
WARN [2021-01-03 19:45:08] Northampton: The largest R-hat is 2.08, indicating chains have not mixed.
Running the chains for more iterations may help. See
http://mc-stan.org/misc/warnings.html#r-hat - 
WARN [2021-01-03 19:45:09] Northampton: Bulk Effective Samples Size (ESS) is too low, indicating posterior means and medians may be unreliable.
Running the chains for more iterations may help. See
http://mc-stan.org/misc/warnings.html#bulk-ess - 
WARN [2021-01-03 19:45:09] Northampton: Tail Effective Samples Size (ESS) is too low, indicating posterior variances and tail quantiles may be unreliable.
Running the chains for more iterations may help. See
http://mc-stan.org/misc/warnings.html#tail-ess - 
WARN [2021-01-03 19:45:32] Anson (chain: 1): There were 82 divergent transitions after warmup. See
http://mc-stan.org/misc/warnings.html#divergent-transitions-after-warmup
to find out why this is a problem and how to eliminate them. - 
WARN [2021-01-03 19:45:32] Anson (chain: 1): Examine the pairs() plot to diagnose sampling problems
 - 
WARN [2021-01-03 19:45:42] Anson (chain: 1): Tail Effective Samples Size (ESS) is too low, indicating posterior variances and tail quantiles may be unreliable.
Running the chains for more iterations may help. See
http://mc-stan.org/misc/warnings.html#tail-ess - 
INFO [2021-01-03 19:46:03] Completed estimates for: Anson
INFO [2021-01-03 19:46:08] Initialising estimates for: Greene
WARN [2021-01-03 19:46:57] Caswell: There were 50 transitions after warmup that exceeded the maximum treedepth. Increase max_treedepth above 13. See
http://mc-stan.org/misc/warnings.html#maximum-treedepth-exceeded - 
WARN [2021-01-03 19:46:57] Caswell: Examine the pairs() plot to diagnose sampling problems
 - 
WARN [2021-01-03 19:46:58] Caswell: The largest R-hat is 2.11, indicating chains have not mixed.
Running the chains for more iterations may help. See
http://mc-stan.org/misc/warnings.html#r-hat - 
WARN [2021-01-03 19:46:58] Caswell: Bulk Effective Samples Size (ESS) is too low, indicating posterior means and medians may be unreliable.
Running the chains for more iterations may help. See
http://mc-stan.org/misc/warnings.html#bulk-ess - 
WARN [2021-01-03 19:46:59] Caswell: Tail Effective Samples Size (ESS) is too low, indicating posterior variances and tail quantiles may be unreliable.
Running the chains for more iterations may help. See
http://mc-stan.org/misc/warnings.html#tail-ess - 
WARN [2021-01-03 19:47:05] Person: There were 50 transitions after warmup that exceeded the maximum treedepth. Increase max_treedepth above 13. See
http://mc-stan.org/misc/warnings.html#maximum-treedepth-exceeded - 
WARN [2021-01-03 19:47:05] Person: Examine the pairs() plot to diagnose sampling problems
 - 
WARN [2021-01-03 19:47:05] Person: The largest R-hat is 2.11, indicating chains have not mixed.
Running the chains for more iterations may help. See
http://mc-stan.org/misc/warnings.html#r-hat - 
WARN [2021-01-03 19:47:06] Person: Bulk Effective Samples Size (ESS) is too low, indicating posterior means and medians may be unreliable.
Running the chains for more iterations may help. See
http://mc-stan.org/misc/warnings.html#bulk-ess - 
WARN [2021-01-03 19:47:06] Person: Tail Effective Samples Size (ESS) is too low, indicating posterior variances and tail quantiles may be unreliable.
Running the chains for more iterations may help. See
http://mc-stan.org/misc/warnings.html#tail-ess - 
WARN [2021-01-03 19:50:58] Greene: There were 19 divergent transitions after warmup. See
http://mc-stan.org/misc/warnings.html#divergent-transitions-after-warmup
to find out why this is a problem and how to eliminate them. - 
WARN [2021-01-03 19:50:58] Greene: There were 31 transitions after warmup that exceeded the maximum treedepth. Increase max_treedepth above 13. See
http://mc-stan.org/misc/warnings.html#maximum-treedepth-exceeded - 
WARN [2021-01-03 19:50:58] Greene: Examine the pairs() plot to diagnose sampling problems
 - 
WARN [2021-01-03 19:50:58] Greene: The largest R-hat is 1.59, indicating chains have not mixed.
Running the chains for more iterations may help. See
http://mc-stan.org/misc/warnings.html#r-hat - 
WARN [2021-01-03 19:50:59] Greene: Bulk Effective Samples Size (ESS) is too low, indicating posterior means and medians may be unreliable.
Running the chains for more iterations may help. See
http://mc-stan.org/misc/warnings.html#bulk-ess - 
WARN [2021-01-03 19:51:00] Greene: Tail Effective Samples Size (ESS) is too low, indicating posterior variances and tail quantiles may be unreliable.
Running the chains for more iterations may help. See
http://mc-stan.org/misc/warnings.html#tail-ess - 
WARN [2021-01-03 19:52:43] Caswell (chain: 1): There were 87 divergent transitions after warmup. See
http://mc-stan.org/misc/warnings.html#divergent-transitions-after-warmup
to find out why this is a problem and how to eliminate them. - 
WARN [2021-01-03 19:52:43] Caswell (chain: 1): Examine the pairs() plot to diagnose sampling problems
 - 
INFO [2021-01-03 19:53:24] Initialising estimates for: Scotland
WARN [2021-01-03 19:58:50] Scotland (chain: 1): There were 86 divergent transitions after warmup. See
http://mc-stan.org/misc/warnings.html#divergent-transitions-after-warmup
to find out why this is a problem and how to eliminate them. - 
WARN [2021-01-03 19:58:50] Scotland (chain: 1): Examine the pairs() plot to diagnose sampling problems
 - 
INFO [2021-01-03 19:59:19] Initialising estimates for: Lee
ERROR [2021-01-03 19:59:19] Lee (chain: 1): unable to fork, possible reason: Cannot allocate memory - mcfork, detached
ERROR [2021-01-03 19:59:19] Lee: model fitting was timed out or failed - 
INFO [2021-01-03 19:59:19] Initialising estimates for: Cone Health
ERROR [2021-01-03 19:59:20] Cone Health (chain: 1): unable to fork, possible reason: Cannot allocate memory - mcfork, detached
ERROR [2021-01-03 19:59:20] Cone Health: model fitting was timed out or failed - 
INFO [2021-01-03 19:59:20] Initialising estimates for: North Carolina
ERROR [2021-01-03 19:59:20] North Carolina (chain: 1): unable to fork, possible reason: Cannot allocate memory - mcfork, detached
ERROR [2021-01-03 19:59:20] North Carolina: model fitting was timed out or failed - 
INFO [2021-01-03 19:59:20] Initialising estimates for: Swain
ERROR [2021-01-03 19:59:20] Swain (chain: 1): unable to fork, possible reason: Cannot allocate memory - mcfork, detached
ERROR [2021-01-03 19:59:20] Swain: model fitting was timed out or failed - 
INFO [2021-01-03 19:59:20] Runtime error in Lee : Lee: model fitting was timed out or failed - 
INFO [2021-01-03 19:59:20] Runtime error in Cone Health : Cone Health: model fitting was timed out or failed - 
INFO [2021-01-03 19:59:20] Runtime error in North Carolina : North Carolina: model fitting was timed out or failed - 
INFO [2021-01-03 19:59:20] Runtime error in Swain : Swain: model fitting was timed out or failed - 
INFO [2021-01-03 20:28:12] Initialising estimates for: Buncombe
INFO [2021-01-03 20:28:13] Initialising estimates for: Cabarrus
INFO [2021-01-03 20:28:13] Initialising estimates for: Cumberland
INFO [2021-01-03 20:28:15] Initialising estimates for: Durham
WARN [2021-01-03 20:34:02] Durham (chain: 1): There were 54 divergent transitions after warmup. See
http://mc-stan.org/misc/warnings.html#divergent-transitions-after-warmup
to find out why this is a problem and how to eliminate them. - 
WARN [2021-01-03 20:34:02] Durham (chain: 1): Examine the pairs() plot to diagnose sampling problems
 - 
INFO [2021-01-03 20:35:09] Completed estimates for: Durham
INFO [2021-01-03 20:35:47] Initialising estimates for: Forsyth
WARN [2021-01-03 20:37:22] Cumberland (chain: 1): some chains had errors; consider specifying chains = 1 to debug - .local, object, ...
WARN [2021-01-03 20:37:22] Cumberland (chain: 1): There were 22 divergent transitions after warmup. See
http://mc-stan.org/misc/warnings.html#divergent-transitions-after-warmup
to find out why this is a problem and how to eliminate them. - 
WARN [2021-01-03 20:37:22] Cumberland (chain: 1): Examine the pairs() plot to diagnose sampling problems
 - 
WARN [2021-01-03 20:37:36] Buncombe (chain: 1): There were 25 divergent transitions after warmup. See
http://mc-stan.org/misc/warnings.html#divergent-transitions-after-warmup
to find out why this is a problem and how to eliminate them. - 
WARN [2021-01-03 20:37:36] Buncombe (chain: 1): Examine the pairs() plot to diagnose sampling problems
 - 
INFO [2021-01-03 20:37:43] Completed estimates for: Cumberland
WARN [2021-01-03 20:37:46] Cabarrus (chain: 1): There were 32 divergent transitions after warmup. See
http://mc-stan.org/misc/warnings.html#divergent-transitions-after-warmup
to find out why this is a problem and how to eliminate them. - 
WARN [2021-01-03 20:37:46] Cabarrus (chain: 1): Examine the pairs() plot to diagnose sampling problems
 - 
INFO [2021-01-03 20:37:46] Initialising estimates for: Gaston
INFO [2021-01-03 20:38:06] Completed estimates for: Buncombe
INFO [2021-01-03 20:38:29] Initialising estimates for: Guilford
INFO [2021-01-03 20:38:35] Completed estimates for: Cabarrus
INFO [2021-01-03 20:38:58] Initialising estimates for: Iredell
WARN [2021-01-03 20:44:34] Forsyth (chain: 1): There were 16 divergent transitions after warmup. See
http://mc-stan.org/misc/warnings.html#divergent-transitions-after-warmup
to find out why this is a problem and how to eliminate them. - 
WARN [2021-01-03 20:44:34] Forsyth (chain: 1): Examine the pairs() plot to diagnose sampling problems
 - 
INFO [2021-01-03 20:45:46] Completed estimates for: Forsyth
INFO [2021-01-03 20:45:51] Initialising estimates for: Johnston
WARN [2021-01-03 20:46:57] Iredell (chain: 1): There were 33 divergent transitions after warmup. See
http://mc-stan.org/misc/warnings.html#divergent-transitions-after-warmup
to find out why this is a problem and how to eliminate them. - 
WARN [2021-01-03 20:46:57] Iredell (chain: 1): Examine the pairs() plot to diagnose sampling problems
 - 
WARN [2021-01-03 20:47:27] Guilford (chain: 1): There were 48 divergent transitions after warmup. See
http://mc-stan.org/misc/warnings.html#divergent-transitions-after-warmup
to find out why this is a problem and how to eliminate them. - 
WARN [2021-01-03 20:47:27] Guilford (chain: 1): Examine the pairs() plot to diagnose sampling problems
 - 
INFO [2021-01-03 20:47:50] Completed estimates for: Iredell
INFO [2021-01-03 20:47:54] Completed estimates for: Guilford
INFO [2021-01-03 20:47:56] Initialising estimates for: Mecklenburg
INFO [2021-01-03 20:47:57] Initialising estimates for: New Hanover
WARN [2021-01-03 20:49:34] Gaston (chain: 1): There were 19 divergent transitions after warmup. See
http://mc-stan.org/misc/warnings.html#divergent-transitions-after-warmup
to find out why this is a problem and how to eliminate them. - 
WARN [2021-01-03 20:49:34] Gaston (chain: 1): Examine the pairs() plot to diagnose sampling problems
 - 
INFO [2021-01-03 20:50:09] Completed estimates for: Gaston
INFO [2021-01-03 20:50:19] Initialising estimates for: Onslow
WARN [2021-01-03 20:52:54] Johnston (chain: 1): There were 31 divergent transitions after warmup. See
http://mc-stan.org/misc/warnings.html#divergent-transitions-after-warmup
to find out why this is a problem and how to eliminate them. - 
WARN [2021-01-03 20:52:54] Johnston (chain: 1): Examine the pairs() plot to diagnose sampling problems
 - 
INFO [2021-01-03 20:53:53] Completed estimates for: Johnston
INFO [2021-01-03 20:54:17] Initialising estimates for: Pitt
WARN [2021-01-03 20:57:54] New Hanover (chain: 1): There were 13 divergent transitions after warmup. See
http://mc-stan.org/misc/warnings.html#divergent-transitions-after-warmup
to find out why this is a problem and how to eliminate them. - 
WARN [2021-01-03 20:57:54] New Hanover (chain: 1): Examine the pairs() plot to diagnose sampling problems
 - 
INFO [2021-01-03 20:58:52] Completed estimates for: New Hanover
INFO [2021-01-03 20:59:17] Initialising estimates for: Union
WARN [2021-01-03 20:59:32] Onslow (chain: 1): There were 393 divergent transitions after warmup. See
http://mc-stan.org/misc/warnings.html#divergent-transitions-after-warmup
to find out why this is a problem and how to eliminate them. - 
WARN [2021-01-03 20:59:32] Onslow (chain: 1): Examine the pairs() plot to diagnose sampling problems
 - 
WARN [2021-01-03 20:59:36] Onslow (chain: 1): The largest R-hat is 1.12, indicating chains have not mixed.
Running the chains for more iterations may help. See
http://mc-stan.org/misc/warnings.html#r-hat - 
INFO [2021-01-03 21:00:14] Initialising estimates for: Moore
INFO [2021-01-03 21:00:14] Initialising estimates for: Henderson
INFO [2021-01-03 21:00:33] Initialising estimates for: Surry
WARN [2021-01-03 21:05:18] Henderson: There were 4 divergent transitions after warmup. See
http://mc-stan.org/misc/warnings.html#divergent-transitions-after-warmup
to find out why this is a problem and how to eliminate them. - 
WARN [2021-01-03 21:05:18] Henderson: There were 44 transitions after warmup that exceeded the maximum treedepth. Increase max_treedepth above 13. See
http://mc-stan.org/misc/warnings.html#maximum-treedepth-exceeded - 
WARN [2021-01-03 21:05:18] Henderson: Examine the pairs() plot to diagnose sampling problems
 - 
WARN [2021-01-03 21:05:19] Henderson: The largest R-hat is 1.87, indicating chains have not mixed.
Running the chains for more iterations may help. See
http://mc-stan.org/misc/warnings.html#r-hat - 
WARN [2021-01-03 21:05:19] Henderson: Bulk Effective Samples Size (ESS) is too low, indicating posterior means and medians may be unreliable.
Running the chains for more iterations may help. See
http://mc-stan.org/misc/warnings.html#bulk-ess - 
WARN [2021-01-03 21:05:19] Henderson: Tail Effective Samples Size (ESS) is too low, indicating posterior variances and tail quantiles may be unreliable.
Running the chains for more iterations may help. See
http://mc-stan.org/misc/warnings.html#tail-ess - 
WARN [2021-01-03 21:05:28] Moore: There were 8 divergent transitions after warmup. See
http://mc-stan.org/misc/warnings.html#divergent-transitions-after-warmup
to find out why this is a problem and how to eliminate them. - 
WARN [2021-01-03 21:05:28] Moore: There were 42 transitions after warmup that exceeded the maximum treedepth. Increase max_treedepth above 13. See
http://mc-stan.org/misc/warnings.html#maximum-treedepth-exceeded - 
WARN [2021-01-03 21:05:28] Moore: Examine the pairs() plot to diagnose sampling problems
 - 
WARN [2021-01-03 21:05:28] Moore: The largest R-hat is 2.05, indicating chains have not mixed.
Running the chains for more iterations may help. See
http://mc-stan.org/misc/warnings.html#r-hat - 
WARN [2021-01-03 21:05:29] Moore: Bulk Effective Samples Size (ESS) is too low, indicating posterior means and medians may be unreliable.
Running the chains for more iterations may help. See
http://mc-stan.org/misc/warnings.html#bulk-ess - 
WARN [2021-01-03 21:05:29] Moore: Tail Effective Samples Size (ESS) is too low, indicating posterior variances and tail quantiles may be unreliable.
Running the chains for more iterations may help. See
http://mc-stan.org/misc/warnings.html#tail-ess - 
WARN [2021-01-03 21:07:07] Surry: There were 50 transitions after warmup that exceeded the maximum treedepth. Increase max_treedepth above 13. See
http://mc-stan.org/misc/warnings.html#maximum-treedepth-exceeded - 
WARN [2021-01-03 21:07:07] Surry: Examine the pairs() plot to diagnose sampling problems
 - 
WARN [2021-01-03 21:07:07] Surry: The largest R-hat is 1.9, indicating chains have not mixed.
Running the chains for more iterations may help. See
http://mc-stan.org/misc/warnings.html#r-hat - 
WARN [2021-01-03 21:07:08] Surry: Bulk Effective Samples Size (ESS) is too low, indicating posterior means and medians may be unreliable.
Running the chains for more iterations may help. See
http://mc-stan.org/misc/warnings.html#bulk-ess - 
WARN [2021-01-03 21:07:09] Surry: Tail Effective Samples Size (ESS) is too low, indicating posterior variances and tail quantiles may be unreliable.
Running the chains for more iterations may help. See
http://mc-stan.org/misc/warnings.html#tail-ess - 
WARN [2021-01-03 21:15:58] Henderson (chain: 1): There were 74 divergent transitions after warmup. See
http://mc-stan.org/misc/warnings.html#divergent-transitions-after-warmup
to find out why this is a problem and how to eliminate them. - 
WARN [2021-01-03 21:15:58] Henderson (chain: 1): Examine the pairs() plot to diagnose sampling problems
 - 
WARN [2021-01-03 21:16:19] Moore (chain: 1): There were 228 divergent transitions after warmup. See
http://mc-stan.org/misc/warnings.html#divergent-transitions-after-warmup
to find out why this is a problem and how to eliminate them. - 
WARN [2021-01-03 21:16:19] Moore (chain: 1): Examine the pairs() plot to diagnose sampling problems
 - 
WARN [2021-01-03 21:16:25] Moore (chain: 1): Bulk Effective Samples Size (ESS) is too low, indicating posterior means and medians may be unreliable.
Running the chains for more iterations may help. See
http://mc-stan.org/misc/warnings.html#bulk-ess - 
WARN [2021-01-03 21:16:28] Moore (chain: 1): Tail Effective Samples Size (ESS) is too low, indicating posterior variances and tail quantiles may be unreliable.
Running the chains for more iterations may help. See
http://mc-stan.org/misc/warnings.html#tail-ess - 
INFO [2021-01-03 21:16:34] Initialising estimates for: Burke
INFO [2021-01-03 21:16:52] Initialising estimates for: Caldwell
WARN [2021-01-03 21:18:38] Surry (chain: 1): There were 65 divergent transitions after warmup. See
http://mc-stan.org/misc/warnings.html#divergent-transitions-after-warmup
to find out why this is a problem and how to eliminate them. - 
WARN [2021-01-03 21:18:38] Surry (chain: 1): Examine the pairs() plot to diagnose sampling problems
 - 
WARN [2021-01-03 21:19:07] Burke: There were 34 divergent transitions after warmup. See
http://mc-stan.org/misc/warnings.html#divergent-transitions-after-warmup
to find out why this is a problem and how to eliminate them. - 
WARN [2021-01-03 21:19:07] Burke: There were 14 transitions after warmup that exceeded the maximum treedepth. Increase max_treedepth above 13. See
http://mc-stan.org/misc/warnings.html#maximum-treedepth-exceeded - 
WARN [2021-01-03 21:19:07] Burke: Examine the pairs() plot to diagnose sampling problems
 - 
WARN [2021-01-03 21:19:08] Burke: The largest R-hat is 2.08, indicating chains have not mixed.
Running the chains for more iterations may help. See
http://mc-stan.org/misc/warnings.html#r-hat - 
WARN [2021-01-03 21:19:08] Burke: Bulk Effective Samples Size (ESS) is too low, indicating posterior means and medians may be unreliable.
Running the chains for more iterations may help. See
http://mc-stan.org/misc/warnings.html#bulk-ess - 
WARN [2021-01-03 21:19:09] Burke: Tail Effective Samples Size (ESS) is too low, indicating posterior variances and tail quantiles may be unreliable.
Running the chains for more iterations may help. See
http://mc-stan.org/misc/warnings.html#tail-ess - 
INFO [2021-01-03 21:19:12] Initialising estimates for: Carteret
WARN [2021-01-03 21:20:53] Caldwell: There were 1 divergent transitions after warmup. See
http://mc-stan.org/misc/warnings.html#divergent-transitions-after-warmup
to find out why this is a problem and how to eliminate them. - 
WARN [2021-01-03 21:20:53] Caldwell: There were 47 transitions after warmup that exceeded the maximum treedepth. Increase max_treedepth above 13. See
http://mc-stan.org/misc/warnings.html#maximum-treedepth-exceeded - 
WARN [2021-01-03 21:20:53] Caldwell: Examine the pairs() plot to diagnose sampling problems
 - 
WARN [2021-01-03 21:20:54] Caldwell: The largest R-hat is 2.11, indicating chains have not mixed.
Running the chains for more iterations may help. See
http://mc-stan.org/misc/warnings.html#r-hat - 
WARN [2021-01-03 21:20:54] Caldwell: Bulk Effective Samples Size (ESS) is too low, indicating posterior means and medians may be unreliable.
Running the chains for more iterations may help. See
http://mc-stan.org/misc/warnings.html#bulk-ess - 
WARN [2021-01-03 21:20:55] Caldwell: Tail Effective Samples Size (ESS) is too low, indicating posterior variances and tail quantiles may be unreliable.
Running the chains for more iterations may help. See
http://mc-stan.org/misc/warnings.html#tail-ess - 
WARN [2021-01-03 21:23:39] Carteret: There were 50 transitions after warmup that exceeded the maximum treedepth. Increase max_treedepth above 13. See
http://mc-stan.org/misc/warnings.html#maximum-treedepth-exceeded - 
WARN [2021-01-03 21:23:39] Carteret: Examine the pairs() plot to diagnose sampling problems
 - 
WARN [2021-01-03 21:23:40] Carteret: The largest R-hat is 2.07, indicating chains have not mixed.
Running the chains for more iterations may help. See
http://mc-stan.org/misc/warnings.html#r-hat - 
WARN [2021-01-03 21:23:40] Carteret: Bulk Effective Samples Size (ESS) is too low, indicating posterior means and medians may be unreliable.
Running the chains for more iterations may help. See
http://mc-stan.org/misc/warnings.html#bulk-ess - 
WARN [2021-01-03 21:23:41] Carteret: Tail Effective Samples Size (ESS) is too low, indicating posterior variances and tail quantiles may be unreliable.
Running the chains for more iterations may help. See
http://mc-stan.org/misc/warnings.html#tail-ess - 
WARN [2021-01-03 21:25:13] Burke (chain: 1): There were 82 divergent transitions after warmup. See
http://mc-stan.org/misc/warnings.html#divergent-transitions-after-warmup
to find out why this is a problem and how to eliminate them. - 
WARN [2021-01-03 21:25:13] Burke (chain: 1): Examine the pairs() plot to diagnose sampling problems
 - 
INFO [2021-01-03 21:26:15] Initialising estimates for: Chatham
WARN [2021-01-03 21:27:48] Caldwell (chain: 1): There were 37 divergent transitions after warmup. See
http://mc-stan.org/misc/warnings.html#divergent-transitions-after-warmup
to find out why this is a problem and how to eliminate them. - 
WARN [2021-01-03 21:27:48] Caldwell (chain: 1): Examine the pairs() plot to diagnose sampling problems
 - 
INFO [2021-01-03 21:28:22] Initialising estimates for: Franklin
WARN [2021-01-03 21:30:03] Chatham: There were 50 transitions after warmup that exceeded the maximum treedepth. Increase max_treedepth above 13. See
http://mc-stan.org/misc/warnings.html#maximum-treedepth-exceeded - 
WARN [2021-01-03 21:30:03] Chatham: Examine the pairs() plot to diagnose sampling problems
 - 
WARN [2021-01-03 21:30:04] Chatham: The largest R-hat is 1.68, indicating chains have not mixed.
Running the chains for more iterations may help. See
http://mc-stan.org/misc/warnings.html#r-hat - 
WARN [2021-01-03 21:30:04] Chatham: Bulk Effective Samples Size (ESS) is too low, indicating posterior means and medians may be unreliable.
Running the chains for more iterations may help. See
http://mc-stan.org/misc/warnings.html#bulk-ess - 
WARN [2021-01-03 21:30:05] Chatham: Tail Effective Samples Size (ESS) is too low, indicating posterior variances and tail quantiles may be unreliable.
Running the chains for more iterations may help. See
http://mc-stan.org/misc/warnings.html#tail-ess - 
WARN [2021-01-03 21:31:38] Franklin: There were 50 transitions after warmup that exceeded the maximum treedepth. Increase max_treedepth above 13. See
http://mc-stan.org/misc/warnings.html#maximum-treedepth-exceeded - 
WARN [2021-01-03 21:31:38] Franklin: Examine the pairs() plot to diagnose sampling problems
 - 
WARN [2021-01-03 21:31:38] Franklin: The largest R-hat is 1.86, indicating chains have not mixed.
Running the chains for more iterations may help. See
http://mc-stan.org/misc/warnings.html#r-hat - 
WARN [2021-01-03 21:31:38] Franklin: Bulk Effective Samples Size (ESS) is too low, indicating posterior means and medians may be unreliable.
Running the chains for more iterations may help. See
http://mc-stan.org/misc/warnings.html#bulk-ess - 
WARN [2021-01-03 21:31:39] Franklin: Tail Effective Samples Size (ESS) is too low, indicating posterior variances and tail quantiles may be unreliable.
Running the chains for more iterations may help. See
http://mc-stan.org/misc/warnings.html#tail-ess - 
WARN [2021-01-03 21:32:19] Carteret (chain: 1): There were 32 divergent transitions after warmup. See
http://mc-stan.org/misc/warnings.html#divergent-transitions-after-warmup
to find out why this is a problem and how to eliminate them. - 
WARN [2021-01-03 21:32:20] Carteret (chain: 1): Examine the pairs() plot to diagnose sampling problems
 - 
INFO [2021-01-03 21:33:03] Initialising estimates for: Wilkes
WARN [2021-01-03 21:35:47] Chatham (chain: 1): There were 192 divergent transitions after warmup. See
http://mc-stan.org/misc/warnings.html#divergent-transitions-after-warmup
to find out why this is a problem and how to eliminate them. - 
WARN [2021-01-03 21:35:47] Chatham (chain: 1): Examine the pairs() plot to diagnose sampling problems
 - 
WARN [2021-01-03 21:35:52] Chatham (chain: 1): Bulk Effective Samples Size (ESS) is too low, indicating posterior means and medians may be unreliable.
Running the chains for more iterations may help. See
http://mc-stan.org/misc/warnings.html#bulk-ess - 
WARN [2021-01-03 21:35:56] Chatham (chain: 1): Tail Effective Samples Size (ESS) is too low, indicating posterior variances and tail quantiles may be unreliable.
Running the chains for more iterations may help. See
http://mc-stan.org/misc/warnings.html#tail-ess - 
INFO [2021-01-03 21:36:36] Initialising estimates for: Lincoln
WARN [2021-01-03 21:36:41] Wilkes: There were 50 transitions after warmup that exceeded the maximum treedepth. Increase max_treedepth above 13. See
http://mc-stan.org/misc/warnings.html#maximum-treedepth-exceeded - 
WARN [2021-01-03 21:36:41] Wilkes: Examine the pairs() plot to diagnose sampling problems
 - 
WARN [2021-01-03 21:36:42] Wilkes: The largest R-hat is 2.11, indicating chains have not mixed.
Running the chains for more iterations may help. See
http://mc-stan.org/misc/warnings.html#r-hat - 
WARN [2021-01-03 21:36:42] Wilkes: Bulk Effective Samples Size (ESS) is too low, indicating posterior means and medians may be unreliable.
Running the chains for more iterations may help. See
http://mc-stan.org/misc/warnings.html#bulk-ess - 
WARN [2021-01-03 21:36:43] Wilkes: Tail Effective Samples Size (ESS) is too low, indicating posterior variances and tail quantiles may be unreliable.
Running the chains for more iterations may help. See
http://mc-stan.org/misc/warnings.html#tail-ess - 
WARN [2021-01-03 21:36:56] Franklin (chain: 1): There were 25 divergent transitions after warmup. See
http://mc-stan.org/misc/warnings.html#divergent-transitions-after-warmup
to find out why this is a problem and how to eliminate them. - 
WARN [2021-01-03 21:36:56] Franklin (chain: 1): Examine the pairs() plot to diagnose sampling problems
 - 
INFO [2021-01-03 21:38:17] Initialising estimates for: Wilson
WARN [2021-01-03 21:40:45] Lincoln: There were 50 transitions after warmup that exceeded the maximum treedepth. Increase max_treedepth above 13. See
http://mc-stan.org/misc/warnings.html#maximum-treedepth-exceeded - 
WARN [2021-01-03 21:40:45] Lincoln: Examine the pairs() plot to diagnose sampling problems
 - 
WARN [2021-01-03 21:40:45] Lincoln: The largest R-hat is 2.1, indicating chains have not mixed.
Running the chains for more iterations may help. See
http://mc-stan.org/misc/warnings.html#r-hat - 
WARN [2021-01-03 21:40:46] Lincoln: Bulk Effective Samples Size (ESS) is too low, indicating posterior means and medians may be unreliable.
Running the chains for more iterations may help. See
http://mc-stan.org/misc/warnings.html#bulk-ess - 
WARN [2021-01-03 21:40:46] Lincoln: Tail Effective Samples Size (ESS) is too low, indicating posterior variances and tail quantiles may be unreliable.
Running the chains for more iterations may help. See
http://mc-stan.org/misc/warnings.html#tail-ess - 
ERROR [2021-01-03 21:40:47] Lincoln (chain: 1): unable to fork, possible reason: Cannot allocate memory - mcfork, detached
ERROR [2021-01-03 21:40:47] Lincoln: model fitting was timed out or failed - 
INFO [2021-01-03 21:40:49] Initialising estimates for: Rockingham
WARN [2021-01-03 21:42:07] Wilson: There were 50 transitions after warmup that exceeded the maximum treedepth. Increase max_treedepth above 13. See
http://mc-stan.org/misc/warnings.html#maximum-treedepth-exceeded - 
WARN [2021-01-03 21:42:07] Wilson: Examine the pairs() plot to diagnose sampling problems
 - 
WARN [2021-01-03 21:42:07] Wilson: The largest R-hat is 2.11, indicating chains have not mixed.
Running the chains for more iterations may help. See
http://mc-stan.org/misc/warnings.html#r-hat - 
WARN [2021-01-03 21:42:07] Wilson: Bulk Effective Samples Size (ESS) is too low, indicating posterior means and medians may be unreliable.
Running the chains for more iterations may help. See
http://mc-stan.org/misc/warnings.html#bulk-ess - 
WARN [2021-01-03 21:42:09] Wilkes (chain: 1): There were 25 divergent transitions after warmup. See
http://mc-stan.org/misc/warnings.html#divergent-transitions-after-warmup
to find out why this is a problem and how to eliminate them. - 
WARN [2021-01-03 21:42:09] Wilkes (chain: 1): Examine the pairs() plot to diagnose sampling problems
 - 
WARN [2021-01-03 21:42:09] Wilson: Tail Effective Samples Size (ESS) is too low, indicating posterior variances and tail quantiles may be unreliable.
Running the chains for more iterations may help. See
http://mc-stan.org/misc/warnings.html#tail-ess - 
ERROR [2021-01-03 21:42:09] Wilson (chain: 1): unable to fork, possible reason: Cannot allocate memory - mcfork, detached
ERROR [2021-01-03 21:42:09] Wilson: model fitting was timed out or failed - 
WARN [2021-01-03 21:44:25] Rockingham: There were 50 transitions after warmup that exceeded the maximum treedepth. Increase max_treedepth above 13. See
http://mc-stan.org/misc/warnings.html#maximum-treedepth-exceeded - 
WARN [2021-01-03 21:44:25] Rockingham: Examine the pairs() plot to diagnose sampling problems
 - 
WARN [2021-01-03 21:44:25] Rockingham: The largest R-hat is 2.07, indicating chains have not mixed.
Running the chains for more iterations may help. See
http://mc-stan.org/misc/warnings.html#r-hat - 
WARN [2021-01-03 21:44:25] Rockingham: Bulk Effective Samples Size (ESS) is too low, indicating posterior means and medians may be unreliable.
Running the chains for more iterations may help. See
http://mc-stan.org/misc/warnings.html#bulk-ess - 
WARN [2021-01-03 21:44:26] Rockingham: Tail Effective Samples Size (ESS) is too low, indicating posterior variances and tail quantiles may be unreliable.
Running the chains for more iterations may help. See
http://mc-stan.org/misc/warnings.html#tail-ess - 
WARN [2021-01-03 21:48:24] Rockingham (chain: 1): There were 352 divergent transitions after warmup. See
http://mc-stan.org/misc/warnings.html#divergent-transitions-after-warmup
to find out why this is a problem and how to eliminate them. - 
WARN [2021-01-03 21:48:24] Rockingham (chain: 1): Examine the pairs() plot to diagnose sampling problems
 - 
WARN [2021-01-03 21:48:27] Rockingham (chain: 1): The largest R-hat is 1.07, indicating chains have not mixed.
Running the chains for more iterations may help. See
http://mc-stan.org/misc/warnings.html#r-hat - 
WARN [2021-01-03 21:48:30] Rockingham (chain: 1): Bulk Effective Samples Size (ESS) is too low, indicating posterior means and medians may be unreliable.
Running the chains for more iterations may help. See
http://mc-stan.org/misc/warnings.html#bulk-ess - 
WARN [2021-01-03 21:48:34] Rockingham (chain: 1): Tail Effective Samples Size (ESS) is too low, indicating posterior variances and tail quantiles may be unreliable.
Running the chains for more iterations may help. See
http://mc-stan.org/misc/warnings.html#tail-ess - 
INFO [2021-01-03 21:49:16] Initialising estimates for: Cone Health
WARN [2021-01-03 23:50:13] Cone Health (chain: 1): some chains had errors; consider specifying chains = 1 to debug - .local, object, ...
WARN [2021-01-03 23:50:13] Cone Health (chain: 1): There were 14 divergent transitions after warmup. See
http://mc-stan.org/misc/warnings.html#divergent-transitions-after-warmup
to find out why this is a problem and how to eliminate them. - 
WARN [2021-01-03 23:50:13] Cone Health (chain: 1): There were 14 transitions after warmup that exceeded the maximum treedepth. Increase max_treedepth above 15. See
http://mc-stan.org/misc/warnings.html#maximum-treedepth-exceeded - 
WARN [2021-01-03 23:50:13] Cone Health (chain: 1): Examine the pairs() plot to diagnose sampling problems
 - 
INFO [2021-01-03 23:50:34] Initialising estimates for: North Carolina
ERROR [2021-01-04 01:32:04] North Carolina: model fitting was timed out or failed - 
INFO [2021-01-04 01:32:04] Runtime error in North Carolina : North Carolina: model fitting was timed out or failed - 
INFO [2021-01-04 01:32:11] Initialising estimates for: Davie
WARN [2021-01-04 01:38:39] Davie (chain: 1): There were 52 divergent transitions after warmup. See
http://mc-stan.org/misc/warnings.html#divergent-transitions-after-warmup
to find out why this is a problem and how to eliminate them. - 
WARN [2021-01-04 01:38:39] Davie (chain: 1): Examine the pairs() plot to diagnose sampling problems
 - 
INFO [2021-01-04 01:39:07] Completed estimates for: Davie
INFO [2021-01-04 01:39:07] Initialising estimates for: Columbus
WARN [2021-01-04 01:44:00] Columbus (chain: 1): There were 76 divergent transitions after warmup. See
http://mc-stan.org/misc/warnings.html#divergent-transitions-after-warmup
to find out why this is a problem and how to eliminate them. - 
WARN [2021-01-04 01:44:00] Columbus (chain: 1): Examine the pairs() plot to diagnose sampling problems
 - 
INFO [2021-01-04 01:44:26] Completed estimates for: Columbus
INFO [2021-01-04 01:44:26] Initialising estimates for: Martin
WARN [2021-01-04 01:48:29] Martin (chain: 1): There were 78 divergent transitions after warmup. See
http://mc-stan.org/misc/warnings.html#divergent-transitions-after-warmup
to find out why this is a problem and how to eliminate them. - 
WARN [2021-01-04 01:48:29] Martin (chain: 1): Examine the pairs() plot to diagnose sampling problems
 - 
INFO [2021-01-04 01:48:56] Completed estimates for: Martin
INFO [2021-01-04 01:48:56] Initialising estimates for: Bertie
WARN [2021-01-04 01:53:55] Bertie (chain: 1): There were 77 divergent transitions after warmup. See
http://mc-stan.org/misc/warnings.html#divergent-transitions-after-warmup
to find out why this is a problem and how to eliminate them. - 
WARN [2021-01-04 01:53:55] Bertie (chain: 1): Examine the pairs() plot to diagnose sampling problems
 - 
INFO [2021-01-04 01:54:20] Completed estimates for: Bertie
INFO [2021-01-04 01:54:20] Initialising estimates for: Brunswick
WARN [2021-01-04 02:01:08] Brunswick (chain: 1): There were 17 divergent transitions after warmup. See
http://mc-stan.org/misc/warnings.html#divergent-transitions-after-warmup
to find out why this is a problem and how to eliminate them. - 
WARN [2021-01-04 02:01:08] Brunswick (chain: 1): Examine the pairs() plot to diagnose sampling problems
 - 
WARN [2021-01-04 02:01:16] Brunswick (chain: 1): Tail Effective Samples Size (ESS) is too low, indicating posterior variances and tail quantiles may be unreliable.
Running the chains for more iterations may help. See
http://mc-stan.org/misc/warnings.html#tail-ess - 
INFO [2021-01-04 02:01:35] Completed estimates for: Brunswick
INFO [2021-01-04 02:01:35] Initialising estimates for: Dare
ERROR [2021-01-04 02:01:35] Dare (chain: 1): unable to fork, possible reason: Cannot allocate memory - mcfork, detached
ERROR [2021-01-04 02:01:35] Dare: model fitting was timed out or failed - 
INFO [2021-01-04 02:01:35] Initialising estimates for: Beaufort
ERROR [2021-01-04 02:01:35] Beaufort (chain: 1): unable to fork, possible reason: Cannot allocate memory - mcfork, detached
ERROR [2021-01-04 02:01:35] Beaufort: model fitting was timed out or failed - 
INFO [2021-01-04 02:01:35] Initialising estimates for: Rutherford
ERROR [2021-01-04 02:01:35] Rutherford (chain: 1): unable to fork, possible reason: Cannot allocate memory - mcfork, detached
ERROR [2021-01-04 02:01:35] Rutherford: model fitting was timed out or failed - 
INFO [2021-01-04 02:01:35] Initialising estimates for: Hoke
ERROR [2021-01-04 02:01:35] Hoke (chain: 1): unable to fork, possible reason: Cannot allocate memory - mcfork, detached
ERROR [2021-01-04 02:01:35] Hoke: model fitting was timed out or failed - 
INFO [2021-01-04 02:01:35] Initialising estimates for: Catawba
ERROR [2021-01-04 02:01:35] Catawba (chain: 1): unable to fork, possible reason: Cannot allocate memory - mcfork, detached
ERROR [2021-01-04 02:01:35] Catawba: model fitting was timed out or failed - 
INFO [2021-01-04 02:01:35] Initialising estimates for: Avery
ERROR [2021-01-04 02:01:35] Avery (chain: 1): unable to fork, possible reason: Cannot allocate memory - mcfork, detached
ERROR [2021-01-04 02:01:35] Avery: model fitting was timed out or failed - 
INFO [2021-01-04 02:01:35] Initialising estimates for: Tyrrell
ERROR [2021-01-04 02:01:35] Tyrrell (chain: 1): unable to fork, possible reason: Cannot allocate memory - mcfork, detached
ERROR [2021-01-04 02:01:35] Tyrrell: model fitting was timed out or failed - 
INFO [2021-01-04 02:01:35] Initialising estimates for: Stokes
ERROR [2021-01-04 02:01:36] Stokes (chain: 1): unable to fork, possible reason: Cannot allocate memory - mcfork, detached
ERROR [2021-01-04 02:01:36] Stokes: model fitting was timed out or failed - 
INFO [2021-01-04 02:01:36] Initialising estimates for: Jones
ERROR [2021-01-04 02:01:36] Jones (chain: 1): unable to fork, possible reason: Cannot allocate memory - mcfork, detached
ERROR [2021-01-04 02:01:36] Jones: model fitting was timed out or failed - 
INFO [2021-01-04 02:01:36] Runtime error in Dare : Dare: model fitting was timed out or failed - 
INFO [2021-01-04 02:01:36] Runtime error in Beaufort : Beaufort: model fitting was timed out or failed - 
INFO [2021-01-04 02:01:36] Runtime error in Rutherford : Rutherford: model fitting was timed out or failed - 
INFO [2021-01-04 02:01:36] Runtime error in Hoke : Hoke: model fitting was timed out or failed - 
INFO [2021-01-04 02:01:36] Runtime error in Catawba : Catawba: model fitting was timed out or failed - 
INFO [2021-01-04 02:01:36] Runtime error in Avery : Avery: model fitting was timed out or failed - 
INFO [2021-01-04 02:01:36] Runtime error in Tyrrell : Tyrrell: model fitting was timed out or failed - 
INFO [2021-01-04 02:01:36] Runtime error in Stokes : Stokes: model fitting was timed out or failed - 
INFO [2021-01-04 02:01:36] Runtime error in Jones : Jones: model fitting was timed out or failed - 
