INFO [2020-11-29 18:05:19] Reporting estimates using data up to: 2020-11-29
INFO [2020-11-29 18:05:19] Saving estimates to : /mnt/resource/refresh-restimates/rt-estimates-out
INFO [2020-11-29 18:05:19] Producing estimates for: 102 regions
INFO [2020-11-29 18:05:19] Regions excluded: 0 regions
INFO [2020-11-29 18:05:19] Showing progress using progressr. Modify this behaviour using progressr::handlers.
INFO [2020-11-30 14:52:05] Completed regional estimates
INFO [2020-11-30 14:52:05] Regions with estimates: 69
INFO [2020-11-30 14:52:05] Regions with runtime errors: 33
INFO [2020-11-30 14:52:05] Producing summary
INFO [2020-11-30 14:52:05] No summary directory specified so returning summary output
INFO [2020-11-30 14:52:07] Saving timings information to : /mnt/resource/refresh-restimates/rt-estimates-out
INFO [2020-11-30 10:51:44] Reporting estimates using data up to: 2020-11-29
INFO [2020-11-30 10:51:44] Saving estimates to : C:/Users/54011/Documents/pandemic/refresh-restimates/rt-estimates-out
INFO [2020-11-30 10:51:44] Producing estimates for: Mecklenburg
INFO [2020-11-30 10:51:44] Regions excluded: none
INFO [2020-11-30 10:51:44] Showing progress using progressr.
INFO [2020-11-30 10:54:33] Producing following optional outputs: regions, summary, samples, plots, latest
INFO [2020-11-30 10:54:33] Reporting estimates using data up to: 2020-11-29
INFO [2020-11-30 10:54:33] Saving estimates to : C:/Users/54011/Documents/pandemic/refresh-restimates/rt-estimates-out
INFO [2020-11-30 10:54:33] Producing estimates for: Mecklenburg
INFO [2020-11-30 10:54:33] Regions excluded: none
INFO [2020-11-30 10:54:33] Showing progress using progressr.
INFO [2020-11-30 10:54:43] Producing following optional outputs: regions, summary, samples, plots, latest
INFO [2020-11-30 10:54:43] Reporting estimates using data up to: 2020-11-29
INFO [2020-11-30 10:54:43] Saving estimates to : C:/Users/54011/Documents/pandemic/refresh-restimates/rt-estimates-out
INFO [2020-11-30 10:54:43] Producing estimates for: Mecklenburg
INFO [2020-11-30 10:54:43] Regions excluded: none
INFO [2020-11-30 10:54:43] Showing progress using progressr.
INFO [2020-11-30 10:56:30] Producing following optional outputs: regions, summary, samples, plots, latest
INFO [2020-11-30 11:10:46] Reporting estimates using data up to: 2020-11-29
INFO [2020-11-30 11:10:46] Saving estimates to : C:/Users/54011/Documents/pandemic/refresh-restimates/rt-estimates-out
INFO [2020-11-30 11:10:46] Producing estimates for: Mecklenburg
INFO [2020-11-30 11:10:46] Regions excluded: none
INFO [2020-11-30 11:10:46] Showing progress using progressr.
