INFO [2020-10-30 13:35:09] Reporting estimates using data up to: 2020-10-29
INFO [2020-10-30 13:35:09] Saving estimates to : /mnt/resource/refresh-restimates/rt-estimates-out
INFO [2020-10-30 13:35:09] Producing estimates for: 102 regions
INFO [2020-10-30 13:35:09] Regions excluded: 0 regions
INFO [2020-10-30 13:35:09] Showing progress using progressr. Modify this behaviour using progressr::handlers.
INFO [2020-10-31 09:35:27] Completed regional estimates
INFO [2020-10-31 09:35:27] Regions with estimates: 51
INFO [2020-10-31 09:35:27] Regions with runtime errors: 51
INFO [2020-10-31 09:35:28] Producing summary
INFO [2020-10-31 09:35:28] No summary directory specified so returning summary output
INFO [2020-10-31 09:35:29] Saving timings information to : /mnt/resource/refresh-restimates/rt-estimates-out
INFO [2020-10-31 12:26:55] Reporting estimates using data up to: 2020-10-29
INFO [2020-10-31 12:26:55] Saving estimates to : /mnt/resource/refresh-restimates/rt-estimates-out
INFO [2020-10-31 12:26:55] Producing estimates for: 102 regions
INFO [2020-10-31 12:26:55] Regions excluded: 0 regions
INFO [2020-10-31 12:26:55] Showing progress using progressr. Modify this behaviour using progressr::handlers.
INFO [2020-11-01 11:04:15] Completed regional estimates
INFO [2020-11-01 11:04:15] Regions with estimates: 72
INFO [2020-11-01 11:04:15] Regions with runtime errors: 30
INFO [2020-11-01 11:04:15] Producing summary
INFO [2020-11-01 11:04:15] No summary directory specified so returning summary output
INFO [2020-11-01 11:04:18] Saving timings information to : /mnt/resource/refresh-restimates/rt-estimates-out
