INFO [2020-11-25 18:05:20] Reporting estimates using data up to: 2020-11-25
INFO [2020-11-25 18:05:20] Saving estimates to : /mnt/resource/refresh-restimates/rt-estimates-out
INFO [2020-11-25 18:05:20] Producing estimates for: 102 regions
INFO [2020-11-25 18:05:20] Regions excluded: 0 regions
INFO [2020-11-25 18:05:20] Showing progress using progressr. Modify this behaviour using progressr::handlers.
INFO [2020-11-26 14:16:31] Completed regional estimates
INFO [2020-11-26 14:16:31] Regions with estimates: 65
INFO [2020-11-26 14:16:31] Regions with runtime errors: 37
INFO [2020-11-26 14:16:31] Producing summary
INFO [2020-11-26 14:16:31] No summary directory specified so returning summary output
INFO [2020-11-26 14:16:33] Saving timings information to : /mnt/resource/refresh-restimates/rt-estimates-out
INFO [2020-11-26 18:05:20] Reporting estimates using data up to: 2020-11-25
INFO [2020-11-26 18:05:20] Saving estimates to : /mnt/resource/refresh-restimates/rt-estimates-out
INFO [2020-11-26 18:05:20] Producing estimates for: 102 regions
INFO [2020-11-26 18:05:20] Regions excluded: 0 regions
INFO [2020-11-26 18:05:20] Showing progress using progressr. Modify this behaviour using progressr::handlers.
INFO [2020-11-27 14:18:14] Completed regional estimates
INFO [2020-11-27 14:18:14] Regions with estimates: 59
INFO [2020-11-27 14:18:14] Regions with runtime errors: 43
INFO [2020-11-27 14:18:14] Producing summary
INFO [2020-11-27 14:18:14] No summary directory specified so returning summary output
INFO [2020-11-27 14:18:16] Saving timings information to : /mnt/resource/refresh-restimates/rt-estimates-out
