INFO [2020-11-19 18:05:24] Reporting estimates using data up to: 2020-11-19
INFO [2020-11-19 18:05:24] Saving estimates to : /mnt/resource/refresh-restimates/rt-estimates-out
INFO [2020-11-19 18:05:24] Producing estimates for: 102 regions
INFO [2020-11-19 18:05:24] Regions excluded: 0 regions
INFO [2020-11-19 18:05:24] Showing progress using progressr. Modify this behaviour using progressr::handlers.
INFO [2020-11-20 10:58:04] Completed regional estimates
INFO [2020-11-20 10:58:04] Regions with estimates: 76
INFO [2020-11-20 10:58:04] Regions with runtime errors: 26
INFO [2020-11-20 10:58:04] Producing summary
INFO [2020-11-20 10:58:04] No summary directory specified so returning summary output
INFO [2020-11-20 10:58:06] Saving timings information to : /mnt/resource/refresh-restimates/rt-estimates-out
INFO [2020-11-20 18:05:20] Reporting estimates using data up to: 2020-11-19
INFO [2020-11-20 18:05:20] Saving estimates to : /mnt/resource/refresh-restimates/rt-estimates-out
INFO [2020-11-20 18:05:20] Producing estimates for: 102 regions
INFO [2020-11-20 18:05:20] Regions excluded: 0 regions
INFO [2020-11-20 18:05:20] Showing progress using progressr. Modify this behaviour using progressr::handlers.
INFO [2020-11-21 12:28:29] Completed regional estimates
INFO [2020-11-21 12:28:29] Regions with estimates: 79
INFO [2020-11-21 12:28:29] Regions with runtime errors: 23
INFO [2020-11-21 12:28:29] Producing summary
INFO [2020-11-21 12:28:29] No summary directory specified so returning summary output
INFO [2020-11-21 12:28:33] Saving timings information to : /mnt/resource/refresh-restimates/rt-estimates-out
