INFO [2020-11-05 12:22:56] Reporting estimates using data up to: 2020-11-05
INFO [2020-11-05 12:22:56] Saving estimates to : /mnt/resource/refresh-restimates/rt-estimates-out
INFO [2020-11-05 12:22:56] Producing estimates for: North Carolina
INFO [2020-11-05 12:22:56] Regions excluded: none
INFO [2020-11-05 12:22:56] Showing progress using progressr. Modify this behaviour using progressr::handlers.
INFO [2020-11-05 12:36:51] Reporting estimates using data up to: 2020-11-05
INFO [2020-11-05 12:36:51] Saving estimates to : /mnt/resource/refresh-restimates/rt-estimates-out
INFO [2020-11-05 12:36:51] Producing estimates for: North Carolina
INFO [2020-11-05 12:36:51] Regions excluded: none
INFO [2020-11-05 12:36:51] Showing progress using progressr. Modify this behaviour using progressr::handlers.
INFO [2020-11-05 13:52:02] Completed estimates for: North Carolina
INFO [2020-11-05 13:52:02] Completed regional estimates
INFO [2020-11-05 13:52:02] Regions with estimates: 1
INFO [2020-11-05 13:52:02] Regions with runtime errors: 0
INFO [2020-11-05 13:52:02] Producing summary
INFO [2020-11-05 13:52:02] No summary directory specified so returning summary output
INFO [2020-11-05 13:52:02] Saving timings information to : /mnt/resource/refresh-restimates/rt-estimates-out
INFO [2020-11-05 19:07:00] Reporting estimates using data up to: 2020-11-05
INFO [2020-11-05 19:07:00] Saving estimates to : /mnt/resource/refresh-restimates/rt-estimates-out
INFO [2020-11-05 19:07:00] Producing estimates for: 102 regions
INFO [2020-11-05 19:07:00] Regions excluded: 0 regions
INFO [2020-11-05 19:07:00] Showing progress using progressr. Modify this behaviour using progressr::handlers.
INFO [2020-11-06 14:43:53] Completed regional estimates
INFO [2020-11-06 14:43:53] Regions with estimates: 76
INFO [2020-11-06 14:43:53] Regions with runtime errors: 26
INFO [2020-11-06 14:43:53] Producing summary
INFO [2020-11-06 14:43:53] No summary directory specified so returning summary output
INFO [2020-11-06 14:43:55] Saving timings information to : /mnt/resource/refresh-restimates/rt-estimates-out
