INFO [2021-01-30 18:15:25] Completed estimates for: Cumberland
INFO [2021-01-30 18:15:56] Completed estimates for: Durham
INFO [2021-01-30 18:16:12] Completed estimates for: Buncombe
INFO [2021-01-30 18:16:19] Completed estimates for: Forsyth
INFO [2021-01-30 18:23:35] Completed estimates for: New Hanover
INFO [2021-01-30 18:26:13] Completed estimates for: Guilford
INFO [2021-01-30 18:26:56] Completed estimates for: Mecklenburg
INFO [2021-01-30 18:27:46] Completed estimates for: Gaston
INFO [2021-01-30 18:32:53] Completed estimates for: Wake
INFO [2021-01-30 18:34:33] Completed estimates for: Union
INFO [2021-01-30 22:05:32] Producing following optional outputs: regions, summary, samples, plots, latest
INFO [2021-01-30 23:15:17] Producing following optional outputs: regions, summary, samples, plots, latest
INFO [2021-01-31 00:20:02] Producing following optional outputs: regions, summary, samples, plots, latest
INFO [2021-01-31 01:21:27] Producing following optional outputs: regions, summary, samples, plots, latest
INFO [2021-01-31 02:29:31] Completed estimates for: Cone Health
INFO [2021-01-31 02:38:52] Completed estimates for: North Carolina
INFO [2021-01-31 18:15:56] Completed estimates for: Buncombe
INFO [2021-01-31 18:16:36] Completed estimates for: Durham
INFO [2021-01-31 18:17:13] Completed estimates for: Forsyth
INFO [2021-01-31 18:17:16] Completed estimates for: Cumberland
INFO [2021-01-31 18:25:19] Completed estimates for: New Hanover
INFO [2021-01-31 18:26:18] Completed estimates for: Guilford
INFO [2021-01-31 18:27:21] Completed estimates for: Gaston
INFO [2021-01-31 18:29:29] Completed estimates for: Mecklenburg
INFO [2021-01-31 18:33:15] Completed estimates for: Wake
INFO [2021-01-31 18:34:09] Completed estimates for: Union
