INFO [2021-01-27 18:13:42] Completed estimates for: Durham
INFO [2021-01-27 18:15:16] Completed estimates for: Buncombe
INFO [2021-01-27 18:15:21] Completed estimates for: Cumberland
INFO [2021-01-27 18:18:27] Completed estimates for: Forsyth
INFO [2021-01-27 18:24:09] Completed estimates for: Gaston
INFO [2021-01-27 18:25:48] Completed estimates for: New Hanover
INFO [2021-01-27 18:27:07] Completed estimates for: Mecklenburg
INFO [2021-01-27 18:27:36] Completed estimates for: Guilford
INFO [2021-01-27 18:31:54] Completed estimates for: Wake
INFO [2021-01-27 18:34:03] Completed estimates for: Union
INFO [2021-01-27 21:54:35] Producing following optional outputs: regions, summary, samples, plots, latest
INFO [2021-01-27 22:51:07] Producing following optional outputs: regions, summary, samples, plots, latest
INFO [2021-01-27 23:46:14] Producing following optional outputs: regions, summary, samples, plots, latest
INFO [2021-01-28 00:46:56] Producing following optional outputs: regions, summary, samples, plots, latest
INFO [2021-01-28 01:48:27] Completed estimates for: Cone Health
INFO [2021-01-28 01:57:34] Completed estimates for: North Carolina
INFO [2021-01-28 18:14:07] Completed estimates for: Durham
INFO [2021-01-28 18:14:25] Completed estimates for: Buncombe
INFO [2021-01-28 18:16:08] Completed estimates for: Forsyth
INFO [2021-01-28 18:18:11] Completed estimates for: Cumberland
INFO [2021-01-28 18:23:33] Completed estimates for: Guilford
INFO [2021-01-28 18:25:22] Completed estimates for: New Hanover
INFO [2021-01-28 18:27:56] Completed estimates for: Mecklenburg
INFO [2021-01-28 18:28:04] Completed estimates for: Gaston
INFO [2021-01-28 18:32:10] Completed estimates for: Wake
INFO [2021-01-28 18:34:45] Completed estimates for: Union
