INFO [2021-01-03 19:53:14] Using 4 workers with 4 cores per worker
INFO [2021-01-03 19:53:14] Producing following optional outputs: regions, summary, samples, plots, latest
INFO [2021-01-03 19:59:19] Completed estimates for: Scotland
INFO [2021-01-03 21:00:15] Producing following optional outputs: regions, summary, samples, plots, latest
INFO [2021-01-03 21:16:28] Completed estimates for: Henderson
INFO [2021-01-03 21:16:48] Completed estimates for: Moore
INFO [2021-01-03 21:19:07] Completed estimates for: Surry
INFO [2021-01-03 21:25:53] Completed estimates for: Burke
INFO [2021-01-03 21:28:18] Completed estimates for: Caldwell
INFO [2021-01-03 21:32:56] Completed estimates for: Carteret
INFO [2021-01-03 21:36:15] Completed estimates for: Chatham
INFO [2021-01-03 21:38:13] Completed estimates for: Franklin
INFO [2021-01-03 21:42:36] Completed estimates for: Wilkes
INFO [2021-01-03 21:48:52] Completed estimates for: Rockingham
INFO [2021-01-03 21:49:10] Producing following optional outputs: regions, summary, samples, plots, latest
INFO [2021-01-03 21:49:10] Producing following optional outputs: regions, summary, samples, plots, latest
INFO [2021-01-03 21:49:10] Producing following optional outputs: regions, summary, samples, plots, latest
INFO [2021-01-03 21:49:10] Producing following optional outputs: regions, summary, samples, plots, latest
INFO [2021-01-03 21:49:10] Producing following optional outputs: regions, summary, samples, plots, latest
INFO [2021-01-03 21:49:10] Producing following optional outputs: regions, summary, samples, plots, latest
INFO [2021-01-03 23:50:34] Completed estimates for: Cone Health
