INFO [2021-05-27 21:07:37] Completed estimates for: Cumberland
INFO [2021-05-27 21:15:10] Completed estimates for: Buncombe
INFO [2021-05-27 21:27:30] Completed estimates for: Forsyth
INFO [2021-05-27 21:28:26] Completed estimates for: Durham
INFO [2021-05-27 21:38:01] Completed estimates for: Guilford
INFO [2021-05-27 21:39:06] Completed estimates for: Gaston
INFO [2021-05-27 21:50:00] Completed estimates for: New Hanover
INFO [2021-05-27 21:55:39] Completed estimates for: Mecklenburg
INFO [2021-05-27 22:03:52] Completed estimates for: Union
INFO [2021-05-27 22:04:39] Completed estimates for: Wake
INFO [2021-05-27 22:18:46] Completed estimates for: Cumberland
INFO [2021-05-27 22:23:49] Completed estimates for: Buncombe
INFO [2021-05-27 22:40:11] Completed estimates for: Durham
INFO [2021-05-27 22:43:54] Completed estimates for: Forsyth
INFO [2021-05-27 22:52:56] Completed estimates for: Gaston
INFO [2021-05-27 22:58:34] Completed estimates for: Guilford
INFO [2021-05-27 23:11:21] Completed estimates for: New Hanover
INFO [2021-05-27 23:11:56] Completed estimates for: Mecklenburg
INFO [2021-05-27 23:22:59] Completed estimates for: Wake
INFO [2021-05-27 23:26:06] Completed estimates for: Union
INFO [2021-05-28 07:10:24] Producing following optional outputs: regions, summary, samples, plots, latest
INFO [2021-05-28 08:10:58] Producing following optional outputs: regions, summary, samples, plots, latest
INFO [2021-05-28 09:34:54] Producing following optional outputs: regions, summary, samples, plots, latest
INFO [2021-05-28 10:31:23] Producing following optional outputs: regions, summary, samples, plots, latest
INFO [2021-05-28 11:40:44] Producing following optional outputs: regions, summary, samples, plots, latest
INFO [2021-05-28 13:30:34] Producing following optional outputs: regions, summary, samples, plots, latest
INFO [2021-05-28 15:26:27] Completed estimates for: Cone Health
INFO [2021-05-28 15:42:00] Completed estimates for: North Carolina
