INFO [2021-11-12 18:39:55] Completed estimates for: Cumberland
INFO [2021-11-12 18:41:45] Completed estimates for: Buncombe
INFO [2021-11-12 18:44:54] Completed estimates for: Durham
INFO [2021-11-12 18:48:26] Completed estimates for: Forsyth
INFO [2021-11-12 18:52:36] Completed estimates for: Gaston
INFO [2021-11-12 18:53:01] Completed estimates for: Guilford
INFO [2021-11-12 18:56:56] Completed estimates for: Mecklenburg
INFO [2021-11-12 18:59:22] Completed estimates for: New Hanover
INFO [2021-11-12 19:02:43] Completed estimates for: Union
INFO [2021-11-12 19:02:56] Completed estimates for: Wake
INFO [2021-11-12 20:09:18] Completed estimates for: Cumberland
INFO [2021-11-12 20:11:21] Completed estimates for: Buncombe
INFO [2021-11-12 20:13:49] Completed estimates for: Durham
INFO [2021-11-12 20:17:17] Completed estimates for: Forsyth
INFO [2021-11-12 20:20:13] Completed estimates for: Gaston
INFO [2021-11-12 20:22:02] Completed estimates for: Guilford
INFO [2021-11-12 20:25:14] Completed estimates for: Mecklenburg
INFO [2021-11-12 20:28:07] Completed estimates for: New Hanover
INFO [2021-11-12 20:30:37] Completed estimates for: Union
INFO [2021-11-12 20:31:29] Completed estimates for: Wake
INFO [2021-11-13 01:29:38] Producing following optional outputs: regions, summary, samples, plots, latest
INFO [2021-11-13 02:54:15] Producing following optional outputs: regions, summary, samples, plots, latest
INFO [2021-11-13 04:12:14] Producing following optional outputs: regions, summary, samples, plots, latest
INFO [2021-11-13 05:30:17] Producing following optional outputs: regions, summary, samples, plots, latest
