INFO [2021-02-03 18:14:29] Completed estimates for: Cumberland
INFO [2021-02-03 18:15:18] Completed estimates for: Durham
INFO [2021-02-03 18:16:16] Completed estimates for: Buncombe
INFO [2021-02-03 18:19:12] Completed estimates for: Forsyth
INFO [2021-02-03 18:25:48] Completed estimates for: Guilford
INFO [2021-02-03 18:26:37] Completed estimates for: Gaston
INFO [2021-02-03 18:27:20] Completed estimates for: New Hanover
INFO [2021-02-03 18:29:04] Completed estimates for: Mecklenburg
INFO [2021-02-03 18:32:05] Completed estimates for: Wake
INFO [2021-02-03 18:34:38] Completed estimates for: Union
INFO [2021-02-03 21:14:41] Producing following optional outputs: regions, summary, samples, plots, latest
INFO [2021-02-03 22:44:35] Producing following optional outputs: regions, summary, samples, plots, latest
INFO [2021-02-04 00:52:11] Producing following optional outputs: regions, summary, samples, plots, latest
INFO [2021-02-04 01:54:34] Producing following optional outputs: regions, summary, samples, plots, latest
INFO [2021-02-04 03:15:50] Completed estimates for: Cone Health
INFO [2021-02-04 03:25:25] Completed estimates for: North Carolina
INFO [2021-02-04 18:15:36] Completed estimates for: Cumberland
INFO [2021-02-04 18:15:52] Completed estimates for: Durham
INFO [2021-02-04 18:16:14] Completed estimates for: Forsyth
INFO [2021-02-04 18:20:17] Completed estimates for: Buncombe
INFO [2021-02-04 18:26:44] Completed estimates for: Gaston
INFO [2021-02-04 18:26:55] Completed estimates for: New Hanover
INFO [2021-02-04 18:28:49] Completed estimates for: Mecklenburg
INFO [2021-02-04 18:29:27] Completed estimates for: Guilford
INFO [2021-02-04 18:33:30] Completed estimates for: Wake
INFO [2021-02-04 18:37:06] Completed estimates for: Union
