INFO [2021-01-20 18:12:04] Completed estimates for: Durham
INFO [2021-01-20 18:12:23] Completed estimates for: Buncombe
INFO [2021-01-20 18:13:31] Completed estimates for: Cumberland
INFO [2021-01-20 18:14:17] Completed estimates for: Forsyth
INFO [2021-01-20 18:20:04] Completed estimates for: Guilford
INFO [2021-01-20 18:21:00] Completed estimates for: Gaston
INFO [2021-01-20 18:22:54] Completed estimates for: New Hanover
INFO [2021-01-20 18:23:14] Completed estimates for: Mecklenburg
INFO [2021-01-20 18:26:49] Completed estimates for: Wake
INFO [2021-01-20 18:29:42] Completed estimates for: Union
INFO [2021-01-20 23:23:48] Producing following optional outputs: regions, summary, samples, plots, latest
INFO [2021-01-21 00:48:52] Producing following optional outputs: regions, summary, samples, plots, latest
INFO [2021-01-21 02:53:46] Producing following optional outputs: regions, summary, samples, plots, latest
INFO [2021-01-21 03:51:07] Producing following optional outputs: regions, summary, samples, plots, latest
INFO [2021-01-21 04:50:56] Completed estimates for: Cone Health
INFO [2021-01-21 04:57:49] Completed estimates for: North Carolina
INFO [2021-01-21 18:10:53] Completed estimates for: Durham
INFO [2021-01-21 18:13:02] Completed estimates for: Buncombe
INFO [2021-01-21 18:13:07] Completed estimates for: Forsyth
INFO [2021-01-21 18:15:11] Completed estimates for: Cumberland
INFO [2021-01-21 18:18:37] Completed estimates for: Gaston
INFO [2021-01-21 18:19:16] Completed estimates for: Guilford
INFO [2021-01-21 18:22:40] Completed estimates for: Mecklenburg
INFO [2021-01-21 18:23:18] Completed estimates for: New Hanover
INFO [2021-01-21 18:25:32] Completed estimates for: Wake
INFO [2021-01-21 18:27:30] Completed estimates for: Union
