INFO [2021-01-06 18:12:09] Completed estimates for: Durham
INFO [2021-01-06 18:13:14] Completed estimates for: Forsyth
INFO [2021-01-06 18:14:00] Completed estimates for: Cumberland
INFO [2021-01-06 18:14:01] Completed estimates for: Buncombe
INFO [2021-01-06 18:20:24] Completed estimates for: Gaston
INFO [2021-01-06 18:21:21] Completed estimates for: Guilford
INFO [2021-01-06 18:22:55] Completed estimates for: New Hanover
INFO [2021-01-06 18:25:45] Completed estimates for: Mecklenburg
INFO [2021-01-06 18:26:19] Completed estimates for: Wake
INFO [2021-01-06 18:29:59] Completed estimates for: Union
INFO [2021-01-06 21:37:03] Producing following optional outputs: regions, summary, samples, plots, latest
INFO [2021-01-06 22:28:27] Producing following optional outputs: regions, summary, samples, plots, latest
INFO [2021-01-06 23:23:45] Producing following optional outputs: regions, summary, samples, plots, latest
INFO [2021-01-06 23:44:01] Producing following optional outputs: regions, summary, samples, plots, latest
INFO [2021-01-07 00:51:28] Completed estimates for: Cone Health
INFO [2021-01-07 00:58:42] Completed estimates for: North Carolina
INFO [2021-01-07 01:02:25] Completed estimates for: Greene
INFO [2021-01-07 01:06:53] Completed estimates for: Martin
INFO [2021-01-07 01:13:46] Completed estimates for: Currituck
INFO [2021-01-07 01:17:17] Completed estimates for: Macon
INFO [2021-01-07 01:21:52] Completed estimates for: Anson
INFO [2021-01-07 01:27:17] Completed estimates for: Yadkin
INFO [2021-01-07 01:30:48] Completed estimates for: Montgomery
INFO [2021-01-07 01:36:18] Completed estimates for: Scotland
INFO [2021-01-07 01:39:36] Completed estimates for: Polk
