INFO [2021-04-15 20:12:37] Completed estimates for: Buncombe
INFO [2021-04-15 20:14:03] Completed estimates for: Cumberland
INFO [2021-04-15 20:24:34] Completed estimates for: Forsyth
INFO [2021-04-15 20:25:03] Completed estimates for: Durham
INFO [2021-04-15 20:36:22] Completed estimates for: Gaston
INFO [2021-04-15 20:36:23] Completed estimates for: Guilford
INFO [2021-04-15 20:44:00] Completed estimates for: New Hanover
INFO [2021-04-15 20:49:00] Completed estimates for: Mecklenburg
INFO [2021-04-15 20:56:20] Completed estimates for: Union
INFO [2021-04-15 20:56:38] Completed estimates for: Wake
INFO [2021-04-16 02:33:08] Producing following optional outputs: regions, summary, samples, plots, latest
INFO [2021-04-16 04:25:21] Producing following optional outputs: regions, summary, samples, plots, latest
INFO [2021-04-16 06:01:13] Producing following optional outputs: regions, summary, samples, plots, latest
INFO [2021-04-16 06:46:57] Producing following optional outputs: regions, summary, samples, plots, latest
INFO [2021-04-16 07:00:55] Completed estimates for: Cone Health
INFO [2021-04-16 07:13:23] Completed estimates for: North Carolina
INFO [2021-04-16 07:20:53] Completed estimates for: Montgomery
INFO [2021-04-16 07:27:13] Completed estimates for: Macon
INFO [2021-04-16 07:35:35] Completed estimates for: Yadkin
INFO [2021-04-16 07:38:13] Completed estimates for: Tyrrell
