INFO [2021-04-05 17:46:51] Completed estimates for: Buncombe
INFO [2021-04-05 17:47:00] Completed estimates for: Cumberland
INFO [2021-04-05 17:48:47] Completed estimates for: Forsyth
INFO [2021-04-05 17:51:41] Completed estimates for: Durham
INFO [2021-04-05 17:59:03] Completed estimates for: Guilford
INFO [2021-04-05 18:02:19] Completed estimates for: New Hanover
INFO [2021-04-05 18:03:45] Completed estimates for: Gaston
INFO [2021-04-05 18:06:00] Completed estimates for: Mecklenburg
INFO [2021-04-05 18:09:11] Completed estimates for: Wake
INFO [2021-04-05 18:09:23] Completed estimates for: Union
INFO [2021-04-05 20:21:40] Completed estimates for: Buncombe
INFO [2021-04-05 20:22:07] Completed estimates for: Cumberland
INFO [2021-04-05 20:23:35] Completed estimates for: Forsyth
INFO [2021-04-05 20:31:21] Completed estimates for: Durham
INFO [2021-04-05 20:42:30] Completed estimates for: Guilford
INFO [2021-04-05 20:45:54] Completed estimates for: New Hanover
INFO [2021-04-05 20:48:12] Completed estimates for: Gaston
INFO [2021-04-05 20:49:10] Completed estimates for: Mecklenburg
INFO [2021-04-05 20:58:22] Completed estimates for: Wake
INFO [2021-04-05 20:59:23] Completed estimates for: Union
INFO [2021-04-05 23:09:56] Producing following optional outputs: regions, summary, samples, plots, latest
INFO [2021-04-06 00:45:01] Producing following optional outputs: regions, summary, samples, plots, latest
INFO [2021-04-06 02:11:04] Producing following optional outputs: regions, summary, samples, plots, latest
INFO [2021-04-06 02:45:07] Producing following optional outputs: regions, summary, samples, plots, latest
INFO [2021-04-06 03:41:50] Producing following optional outputs: regions, summary, samples, plots, latest
INFO [2021-04-06 04:13:30] Producing following optional outputs: regions, summary, samples, plots, latest
INFO [2021-04-06 05:00:42] Completed estimates for: Cone Health
INFO [2021-04-06 05:16:28] Completed estimates for: North Carolina
INFO [2021-04-06 05:22:12] Completed estimates for: Perquimans
INFO [2021-04-06 05:29:30] Producing following optional outputs: regions, summary, samples, plots, latest
INFO [2021-04-06 06:28:18] Producing following optional outputs: regions, summary, samples, plots, latest
INFO [2021-04-06 06:52:59] Completed estimates for: Cone Health
INFO [2021-04-06 07:00:18] Completed estimates for: North Carolina
