INFO [2021-03-18 20:53:53] Completed estimates for: Buncombe
INFO [2021-03-18 20:54:03] Completed estimates for: Buncombe
INFO [2021-03-18 21:05:00] Completed estimates for: Forsyth
INFO [2021-03-18 21:05:08] Completed estimates for: Cumberland
INFO [2021-03-18 21:07:27] Completed estimates for: Durham
INFO [2021-03-18 21:07:39] Completed estimates for: Forsyth
INFO [2021-03-18 21:08:40] Completed estimates for: Cumberland
INFO [2021-03-18 21:11:51] Completed estimates for: Durham
INFO [2021-03-18 21:25:48] Completed estimates for: New Hanover
INFO [2021-03-18 21:28:19] Completed estimates for: Gaston
INFO [2021-03-18 21:30:10] Completed estimates for: New Hanover
INFO [2021-03-18 21:35:26] Completed estimates for: Gaston
INFO [2021-03-18 21:35:29] Completed estimates for: Guilford
INFO [2021-03-18 21:39:53] Completed estimates for: Guilford
INFO [2021-03-18 21:45:18] Completed estimates for: Wake
INFO [2021-03-18 21:46:57] Completed estimates for: Union
INFO [2021-03-18 21:47:41] Completed estimates for: Wake
INFO [2021-03-18 21:48:11] Completed estimates for: Mecklenburg
INFO [2021-03-18 21:49:18] Completed estimates for: Mecklenburg
INFO [2021-03-18 21:49:41] Completed estimates for: Union
INFO [2021-03-19 04:11:15] Producing following optional outputs: regions, summary, samples, plots, latest
INFO [2021-03-19 05:16:41] Producing following optional outputs: regions, summary, samples, plots, latest
INFO [2021-03-19 06:47:57] Producing following optional outputs: regions, summary, samples, plots, latest
INFO [2021-03-19 07:01:11] Producing following optional outputs: regions, summary, samples, plots, latest
INFO [2021-03-19 08:21:49] Producing following optional outputs: regions, summary, samples, plots, latest
INFO [2021-03-19 08:30:10] Producing following optional outputs: regions, summary, samples, plots, latest
INFO [2021-03-19 09:54:45] Producing following optional outputs: regions, summary, samples, plots, latest
INFO [2021-03-19 09:55:40] Completed estimates for: Cone Health
INFO [2021-03-19 10:19:26] Completed estimates for: North Carolina
INFO [2021-03-19 10:58:11] Producing following optional outputs: regions, summary, samples, plots, latest
INFO [2021-03-19 13:06:03] Completed estimates for: Cone Health
INFO [2021-03-19 13:21:15] Completed estimates for: North Carolina
