INFO [2021-03-01 18:44:30] Completed estimates for: Forsyth
INFO [2021-03-01 18:44:30] Completed estimates for: Durham
INFO [2021-03-01 18:44:32] Completed estimates for: Buncombe
INFO [2021-03-01 18:55:48] Completed estimates for: Cumberland
INFO [2021-03-01 18:56:46] Completed estimates for: Guilford
INFO [2021-03-01 18:57:03] Completed estimates for: Gaston
INFO [2021-03-01 18:59:06] Completed estimates for: Mecklenburg
INFO [2021-03-01 19:03:34] Completed estimates for: New Hanover
INFO [2021-03-01 19:04:21] Completed estimates for: Wake
INFO [2021-03-01 19:05:53] Completed estimates for: Union
INFO [2021-03-01 20:22:52] Completed estimates for: Buncombe
INFO [2021-03-01 20:24:26] Completed estimates for: Durham
INFO [2021-03-01 20:26:57] Completed estimates for: Forsyth
INFO [2021-03-01 20:38:07] Completed estimates for: Cumberland
INFO [2021-03-01 20:40:32] Completed estimates for: Gaston
INFO [2021-03-01 20:45:18] Completed estimates for: Guilford
INFO [2021-03-01 20:49:42] Completed estimates for: New Hanover
INFO [2021-03-01 20:57:23] Completed estimates for: Wake
INFO [2021-03-01 20:58:19] Completed estimates for: Union
INFO [2021-03-01 20:59:40] Completed estimates for: Mecklenburg
INFO [2021-03-02 02:25:29] Producing following optional outputs: regions, summary, samples, plots, latest
INFO [2021-03-02 02:44:06] Producing following optional outputs: regions, summary, samples, plots, latest
INFO [2021-03-02 03:59:23] Producing following optional outputs: regions, summary, samples, plots, latest
INFO [2021-03-02 04:12:12] Producing following optional outputs: regions, summary, samples, plots, latest
INFO [2021-03-02 05:19:10] Producing following optional outputs: regions, summary, samples, plots, latest
INFO [2021-03-02 05:37:46] Producing following optional outputs: regions, summary, samples, plots, latest
INFO [2021-03-02 06:50:04] Producing following optional outputs: regions, summary, samples, plots, latest
INFO [2021-03-02 07:01:33] Producing following optional outputs: regions, summary, samples, plots, latest
INFO [2021-03-02 08:23:07] Completed estimates for: Cone Health
INFO [2021-03-02 08:27:04] Completed estimates for: Cone Health
INFO [2021-03-02 08:36:45] Completed estimates for: North Carolina
INFO [2021-03-02 08:38:28] Completed estimates for: North Carolina
