INFO [2021-02-10 18:14:04] Completed estimates for: Buncombe
INFO [2021-02-10 18:14:48] Completed estimates for: Cumberland
INFO [2021-02-10 18:14:57] Completed estimates for: Forsyth
INFO [2021-02-10 18:17:34] Completed estimates for: Durham
INFO [2021-02-10 18:25:33] Completed estimates for: New Hanover
INFO [2021-02-10 18:25:35] Completed estimates for: Guilford
INFO [2021-02-10 18:27:02] Completed estimates for: Gaston
INFO [2021-02-10 18:28:42] Completed estimates for: Mecklenburg
INFO [2021-02-10 18:32:34] Completed estimates for: Wake
INFO [2021-02-10 18:35:27] Completed estimates for: Union
INFO [2021-02-10 20:19:07] Completed estimates for: Cumberland
INFO [2021-02-10 20:19:17] Completed estimates for: Buncombe
INFO [2021-02-10 20:20:16] Completed estimates for: Durham
INFO [2021-02-10 20:21:08] Completed estimates for: Forsyth
INFO [2021-02-10 20:34:01] Completed estimates for: New Hanover
INFO [2021-02-10 20:35:42] Completed estimates for: Guilford
INFO [2021-02-10 20:37:29] Completed estimates for: Gaston
INFO [2021-02-10 20:39:09] Completed estimates for: Mecklenburg
INFO [2021-02-10 20:45:44] Completed estimates for: Wake
INFO [2021-02-10 20:50:40] Completed estimates for: Union
INFO [2021-02-10 23:10:44] Producing following optional outputs: regions, summary, samples, plots, latest
INFO [2021-02-11 00:40:59] Producing following optional outputs: regions, summary, samples, plots, latest
INFO [2021-02-11 01:49:21] Producing following optional outputs: regions, summary, samples, plots, latest
INFO [2021-02-11 02:03:36] Producing following optional outputs: regions, summary, samples, plots, latest
INFO [2021-02-11 03:38:52] Producing following optional outputs: regions, summary, samples, plots, latest
INFO [2021-02-11 04:45:37] Producing following optional outputs: regions, summary, samples, plots, latest
INFO [2021-02-11 05:58:59] Producing following optional outputs: regions, summary, samples, plots, latest
INFO [2021-02-11 06:14:14] Producing following optional outputs: regions, summary, samples, plots, latest
INFO [2021-02-11 07:29:00] Completed estimates for: Cone Health
INFO [2021-02-11 07:38:12] Completed estimates for: Cone Health
INFO [2021-02-11 07:38:37] Completed estimates for: North Carolina
INFO [2021-02-11 07:47:37] Completed estimates for: North Carolina
