INFO [2021-01-23 18:11:43] Completed estimates for: Durham
INFO [2021-01-23 18:13:17] Completed estimates for: Forsyth
INFO [2021-01-23 18:14:27] Completed estimates for: Buncombe
INFO [2021-01-23 18:18:49] Completed estimates for: Cumberland
INFO [2021-01-23 18:20:38] Completed estimates for: Gaston
INFO [2021-01-23 18:21:44] Completed estimates for: Guilford
INFO [2021-01-23 18:25:24] Completed estimates for: New Hanover
INFO [2021-01-23 18:26:39] Completed estimates for: Mecklenburg
INFO [2021-01-23 18:26:51] Completed estimates for: Wake
INFO [2021-01-23 18:30:30] Completed estimates for: Union
INFO [2021-01-23 21:31:16] Producing following optional outputs: regions, summary, samples, plots, latest
INFO [2021-01-23 22:28:20] Producing following optional outputs: regions, summary, samples, plots, latest
INFO [2021-01-23 23:26:10] Producing following optional outputs: regions, summary, samples, plots, latest
INFO [2021-01-24 00:24:07] Producing following optional outputs: regions, summary, samples, plots, latest
INFO [2021-01-24 01:22:54] Completed estimates for: Cone Health
INFO [2021-01-24 01:29:11] Completed estimates for: North Carolina
INFO [2021-01-24 18:12:39] Completed estimates for: Cumberland
INFO [2021-01-24 18:12:39] Completed estimates for: Buncombe
INFO [2021-01-24 18:13:09] Completed estimates for: Forsyth
INFO [2021-01-24 18:13:13] Completed estimates for: Durham
INFO [2021-01-24 18:19:12] Completed estimates for: New Hanover
INFO [2021-01-24 18:19:49] Completed estimates for: Gaston
INFO [2021-01-24 18:20:01] Completed estimates for: Guilford
INFO [2021-01-24 18:23:15] Completed estimates for: Mecklenburg
INFO [2021-01-24 18:24:37] Completed estimates for: Wake
INFO [2021-01-24 18:26:58] Completed estimates for: Union
