INFO [2021-05-25 20:13:20] Completed estimates for: Cumberland
INFO [2021-05-25 20:13:21] Completed estimates for: Buncombe
INFO [2021-05-25 20:24:43] Completed estimates for: Forsyth
INFO [2021-05-25 20:25:45] Completed estimates for: Durham
INFO [2021-05-25 20:37:50] Completed estimates for: Gaston
INFO [2021-05-25 20:38:11] Completed estimates for: Guilford
INFO [2021-05-25 20:48:06] Completed estimates for: New Hanover
INFO [2021-05-25 20:53:17] Completed estimates for: Mecklenburg
INFO [2021-05-25 20:59:15] Completed estimates for: Union
INFO [2021-05-25 21:03:15] Completed estimates for: Wake
INFO [2021-05-26 03:19:07] Producing following optional outputs: regions, summary, samples, plots, latest
INFO [2021-05-26 05:03:45] Producing following optional outputs: regions, summary, samples, plots, latest
INFO [2021-05-26 06:49:28] Producing following optional outputs: regions, summary, samples, plots, latest
INFO [2021-05-26 07:47:11] Producing following optional outputs: regions, summary, samples, plots, latest
INFO [2021-05-26 10:55:15] Completed estimates for: Cone Health
INFO [2021-05-26 11:06:52] Completed estimates for: North Carolina
INFO [2021-05-26 11:14:14] Completed estimates for: Greene
INFO [2021-05-26 11:20:26] Completed estimates for: Polk
INFO [2021-05-26 11:32:52] Completed estimates for: Bladen
INFO [2021-05-26 11:43:04] Completed estimates for: Scotland
INFO [2021-05-26 11:49:11] Completed estimates for: Anson
INFO [2021-05-26 11:54:36] Completed estimates for: Northampton
