INFO [2021-04-08 20:16:38] Completed estimates for: Buncombe
INFO [2021-04-08 20:17:51] Completed estimates for: Forsyth
INFO [2021-04-08 20:21:24] Completed estimates for: Cumberland
INFO [2021-04-08 20:22:14] Completed estimates for: Durham
INFO [2021-04-08 20:31:52] Completed estimates for: Guilford
INFO [2021-04-08 20:37:53] Completed estimates for: New Hanover
INFO [2021-04-08 20:40:46] Completed estimates for: Mecklenburg
INFO [2021-04-08 20:43:42] Completed estimates for: Gaston
INFO [2021-04-08 20:46:56] Completed estimates for: Union
INFO [2021-04-08 20:49:34] Completed estimates for: Wake
INFO [2021-04-09 00:59:55] Producing following optional outputs: regions, summary, samples, plots, latest
INFO [2021-04-09 02:05:24] Producing following optional outputs: regions, summary, samples, plots, latest
INFO [2021-04-09 02:42:45] Producing following optional outputs: regions, summary, samples, plots, latest
INFO [2021-04-09 02:55:45] Completed estimates for: Cone Health
INFO [2021-04-09 03:06:14] Completed estimates for: North Carolina
INFO [2021-04-09 03:10:17] Completed estimates for: Tyrrell
INFO [2021-04-09 03:14:13] Completed estimates for: Clay
INFO [2021-04-09 03:19:28] Completed estimates for: Washington
INFO [2021-04-09 03:25:04] Completed estimates for: Warren
INFO [2021-04-09 03:30:33] Completed estimates for: Swain
INFO [2021-04-09 03:35:50] Completed estimates for: Bertie
INFO [2021-04-09 03:40:33] Completed estimates for: Yancey
INFO [2021-04-09 03:48:03] Completed estimates for: Mitchell
