INFO [2021-08-05 20:14:38] Completed estimates for: Buncombe
INFO [2021-08-05 20:14:52] Completed estimates for: Cumberland
INFO [2021-08-05 20:20:55] Completed estimates for: Forsyth
INFO [2021-08-05 20:29:20] Completed estimates for: Gaston
INFO [2021-08-05 20:29:31] Completed estimates for: Durham
INFO [2021-08-05 20:37:03] Completed estimates for: Guilford
INFO [2021-08-05 20:42:51] Completed estimates for: New Hanover
INFO [2021-08-05 20:44:18] Completed estimates for: Mecklenburg
INFO [2021-08-05 20:53:27] Completed estimates for: Union
INFO [2021-08-05 20:54:29] Completed estimates for: Wake
INFO [2021-08-05 22:48:30] Completed estimates for: Buncombe
INFO [2021-08-05 22:48:58] Completed estimates for: Cumberland
INFO [2021-08-05 22:54:57] Completed estimates for: Forsyth
INFO [2021-08-05 22:57:59] Completed estimates for: Durham
INFO [2021-08-05 23:04:51] Completed estimates for: Gaston
INFO [2021-08-05 23:05:39] Completed estimates for: Guilford
INFO [2021-08-05 23:14:02] Completed estimates for: New Hanover
INFO [2021-08-05 23:14:57] Completed estimates for: Mecklenburg
INFO [2021-08-05 23:20:40] Completed estimates for: Union
INFO [2021-08-05 23:22:29] Completed estimates for: Wake
INFO [2021-08-06 05:21:36] Producing following optional outputs: regions, summary, samples, plots, latest
INFO [2021-08-06 07:07:09] Producing following optional outputs: regions, summary, samples, plots, latest
INFO [2021-08-06 08:36:09] Producing following optional outputs: regions, summary, samples, plots, latest
INFO [2021-08-06 09:54:16] Producing following optional outputs: regions, summary, samples, plots, latest
