INFO [2021-06-21 17:14:37] Completed estimates for: Buncombe
INFO [2021-06-21 17:17:51] Completed estimates for: Cumberland
INFO [2021-06-21 17:25:16] Completed estimates for: Durham
INFO [2021-06-21 17:27:46] Completed estimates for: Forsyth
INFO [2021-06-21 17:32:53] Completed estimates for: Gaston
INFO [2021-06-21 17:35:43] Completed estimates for: Guilford
INFO [2021-06-21 17:45:13] Completed estimates for: Mecklenburg
INFO [2021-06-21 17:48:20] Completed estimates for: New Hanover
INFO [2021-06-21 17:53:15] Completed estimates for: Union
INFO [2021-06-21 17:55:31] Completed estimates for: Wake
INFO [2021-06-21 20:14:05] Completed estimates for: Buncombe
INFO [2021-06-21 20:15:34] Completed estimates for: Cumberland
INFO [2021-06-21 20:26:02] Completed estimates for: Forsyth
INFO [2021-06-21 20:26:11] Completed estimates for: Durham
INFO [2021-06-21 20:35:47] Completed estimates for: Guilford
INFO [2021-06-21 20:35:51] Completed estimates for: Gaston
INFO [2021-06-21 20:51:35] Completed estimates for: Mecklenburg
INFO [2021-06-21 20:59:00] Completed estimates for: New Hanover
INFO [2021-06-21 21:05:55] Completed estimates for: Union
INFO [2021-06-21 21:09:36] Completed estimates for: Wake
INFO [2021-06-22 02:11:15] Producing following optional outputs: regions, summary, samples, plots, latest
INFO [2021-06-22 04:43:36] Producing following optional outputs: regions, summary, samples, plots, latest
INFO [2021-06-22 06:01:54] Producing following optional outputs: regions, summary, samples, plots, latest
INFO [2021-06-22 07:04:44] Producing following optional outputs: regions, summary, samples, plots, latest
INFO [2021-06-22 08:25:54] Producing following optional outputs: regions, summary, samples, plots, latest
INFO [2021-06-22 09:17:22] Producing following optional outputs: regions, summary, samples, plots, latest
INFO [2021-06-22 10:42:00] Producing following optional outputs: regions, summary, samples, plots, latest
INFO [2021-06-22 11:27:37] Completed estimates for: Cone Health
INFO [2021-06-22 11:40:54] Completed estimates for: North Carolina
INFO [2021-06-22 12:42:36] Producing following optional outputs: regions, summary, samples, plots, latest
INFO [2021-06-22 14:26:07] Completed estimates for: Cone Health
INFO [2021-06-22 14:35:44] Completed estimates for: North Carolina
