INFO [2021-06-23 16:14:03] Completed estimates for: Cumberland
INFO [2021-06-23 16:16:00] Completed estimates for: Buncombe
INFO [2021-06-23 16:23:54] Completed estimates for: Durham
INFO [2021-06-23 16:24:55] Completed estimates for: Forsyth
INFO [2021-06-23 16:32:09] Completed estimates for: Gaston
INFO [2021-06-23 16:38:05] Completed estimates for: Guilford
INFO [2021-06-23 16:42:51] Completed estimates for: Mecklenburg
INFO [2021-06-23 16:48:05] Completed estimates for: New Hanover
INFO [2021-06-23 16:53:24] Completed estimates for: Union
INFO [2021-06-23 16:55:49] Completed estimates for: Wake
INFO [2021-06-23 20:15:07] Completed estimates for: Buncombe
INFO [2021-06-23 20:17:21] Completed estimates for: Cumberland
INFO [2021-06-23 20:30:20] Completed estimates for: Forsyth
INFO [2021-06-23 20:30:37] Completed estimates for: Durham
INFO [2021-06-23 20:40:17] Completed estimates for: Gaston
INFO [2021-06-23 20:46:12] Completed estimates for: Guilford
INFO [2021-06-23 20:54:13] Completed estimates for: Mecklenburg
INFO [2021-06-23 20:56:07] Completed estimates for: New Hanover
INFO [2021-06-23 21:04:35] Completed estimates for: Union
INFO [2021-06-23 21:10:18] Completed estimates for: Wake
INFO [2021-06-24 00:55:35] Producing following optional outputs: regions, summary, samples, plots, latest
INFO [2021-06-24 03:28:18] Producing following optional outputs: regions, summary, samples, plots, latest
INFO [2021-06-24 05:54:38] Producing following optional outputs: regions, summary, samples, plots, latest
INFO [2021-06-24 06:13:52] Producing following optional outputs: regions, summary, samples, plots, latest
INFO [2021-06-24 08:07:55] Producing following optional outputs: regions, summary, samples, plots, latest
INFO [2021-06-24 08:53:49] Producing following optional outputs: regions, summary, samples, plots, latest
INFO [2021-06-24 09:16:36] Completed estimates for: Cone Health
INFO [2021-06-24 09:30:12] Completed estimates for: North Carolina
INFO [2021-06-24 10:49:23] Producing following optional outputs: regions, summary, samples, plots, latest
INFO [2021-06-24 12:40:24] Producing following optional outputs: regions, summary, samples, plots, latest
INFO [2021-06-24 14:32:34] Completed estimates for: Cone Health
INFO [2021-06-24 14:45:27] Completed estimates for: North Carolina
