INFO [2021-01-10 18:12:30] Completed estimates for: Durham
INFO [2021-01-10 18:14:34] Completed estimates for: Buncombe
INFO [2021-01-10 18:14:53] Completed estimates for: Forsyth
INFO [2021-01-10 18:18:08] Completed estimates for: Cumberland
INFO [2021-01-10 18:23:43] Completed estimates for: Guilford
INFO [2021-01-10 18:24:05] Completed estimates for: Mecklenburg
INFO [2021-01-10 18:24:20] Completed estimates for: New Hanover
INFO [2021-01-10 18:24:26] Completed estimates for: Gaston
INFO [2021-01-10 18:29:01] Completed estimates for: Wake
INFO [2021-01-10 18:33:39] Completed estimates for: Union
INFO [2021-01-10 21:54:14] Producing following optional outputs: regions, summary, samples, plots, latest
INFO [2021-01-10 22:46:32] Producing following optional outputs: regions, summary, samples, plots, latest
INFO [2021-01-10 23:42:37] Producing following optional outputs: regions, summary, samples, plots, latest
INFO [2021-01-11 01:49:06] Producing following optional outputs: regions, summary, samples, plots, latest
INFO [2021-01-11 02:45:42] Completed estimates for: Cone Health
INFO [2021-01-11 02:54:37] Completed estimates for: North Carolina
INFO [2021-01-11 18:11:46] Completed estimates for: Durham
INFO [2021-01-11 18:12:51] Completed estimates for: Cumberland
INFO [2021-01-11 18:13:18] Completed estimates for: Buncombe
INFO [2021-01-11 18:15:10] Completed estimates for: Forsyth
INFO [2021-01-11 18:20:52] Completed estimates for: Gaston
INFO [2021-01-11 18:21:36] Completed estimates for: Guilford
INFO [2021-01-11 18:22:18] Completed estimates for: New Hanover
INFO [2021-01-11 18:22:37] Completed estimates for: Mecklenburg
INFO [2021-01-11 18:26:24] Completed estimates for: Wake
INFO [2021-01-11 18:31:40] Completed estimates for: Union
