INFO [2021-11-03 17:43:24] Completed estimates for: Buncombe
INFO [2021-11-03 17:51:07] Completed estimates for: Cumberland
INFO [2021-11-03 17:53:10] Completed estimates for: Durham
INFO [2021-11-03 18:00:26] Completed estimates for: Forsyth
INFO [2021-11-03 18:03:42] Completed estimates for: Gaston
INFO [2021-11-03 18:10:24] Completed estimates for: Guilford
INFO [2021-11-03 18:11:31] Completed estimates for: Mecklenburg
INFO [2021-11-03 18:17:53] Completed estimates for: New Hanover
INFO [2021-11-03 18:19:19] Completed estimates for: Union
INFO [2021-11-03 18:22:33] Completed estimates for: Wake
INFO [2021-11-03 20:14:31] Completed estimates for: Buncombe
INFO [2021-11-03 20:23:04] Completed estimates for: Durham
INFO [2021-11-03 20:24:49] Completed estimates for: Cumberland
INFO [2021-11-03 20:31:32] Completed estimates for: Forsyth
INFO [2021-11-03 20:33:39] Completed estimates for: Gaston
INFO [2021-11-03 20:41:11] Completed estimates for: Guilford
INFO [2021-11-03 20:42:39] Completed estimates for: Mecklenburg
INFO [2021-11-03 20:49:40] Completed estimates for: New Hanover
INFO [2021-11-03 20:51:58] Completed estimates for: Union
INFO [2021-11-03 20:54:31] Completed estimates for: Wake
INFO [2021-11-04 01:33:39] Producing following optional outputs: regions, summary, samples, plots, latest
INFO [2021-11-04 03:26:48] Producing following optional outputs: regions, summary, samples, plots, latest
INFO [2021-11-04 05:29:44] Producing following optional outputs: regions, summary, samples, plots, latest
INFO [2021-11-04 05:42:12] Producing following optional outputs: regions, summary, samples, plots, latest
INFO [2021-11-04 07:15:20] Producing following optional outputs: regions, summary, samples, plots, latest
INFO [2021-11-04 07:21:51] Producing following optional outputs: regions, summary, samples, plots, latest
INFO [2021-11-04 08:46:54] Producing following optional outputs: regions, summary, samples, plots, latest
INFO [2021-11-04 10:03:20] Producing following optional outputs: regions, summary, samples, plots, latest
