INFO [2021-01-17 18:11:02] Completed estimates for: Durham
INFO [2021-01-17 18:13:27] Completed estimates for: Buncombe
INFO [2021-01-17 18:13:56] Completed estimates for: Cumberland
INFO [2021-01-17 18:15:03] Completed estimates for: Forsyth
INFO [2021-01-17 18:19:55] Completed estimates for: Gaston
INFO [2021-01-17 18:20:57] Completed estimates for: Guilford
INFO [2021-01-17 18:22:44] Completed estimates for: New Hanover
INFO [2021-01-17 18:25:50] Completed estimates for: Wake
INFO [2021-01-17 18:26:19] Completed estimates for: Mecklenburg
INFO [2021-01-17 18:27:55] Completed estimates for: Union
INFO [2021-01-17 21:45:20] Producing following optional outputs: regions, summary, samples, plots, latest
INFO [2021-01-17 22:39:40] Producing following optional outputs: regions, summary, samples, plots, latest
INFO [2021-01-17 23:50:15] Producing following optional outputs: regions, summary, samples, plots, latest
INFO [2021-01-18 00:49:44] Producing following optional outputs: regions, summary, samples, plots, latest
INFO [2021-01-18 01:06:02] Completed estimates for: Cone Health
INFO [2021-01-18 01:13:20] Completed estimates for: North Carolina
INFO [2021-01-18 18:11:16] Completed estimates for: Durham
INFO [2021-01-18 18:12:51] Completed estimates for: Cumberland
INFO [2021-01-18 18:13:43] Completed estimates for: Forsyth
INFO [2021-01-18 18:13:44] Completed estimates for: Buncombe
INFO [2021-01-18 18:19:22] Completed estimates for: Guilford
INFO [2021-01-18 18:19:51] Completed estimates for: Gaston
INFO [2021-01-18 18:20:56] Completed estimates for: New Hanover
INFO [2021-01-18 18:23:17] Completed estimates for: Mecklenburg
INFO [2021-01-18 18:25:14] Completed estimates for: Wake
INFO [2021-01-18 18:27:19] Completed estimates for: Union
INFO [2021-01-18 21:40:44] Producing following optional outputs: regions, summary, samples, plots, latest
INFO [2021-01-18 22:33:16] Producing following optional outputs: regions, summary, samples, plots, latest
INFO [2021-01-18 23:29:27] Producing following optional outputs: regions, summary, samples, plots, latest
INFO [2021-01-19 00:32:11] Producing following optional outputs: regions, summary, samples, plots, latest
